2023-06-01 10:31:29.865 [info] Log level: Info
2023-06-01 10:31:29.865 [info] Validating found git in: "git"
2023-06-01 10:31:29.865 [info] Using git "2.37.3" from "git"
2023-06-01 10:31:29.865 [info] > git rev-parse --show-toplevel [4ms]
2023-06-01 10:31:29.865 [info] > git rev-parse --git-dir --git-common-dir [16ms]
2023-06-01 10:31:29.865 [info] Open repository: /workspace/bavarian-cristus-PP4
2023-06-01 10:31:29.865 [info] > git config --get commit.template [37ms]
2023-06-01 10:31:29.865 [info] > git rev-parse --show-toplevel [121ms]
2023-06-01 10:31:29.865 [info] > git rev-parse --show-toplevel [29ms]
2023-06-01 10:31:29.865 [info] > git for-each-ref --format=%(refname)%00%(upstream:short)%00%(objectname)%00%(upstream:track)%00%(upstream:remotename)%00%(upstream:remoteref) refs/heads/main refs/remotes/main [4ms]
2023-06-01 10:31:29.865 [info] > git rev-parse --show-toplevel [27ms]
2023-06-01 10:31:29.865 [info] > git status -z -uall [14ms]
2023-06-01 10:31:29.865 [info] > git rev-parse --show-toplevel [3ms]
2023-06-01 10:31:29.865 [info] > git rev-parse --show-toplevel [26ms]
2023-06-01 10:31:29.866 [info] > git config --get commit.template [15ms]
2023-06-01 10:31:29.866 [info] > git rev-parse --show-toplevel [6ms]
2023-06-01 10:31:29.866 [info] > git rev-parse --show-toplevel [9ms]
2023-06-01 10:31:29.866 [info] > git for-each-ref --format=%(refname)%00%(upstream:short)%00%(objectname)%00%(upstream:track)%00%(upstream:remotename)%00%(upstream:remoteref) refs/heads/main refs/remotes/main [8ms]
2023-06-01 10:31:29.866 [info] > git status -z -uall [2ms]
2023-06-01 10:31:29.866 [info] > git rev-parse --show-toplevel [9ms]
2023-06-01 10:31:29.866 [info] > git rev-parse --show-toplevel [9ms]
2023-06-01 10:31:29.866 [info] > git rev-parse --show-toplevel [4ms]
2023-06-01 10:31:29.866 [info] > git check-ignore -v -z --stdin [1ms]
2023-06-01 10:31:30.930 [info] > git config --local branch.main.github-pr-owner-number [139ms]
2023-06-01 10:31:31.046 [info] > git config --get commit.template [43ms]
2023-06-01 10:31:31.094 [info] > git for-each-ref --format=%(refname)%00%(upstream:short)%00%(objectname)%00%(upstream:track)%00%(upstream:remotename)%00%(upstream:remoteref) refs/heads/main refs/remotes/main [5ms]
2023-06-01 10:31:31.130 [info] > git status -z -uall [7ms]
2023-06-01 10:31:41.442 [info] > git show --textconv :blog/views.py [12ms]
2023-06-01 10:31:41.443 [info] > git ls-files --stage -- /workspace/bavarian-cristus-PP4/blog/views.py [2ms]
2023-06-01 10:31:41.453 [info] > git cat-file -s 475bcec1815b6e5d844a95c0c02665cb548d2cfd [1ms]
2023-06-01 10:32:03.622 [info] > git show --textconv :blog/urls.py [8ms]
2023-06-01 10:32:03.623 [info] > git ls-files --stage -- /workspace/bavarian-cristus-PP4/blog/urls.py [1ms]
2023-06-01 10:32:03.630 [info] > git cat-file -s d053e1ef8fb74da8760b1c0553e0121aa2353c68 [1ms]
2023-06-01 10:36:30.337 [info] > git config --local branch.main.github-pr-owner-number [1ms]
2023-06-01 10:36:30.354 [info] > git config --get commit.template [8ms]
2023-06-01 10:36:30.354 [info] > git for-each-ref --format=%(refname)%00%(upstream:short)%00%(objectname)%00%(upstream:track)%00%(upstream:remotename)%00%(upstream:remoteref) refs/heads/main refs/remotes/main [2ms]
2023-06-01 10:36:30.379 [info] > git status -z -uall [0ms]
2023-06-01 10:41:30.400 [info] > git config --local branch.main.github-pr-owner-number [2ms]
2023-06-01 10:41:30.426 [info] > git config --get commit.template [14ms]
2023-06-01 10:41:30.427 [info] > git for-each-ref --format=%(refname)%00%(upstream:short)%00%(objectname)%00%(upstream:track)%00%(upstream:remotename)%00%(upstream:remoteref) refs/heads/main refs/remotes/main [2ms]
2023-06-01 10:41:30.438 [info] > git status -z -uall [2ms]
2023-06-01 10:46:30.475 [info] > git config --local branch.main.github-pr-owner-number [7ms]
2023-06-01 10:46:30.580 [info] > git config --get commit.template [77ms]
2023-06-01 10:46:30.583 [info] > git for-each-ref --format=%(refname)%00%(upstream:short)%00%(objectname)%00%(upstream:track)%00%(upstream:remotename)%00%(upstream:remoteref) refs/heads/main refs/remotes/main [4ms]
2023-06-01 10:46:30.614 [info] > git status -z -uall [4ms]
2023-06-01 10:51:30.628 [info] > git config --local branch.main.github-pr-owner-number [2ms]
2023-06-01 10:51:30.640 [info] > git config --get commit.template [6ms]
2023-06-01 10:51:30.641 [info] > git for-each-ref --format=%(refname)%00%(upstream:short)%00%(objectname)%00%(upstream:track)%00%(upstream:remotename)%00%(upstream:remoteref) refs/heads/main refs/remotes/main [1ms]
2023-06-01 10:51:30.648 [info] > git status -z -uall [2ms]
2023-06-01 10:56:30.663 [info] > git config --local branch.main.github-pr-owner-number [1ms]
2023-06-01 10:56:30.689 [info] > git config --get commit.template [14ms]
2023-06-01 10:56:30.689 [info] > git for-each-ref --format=%(refname)%00%(upstream:short)%00%(objectname)%00%(upstream:track)%00%(upstream:remotename)%00%(upstream:remoteref) refs/heads/main refs/remotes/main [1ms]
2023-06-01 10:56:30.704 [info] > git status -z -uall [2ms]
2023-06-01 11:01:30.721 [info] > git config --local branch.main.github-pr-owner-number [2ms]
2023-06-01 11:01:30.736 [info] > git config --get commit.template [7ms]
2023-06-01 11:01:30.737 [info] > git for-each-ref --format=%(refname)%00%(upstream:short)%00%(objectname)%00%(upstream:track)%00%(upstream:remotename)%00%(upstream:remoteref) refs/heads/main refs/remotes/main [2ms]
2023-06-01 11:01:30.747 [info] > git status -z -uall [2ms]
