2023-05-31 13:24:28.923 [info] Log level: Info
2023-05-31 13:24:28.923 [info] Validating found git in: "git"
2023-05-31 13:24:28.923 [info] Using git "2.37.3" from "git"
2023-05-31 13:24:28.923 [info] > git rev-parse --show-toplevel [4ms]
2023-05-31 13:24:28.923 [info] > git rev-parse --git-dir --git-common-dir [3ms]
2023-05-31 13:24:28.923 [info] Open repository: /workspace/bavarian-cristus-PP4
2023-05-31 13:24:28.923 [info] > git rev-parse --show-toplevel [7ms]
2023-05-31 13:24:28.923 [info] > git config --get commit.template [21ms]
2023-05-31 13:24:28.923 [info] > git rev-parse --show-toplevel [31ms]
2023-05-31 13:24:28.923 [info] > git for-each-ref --format=%(refname)%00%(upstream:short)%00%(objectname)%00%(upstream:track)%00%(upstream:remotename)%00%(upstream:remoteref) refs/heads/main refs/remotes/main [7ms]
2023-05-31 13:24:28.923 [info] > git rev-parse --show-toplevel [8ms]
2023-05-31 13:24:28.923 [info] > git rev-parse --show-toplevel [2ms]
2023-05-31 13:24:28.923 [info] > git rev-parse --show-toplevel [199ms]
2023-05-31 13:24:28.923 [info] > git rev-parse --show-toplevel [8ms]
2023-05-31 13:24:28.923 [info] > git rev-parse --show-toplevel [63ms]
2023-05-31 13:24:28.923 [info] > git rev-parse --show-toplevel [5ms]
2023-05-31 13:24:28.923 [info] > git status -z -uall [338ms]
2023-05-31 13:24:28.923 [info] > git rev-parse --show-toplevel [17ms]
2023-05-31 13:24:28.923 [info] > git config --get commit.template [6ms]
2023-05-31 13:24:28.923 [info] > git for-each-ref --format=%(refname)%00%(upstream:short)%00%(objectname)%00%(upstream:track)%00%(upstream:remotename)%00%(upstream:remoteref) refs/heads/main refs/remotes/main [43ms]
2023-05-31 13:24:28.923 [info] > git status -z -uall [97ms]
2023-05-31 13:24:29.169 [info] > git check-ignore -v -z --stdin [2ms]
2023-05-31 13:24:29.427 [info] > git config --local branch.main.github-pr-owner-number [1ms]
2023-05-31 13:24:29.446 [info] > git config --get commit.template [11ms]
2023-05-31 13:24:29.447 [info] > git for-each-ref --format=%(refname)%00%(upstream:short)%00%(objectname)%00%(upstream:track)%00%(upstream:remotename)%00%(upstream:remoteref) refs/heads/main refs/remotes/main [2ms]
2023-05-31 13:24:29.502 [info] > git status -z -uall [45ms]
2023-05-31 13:26:46.241 [info] > git check-ignore -v -z --stdin [3ms]
2023-05-31 13:26:47.889 [info] > git show --textconv HEAD:blog/__pycache__/urls.cpython-38.pyc [15ms]
2023-05-31 13:26:47.891 [info] > git ls-tree -l HEAD -- /workspace/bavarian-cristus-PP4/blog/__pycache__/urls.cpython-38.pyc [2ms]
2023-05-31 13:26:47.939 [info] > git ls-tree -l HEAD -- /workspace/bavarian-cristus-PP4/blog/__pycache__/urls.cpython-38.pyc [2ms]
2023-05-31 13:26:48.011 [info] > git ls-tree -l HEAD -- /workspace/bavarian-cristus-PP4/blog/__pycache__/urls.cpython-38.pyc [2ms]
2023-05-31 13:26:48.411 [info] > git check-ignore -v -z --stdin [2ms]
2023-05-31 13:26:58.322 [info] > git show --textconv HEAD:blog/__pycache__/urls.cpython-38.pyc [9ms]
2023-05-31 13:26:58.324 [info] > git ls-tree -l HEAD -- /workspace/bavarian-cristus-PP4/blog/__pycache__/urls.cpython-38.pyc [2ms]
2023-05-31 13:27:02.204 [info] > git show --textconv HEAD:static/css/style.css [7ms]
2023-05-31 13:27:02.205 [info] > git ls-tree -l HEAD -- /workspace/bavarian-cristus-PP4/static/css/style.css [3ms]
2023-05-31 13:27:02.718 [info] > git check-ignore -v -z --stdin [2ms]
2023-05-31 13:27:04.866 [info] > git ls-tree -l HEAD -- /workspace/bavarian-cristus-PP4/blog/__pycache__/urls.cpython-38.pyc [3ms]
2023-05-31 13:27:08.958 [info] > git check-ignore -v -z --stdin [2ms]
2023-05-31 13:27:11.509 [info] > git ls-tree -l HEAD -- /workspace/bavarian-cristus-PP4/static/css/style.css [3ms]
2023-05-31 13:27:12.023 [info] > git check-ignore -v -z --stdin [2ms]
2023-05-31 13:27:15.962 [info] > git show --textconv :static/css/style.css [16ms]
2023-05-31 13:27:15.965 [info] > git ls-files --stage -- /workspace/bavarian-cristus-PP4/static/css/style.css [4ms]
2023-05-31 13:27:15.979 [info] > git cat-file -s 38d4bb5747894c542471edcdb4406a542bcd1990 [3ms]
2023-05-31 13:27:19.360 [info] > git show --textconv :blog/views.py [85ms]
2023-05-31 13:27:19.362 [info] > git ls-files --stage -- /workspace/bavarian-cristus-PP4/blog/views.py [19ms]
2023-05-31 13:27:19.450 [info] > git cat-file -s 722f5dfc156e785e758ce9ba6e60dd03fb797f10 [6ms]
2023-05-31 13:27:25.211 [info] > git config --get commit.template [43ms]
2023-05-31 13:27:25.228 [info] > git for-each-ref --format=%(refname)%00%(upstream:short)%00%(objectname)%00%(upstream:track)%00%(upstream:remotename)%00%(upstream:remoteref) refs/heads/main refs/remotes/main [19ms]
2023-05-31 13:27:25.349 [info] > git status -z -uall [73ms]
2023-05-31 13:28:56.743 [info] > git config --get commit.template [10ms]
2023-05-31 13:28:56.744 [info] > git for-each-ref --format=%(refname)%00%(upstream:short)%00%(objectname)%00%(upstream:track)%00%(upstream:remotename)%00%(upstream:remoteref) refs/heads/main refs/remotes/main [3ms]
2023-05-31 13:28:56.798 [info] > git status -z -uall [46ms]
2023-05-31 13:29:01.371 [info] > git check-ignore -v -z --stdin [1ms]
2023-05-31 13:29:16.312 [info] > git check-ignore -v -z --stdin [2ms]
2023-05-31 13:29:17.683 [info] > git show --textconv :bcristus/settings.py [13ms]
2023-05-31 13:29:17.691 [info] > git ls-files --stage -- /workspace/bavarian-cristus-PP4/bcristus/settings.py [10ms]
2023-05-31 13:29:17.704 [info] > git cat-file -s 97dea1269448012414d56eb43345255e988881ac [2ms]
2023-05-31 13:29:29.379 [info] > git config --local branch.main.github-pr-owner-number [1ms]
2023-05-31 13:29:29.394 [info] > git config --get commit.template [9ms]
2023-05-31 13:29:29.396 [info] > git for-each-ref --format=%(refname)%00%(upstream:short)%00%(objectname)%00%(upstream:track)%00%(upstream:remotename)%00%(upstream:remoteref) refs/heads/main refs/remotes/main [1ms]
2023-05-31 13:29:29.454 [info] > git status -z -uall [50ms]
2023-05-31 13:30:45.827 [info] > git config --get commit.template [6ms]
2023-05-31 13:30:45.827 [info] > git for-each-ref --format=%(refname)%00%(upstream:short)%00%(objectname)%00%(upstream:track)%00%(upstream:remotename)%00%(upstream:remoteref) refs/heads/main refs/remotes/main [1ms]
2023-05-31 13:30:45.873 [info] > git status -z -uall [40ms]
2023-05-31 13:33:11.717 [info] > git show --textconv :blog/urls.py [20ms]
2023-05-31 13:33:11.718 [info] > git ls-files --stage -- /workspace/bavarian-cristus-PP4/blog/urls.py [4ms]
2023-05-31 13:33:11.740 [info] > git cat-file -s 50b3dc92c20bc18e0428f4137123b6e5e53df6fc [5ms]
2023-05-31 13:34:21.774 [info] > git config --get commit.template [14ms]
2023-05-31 13:34:21.775 [info] > git for-each-ref --format=%(refname)%00%(upstream:short)%00%(objectname)%00%(upstream:track)%00%(upstream:remotename)%00%(upstream:remoteref) refs/heads/main refs/remotes/main [2ms]
2023-05-31 13:34:21.855 [info] > git status -z -uall [66ms]
2023-05-31 13:34:26.892 [info] > git config --get commit.template [18ms]
2023-05-31 13:34:26.893 [info] > git for-each-ref --format=%(refname)%00%(upstream:short)%00%(objectname)%00%(upstream:track)%00%(upstream:remotename)%00%(upstream:remoteref) refs/heads/main refs/remotes/main [2ms]
2023-05-31 13:34:26.973 [info] > git status -z -uall [62ms]
2023-05-31 13:34:29.474 [info] > git config --local branch.main.github-pr-owner-number [1ms]
2023-05-31 13:34:29.495 [info] > git config --get commit.template [10ms]
2023-05-31 13:34:29.497 [info] > git for-each-ref --format=%(refname)%00%(upstream:short)%00%(objectname)%00%(upstream:track)%00%(upstream:remotename)%00%(upstream:remoteref) refs/heads/main refs/remotes/main [2ms]
2023-05-31 13:34:29.563 [info] > git status -z -uall [56ms]
2023-05-31 13:37:58.098 [info] > git config --get commit.template [10ms]
2023-05-31 13:37:58.098 [info] > git for-each-ref --format=%(refname)%00%(upstream:short)%00%(objectname)%00%(upstream:track)%00%(upstream:remotename)%00%(upstream:remoteref) refs/heads/main refs/remotes/main [1ms]
2023-05-31 13:37:58.145 [info] > git status -z -uall [38ms]
2023-05-31 13:38:16.709 [info] > git config --get commit.template [11ms]
2023-05-31 13:38:16.710 [info] > git for-each-ref --format=%(refname)%00%(upstream:short)%00%(objectname)%00%(upstream:track)%00%(upstream:remotename)%00%(upstream:remoteref) refs/heads/main refs/remotes/main [2ms]
2023-05-31 13:38:16.759 [info] > git status -z -uall [40ms]
2023-05-31 13:38:21.782 [info] > git config --get commit.template [10ms]
2023-05-31 13:38:21.783 [info] > git for-each-ref --format=%(refname)%00%(upstream:short)%00%(objectname)%00%(upstream:track)%00%(upstream:remotename)%00%(upstream:remoteref) refs/heads/main refs/remotes/main [2ms]
2023-05-31 13:38:21.830 [info] > git status -z -uall [38ms]
2023-05-31 13:39:12.248 [info] > git config --get commit.template [25ms]
2023-05-31 13:39:12.248 [info] > git for-each-ref --format=%(refname)%00%(upstream:short)%00%(objectname)%00%(upstream:track)%00%(upstream:remotename)%00%(upstream:remoteref) refs/heads/main refs/remotes/main [3ms]
2023-05-31 13:39:12.342 [info] > git status -z -uall [76ms]
2023-05-31 13:39:17.379 [info] > git config --get commit.template [2ms]
2023-05-31 13:39:17.397 [info] > git for-each-ref --format=%(refname)%00%(upstream:short)%00%(objectname)%00%(upstream:track)%00%(upstream:remotename)%00%(upstream:remoteref) refs/heads/main refs/remotes/main [2ms]
2023-05-31 13:39:17.481 [info] > git status -z -uall [63ms]
2023-05-31 13:39:29.588 [info] > git config --local branch.main.github-pr-owner-number [2ms]
2023-05-31 13:39:29.611 [info] > git config --get commit.template [2ms]
2023-05-31 13:39:29.629 [info] > git for-each-ref --format=%(refname)%00%(upstream:short)%00%(objectname)%00%(upstream:track)%00%(upstream:remotename)%00%(upstream:remoteref) refs/heads/main refs/remotes/main [2ms]
2023-05-31 13:39:29.710 [info] > git status -z -uall [56ms]
2023-05-31 13:39:30.206 [info] > git config --get commit.template [4ms]
2023-05-31 13:39:30.219 [info] > git for-each-ref --format=%(refname)%00%(upstream:short)%00%(objectname)%00%(upstream:track)%00%(upstream:remotename)%00%(upstream:remoteref) refs/heads/main refs/remotes/main [2ms]
2023-05-31 13:39:30.295 [info] > git status -z -uall [62ms]
2023-05-31 13:39:35.387 [info] > git config --get commit.template [21ms]
2023-05-31 13:39:35.389 [info] > git for-each-ref --format=%(refname)%00%(upstream:short)%00%(objectname)%00%(upstream:track)%00%(upstream:remotename)%00%(upstream:remoteref) refs/heads/main refs/remotes/main [4ms]
2023-05-31 13:39:35.481 [info] > git status -z -uall [65ms]
2023-05-31 13:39:40.521 [info] > git config --get commit.template [19ms]
2023-05-31 13:39:40.522 [info] > git for-each-ref --format=%(refname)%00%(upstream:short)%00%(objectname)%00%(upstream:track)%00%(upstream:remotename)%00%(upstream:remoteref) refs/heads/main refs/remotes/main [3ms]
2023-05-31 13:39:40.590 [info] > git status -z -uall [53ms]
2023-05-31 13:39:45.613 [info] > git config --get commit.template [1ms]
2023-05-31 13:39:45.630 [info] > git for-each-ref --format=%(refname)%00%(upstream:short)%00%(objectname)%00%(upstream:track)%00%(upstream:remotename)%00%(upstream:remoteref) refs/heads/main refs/remotes/main [3ms]
2023-05-31 13:39:45.699 [info] > git status -z -uall [52ms]
2023-05-31 13:39:50.747 [info] > git config --get commit.template [26ms]
2023-05-31 13:39:50.748 [info] > git for-each-ref --format=%(refname)%00%(upstream:short)%00%(objectname)%00%(upstream:track)%00%(upstream:remotename)%00%(upstream:remoteref) refs/heads/main refs/remotes/main [5ms]
2023-05-31 13:39:50.837 [info] > git status -z -uall [71ms]
2023-05-31 13:40:38.151 [info] > git config --get commit.template [47ms]
2023-05-31 13:40:38.159 [info] > git for-each-ref --format=%(refname)%00%(upstream:short)%00%(objectname)%00%(upstream:track)%00%(upstream:remotename)%00%(upstream:remoteref) refs/heads/main refs/remotes/main [9ms]
2023-05-31 13:40:38.286 [info] > git status -z -uall [108ms]
2023-05-31 13:40:43.330 [info] > git config --get commit.template [19ms]
2023-05-31 13:40:43.332 [info] > git for-each-ref --format=%(refname)%00%(upstream:short)%00%(objectname)%00%(upstream:track)%00%(upstream:remotename)%00%(upstream:remoteref) refs/heads/main refs/remotes/main [2ms]
2023-05-31 13:40:43.425 [info] > git status -z -uall [72ms]
2023-05-31 13:44:29.730 [info] > git config --local branch.main.github-pr-owner-number [2ms]
2023-05-31 13:44:29.756 [info] > git config --get commit.template [14ms]
2023-05-31 13:44:29.757 [info] > git for-each-ref --format=%(refname)%00%(upstream:short)%00%(objectname)%00%(upstream:track)%00%(upstream:remotename)%00%(upstream:remoteref) refs/heads/main refs/remotes/main [2ms]
2023-05-31 13:44:29.823 [info] > git status -z -uall [51ms]
2023-05-31 13:46:42.232 [info] > git config --get commit.template [14ms]
2023-05-31 13:46:42.233 [info] > git for-each-ref --format=%(refname)%00%(upstream:short)%00%(objectname)%00%(upstream:track)%00%(upstream:remotename)%00%(upstream:remoteref) refs/heads/main refs/remotes/main [2ms]
2023-05-31 13:46:42.261 [info] > git status -z -uall [16ms]
2023-05-31 13:46:42.370 [info] > git ls-files --stage -- /workspace/bavarian-cristus-PP4/blog/urls.py [6ms]
2023-05-31 13:46:42.386 [info] > git ls-files --stage -- /workspace/bavarian-cristus-PP4/blog/views.py [35ms]
2023-05-31 13:46:42.400 [info] > git cat-file -s 63b51387d2219b0ce015a36db1979fd36aae7759 [13ms]
2023-05-31 13:46:42.401 [info] > git cat-file -s 15384448bc72f3b94aaef8841019aebe6c3cb03b [3ms]
2023-05-31 13:46:42.466 [info] > git show --textconv :blog/urls.py [12ms]
2023-05-31 13:46:42.467 [info] > git show --textconv :blog/views.py [2ms]
2023-05-31 13:47:30.826 [info] > git config --get commit.template [7ms]
2023-05-31 13:47:30.831 [info] > git for-each-ref --format=%(refname)%00%(upstream:short)%00%(objectname)%00%(upstream:track)%00%(upstream:remotename)%00%(upstream:remoteref) refs/heads/main refs/remotes/main [5ms]
2023-05-31 13:47:30.839 [info] > git status -z -uall [2ms]
2023-05-31 13:47:30.918 [info] > git config --local branch.main.github-pr-owner-number [1ms]
2023-05-31 13:47:30.941 [info] > git config --get commit.template [12ms]
2023-05-31 13:47:30.941 [info] > git for-each-ref --format=%(refname)%00%(upstream:short)%00%(objectname)%00%(upstream:track)%00%(upstream:remotename)%00%(upstream:remoteref) refs/heads/main refs/remotes/main [2ms]
2023-05-31 13:47:30.954 [info] > git status -z -uall [2ms]
2023-05-31 13:47:30.977 [info] > git ls-files --stage -- /workspace/bavarian-cristus-PP4/blog/views.py [10ms]
2023-05-31 13:47:30.987 [info] > git ls-files --stage -- /workspace/bavarian-cristus-PP4/blog/urls.py [10ms]
2023-05-31 13:47:30.996 [info] > git cat-file -s 15384448bc72f3b94aaef8841019aebe6c3cb03b [10ms]
2023-05-31 13:47:30.997 [info] > git cat-file -s 63b51387d2219b0ce015a36db1979fd36aae7759 [1ms]
2023-05-31 13:47:31.045 [info] > git show --textconv :blog/views.py [11ms]
2023-05-31 13:47:31.046 [info] > git show --textconv :blog/urls.py [1ms]
2023-05-31 13:47:37.455 [info] > git config --get commit.template [28ms]
2023-05-31 13:47:37.456 [info] > git for-each-ref --format=%(refname)%00%(upstream:short)%00%(objectname)%00%(upstream:track)%00%(upstream:remotename)%00%(upstream:remoteref) refs/heads/main refs/remotes/main [1ms]
2023-05-31 13:47:37.470 [info] > git status -z -uall [3ms]
2023-05-31 13:47:37.521 [info] > git config --local branch.main.github-pr-owner-number [1ms]
2023-05-31 13:47:37.541 [info] > git config --get commit.template [11ms]
2023-05-31 13:47:37.542 [info] > git for-each-ref --format=%(refname)%00%(upstream:short)%00%(objectname)%00%(upstream:track)%00%(upstream:remotename)%00%(upstream:remoteref) refs/heads/main refs/remotes/main [1ms]
2023-05-31 13:47:37.556 [info] > git status -z -uall [4ms]
2023-05-31 13:47:37.577 [info] > git ls-files --stage -- /workspace/bavarian-cristus-PP4/blog/views.py [8ms]
2023-05-31 13:47:37.587 [info] > git ls-files --stage -- /workspace/bavarian-cristus-PP4/blog/urls.py [11ms]
2023-05-31 13:47:37.600 [info] > git cat-file -s 15384448bc72f3b94aaef8841019aebe6c3cb03b [13ms]
2023-05-31 13:47:37.601 [info] > git cat-file -s 63b51387d2219b0ce015a36db1979fd36aae7759 [3ms]
2023-05-31 13:47:37.652 [info] > git show --textconv :blog/views.py [12ms]
2023-05-31 13:47:37.654 [info] > git show --textconv :blog/urls.py [3ms]
2023-05-31 13:49:29.844 [info] > git config --local branch.main.github-pr-owner-number [2ms]
2023-05-31 13:49:29.876 [info] > git config --get commit.template [15ms]
2023-05-31 13:49:29.899 [info] > git for-each-ref --format=%(refname)%00%(upstream:short)%00%(objectname)%00%(upstream:track)%00%(upstream:remotename)%00%(upstream:remoteref) refs/heads/main refs/remotes/main [23ms]
2023-05-31 13:49:29.916 [info] > git status -z -uall [2ms]
2023-05-31 13:54:29.930 [info] > git config --local branch.main.github-pr-owner-number [1ms]
2023-05-31 13:54:29.949 [info] > git config --get commit.template [10ms]
2023-05-31 13:54:29.949 [info] > git for-each-ref --format=%(refname)%00%(upstream:short)%00%(objectname)%00%(upstream:track)%00%(upstream:remotename)%00%(upstream:remoteref) refs/heads/main refs/remotes/main [1ms]
2023-05-31 13:54:29.960 [info] > git status -z -uall [2ms]
2023-05-31 13:58:05.342 [info] > git show --textconv :blog/forms.py [11ms]
2023-05-31 13:58:05.344 [info] > git ls-files --stage -- /workspace/bavarian-cristus-PP4/blog/forms.py [4ms]
2023-05-31 13:58:05.359 [info] > git cat-file -s 577367944dea28b2f4f05781fd6976cf361dad7b [2ms]
2023-05-31 13:58:06.043 [info] > git show --textconv :blog/models.py [13ms]
2023-05-31 13:58:06.047 [info] > git ls-files --stage -- /workspace/bavarian-cristus-PP4/blog/models.py [5ms]
2023-05-31 13:58:06.060 [info] > git cat-file -s c9d6f6b58808cc65e111cdeba3706808de286d2f [1ms]
2023-05-31 13:58:41.530 [info] > git config --get commit.template [11ms]
2023-05-31 13:58:41.531 [info] > git for-each-ref --format=%(refname)%00%(upstream:short)%00%(objectname)%00%(upstream:track)%00%(upstream:remotename)%00%(upstream:remoteref) refs/heads/main refs/remotes/main [2ms]
2023-05-31 13:58:41.541 [info] > git status -z -uall [2ms]
2023-05-31 13:58:46.562 [info] > git config --get commit.template [8ms]
2023-05-31 13:58:46.563 [info] > git for-each-ref --format=%(refname)%00%(upstream:short)%00%(objectname)%00%(upstream:track)%00%(upstream:remotename)%00%(upstream:remoteref) refs/heads/main refs/remotes/main [1ms]
2023-05-31 13:58:46.571 [info] > git status -z -uall [2ms]
2023-05-31 13:59:29.974 [info] > git config --local branch.main.github-pr-owner-number [1ms]
2023-05-31 13:59:29.989 [info] > git config --get commit.template [8ms]
2023-05-31 13:59:29.990 [info] > git for-each-ref --format=%(refname)%00%(upstream:short)%00%(objectname)%00%(upstream:track)%00%(upstream:remotename)%00%(upstream:remoteref) refs/heads/main refs/remotes/main [2ms]
2023-05-31 13:59:29.999 [info] > git status -z -uall [2ms]
2023-05-31 14:01:54.912 [info] > git config --get commit.template [14ms]
2023-05-31 14:01:54.913 [info] > git for-each-ref --format=%(refname)%00%(upstream:short)%00%(objectname)%00%(upstream:track)%00%(upstream:remotename)%00%(upstream:remoteref) refs/heads/main refs/remotes/main [2ms]
2023-05-31 14:01:54.926 [info] > git status -z -uall [3ms]
2023-05-31 14:01:59.948 [info] > git config --get commit.template [8ms]
2023-05-31 14:01:59.949 [info] > git for-each-ref --format=%(refname)%00%(upstream:short)%00%(objectname)%00%(upstream:track)%00%(upstream:remotename)%00%(upstream:remoteref) refs/heads/main refs/remotes/main [2ms]
2023-05-31 14:01:59.961 [info] > git status -z -uall [3ms]
2023-05-31 14:02:12.309 [info] > git check-ignore -v -z --stdin [1ms]
2023-05-31 14:02:17.520 [info] > git show --textconv :templates/profile.html [12ms]
2023-05-31 14:02:17.521 [info] > git ls-files --stage -- /workspace/bavarian-cristus-PP4/templates/profile.html [2ms]
2023-05-31 14:02:17.532 [info] > git cat-file -s a59e6d2a0be608c6b9e9c958a27925d6a9452bfa [2ms]
2023-05-31 14:02:41.028 [info] > git config --get commit.template [7ms]
2023-05-31 14:02:41.029 [info] > git for-each-ref --format=%(refname)%00%(upstream:short)%00%(objectname)%00%(upstream:track)%00%(upstream:remotename)%00%(upstream:remoteref) refs/heads/main refs/remotes/main [2ms]
2023-05-31 14:02:41.040 [info] > git status -z -uall [3ms]
2023-05-31 14:03:07.207 [info] > git config --get commit.template [11ms]
2023-05-31 14:03:07.207 [info] > git for-each-ref --format=%(refname)%00%(upstream:short)%00%(objectname)%00%(upstream:track)%00%(upstream:remotename)%00%(upstream:remoteref) refs/heads/main refs/remotes/main [2ms]
2023-05-31 14:03:07.216 [info] > git status -z -uall [2ms]
2023-05-31 14:03:51.333 [info] > git show --textconv :static/css/style.css [15ms]
2023-05-31 14:03:51.334 [info] > git ls-files --stage -- /workspace/bavarian-cristus-PP4/static/css/style.css [2ms]
2023-05-31 14:03:51.349 [info] > git cat-file -s a991dc515480da6d6503938ecff9728dd1595d35 [1ms]
2023-05-31 14:04:30.011 [info] > git config --local branch.main.github-pr-owner-number [3ms]
2023-05-31 14:04:30.026 [info] > git for-each-ref --format=%(refname)%00%(upstream:short)%00%(objectname)%00%(upstream:track)%00%(upstream:remotename)%00%(upstream:remoteref) refs/heads/main refs/remotes/main [1ms]
2023-05-31 14:04:30.026 [info] > git config --get commit.template [9ms]
2023-05-31 14:04:30.034 [info] > git status -z -uall [2ms]
2023-05-31 14:05:55.580 [info] > git config --get commit.template [8ms]
2023-05-31 14:05:55.581 [info] > git for-each-ref --format=%(refname)%00%(upstream:short)%00%(objectname)%00%(upstream:track)%00%(upstream:remotename)%00%(upstream:remoteref) refs/heads/main refs/remotes/main [2ms]
2023-05-31 14:05:55.589 [info] > git status -z -uall [2ms]
2023-05-31 14:06:48.938 [info] > git config --get commit.template [7ms]
2023-05-31 14:06:48.938 [info] > git for-each-ref --format=%(refname)%00%(upstream:short)%00%(objectname)%00%(upstream:track)%00%(upstream:remotename)%00%(upstream:remoteref) refs/heads/main refs/remotes/main [1ms]
2023-05-31 14:06:48.945 [info] > git status -z -uall [2ms]
2023-05-31 14:09:30.049 [info] > git config --local branch.main.github-pr-owner-number [1ms]
2023-05-31 14:09:30.066 [info] > git config --get commit.template [6ms]
2023-05-31 14:09:30.067 [info] > git for-each-ref --format=%(refname)%00%(upstream:short)%00%(objectname)%00%(upstream:track)%00%(upstream:remotename)%00%(upstream:remoteref) refs/heads/main refs/remotes/main [2ms]
2023-05-31 14:09:30.074 [info] > git status -z -uall [2ms]
2023-05-31 14:10:30.392 [info] > git show --textconv :templates/base.html [16ms]
2023-05-31 14:10:30.394 [info] > git ls-files --stage -- /workspace/bavarian-cristus-PP4/templates/base.html [2ms]
2023-05-31 14:10:30.444 [info] > git cat-file -s a48c8ceee2d0ee30f006cdf72fb843ffd92b8d43 [1ms]
2023-05-31 14:11:08.351 [info] > git config --get commit.template [12ms]
2023-05-31 14:11:08.351 [info] > git for-each-ref --format=%(refname)%00%(upstream:short)%00%(objectname)%00%(upstream:track)%00%(upstream:remotename)%00%(upstream:remoteref) refs/heads/main refs/remotes/main [2ms]
2023-05-31 14:11:08.362 [info] > git status -z -uall [2ms]
2023-05-31 14:12:03.067 [info] > git config --get commit.template [13ms]
2023-05-31 14:12:03.067 [info] > git for-each-ref --format=%(refname)%00%(upstream:short)%00%(objectname)%00%(upstream:track)%00%(upstream:remotename)%00%(upstream:remoteref) refs/heads/main refs/remotes/main [2ms]
2023-05-31 14:12:03.079 [info] > git status -z -uall [2ms]
2023-05-31 14:12:08.100 [info] > git config --get commit.template [11ms]
2023-05-31 14:12:08.101 [info] > git for-each-ref --format=%(refname)%00%(upstream:short)%00%(objectname)%00%(upstream:track)%00%(upstream:remotename)%00%(upstream:remoteref) refs/heads/main refs/remotes/main [1ms]
2023-05-31 14:12:08.114 [info] > git status -z -uall [3ms]
2023-05-31 14:12:52.039 [info] > git config --get commit.template [10ms]
2023-05-31 14:12:52.040 [info] > git for-each-ref --format=%(refname)%00%(upstream:short)%00%(objectname)%00%(upstream:track)%00%(upstream:remotename)%00%(upstream:remoteref) refs/heads/main refs/remotes/main [1ms]
2023-05-31 14:12:52.051 [info] > git status -z -uall [2ms]
2023-05-31 14:13:15.436 [info] > git config --get commit.template [12ms]
2023-05-31 14:13:15.437 [info] > git for-each-ref --format=%(refname)%00%(upstream:short)%00%(objectname)%00%(upstream:track)%00%(upstream:remotename)%00%(upstream:remoteref) refs/heads/main refs/remotes/main [1ms]
2023-05-31 14:13:15.450 [info] > git status -z -uall [3ms]
2023-05-31 14:14:30.097 [info] > git config --local branch.main.github-pr-owner-number [2ms]
2023-05-31 14:14:30.137 [info] > git config --get commit.template [24ms]
2023-05-31 14:14:30.138 [info] > git for-each-ref --format=%(refname)%00%(upstream:short)%00%(objectname)%00%(upstream:track)%00%(upstream:remotename)%00%(upstream:remoteref) refs/heads/main refs/remotes/main [2ms]
2023-05-31 14:14:30.160 [info] > git status -z -uall [3ms]
2023-05-31 14:14:42.656 [info] > git config --get commit.template [21ms]
2023-05-31 14:14:42.657 [info] > git for-each-ref --format=%(refname)%00%(upstream:short)%00%(objectname)%00%(upstream:track)%00%(upstream:remotename)%00%(upstream:remoteref) refs/heads/main refs/remotes/main [3ms]
2023-05-31 14:14:42.682 [info] > git status -z -uall [3ms]
2023-05-31 14:14:47.728 [info] > git config --get commit.template [21ms]
2023-05-31 14:14:47.730 [info] > git for-each-ref --format=%(refname)%00%(upstream:short)%00%(objectname)%00%(upstream:track)%00%(upstream:remotename)%00%(upstream:remoteref) refs/heads/main refs/remotes/main [3ms]
2023-05-31 14:14:47.753 [info] > git status -z -uall [5ms]
2023-05-31 14:19:30.189 [info] > git config --local branch.main.github-pr-owner-number [2ms]
2023-05-31 14:19:30.229 [info] > git config --get commit.template [18ms]
2023-05-31 14:19:30.230 [info] > git for-each-ref --format=%(refname)%00%(upstream:short)%00%(objectname)%00%(upstream:track)%00%(upstream:remotename)%00%(upstream:remoteref) refs/heads/main refs/remotes/main [3ms]
2023-05-31 14:19:30.250 [info] > git status -z -uall [4ms]
2023-05-31 14:20:25.934 [info] > git config --get commit.template [16ms]
2023-05-31 14:20:25.936 [info] > git for-each-ref --format=%(refname)%00%(upstream:short)%00%(objectname)%00%(upstream:track)%00%(upstream:remotename)%00%(upstream:remoteref) refs/heads/main refs/remotes/main [3ms]
2023-05-31 14:20:25.959 [info] > git status -z -uall [4ms]
2023-05-31 14:20:35.918 [info] > git config --get commit.template [16ms]
2023-05-31 14:20:35.919 [info] > git for-each-ref --format=%(refname)%00%(upstream:short)%00%(objectname)%00%(upstream:track)%00%(upstream:remotename)%00%(upstream:remoteref) refs/heads/main refs/remotes/main [2ms]
2023-05-31 14:20:35.942 [info] > git status -z -uall [3ms]
2023-05-31 14:24:23.830 [info] > git config --get commit.template [33ms]
2023-05-31 14:24:23.830 [info] > git for-each-ref --format=%(refname)%00%(upstream:short)%00%(objectname)%00%(upstream:track)%00%(upstream:remotename)%00%(upstream:remoteref) refs/heads/main refs/remotes/main [3ms]
2023-05-31 14:24:23.843 [info] > git status -z -uall [2ms]
2023-05-31 14:24:30.270 [info] > git config --local branch.main.github-pr-owner-number [1ms]
2023-05-31 14:24:30.291 [info] > git config --get commit.template [8ms]
2023-05-31 14:24:30.291 [info] > git for-each-ref --format=%(refname)%00%(upstream:short)%00%(objectname)%00%(upstream:track)%00%(upstream:remotename)%00%(upstream:remoteref) refs/heads/main refs/remotes/main [1ms]
2023-05-31 14:24:30.300 [info] > git status -z -uall [2ms]
2023-05-31 14:24:45.777 [info] > git config --get commit.template [11ms]
2023-05-31 14:24:45.777 [info] > git for-each-ref --format=%(refname)%00%(upstream:short)%00%(objectname)%00%(upstream:track)%00%(upstream:remotename)%00%(upstream:remoteref) refs/heads/main refs/remotes/main [1ms]
2023-05-31 14:24:45.791 [info] > git status -z -uall [1ms]
2023-05-31 14:26:01.363 [info] > git config --get commit.template [19ms]
2023-05-31 14:26:01.363 [info] > git for-each-ref --format=%(refname)%00%(upstream:short)%00%(objectname)%00%(upstream:track)%00%(upstream:remotename)%00%(upstream:remoteref) refs/heads/main refs/remotes/main [2ms]
2023-05-31 14:26:01.383 [info] > git status -z -uall [3ms]
2023-05-31 14:28:46.536 [info] > git config --get commit.template [23ms]
2023-05-31 14:28:46.540 [info] > git for-each-ref --format=%(refname)%00%(upstream:short)%00%(objectname)%00%(upstream:track)%00%(upstream:remotename)%00%(upstream:remoteref) refs/heads/main refs/remotes/main [5ms]
2023-05-31 14:28:46.575 [info] > git status -z -uall [6ms]
2023-05-31 14:29:30.321 [info] > git config --local branch.main.github-pr-owner-number [2ms]
2023-05-31 14:29:30.379 [info] > git for-each-ref --format=%(refname)%00%(upstream:short)%00%(objectname)%00%(upstream:track)%00%(upstream:remotename)%00%(upstream:remoteref) refs/heads/main refs/remotes/main [1ms]
2023-05-31 14:29:30.379 [info] > git config --get commit.template [41ms]
2023-05-31 14:29:30.404 [info] > git status -z -uall [4ms]
2023-05-31 14:29:51.069 [info] > git config --get commit.template [33ms]
2023-05-31 14:29:51.073 [info] > git for-each-ref --format=%(refname)%00%(upstream:short)%00%(objectname)%00%(upstream:track)%00%(upstream:remotename)%00%(upstream:remoteref) refs/heads/main refs/remotes/main [8ms]
2023-05-31 14:29:51.111 [info] > git status -z -uall [3ms]
2023-05-31 14:30:15.860 [info] > git config --get commit.template [26ms]
2023-05-31 14:30:15.861 [info] > git for-each-ref --format=%(refname)%00%(upstream:short)%00%(objectname)%00%(upstream:track)%00%(upstream:remotename)%00%(upstream:remoteref) refs/heads/main refs/remotes/main [2ms]
2023-05-31 14:30:15.881 [info] > git status -z -uall [3ms]
2023-05-31 14:30:24.673 [info] > git config --get commit.template [30ms]
2023-05-31 14:30:24.675 [info] > git for-each-ref --format=%(refname)%00%(upstream:short)%00%(objectname)%00%(upstream:track)%00%(upstream:remotename)%00%(upstream:remoteref) refs/heads/main refs/remotes/main [3ms]
2023-05-31 14:30:24.700 [info] > git status -z -uall [3ms]
2023-05-31 14:31:51.868 [info] > git config --get commit.template [13ms]
2023-05-31 14:31:51.869 [info] > git for-each-ref --format=%(refname)%00%(upstream:short)%00%(objectname)%00%(upstream:track)%00%(upstream:remotename)%00%(upstream:remoteref) refs/heads/main refs/remotes/main [2ms]
2023-05-31 14:31:51.890 [info] > git status -z -uall [3ms]
2023-05-31 14:32:48.377 [info] > git for-each-ref --format=%(refname)%00%(upstream:short)%00%(objectname)%00%(upstream:track)%00%(upstream:remotename)%00%(upstream:remoteref) refs/heads/main refs/remotes/main [2ms]
2023-05-31 14:32:48.378 [info] > git config --get commit.template [15ms]
2023-05-31 14:32:48.391 [info] > git status -z -uall [2ms]
2023-05-31 14:34:30.437 [info] > git config --local branch.main.github-pr-owner-number [2ms]
2023-05-31 14:34:30.486 [info] > git config --get commit.template [25ms]
2023-05-31 14:34:30.487 [info] > git for-each-ref --format=%(refname)%00%(upstream:short)%00%(objectname)%00%(upstream:track)%00%(upstream:remotename)%00%(upstream:remoteref) refs/heads/main refs/remotes/main [2ms]
2023-05-31 14:34:30.514 [info] > git status -z -uall [4ms]
2023-05-31 14:34:51.053 [info] > git config --get commit.template [51ms]
2023-05-31 14:34:51.054 [info] > git for-each-ref --format=%(refname)%00%(upstream:short)%00%(objectname)%00%(upstream:track)%00%(upstream:remotename)%00%(upstream:remoteref) refs/heads/main refs/remotes/main [2ms]
2023-05-31 14:34:51.077 [info] > git status -z -uall [3ms]
2023-05-31 14:35:05.856 [info] > git for-each-ref --format=%(refname)%00%(upstream:short)%00%(objectname)%00%(upstream:track)%00%(upstream:remotename)%00%(upstream:remoteref) refs/heads/main refs/remotes/main [5ms]
2023-05-31 14:35:05.857 [info] > git config --get commit.template [21ms]
2023-05-31 14:35:05.879 [info] > git status -z -uall [3ms]
2023-05-31 14:35:15.259 [info] > git config --get commit.template [26ms]
2023-05-31 14:35:15.262 [info] > git for-each-ref --format=%(refname)%00%(upstream:short)%00%(objectname)%00%(upstream:track)%00%(upstream:remotename)%00%(upstream:remoteref) refs/heads/main refs/remotes/main [2ms]
2023-05-31 14:35:15.287 [info] > git status -z -uall [3ms]
2023-05-31 14:35:31.667 [info] > git config --get commit.template [26ms]
2023-05-31 14:35:31.668 [info] > git for-each-ref --format=%(refname)%00%(upstream:short)%00%(objectname)%00%(upstream:track)%00%(upstream:remotename)%00%(upstream:remoteref) refs/heads/main refs/remotes/main [2ms]
2023-05-31 14:35:31.701 [info] > git status -z -uall [4ms]
2023-05-31 14:35:42.231 [info] > git config --get commit.template [22ms]
2023-05-31 14:35:42.232 [info] > git for-each-ref --format=%(refname)%00%(upstream:short)%00%(objectname)%00%(upstream:track)%00%(upstream:remotename)%00%(upstream:remoteref) refs/heads/main refs/remotes/main [3ms]
2023-05-31 14:35:42.258 [info] > git status -z -uall [2ms]
2023-05-31 14:36:54.789 [info] > git config --get commit.template [3ms]
2023-05-31 14:36:54.814 [info] > git for-each-ref --format=%(refname)%00%(upstream:short)%00%(objectname)%00%(upstream:track)%00%(upstream:remotename)%00%(upstream:remoteref) refs/heads/main refs/remotes/main [3ms]
2023-05-31 14:36:54.843 [info] > git status -z -uall [6ms]
2023-05-31 14:37:06.697 [info] > git config --get commit.template [15ms]
2023-05-31 14:37:06.698 [info] > git for-each-ref --format=%(refname)%00%(upstream:short)%00%(objectname)%00%(upstream:track)%00%(upstream:remotename)%00%(upstream:remoteref) refs/heads/main refs/remotes/main [1ms]
2023-05-31 14:37:06.722 [info] > git status -z -uall [3ms]
2023-05-31 14:38:08.380 [info] > git config --get commit.template [22ms]
2023-05-31 14:38:08.381 [info] > git for-each-ref --format=%(refname)%00%(upstream:short)%00%(objectname)%00%(upstream:track)%00%(upstream:remotename)%00%(upstream:remoteref) refs/heads/main refs/remotes/main [3ms]
2023-05-31 14:38:08.400 [info] > git status -z -uall [3ms]
2023-05-31 14:38:33.198 [info] > git config --get commit.template [17ms]
2023-05-31 14:38:33.199 [info] > git for-each-ref --format=%(refname)%00%(upstream:short)%00%(objectname)%00%(upstream:track)%00%(upstream:remotename)%00%(upstream:remoteref) refs/heads/main refs/remotes/main [2ms]
2023-05-31 14:38:33.221 [info] > git status -z -uall [3ms]
2023-05-31 14:38:45.603 [info] > git config --get commit.template [22ms]
2023-05-31 14:38:45.605 [info] > git for-each-ref --format=%(refname)%00%(upstream:short)%00%(objectname)%00%(upstream:track)%00%(upstream:remotename)%00%(upstream:remoteref) refs/heads/main refs/remotes/main [3ms]
2023-05-31 14:38:45.626 [info] > git status -z -uall [3ms]
2023-05-31 14:38:50.670 [info] > git config --get commit.template [23ms]
2023-05-31 14:38:50.671 [info] > git for-each-ref --format=%(refname)%00%(upstream:short)%00%(objectname)%00%(upstream:track)%00%(upstream:remotename)%00%(upstream:remoteref) refs/heads/main refs/remotes/main [2ms]
2023-05-31 14:38:50.696 [info] > git status -z -uall [3ms]
2023-05-31 14:39:30.540 [info] > git config --local branch.main.github-pr-owner-number [2ms]
2023-05-31 14:39:30.590 [info] > git config --get commit.template [27ms]
2023-05-31 14:39:30.591 [info] > git for-each-ref --format=%(refname)%00%(upstream:short)%00%(objectname)%00%(upstream:track)%00%(upstream:remotename)%00%(upstream:remoteref) refs/heads/main refs/remotes/main [4ms]
2023-05-31 14:39:30.616 [info] > git status -z -uall [5ms]
2023-05-31 14:39:37.703 [info] > git config --get commit.template [23ms]
2023-05-31 14:39:37.703 [info] > git for-each-ref --format=%(refname)%00%(upstream:short)%00%(objectname)%00%(upstream:track)%00%(upstream:remotename)%00%(upstream:remoteref) refs/heads/main refs/remotes/main [3ms]
2023-05-31 14:39:37.722 [info] > git status -z -uall [3ms]
2023-05-31 14:39:42.768 [info] > git config --get commit.template [22ms]
2023-05-31 14:39:42.769 [info] > git for-each-ref --format=%(refname)%00%(upstream:short)%00%(objectname)%00%(upstream:track)%00%(upstream:remotename)%00%(upstream:remoteref) refs/heads/main refs/remotes/main [2ms]
2023-05-31 14:39:42.808 [info] > git status -z -uall [3ms]
2023-05-31 14:41:29.866 [info] > git config --get commit.template [22ms]
2023-05-31 14:41:29.867 [info] > git for-each-ref --format=%(refname)%00%(upstream:short)%00%(objectname)%00%(upstream:track)%00%(upstream:remotename)%00%(upstream:remoteref) refs/heads/main refs/remotes/main [2ms]
2023-05-31 14:41:29.889 [info] > git status -z -uall [4ms]
2023-05-31 14:41:57.322 [info] > git config --get commit.template [28ms]
2023-05-31 14:41:57.324 [info] > git for-each-ref --format=%(refname)%00%(upstream:short)%00%(objectname)%00%(upstream:track)%00%(upstream:remotename)%00%(upstream:remoteref) refs/heads/main refs/remotes/main [3ms]
2023-05-31 14:41:57.357 [info] > git status -z -uall [4ms]
2023-05-31 14:42:32.242 [info] > git config --get commit.template [22ms]
2023-05-31 14:42:32.242 [info] > git for-each-ref --format=%(refname)%00%(upstream:short)%00%(objectname)%00%(upstream:track)%00%(upstream:remotename)%00%(upstream:remoteref) refs/heads/main refs/remotes/main [5ms]
2023-05-31 14:42:32.263 [info] > git status -z -uall [3ms]
2023-05-31 14:43:07.357 [info] > git config --get commit.template [17ms]
2023-05-31 14:43:07.357 [info] > git for-each-ref --format=%(refname)%00%(upstream:short)%00%(objectname)%00%(upstream:track)%00%(upstream:remotename)%00%(upstream:remoteref) refs/heads/main refs/remotes/main [3ms]
2023-05-31 14:43:07.380 [info] > git status -z -uall [3ms]
2023-05-31 14:44:30.640 [info] > git config --local branch.main.github-pr-owner-number [5ms]
2023-05-31 14:44:30.671 [info] > git config --get commit.template [18ms]
2023-05-31 14:44:30.673 [info] > git for-each-ref --format=%(refname)%00%(upstream:short)%00%(objectname)%00%(upstream:track)%00%(upstream:remotename)%00%(upstream:remoteref) refs/heads/main refs/remotes/main [2ms]
2023-05-31 14:44:30.691 [info] > git status -z -uall [4ms]
2023-05-31 14:45:28.115 [info] > git config --get commit.template [15ms]
2023-05-31 14:45:28.115 [info] > git for-each-ref --format=%(refname)%00%(upstream:short)%00%(objectname)%00%(upstream:track)%00%(upstream:remotename)%00%(upstream:remoteref) refs/heads/main refs/remotes/main [1ms]
2023-05-31 14:45:28.134 [info] > git status -z -uall [5ms]
2023-05-31 14:46:23.098 [info] > git config --get commit.template [14ms]
2023-05-31 14:46:23.100 [info] > git for-each-ref --format=%(refname)%00%(upstream:short)%00%(objectname)%00%(upstream:track)%00%(upstream:remotename)%00%(upstream:remoteref) refs/heads/main refs/remotes/main [1ms]
2023-05-31 14:46:23.114 [info] > git status -z -uall [3ms]
2023-05-31 14:47:15.483 [info] > git config --get commit.template [11ms]
2023-05-31 14:47:15.483 [info] > git for-each-ref --format=%(refname)%00%(upstream:short)%00%(objectname)%00%(upstream:track)%00%(upstream:remotename)%00%(upstream:remoteref) refs/heads/main refs/remotes/main [1ms]
2023-05-31 14:47:15.497 [info] > git status -z -uall [2ms]
2023-05-31 14:47:33.289 [info] > git config --get commit.template [7ms]
2023-05-31 14:47:33.290 [info] > git for-each-ref --format=%(refname)%00%(upstream:short)%00%(objectname)%00%(upstream:track)%00%(upstream:remotename)%00%(upstream:remoteref) refs/heads/main refs/remotes/main [2ms]
2023-05-31 14:47:33.299 [info] > git status -z -uall [2ms]
2023-05-31 14:47:40.868 [info] > git config --get commit.template [14ms]
2023-05-31 14:47:40.869 [info] > git for-each-ref --format=%(refname)%00%(upstream:short)%00%(objectname)%00%(upstream:track)%00%(upstream:remotename)%00%(upstream:remoteref) refs/heads/main refs/remotes/main [2ms]
2023-05-31 14:47:40.885 [info] > git status -z -uall [2ms]
2023-05-31 14:47:49.170 [info] > git config --get commit.template [17ms]
2023-05-31 14:47:49.171 [info] > git for-each-ref --format=%(refname)%00%(upstream:short)%00%(objectname)%00%(upstream:track)%00%(upstream:remotename)%00%(upstream:remoteref) refs/heads/main refs/remotes/main [2ms]
2023-05-31 14:47:49.188 [info] > git status -z -uall [3ms]
2023-05-31 14:48:22.951 [info] > git config --get commit.template [33ms]
2023-05-31 14:48:22.952 [info] > git for-each-ref --format=%(refname)%00%(upstream:short)%00%(objectname)%00%(upstream:track)%00%(upstream:remotename)%00%(upstream:remoteref) refs/heads/main refs/remotes/main [2ms]
2023-05-31 14:48:22.983 [info] > git status -z -uall [4ms]
2023-05-31 14:48:33.653 [info] > git config --get commit.template [41ms]
2023-05-31 14:48:33.654 [info] > git for-each-ref --format=%(refname)%00%(upstream:short)%00%(objectname)%00%(upstream:track)%00%(upstream:remotename)%00%(upstream:remoteref) refs/heads/main refs/remotes/main [3ms]
2023-05-31 14:48:33.687 [info] > git status -z -uall [4ms]
2023-05-31 14:49:30.707 [info] > git config --local branch.main.github-pr-owner-number [1ms]
2023-05-31 14:49:30.731 [info] > git config --get commit.template [13ms]
2023-05-31 14:49:30.732 [info] > git for-each-ref --format=%(refname)%00%(upstream:short)%00%(objectname)%00%(upstream:track)%00%(upstream:remotename)%00%(upstream:remoteref) refs/heads/main refs/remotes/main [2ms]
2023-05-31 14:49:30.750 [info] > git status -z -uall [3ms]
2023-05-31 14:49:57.847 [info] > git config --get commit.template [14ms]
2023-05-31 14:49:57.849 [info] > git for-each-ref --format=%(refname)%00%(upstream:short)%00%(objectname)%00%(upstream:track)%00%(upstream:remotename)%00%(upstream:remoteref) refs/heads/main refs/remotes/main [2ms]
2023-05-31 14:49:57.866 [info] > git status -z -uall [3ms]
2023-05-31 14:50:20.684 [info] > git config --get commit.template [13ms]
2023-05-31 14:50:20.685 [info] > git for-each-ref --format=%(refname)%00%(upstream:short)%00%(objectname)%00%(upstream:track)%00%(upstream:remotename)%00%(upstream:remoteref) refs/heads/main refs/remotes/main [1ms]
2023-05-31 14:50:20.698 [info] > git status -z -uall [2ms]
2023-05-31 14:50:37.981 [info] > git config --get commit.template [15ms]
2023-05-31 14:50:37.982 [info] > git for-each-ref --format=%(refname)%00%(upstream:short)%00%(objectname)%00%(upstream:track)%00%(upstream:remotename)%00%(upstream:remoteref) refs/heads/main refs/remotes/main [2ms]
2023-05-31 14:50:37.998 [info] > git status -z -uall [2ms]
2023-05-31 14:50:58.640 [info] > git config --get commit.template [12ms]
2023-05-31 14:50:58.641 [info] > git for-each-ref --format=%(refname)%00%(upstream:short)%00%(objectname)%00%(upstream:track)%00%(upstream:remotename)%00%(upstream:remoteref) refs/heads/main refs/remotes/main [2ms]
2023-05-31 14:50:58.657 [info] > git status -z -uall [2ms]
2023-05-31 14:51:09.265 [info] > git config --get commit.template [1ms]
2023-05-31 14:51:09.286 [info] > git for-each-ref --format=%(refname)%00%(upstream:short)%00%(objectname)%00%(upstream:track)%00%(upstream:remotename)%00%(upstream:remoteref) refs/heads/main refs/remotes/main [2ms]
2023-05-31 14:51:09.306 [info] > git status -z -uall [3ms]
2023-05-31 14:51:17.847 [info] > git config --get commit.template [17ms]
2023-05-31 14:51:17.848 [info] > git for-each-ref --format=%(refname)%00%(upstream:short)%00%(objectname)%00%(upstream:track)%00%(upstream:remotename)%00%(upstream:remoteref) refs/heads/main refs/remotes/main [3ms]
2023-05-31 14:51:17.865 [info] > git status -z -uall [2ms]
2023-05-31 14:52:10.993 [info] > git config --get commit.template [12ms]
2023-05-31 14:52:10.994 [info] > git for-each-ref --format=%(refname)%00%(upstream:short)%00%(objectname)%00%(upstream:track)%00%(upstream:remotename)%00%(upstream:remoteref) refs/heads/main refs/remotes/main [1ms]
2023-05-31 14:52:11.003 [info] > git status -z -uall [3ms]
2023-05-31 14:53:42.279 [info] > git config --get commit.template [10ms]
2023-05-31 14:53:42.280 [info] > git for-each-ref --format=%(refname)%00%(upstream:short)%00%(objectname)%00%(upstream:track)%00%(upstream:remotename)%00%(upstream:remoteref) refs/heads/main refs/remotes/main [1ms]
2023-05-31 14:53:42.295 [info] > git status -z -uall [2ms]
2023-05-31 14:53:57.511 [info] > git config --get commit.template [8ms]
2023-05-31 14:53:57.512 [info] > git for-each-ref --format=%(refname)%00%(upstream:short)%00%(objectname)%00%(upstream:track)%00%(upstream:remotename)%00%(upstream:remoteref) refs/heads/main refs/remotes/main [2ms]
2023-05-31 14:53:57.523 [info] > git status -z -uall [2ms]
2023-05-31 14:54:14.815 [info] > git config --get commit.template [15ms]
2023-05-31 14:54:14.816 [info] > git for-each-ref --format=%(refname)%00%(upstream:short)%00%(objectname)%00%(upstream:track)%00%(upstream:remotename)%00%(upstream:remoteref) refs/heads/main refs/remotes/main [3ms]
2023-05-31 14:54:14.831 [info] > git status -z -uall [2ms]
2023-05-31 14:54:21.876 [info] > git config --get commit.template [12ms]
2023-05-31 14:54:21.877 [info] > git for-each-ref --format=%(refname)%00%(upstream:short)%00%(objectname)%00%(upstream:track)%00%(upstream:remotename)%00%(upstream:remoteref) refs/heads/main refs/remotes/main [1ms]
2023-05-31 14:54:21.892 [info] > git status -z -uall [2ms]
2023-05-31 14:54:30.766 [info] > git config --local branch.main.github-pr-owner-number [1ms]
2023-05-31 14:54:30.793 [info] > git config --get commit.template [13ms]
2023-05-31 14:54:30.794 [info] > git for-each-ref --format=%(refname)%00%(upstream:short)%00%(objectname)%00%(upstream:track)%00%(upstream:remotename)%00%(upstream:remoteref) refs/heads/main refs/remotes/main [1ms]
2023-05-31 14:54:30.809 [info] > git status -z -uall [3ms]
2023-05-31 14:54:33.857 [info] > git config --get commit.template [13ms]
2023-05-31 14:54:33.858 [info] > git for-each-ref --format=%(refname)%00%(upstream:short)%00%(objectname)%00%(upstream:track)%00%(upstream:remotename)%00%(upstream:remoteref) refs/heads/main refs/remotes/main [2ms]
2023-05-31 14:54:33.874 [info] > git status -z -uall [3ms]
2023-05-31 14:54:40.590 [info] > git config --get commit.template [1ms]
2023-05-31 14:54:40.604 [info] > git for-each-ref --format=%(refname)%00%(upstream:short)%00%(objectname)%00%(upstream:track)%00%(upstream:remotename)%00%(upstream:remoteref) refs/heads/main refs/remotes/main [2ms]
2023-05-31 14:54:40.614 [info] > git status -z -uall [2ms]
2023-05-31 14:55:38.222 [info] > git config --get commit.template [4ms]
2023-05-31 14:55:38.261 [info] > git for-each-ref --format=%(refname)%00%(upstream:short)%00%(objectname)%00%(upstream:track)%00%(upstream:remotename)%00%(upstream:remoteref) refs/heads/main refs/remotes/main [4ms]
2023-05-31 14:55:38.299 [info] > git status -z -uall [4ms]
2023-05-31 14:55:45.662 [info] > git config --get commit.template [28ms]
2023-05-31 14:55:45.665 [info] > git for-each-ref --format=%(refname)%00%(upstream:short)%00%(objectname)%00%(upstream:track)%00%(upstream:remotename)%00%(upstream:remoteref) refs/heads/main refs/remotes/main [2ms]
2023-05-31 14:55:45.690 [info] > git status -z -uall [4ms]
2023-05-31 14:55:55.480 [info] > git config --get commit.template [3ms]
2023-05-31 14:55:55.509 [info] > git for-each-ref --format=%(refname)%00%(upstream:short)%00%(objectname)%00%(upstream:track)%00%(upstream:remotename)%00%(upstream:remoteref) refs/heads/main refs/remotes/main [3ms]
2023-05-31 14:55:55.536 [info] > git status -z -uall [5ms]
2023-05-31 14:56:06.581 [info] > git for-each-ref --format=%(refname)%00%(upstream:short)%00%(objectname)%00%(upstream:track)%00%(upstream:remotename)%00%(upstream:remoteref) refs/heads/main refs/remotes/main [1ms]
2023-05-31 14:56:06.581 [info] > git config --get commit.template [26ms]
2023-05-31 14:56:06.610 [info] > git status -z -uall [4ms]
2023-05-31 14:56:37.515 [info] > git config --get commit.template [25ms]
2023-05-31 14:56:37.516 [info] > git for-each-ref --format=%(refname)%00%(upstream:short)%00%(objectname)%00%(upstream:track)%00%(upstream:remotename)%00%(upstream:remoteref) refs/heads/main refs/remotes/main [2ms]
2023-05-31 14:56:37.542 [info] > git status -z -uall [4ms]
2023-05-31 14:56:54.032 [info] > git config --get commit.template [18ms]
2023-05-31 14:56:54.033 [info] > git for-each-ref --format=%(refname)%00%(upstream:short)%00%(objectname)%00%(upstream:track)%00%(upstream:remotename)%00%(upstream:remoteref) refs/heads/main refs/remotes/main [2ms]
2023-05-31 14:56:54.052 [info] > git status -z -uall [3ms]
2023-05-31 14:57:07.164 [info] > git config --get commit.template [17ms]
2023-05-31 14:57:07.165 [info] > git for-each-ref --format=%(refname)%00%(upstream:short)%00%(objectname)%00%(upstream:track)%00%(upstream:remotename)%00%(upstream:remoteref) refs/heads/main refs/remotes/main [2ms]
2023-05-31 14:57:07.184 [info] > git status -z -uall [3ms]
2023-05-31 14:57:15.278 [info] > git config --get commit.template [1ms]
2023-05-31 14:57:15.307 [info] > git for-each-ref --format=%(refname)%00%(upstream:short)%00%(objectname)%00%(upstream:track)%00%(upstream:remotename)%00%(upstream:remoteref) refs/heads/main refs/remotes/main [0ms]
2023-05-31 14:57:15.322 [info] > git status -z -uall [2ms]
2023-05-31 14:58:03.875 [info] > git config --get commit.template [18ms]
2023-05-31 14:58:03.875 [info] > git for-each-ref --format=%(refname)%00%(upstream:short)%00%(objectname)%00%(upstream:track)%00%(upstream:remotename)%00%(upstream:remoteref) refs/heads/main refs/remotes/main [1ms]
2023-05-31 14:58:03.899 [info] > git status -z -uall [6ms]
2023-05-31 14:58:03.999 [info] > git ls-files --stage -- /workspace/bavarian-cristus-PP4/templates/profile.html [16ms]
2023-05-31 14:58:04.016 [info] > git cat-file -s bdfeebae65b7bb4fcb55bc171da9187cdd472557 [2ms]
2023-05-31 14:58:04.017 [info] > git ls-files --stage -- /workspace/bavarian-cristus-PP4/static/css/style.css [20ms]
2023-05-31 14:58:04.034 [info] > git cat-file -s 0f318719375b12c78500db1fb74c5019aa92126d [2ms]
2023-05-31 14:58:04.113 [info] > git show --textconv :templates/profile.html [21ms]
2023-05-31 14:58:04.115 [info] > git show --textconv :static/css/style.css [3ms]
2023-05-31 14:58:21.815 [info] > git config --get commit.template [20ms]
2023-05-31 14:58:21.824 [info] > git for-each-ref --format=%(refname)%00%(upstream:short)%00%(objectname)%00%(upstream:track)%00%(upstream:remotename)%00%(upstream:remoteref) refs/heads/main refs/remotes/main [9ms]
2023-05-31 14:58:21.845 [info] > git status -z -uall [3ms]
2023-05-31 14:58:21.933 [info] > git config --local branch.main.github-pr-owner-number [2ms]
2023-05-31 14:58:21.956 [info] > git config --get commit.template [5ms]
2023-05-31 14:58:22.015 [info] > git ls-files --stage -- /workspace/bavarian-cristus-PP4/templates/profile.html [38ms]
2023-05-31 14:58:22.043 [info] > git for-each-ref --format=%(refname)%00%(upstream:short)%00%(objectname)%00%(upstream:track)%00%(upstream:remotename)%00%(upstream:remoteref) refs/heads/main refs/remotes/main [29ms]
2023-05-31 14:58:22.065 [info] > git ls-files --stage -- /workspace/bavarian-cristus-PP4/static/css/style.css [68ms]
2023-05-31 14:58:22.088 [info] > git status -z -uall [24ms]
2023-05-31 14:58:22.091 [info] > git cat-file -s bdfeebae65b7bb4fcb55bc171da9187cdd472557 [49ms]
2023-05-31 14:58:22.093 [info] > git cat-file -s 0f318719375b12c78500db1fb74c5019aa92126d [6ms]
2023-05-31 14:58:22.182 [info] > git show --textconv :templates/profile.html [30ms]
2023-05-31 14:58:22.186 [info] > git show --textconv :static/css/style.css [4ms]
2023-05-31 14:58:27.575 [info] > git config --get commit.template [20ms]
2023-05-31 14:58:27.576 [info] > git for-each-ref --format=%(refname)%00%(upstream:short)%00%(objectname)%00%(upstream:track)%00%(upstream:remotename)%00%(upstream:remoteref) refs/heads/main refs/remotes/main [2ms]
2023-05-31 14:58:27.604 [info] > git status -z -uall [4ms]
2023-05-31 14:58:27.704 [info] > git ls-files --stage -- /workspace/bavarian-cristus-PP4/templates/profile.html [18ms]
2023-05-31 14:58:27.721 [info] > git config --local branch.main.github-pr-owner-number [55ms]
2023-05-31 14:58:27.744 [info] > git cat-file -s bdfeebae65b7bb4fcb55bc171da9187cdd472557 [24ms]
2023-05-31 14:58:27.745 [info] > git ls-files --stage -- /workspace/bavarian-cristus-PP4/static/css/style.css [44ms]
2023-05-31 14:58:27.769 [info] > git config --get commit.template [26ms]
2023-05-31 14:58:27.792 [info] > git cat-file -s 0f318719375b12c78500db1fb74c5019aa92126d [24ms]
2023-05-31 14:58:27.794 [info] > git for-each-ref --format=%(refname)%00%(upstream:short)%00%(objectname)%00%(upstream:track)%00%(upstream:remotename)%00%(upstream:remoteref) refs/heads/main refs/remotes/main [3ms]
2023-05-31 14:58:27.832 [info] > git status -z -uall [20ms]
2023-05-31 14:58:27.834 [info] > git show --textconv :templates/profile.html [3ms]
2023-05-31 14:58:27.863 [info] > git show --textconv :static/css/style.css [3ms]
