2023-06-04 23:14:07.119 [warning] /home/gitpod/.ssh/config: ENOENT: no such file or directory, open '/home/gitpod/.ssh/config'
2023-06-04 23:14:07.544 [info] Looking for git repository
2023-06-04 23:14:07.544 [info] Found 0 repositories during activation
2023-06-04 23:14:07.544 [info] Git repository found, initializing review manager and pr tree view.
2023-06-04 23:14:07.548 [info] Registering git provider
2023-06-04 23:14:07.548 [info] Review> Validate state in progress
2023-06-04 23:14:07.548 [info] Review> Validating state...
2023-06-04 23:14:07.745 [info] Found GitHub remote for folder /workspace/bavarian-cristus-PP4
2023-06-04 23:14:08.142 [info] Repo state for file:///workspace/bavarian-cristus-PP4 changed.
2023-06-04 23:14:08.142 [info] Repo file:///workspace/bavarian-cristus-PP4 has already been setup.
2023-06-04 23:14:08.143 [info] Review> no matching pull request metadata found for current branch main
2023-06-04 23:14:08.375 [info] Review> No matching pull request metadata found on GitHub for current branch main
2023-06-05 01:11:36.106 [info] Review> Validate state in progress
2023-06-05 01:11:36.106 [info] Review> Validating state...
2023-06-05 01:11:36.390 [info] Found GitHub remote for folder /workspace/bavarian-cristus-PP4
2023-06-05 01:11:36.507 [info] Review> no matching pull request metadata found for current branch main
2023-06-05 01:11:36.738 [info] Review> No matching pull request metadata found on GitHub for current branch main
2023-06-05 01:11:43.268 [info] Review> Validate state in progress
2023-06-05 01:11:43.268 [info] Review> Validating state...
2023-06-05 01:11:43.310 [info] Found GitHub remote for folder /workspace/bavarian-cristus-PP4
2023-06-05 01:11:43.391 [info] Review> no matching pull request metadata found for current branch main
2023-06-05 01:11:43.631 [info] Review> No matching pull request metadata found on GitHub for current branch main
