2023-06-04 13:21:31.634 [warning] /home/gitpod/.ssh/config: ENOENT: no such file or directory, open '/home/gitpod/.ssh/config'
2023-06-04 13:21:32.457 [info] Looking for git repository
2023-06-04 13:21:32.457 [info] Found 0 repositories during activation
2023-06-04 13:21:32.457 [info] Git repository found, initializing review manager and pr tree view.
2023-06-04 13:21:32.461 [info] Registering git provider
2023-06-04 13:21:32.461 [info] Review> Validate state in progress
2023-06-04 13:21:32.461 [info] Review> Validating state...
2023-06-04 13:21:32.724 [info] Found GitHub remote for folder /workspace/bavarian-cristus-PP4
2023-06-04 13:21:33.175 [info] Repo state for file:///workspace/bavarian-cristus-PP4 changed.
2023-06-04 13:21:33.175 [info] Repo file:///workspace/bavarian-cristus-PP4 has already been setup.
2023-06-04 13:21:33.177 [info] Review> no matching pull request metadata found for current branch main
2023-06-04 13:21:33.397 [info] Review> No matching pull request metadata found on GitHub for current branch main
2023-06-04 14:38:04.742 [info] Review> Validate state in progress
2023-06-04 14:38:04.743 [info] Review> Validating state...
2023-06-04 14:38:04.858 [info] Found GitHub remote for folder /workspace/bavarian-cristus-PP4
2023-06-04 14:38:04.975 [info] Review> no matching pull request metadata found for current branch main
2023-06-04 14:38:05.204 [info] Review> No matching pull request metadata found on GitHub for current branch main
2023-06-04 14:38:09.812 [info] Review> Validate state in progress
2023-06-04 14:38:09.812 [info] Review> Validating state...
2023-06-04 14:38:09.853 [info] Found GitHub remote for folder /workspace/bavarian-cristus-PP4
2023-06-04 14:38:10.075 [info] Review> no matching pull request metadata found for current branch main
2023-06-04 14:38:10.305 [info] Review> No matching pull request metadata found on GitHub for current branch main
2023-06-04 16:03:39.600 [info] Review> Validate state in progress
2023-06-04 16:03:39.600 [info] Review> Validating state...
2023-06-04 16:03:39.697 [info] Found GitHub remote for folder /workspace/bavarian-cristus-PP4
2023-06-04 16:03:39.875 [info] Review> no matching pull request metadata found for current branch main
2023-06-04 16:03:40.111 [info] Review> No matching pull request metadata found on GitHub for current branch main
2023-06-04 16:03:44.648 [info] Review> Validate state in progress
2023-06-04 16:03:44.648 [info] Review> Validating state...
2023-06-04 16:03:44.686 [info] Found GitHub remote for folder /workspace/bavarian-cristus-PP4
2023-06-04 16:03:44.785 [info] Review> no matching pull request metadata found for current branch main
2023-06-04 16:03:45.015 [info] Review> No matching pull request metadata found on GitHub for current branch main
