2023-06-02 07:44:10.957 [info] Log level: Info
2023-06-02 07:44:10.957 [info] Validating found git in: "git"
2023-06-02 07:44:10.957 [info] Using git "2.37.3" from "git"
2023-06-02 07:44:10.957 [info] > git rev-parse --show-toplevel [9ms]
2023-06-02 07:44:10.957 [info] > git rev-parse --git-dir --git-common-dir [21ms]
2023-06-02 07:44:10.957 [info] Open repository: /workspace/bavarian-cristus-PP4
2023-06-02 07:44:10.957 [info] > git rev-parse --show-toplevel [9ms]
2023-06-02 07:44:10.957 [info] > git config --get commit.template [15ms]
2023-06-02 07:44:10.957 [info] > git rev-parse --show-toplevel [40ms]
2023-06-02 07:44:10.957 [info] > git rev-parse --show-toplevel [13ms]
2023-06-02 07:44:10.957 [info] > git for-each-ref --format=%(refname)%00%(upstream:short)%00%(objectname)%00%(upstream:track)%00%(upstream:remotename)%00%(upstream:remoteref) refs/heads/main refs/remotes/main [94ms]
2023-06-02 07:44:10.957 [info] > git rev-parse --show-toplevel [152ms]
2023-06-02 07:44:10.957 [info] > git status -z -uall [105ms]
2023-06-02 07:44:10.957 [info] > git rev-parse --show-toplevel [22ms]
2023-06-02 07:44:10.957 [info] > git rev-parse --show-toplevel [16ms]
2023-06-02 07:44:10.957 [info] > git config --get commit.template [15ms]
2023-06-02 07:44:10.957 [info] > git rev-parse --show-toplevel [46ms]
2023-06-02 07:44:10.957 [info] > git for-each-ref --format=%(refname)%00%(upstream:short)%00%(objectname)%00%(upstream:track)%00%(upstream:remotename)%00%(upstream:remoteref) refs/heads/main refs/remotes/main [12ms]
2023-06-02 07:44:10.957 [info] > git rev-parse --show-toplevel [15ms]
2023-06-02 07:44:10.957 [info] > git rev-parse --show-toplevel [17ms]
2023-06-02 07:44:10.957 [info] > git status -z -uall [93ms]
2023-06-02 07:44:11.295 [info] > git check-ignore -v -z --stdin [22ms]
2023-06-02 07:44:12.402 [info] > git config --local branch.main.github-pr-owner-number [95ms]
2023-06-02 07:44:12.431 [info] > git config --get commit.template [4ms]
2023-06-02 07:44:12.457 [info] > git for-each-ref --format=%(refname)%00%(upstream:short)%00%(objectname)%00%(upstream:track)%00%(upstream:remotename)%00%(upstream:remoteref) refs/heads/main refs/remotes/main [14ms]
2023-06-02 07:44:12.559 [info] > git status -z -uall [91ms]
2023-06-02 07:49:11.880 [info] > git config --local branch.main.github-pr-owner-number [2ms]
2023-06-02 07:49:11.903 [info] > git config --get commit.template [10ms]
2023-06-02 07:49:11.904 [info] > git for-each-ref --format=%(refname)%00%(upstream:short)%00%(objectname)%00%(upstream:track)%00%(upstream:remotename)%00%(upstream:remoteref) refs/heads/main refs/remotes/main [2ms]
2023-06-02 07:49:11.995 [info] > git status -z -uall [80ms]
2023-06-02 07:54:12.009 [info] > git config --local branch.main.github-pr-owner-number [1ms]
2023-06-02 07:54:12.030 [info] > git config --get commit.template [11ms]
2023-06-02 07:54:12.033 [info] > git for-each-ref --format=%(refname)%00%(upstream:short)%00%(objectname)%00%(upstream:track)%00%(upstream:remotename)%00%(upstream:remoteref) refs/heads/main refs/remotes/main [2ms]
2023-06-02 07:54:12.160 [info] > git status -z -uall [118ms]
2023-06-02 07:55:50.854 [info] > git check-ignore -v -z --stdin [2ms]
2023-06-02 07:56:00.467 [info] > git check-ignore -v -z --stdin [2ms]
2023-06-02 07:56:05.522 [info] > git show --textconv :templates/about.html [12ms]
2023-06-02 07:56:05.524 [info] > git ls-files --stage -- /workspace/bavarian-cristus-PP4/templates/about.html [3ms]
2023-06-02 07:56:05.537 [info] > git cat-file -s 3ec687ea43ecc9b9c59ef3936c3f16db78c6f2b1 [2ms]
2023-06-02 07:59:12.173 [info] > git config --local branch.main.github-pr-owner-number [1ms]
2023-06-02 07:59:12.196 [info] > git config --get commit.template [12ms]
2023-06-02 07:59:12.197 [info] > git for-each-ref --format=%(refname)%00%(upstream:short)%00%(objectname)%00%(upstream:track)%00%(upstream:remotename)%00%(upstream:remoteref) refs/heads/main refs/remotes/main [2ms]
2023-06-02 07:59:12.246 [info] > git status -z -uall [39ms]
2023-06-02 08:00:48.029 [info] > git check-ignore -v -z --stdin [1ms]
2023-06-02 08:00:50.250 [info] > git show --textconv :blog/views.py [16ms]
2023-06-02 08:00:50.251 [info] > git ls-files --stage -- /workspace/bavarian-cristus-PP4/blog/views.py [2ms]
2023-06-02 08:00:50.330 [info] > git cat-file -s 475bcec1815b6e5d844a95c0c02665cb548d2cfd [13ms]
2023-06-02 08:01:37.375 [info] > git config --get commit.template [12ms]
2023-06-02 08:01:37.376 [info] > git for-each-ref --format=%(refname)%00%(upstream:short)%00%(objectname)%00%(upstream:track)%00%(upstream:remotename)%00%(upstream:remoteref) refs/heads/main refs/remotes/main [2ms]
2023-06-02 08:01:37.426 [info] > git status -z -uall [39ms]
2023-06-02 08:01:42.453 [info] > git config --get commit.template [11ms]
2023-06-02 08:01:42.453 [info] > git for-each-ref --format=%(refname)%00%(upstream:short)%00%(objectname)%00%(upstream:track)%00%(upstream:remotename)%00%(upstream:remoteref) refs/heads/main refs/remotes/main [1ms]
2023-06-02 08:01:42.501 [info] > git status -z -uall [39ms]
2023-06-02 08:01:56.891 [info] > git show --textconv :templates/base.html [12ms]
2023-06-02 08:01:56.892 [info] > git ls-files --stage -- /workspace/bavarian-cristus-PP4/templates/base.html [2ms]
2023-06-02 08:01:56.915 [info] > git cat-file -s 8313474916ff9f500768c21eff8c285b0dd897c2 [2ms]
2023-06-02 08:02:14.149 [info] > git config --get commit.template [11ms]
2023-06-02 08:02:14.149 [info] > git for-each-ref --format=%(refname)%00%(upstream:short)%00%(objectname)%00%(upstream:track)%00%(upstream:remotename)%00%(upstream:remoteref) refs/heads/main refs/remotes/main [1ms]
2023-06-02 08:02:14.198 [info] > git status -z -uall [39ms]
2023-06-02 08:04:12.260 [info] > git config --local branch.main.github-pr-owner-number [1ms]
2023-06-02 08:04:12.276 [info] > git config --get commit.template [7ms]
2023-06-02 08:04:12.277 [info] > git for-each-ref --format=%(refname)%00%(upstream:short)%00%(objectname)%00%(upstream:track)%00%(upstream:remotename)%00%(upstream:remoteref) refs/heads/main refs/remotes/main [1ms]
2023-06-02 08:04:12.324 [info] > git status -z -uall [42ms]
2023-06-02 08:06:49.179 [info] > git show --textconv :blog/urls.py [11ms]
2023-06-02 08:06:49.182 [info] > git ls-files --stage -- /workspace/bavarian-cristus-PP4/blog/urls.py [3ms]
2023-06-02 08:06:49.192 [info] > git cat-file -s d053e1ef8fb74da8760b1c0553e0121aa2353c68 [1ms]
2023-06-02 08:07:06.226 [info] > git config --get commit.template [2ms]
2023-06-02 08:07:06.236 [info] > git for-each-ref --format=%(refname)%00%(upstream:short)%00%(objectname)%00%(upstream:track)%00%(upstream:remotename)%00%(upstream:remoteref) refs/heads/main refs/remotes/main [1ms]
2023-06-02 08:07:06.287 [info] > git status -z -uall [41ms]
2023-06-02 08:07:25.898 [info] > git config --get commit.template [10ms]
2023-06-02 08:07:25.899 [info] > git for-each-ref --format=%(refname)%00%(upstream:short)%00%(objectname)%00%(upstream:track)%00%(upstream:remotename)%00%(upstream:remoteref) refs/heads/main refs/remotes/main [2ms]
2023-06-02 08:07:25.948 [info] > git status -z -uall [42ms]
2023-06-02 08:09:12.337 [info] > git config --local branch.main.github-pr-owner-number [1ms]
2023-06-02 08:09:12.355 [info] > git config --get commit.template [10ms]
2023-06-02 08:09:12.356 [info] > git for-each-ref --format=%(refname)%00%(upstream:short)%00%(objectname)%00%(upstream:track)%00%(upstream:remotename)%00%(upstream:remoteref) refs/heads/main refs/remotes/main [1ms]
2023-06-02 08:09:12.407 [info] > git status -z -uall [39ms]
2023-06-02 08:10:22.249 [info] > git config --get commit.template [11ms]
2023-06-02 08:10:22.250 [info] > git for-each-ref --format=%(refname)%00%(upstream:short)%00%(objectname)%00%(upstream:track)%00%(upstream:remotename)%00%(upstream:remoteref) refs/heads/main refs/remotes/main [1ms]
2023-06-02 08:10:22.299 [info] > git status -z -uall [40ms]
2023-06-02 08:10:27.323 [info] > git config --get commit.template [11ms]
2023-06-02 08:10:27.324 [info] > git for-each-ref --format=%(refname)%00%(upstream:short)%00%(objectname)%00%(upstream:track)%00%(upstream:remotename)%00%(upstream:remoteref) refs/heads/main refs/remotes/main [1ms]
2023-06-02 08:10:27.375 [info] > git status -z -uall [41ms]
2023-06-02 08:10:32.401 [info] > git config --get commit.template [11ms]
2023-06-02 08:10:32.401 [info] > git for-each-ref --format=%(refname)%00%(upstream:short)%00%(objectname)%00%(upstream:track)%00%(upstream:remotename)%00%(upstream:remoteref) refs/heads/main refs/remotes/main [1ms]
2023-06-02 08:10:32.451 [info] > git status -z -uall [40ms]
2023-06-02 08:10:37.475 [info] > git config --get commit.template [11ms]
2023-06-02 08:10:37.475 [info] > git for-each-ref --format=%(refname)%00%(upstream:short)%00%(objectname)%00%(upstream:track)%00%(upstream:remotename)%00%(upstream:remoteref) refs/heads/main refs/remotes/main [1ms]
2023-06-02 08:10:37.525 [info] > git status -z -uall [40ms]
2023-06-02 08:11:32.220 [info] > git config --get commit.template [10ms]
2023-06-02 08:11:32.221 [info] > git for-each-ref --format=%(refname)%00%(upstream:short)%00%(objectname)%00%(upstream:track)%00%(upstream:remotename)%00%(upstream:remoteref) refs/heads/main refs/remotes/main [2ms]
2023-06-02 08:11:32.269 [info] > git status -z -uall [40ms]
2023-06-02 08:12:44.985 [info] > git config --get commit.template [13ms]
2023-06-02 08:12:44.986 [info] > git for-each-ref --format=%(refname)%00%(upstream:short)%00%(objectname)%00%(upstream:track)%00%(upstream:remotename)%00%(upstream:remoteref) refs/heads/main refs/remotes/main [2ms]
2023-06-02 08:12:45.036 [info] > git status -z -uall [39ms]
2023-06-02 08:12:50.061 [info] > git config --get commit.template [9ms]
2023-06-02 08:12:50.062 [info] > git for-each-ref --format=%(refname)%00%(upstream:short)%00%(objectname)%00%(upstream:track)%00%(upstream:remotename)%00%(upstream:remoteref) refs/heads/main refs/remotes/main [1ms]
2023-06-02 08:12:50.111 [info] > git status -z -uall [39ms]
2023-06-02 08:14:12.421 [info] > git config --local branch.main.github-pr-owner-number [1ms]
2023-06-02 08:14:12.441 [info] > git config --get commit.template [9ms]
2023-06-02 08:14:12.443 [info] > git for-each-ref --format=%(refname)%00%(upstream:short)%00%(objectname)%00%(upstream:track)%00%(upstream:remotename)%00%(upstream:remoteref) refs/heads/main refs/remotes/main [3ms]
2023-06-02 08:14:12.492 [info] > git status -z -uall [39ms]
2023-06-02 08:15:54.688 [info] > git config --get commit.template [7ms]
2023-06-02 08:15:54.689 [info] > git for-each-ref --format=%(refname)%00%(upstream:short)%00%(objectname)%00%(upstream:track)%00%(upstream:remotename)%00%(upstream:remoteref) refs/heads/main refs/remotes/main [2ms]
2023-06-02 08:15:54.733 [info] > git status -z -uall [39ms]
2023-06-02 08:16:25.589 [info] > git config --get commit.template [8ms]
2023-06-02 08:16:25.590 [info] > git for-each-ref --format=%(refname)%00%(upstream:short)%00%(objectname)%00%(upstream:track)%00%(upstream:remotename)%00%(upstream:remoteref) refs/heads/main refs/remotes/main [1ms]
2023-06-02 08:16:25.639 [info] > git status -z -uall [39ms]
2023-06-02 08:16:30.665 [info] > git config --get commit.template [10ms]
2023-06-02 08:16:30.665 [info] > git for-each-ref --format=%(refname)%00%(upstream:short)%00%(objectname)%00%(upstream:track)%00%(upstream:remotename)%00%(upstream:remoteref) refs/heads/main refs/remotes/main [1ms]
2023-06-02 08:16:30.716 [info] > git status -z -uall [40ms]
2023-06-02 08:18:06.334 [info] > git config --get commit.template [7ms]
2023-06-02 08:18:06.335 [info] > git for-each-ref --format=%(refname)%00%(upstream:short)%00%(objectname)%00%(upstream:track)%00%(upstream:remotename)%00%(upstream:remoteref) refs/heads/main refs/remotes/main [2ms]
2023-06-02 08:18:06.380 [info] > git status -z -uall [39ms]
2023-06-02 08:18:11.410 [info] > git config --get commit.template [13ms]
2023-06-02 08:18:11.411 [info] > git for-each-ref --format=%(refname)%00%(upstream:short)%00%(objectname)%00%(upstream:track)%00%(upstream:remotename)%00%(upstream:remoteref) refs/heads/main refs/remotes/main [2ms]
2023-06-02 08:18:11.464 [info] > git status -z -uall [42ms]
2023-06-02 08:19:12.505 [info] > git config --local branch.main.github-pr-owner-number [1ms]
2023-06-02 08:19:12.520 [info] > git config --get commit.template [7ms]
2023-06-02 08:19:12.521 [info] > git for-each-ref --format=%(refname)%00%(upstream:short)%00%(objectname)%00%(upstream:track)%00%(upstream:remotename)%00%(upstream:remoteref) refs/heads/main refs/remotes/main [1ms]
2023-06-02 08:19:12.568 [info] > git status -z -uall [38ms]
2023-06-02 08:19:18.168 [info] > git config --get commit.template [12ms]
2023-06-02 08:19:18.168 [info] > git for-each-ref --format=%(refname)%00%(upstream:short)%00%(objectname)%00%(upstream:track)%00%(upstream:remotename)%00%(upstream:remoteref) refs/heads/main refs/remotes/main [1ms]
2023-06-02 08:19:18.217 [info] > git status -z -uall [39ms]
2023-06-02 08:19:23.887 [info] > git show --textconv :templates/base.html [11ms]
2023-06-02 08:19:23.888 [info] > git ls-files --stage -- /workspace/bavarian-cristus-PP4/templates/base.html [2ms]
2023-06-02 08:19:23.899 [info] > git cat-file -s 8313474916ff9f500768c21eff8c285b0dd897c2 [1ms]
2023-06-02 08:19:27.549 [info] > git show --textconv :templates/index.html [11ms]
2023-06-02 08:19:27.550 [info] > git ls-files --stage -- /workspace/bavarian-cristus-PP4/templates/index.html [1ms]
2023-06-02 08:19:27.562 [info] > git cat-file -s dd88c392618a97981028e45214ce149e45e70c95 [2ms]
2023-06-02 08:19:45.669 [info] > git config --get commit.template [11ms]
2023-06-02 08:19:45.669 [info] > git for-each-ref --format=%(refname)%00%(upstream:short)%00%(objectname)%00%(upstream:track)%00%(upstream:remotename)%00%(upstream:remoteref) refs/heads/main refs/remotes/main [1ms]
2023-06-02 08:19:45.719 [info] > git status -z -uall [40ms]
2023-06-02 08:20:13.198 [info] > git config --get commit.template [11ms]
2023-06-02 08:20:13.199 [info] > git for-each-ref --format=%(refname)%00%(upstream:short)%00%(objectname)%00%(upstream:track)%00%(upstream:remotename)%00%(upstream:remoteref) refs/heads/main refs/remotes/main [1ms]
2023-06-02 08:20:13.248 [info] > git status -z -uall [39ms]
2023-06-02 08:20:46.129 [info] > git config --get commit.template [13ms]
2023-06-02 08:20:46.130 [info] > git for-each-ref --format=%(refname)%00%(upstream:short)%00%(objectname)%00%(upstream:track)%00%(upstream:remotename)%00%(upstream:remoteref) refs/heads/main refs/remotes/main [1ms]
2023-06-02 08:20:46.184 [info] > git status -z -uall [44ms]
2023-06-02 08:22:43.903 [info] > git show --textconv :templates/profile.html [13ms]
2023-06-02 08:22:43.904 [info] > git ls-files --stage -- /workspace/bavarian-cristus-PP4/templates/profile.html [2ms]
2023-06-02 08:22:43.917 [info] > git cat-file -s 639d96455187c26678e54655883022424c61d4f5 [2ms]
2023-06-02 08:23:22.798 [info] > git config --get commit.template [17ms]
2023-06-02 08:23:22.799 [info] > git for-each-ref --format=%(refname)%00%(upstream:short)%00%(objectname)%00%(upstream:track)%00%(upstream:remotename)%00%(upstream:remoteref) refs/heads/main refs/remotes/main [2ms]
2023-06-02 08:23:22.876 [info] > git status -z -uall [62ms]
2023-06-02 08:24:12.586 [info] > git config --local branch.main.github-pr-owner-number [1ms]
2023-06-02 08:24:12.611 [info] > git config --get commit.template [14ms]
2023-06-02 08:24:12.612 [info] > git for-each-ref --format=%(refname)%00%(upstream:short)%00%(objectname)%00%(upstream:track)%00%(upstream:remotename)%00%(upstream:remoteref) refs/heads/main refs/remotes/main [2ms]
2023-06-02 08:24:12.675 [info] > git status -z -uall [47ms]
2023-06-02 08:25:31.403 [info] > git show --textconv :templates/post_detail.html [12ms]
2023-06-02 08:25:31.404 [info] > git ls-files --stage -- /workspace/bavarian-cristus-PP4/templates/post_detail.html [1ms]
2023-06-02 08:25:31.419 [info] > git cat-file -s 501ed9859173e2b4077b4b6a0cf82f5a70f4c28e [2ms]
2023-06-02 08:29:12.689 [info] > git config --local branch.main.github-pr-owner-number [1ms]
2023-06-02 08:29:12.712 [info] > git config --get commit.template [12ms]
2023-06-02 08:29:12.713 [info] > git for-each-ref --format=%(refname)%00%(upstream:short)%00%(objectname)%00%(upstream:track)%00%(upstream:remotename)%00%(upstream:remoteref) refs/heads/main refs/remotes/main [2ms]
2023-06-02 08:29:12.770 [info] > git status -z -uall [45ms]
2023-06-02 08:30:56.127 [info] > git config --get commit.template [12ms]
2023-06-02 08:30:56.128 [info] > git for-each-ref --format=%(refname)%00%(upstream:short)%00%(objectname)%00%(upstream:track)%00%(upstream:remotename)%00%(upstream:remoteref) refs/heads/main refs/remotes/main [2ms]
2023-06-02 08:30:56.153 [info] > git status -z -uall [15ms]
2023-06-02 08:30:56.284 [info] > git ls-files --stage -- /workspace/bavarian-cristus-PP4/templates/post_detail.html [3ms]
2023-06-02 08:30:56.296 [info] > git ls-files --stage -- /workspace/bavarian-cristus-PP4/templates/profile.html [26ms]
2023-06-02 08:30:56.307 [info] > git ls-files --stage -- /workspace/bavarian-cristus-PP4/templates/index.html [48ms]
2023-06-02 08:30:56.320 [info] > git ls-files --stage -- /workspace/bavarian-cristus-PP4/blog/views.py [73ms]
2023-06-02 08:30:56.333 [info] > git cat-file -s 0373bf84ec21cf8587c5e4bbf4afc9582ecc1dcf [13ms]
2023-06-02 08:30:56.335 [info] > git cat-file -s ebf58aa3f7bd7a30eeadee5438aecb7184ae3a91 [29ms]
2023-06-02 08:30:56.335 [info] > git cat-file -s 501ed9859173e2b4077b4b6a0cf82f5a70f4c28e [40ms]
2023-06-02 08:30:56.336 [info] > git cat-file -s 13b2ee7d960fda2e2c40edb1ef71560aa6feb9a4 [3ms]
2023-06-02 08:30:56.400 [info] > git show --textconv :templates/index.html [15ms]
2023-06-02 08:30:56.400 [info] > git show --textconv :templates/profile.html [9ms]
2023-06-02 08:30:56.402 [info] > git show --textconv :templates/post_detail.html [3ms]
2023-06-02 08:30:56.411 [info] > git show --textconv :blog/views.py [2ms]
2023-06-02 08:31:20.611 [info] > git config --get commit.template [12ms]
2023-06-02 08:31:20.615 [info] > git for-each-ref --format=%(refname)%00%(upstream:short)%00%(objectname)%00%(upstream:track)%00%(upstream:remotename)%00%(upstream:remoteref) refs/heads/main refs/remotes/main [5ms]
2023-06-02 08:31:20.629 [info] > git status -z -uall [2ms]
2023-06-02 08:31:20.758 [info] > git config --local branch.main.github-pr-owner-number [5ms]
2023-06-02 08:31:20.781 [info] > git config --get commit.template [12ms]
2023-06-02 08:31:20.836 [info] > git ls-files --stage -- /workspace/bavarian-cristus-PP4/templates/profile.html [15ms]
2023-06-02 08:31:20.850 [info] > git ls-files --stage -- /workspace/bavarian-cristus-PP4/templates/index.html [42ms]
2023-06-02 08:31:20.861 [info] > git ls-files --stage -- /workspace/bavarian-cristus-PP4/blog/views.py [67ms]
2023-06-02 08:31:20.874 [info] > git for-each-ref --format=%(refname)%00%(upstream:short)%00%(objectname)%00%(upstream:track)%00%(upstream:remotename)%00%(upstream:remoteref) refs/heads/main refs/remotes/main [93ms]
2023-06-02 08:31:20.887 [info] > git cat-file -s 13b2ee7d960fda2e2c40edb1ef71560aa6feb9a4 [12ms]
2023-06-02 08:31:20.887 [info] > git cat-file -s 0373bf84ec21cf8587c5e4bbf4afc9582ecc1dcf [26ms]
2023-06-02 08:31:20.888 [info] > git cat-file -s ebf58aa3f7bd7a30eeadee5438aecb7184ae3a91 [39ms]
2023-06-02 08:31:20.888 [info] > git ls-files --stage -- /workspace/bavarian-cristus-PP4/templates/post_detail.html [53ms]
2023-06-02 08:31:20.901 [info] > git status -z -uall [17ms]
2023-06-02 08:31:20.917 [info] > git cat-file -s 501ed9859173e2b4077b4b6a0cf82f5a70f4c28e [20ms]
2023-06-02 08:31:20.982 [info] > git show --textconv :blog/views.py [24ms]
2023-06-02 08:31:20.982 [info] > git show --textconv :templates/index.html [14ms]
2023-06-02 08:31:20.983 [info] > git show --textconv :templates/profile.html [3ms]
2023-06-02 08:31:20.996 [info] > git show --textconv :templates/post_detail.html [2ms]
2023-06-02 08:31:26.603 [info] > git config --get commit.template [11ms]
2023-06-02 08:31:26.604 [info] > git for-each-ref --format=%(refname)%00%(upstream:short)%00%(objectname)%00%(upstream:track)%00%(upstream:remotename)%00%(upstream:remoteref) refs/heads/main refs/remotes/main [2ms]
2023-06-02 08:31:26.643 [info] > git status -z -uall [29ms]
2023-06-02 08:31:26.741 [info] > git config --local branch.main.github-pr-owner-number [37ms]
2023-06-02 08:31:26.783 [info] > git config --get commit.template [32ms]
2023-06-02 08:31:26.801 [info] > git ls-files --stage -- /workspace/bavarian-cristus-PP4/templates/post_detail.html [19ms]
2023-06-02 08:31:26.811 [info] > git ls-files --stage -- /workspace/bavarian-cristus-PP4/templates/profile.html [36ms]
2023-06-02 08:31:26.820 [info] > git ls-files --stage -- /workspace/bavarian-cristus-PP4/templates/index.html [52ms]
2023-06-02 08:31:26.828 [info] > git ls-files --stage -- /workspace/bavarian-cristus-PP4/blog/views.py [67ms]
2023-06-02 08:31:26.843 [info] > git cat-file -s 0373bf84ec21cf8587c5e4bbf4afc9582ecc1dcf [14ms]
2023-06-02 08:31:26.843 [info] > git cat-file -s ebf58aa3f7bd7a30eeadee5438aecb7184ae3a91 [24ms]
2023-06-02 08:31:26.843 [info] > git cat-file -s 501ed9859173e2b4077b4b6a0cf82f5a70f4c28e [33ms]
2023-06-02 08:31:26.844 [info] > git for-each-ref --format=%(refname)%00%(upstream:short)%00%(objectname)%00%(upstream:track)%00%(upstream:remotename)%00%(upstream:remoteref) refs/heads/main refs/remotes/main [51ms]
2023-06-02 08:31:26.856 [info] > git cat-file -s 13b2ee7d960fda2e2c40edb1ef71560aa6feb9a4 [16ms]
2023-06-02 08:31:26.857 [info] > git status -z -uall [1ms]
2023-06-02 08:31:26.924 [info] > git show --textconv :templates/index.html [26ms]
2023-06-02 08:31:26.925 [info] > git show --textconv :templates/profile.html [15ms]
2023-06-02 08:31:26.925 [info] > git show --textconv :templates/post_detail.html [3ms]
2023-06-02 08:31:26.938 [info] > git show --textconv :blog/views.py [2ms]
2023-06-02 08:34:12.784 [info] > git config --local branch.main.github-pr-owner-number [1ms]
2023-06-02 08:34:12.806 [info] > git config --get commit.template [11ms]
2023-06-02 08:34:12.807 [info] > git for-each-ref --format=%(refname)%00%(upstream:short)%00%(objectname)%00%(upstream:track)%00%(upstream:remotename)%00%(upstream:remoteref) refs/heads/main refs/remotes/main [1ms]
2023-06-02 08:34:12.820 [info] > git status -z -uall [2ms]
2023-06-02 08:35:24.942 [info] > git show --textconv :templates/base.html [15ms]
2023-06-02 08:35:24.944 [info] > git ls-files --stage -- /workspace/bavarian-cristus-PP4/templates/base.html [3ms]
2023-06-02 08:35:24.957 [info] > git cat-file -s 8313474916ff9f500768c21eff8c285b0dd897c2 [2ms]
2023-06-02 08:37:00.552 [info] > git config --get commit.template [11ms]
2023-06-02 08:37:00.553 [info] > git for-each-ref --format=%(refname)%00%(upstream:short)%00%(objectname)%00%(upstream:track)%00%(upstream:remotename)%00%(upstream:remoteref) refs/heads/main refs/remotes/main [1ms]
2023-06-02 08:37:00.565 [info] > git status -z -uall [2ms]
2023-06-02 08:38:32.457 [info] > git config --get commit.template [12ms]
2023-06-02 08:38:32.457 [info] > git for-each-ref --format=%(refname)%00%(upstream:short)%00%(objectname)%00%(upstream:track)%00%(upstream:remotename)%00%(upstream:remoteref) refs/heads/main refs/remotes/main [1ms]
2023-06-02 08:38:32.467 [info] > git status -z -uall [2ms]
2023-06-02 08:38:45.773 [info] > git check-ignore -v -z --stdin [1ms]
2023-06-02 08:38:46.441 [info] > git check-ignore -v -z --stdin [2ms]
2023-06-02 08:38:47.049 [info] > git show --textconv :static/css/style.css [10ms]
2023-06-02 08:38:47.050 [info] > git ls-files --stage -- /workspace/bavarian-cristus-PP4/static/css/style.css [1ms]
2023-06-02 08:38:47.060 [info] > git cat-file -s 416e30d8afe8163604f842762ae54ff4646c6182 [2ms]
2023-06-02 08:39:12.834 [info] > git config --local branch.main.github-pr-owner-number [1ms]
2023-06-02 08:39:12.861 [info] > git config --get commit.template [13ms]
2023-06-02 08:39:12.864 [info] > git for-each-ref --format=%(refname)%00%(upstream:short)%00%(objectname)%00%(upstream:track)%00%(upstream:remotename)%00%(upstream:remoteref) refs/heads/main refs/remotes/main [2ms]
2023-06-02 08:39:12.877 [info] > git status -z -uall [2ms]
2023-06-02 08:39:33.844 [info] > git config --get commit.template [7ms]
2023-06-02 08:39:33.844 [info] > git for-each-ref --format=%(refname)%00%(upstream:short)%00%(objectname)%00%(upstream:track)%00%(upstream:remotename)%00%(upstream:remoteref) refs/heads/main refs/remotes/main [1ms]
2023-06-02 08:39:33.856 [info] > git status -z -uall [2ms]
2023-06-02 08:39:53.257 [info] > git config --get commit.template [12ms]
2023-06-02 08:39:53.258 [info] > git for-each-ref --format=%(refname)%00%(upstream:short)%00%(objectname)%00%(upstream:track)%00%(upstream:remotename)%00%(upstream:remoteref) refs/heads/main refs/remotes/main [2ms]
2023-06-02 08:39:53.271 [info] > git status -z -uall [2ms]
2023-06-02 08:42:51.348 [info] > git config --get commit.template [13ms]
2023-06-02 08:42:51.375 [info] > git for-each-ref --format=%(refname)%00%(upstream:short)%00%(objectname)%00%(upstream:track)%00%(upstream:remotename)%00%(upstream:remoteref) refs/heads/main refs/remotes/main [27ms]
2023-06-02 08:42:51.388 [info] > git status -z -uall [2ms]
2023-06-02 08:43:55.248 [info] > git config --get commit.template [13ms]
2023-06-02 08:43:55.248 [info] > git for-each-ref --format=%(refname)%00%(upstream:short)%00%(objectname)%00%(upstream:track)%00%(upstream:remotename)%00%(upstream:remoteref) refs/heads/main refs/remotes/main [1ms]
2023-06-02 08:43:55.263 [info] > git status -z -uall [2ms]
2023-06-02 08:44:12.892 [info] > git config --local branch.main.github-pr-owner-number [1ms]
2023-06-02 08:44:12.912 [info] > git config --get commit.template [9ms]
2023-06-02 08:44:12.913 [info] > git for-each-ref --format=%(refname)%00%(upstream:short)%00%(objectname)%00%(upstream:track)%00%(upstream:remotename)%00%(upstream:remoteref) refs/heads/main refs/remotes/main [2ms]
2023-06-02 08:44:12.927 [info] > git status -z -uall [2ms]
2023-06-02 08:44:18.304 [info] > git config --get commit.template [11ms]
2023-06-02 08:44:18.304 [info] > git for-each-ref --format=%(refname)%00%(upstream:short)%00%(objectname)%00%(upstream:track)%00%(upstream:remotename)%00%(upstream:remoteref) refs/heads/main refs/remotes/main [1ms]
2023-06-02 08:44:18.316 [info] > git status -z -uall [2ms]
2023-06-02 08:44:32.040 [info] > git config --get commit.template [9ms]
2023-06-02 08:44:32.041 [info] > git for-each-ref --format=%(refname)%00%(upstream:short)%00%(objectname)%00%(upstream:track)%00%(upstream:remotename)%00%(upstream:remoteref) refs/heads/main refs/remotes/main [2ms]
2023-06-02 08:44:32.056 [info] > git status -z -uall [2ms]
2023-06-02 08:45:51.285 [info] > git show --textconv :templates/post_edit.html [7ms]
2023-06-02 08:45:51.286 [info] > git ls-files --stage -- /workspace/bavarian-cristus-PP4/templates/post_edit.html [2ms]
2023-06-02 08:45:51.293 [info] > git cat-file -s 659896c08ad58046b6ea8658713b73ebd8f90729 [1ms]
2023-06-02 08:46:07.926 [info] > git show --textconv :templates/confirm_delete.html [12ms]
2023-06-02 08:46:07.927 [info] > git ls-files --stage -- /workspace/bavarian-cristus-PP4/templates/confirm_delete.html [1ms]
2023-06-02 08:46:07.940 [info] > git cat-file -s 140b0676c1181f5f52f7d4e3412f3c965e217b6d [2ms]
2023-06-02 08:46:08.699 [info] > git show --textconv :templates/index.html [13ms]
2023-06-02 08:46:08.699 [info] > git ls-files --stage -- /workspace/bavarian-cristus-PP4/templates/index.html [1ms]
2023-06-02 08:46:08.710 [info] > git cat-file -s 0373bf84ec21cf8587c5e4bbf4afc9582ecc1dcf [1ms]
2023-06-02 08:49:12.212 [info] > git config --get commit.template [2ms]
2023-06-02 08:49:12.225 [info] > git for-each-ref --format=%(refname)%00%(upstream:short)%00%(objectname)%00%(upstream:track)%00%(upstream:remotename)%00%(upstream:remoteref) refs/heads/main refs/remotes/main [1ms]
2023-06-02 08:49:12.238 [info] > git status -z -uall [2ms]
2023-06-02 08:49:12.945 [info] > git config --local branch.main.github-pr-owner-number [1ms]
2023-06-02 08:49:12.968 [info] > git config --get commit.template [11ms]
2023-06-02 08:49:12.969 [info] > git for-each-ref --format=%(refname)%00%(upstream:short)%00%(objectname)%00%(upstream:track)%00%(upstream:remotename)%00%(upstream:remoteref) refs/heads/main refs/remotes/main [1ms]
2023-06-02 08:49:12.984 [info] > git status -z -uall [2ms]
2023-06-02 08:50:07.302 [info] > git config --get commit.template [11ms]
2023-06-02 08:50:07.303 [info] > git for-each-ref --format=%(refname)%00%(upstream:short)%00%(objectname)%00%(upstream:track)%00%(upstream:remotename)%00%(upstream:remoteref) refs/heads/main refs/remotes/main [1ms]
2023-06-02 08:50:07.316 [info] > git status -z -uall [2ms]
2023-06-02 08:50:25.669 [info] > git config --get commit.template [12ms]
2023-06-02 08:50:25.669 [info] > git for-each-ref --format=%(refname)%00%(upstream:short)%00%(objectname)%00%(upstream:track)%00%(upstream:remotename)%00%(upstream:remoteref) refs/heads/main refs/remotes/main [1ms]
2023-06-02 08:50:25.681 [info] > git status -z -uall [2ms]
2023-06-02 08:52:00.864 [info] > git config --get commit.template [12ms]
2023-06-02 08:52:00.865 [info] > git for-each-ref --format=%(refname)%00%(upstream:short)%00%(objectname)%00%(upstream:track)%00%(upstream:remotename)%00%(upstream:remoteref) refs/heads/main refs/remotes/main [2ms]
2023-06-02 08:52:00.879 [info] > git status -z -uall [2ms]
2023-06-02 08:52:23.936 [info] > git config --get commit.template [12ms]
2023-06-02 08:52:23.936 [info] > git for-each-ref --format=%(refname)%00%(upstream:short)%00%(objectname)%00%(upstream:track)%00%(upstream:remotename)%00%(upstream:remoteref) refs/heads/main refs/remotes/main [1ms]
2023-06-02 08:52:23.950 [info] > git status -z -uall [2ms]
2023-06-02 08:53:12.890 [info] > git config --get commit.template [12ms]
2023-06-02 08:53:12.890 [info] > git for-each-ref --format=%(refname)%00%(upstream:short)%00%(objectname)%00%(upstream:track)%00%(upstream:remotename)%00%(upstream:remoteref) refs/heads/main refs/remotes/main [1ms]
2023-06-02 08:53:12.903 [info] > git status -z -uall [1ms]
2023-06-02 08:53:17.925 [info] > git config --get commit.template [9ms]
2023-06-02 08:53:17.926 [info] > git for-each-ref --format=%(refname)%00%(upstream:short)%00%(objectname)%00%(upstream:track)%00%(upstream:remotename)%00%(upstream:remoteref) refs/heads/main refs/remotes/main [1ms]
2023-06-02 08:53:17.935 [info] > git status -z -uall [2ms]
2023-06-02 08:53:24.878 [info] > git config --get commit.template [8ms]
2023-06-02 08:53:24.879 [info] > git for-each-ref --format=%(refname)%00%(upstream:short)%00%(objectname)%00%(upstream:track)%00%(upstream:remotename)%00%(upstream:remoteref) refs/heads/main refs/remotes/main [1ms]
2023-06-02 08:53:24.887 [info] > git status -z -uall [1ms]
2023-06-02 08:54:12.998 [info] > git config --local branch.main.github-pr-owner-number [1ms]
2023-06-02 08:54:13.014 [info] > git config --get commit.template [7ms]
2023-06-02 08:54:13.015 [info] > git for-each-ref --format=%(refname)%00%(upstream:short)%00%(objectname)%00%(upstream:track)%00%(upstream:remotename)%00%(upstream:remoteref) refs/heads/main refs/remotes/main [1ms]
2023-06-02 08:54:13.023 [info] > git status -z -uall [2ms]
2023-06-02 08:59:13.038 [info] > git config --local branch.main.github-pr-owner-number [1ms]
2023-06-02 08:59:13.060 [info] > git config --get commit.template [11ms]
2023-06-02 08:59:13.061 [info] > git for-each-ref --format=%(refname)%00%(upstream:short)%00%(objectname)%00%(upstream:track)%00%(upstream:remotename)%00%(upstream:remoteref) refs/heads/main refs/remotes/main [1ms]
2023-06-02 08:59:13.074 [info] > git status -z -uall [2ms]
2023-06-02 09:02:32.559 [info] > git config --get commit.template [13ms]
2023-06-02 09:02:32.560 [info] > git for-each-ref --format=%(refname)%00%(upstream:short)%00%(objectname)%00%(upstream:track)%00%(upstream:remotename)%00%(upstream:remoteref) refs/heads/main refs/remotes/main [2ms]
2023-06-02 09:02:32.573 [info] > git status -z -uall [2ms]
2023-06-02 09:03:13.334 [info] > git config --get commit.template [12ms]
2023-06-02 09:03:13.335 [info] > git for-each-ref --format=%(refname)%00%(upstream:short)%00%(objectname)%00%(upstream:track)%00%(upstream:remotename)%00%(upstream:remoteref) refs/heads/main refs/remotes/main [2ms]
2023-06-02 09:03:13.347 [info] > git status -z -uall [2ms]
2023-06-02 09:03:43.853 [info] > git config --get commit.template [1ms]
2023-06-02 09:03:43.866 [info] > git for-each-ref --format=%(refname)%00%(upstream:short)%00%(objectname)%00%(upstream:track)%00%(upstream:remotename)%00%(upstream:remoteref) refs/heads/main refs/remotes/main [1ms]
2023-06-02 09:03:43.879 [info] > git status -z -uall [2ms]
2023-06-02 09:03:55.085 [info] > git config --get commit.template [11ms]
2023-06-02 09:03:55.086 [info] > git for-each-ref --format=%(refname)%00%(upstream:short)%00%(objectname)%00%(upstream:track)%00%(upstream:remotename)%00%(upstream:remoteref) refs/heads/main refs/remotes/main [1ms]
2023-06-02 09:03:55.099 [info] > git status -z -uall [2ms]
2023-06-02 09:04:13.085 [info] > git config --local branch.main.github-pr-owner-number [1ms]
2023-06-02 09:04:13.109 [info] > git config --get commit.template [13ms]
2023-06-02 09:04:13.109 [info] > git for-each-ref --format=%(refname)%00%(upstream:short)%00%(objectname)%00%(upstream:track)%00%(upstream:remotename)%00%(upstream:remoteref) refs/heads/main refs/remotes/main [1ms]
2023-06-02 09:04:13.122 [info] > git status -z -uall [1ms]
2023-06-02 09:05:24.795 [info] > git config --get commit.template [13ms]
2023-06-02 09:05:24.796 [info] > git for-each-ref --format=%(refname)%00%(upstream:short)%00%(objectname)%00%(upstream:track)%00%(upstream:remotename)%00%(upstream:remoteref) refs/heads/main refs/remotes/main [2ms]
2023-06-02 09:05:24.807 [info] > git status -z -uall [2ms]
2023-06-02 09:06:26.458 [info] > git config --get commit.template [11ms]
2023-06-02 09:06:26.458 [info] > git for-each-ref --format=%(refname)%00%(upstream:short)%00%(objectname)%00%(upstream:track)%00%(upstream:remotename)%00%(upstream:remoteref) refs/heads/main refs/remotes/main [1ms]
2023-06-02 09:06:26.469 [info] > git status -z -uall [2ms]
2023-06-02 09:09:13.139 [info] > git config --local branch.main.github-pr-owner-number [1ms]
2023-06-02 09:09:13.164 [info] > git config --get commit.template [13ms]
2023-06-02 09:09:13.164 [info] > git for-each-ref --format=%(refname)%00%(upstream:short)%00%(objectname)%00%(upstream:track)%00%(upstream:remotename)%00%(upstream:remoteref) refs/heads/main refs/remotes/main [1ms]
2023-06-02 09:09:13.179 [info] > git status -z -uall [3ms]
2023-06-02 09:09:36.893 [info] > git config --get commit.template [11ms]
2023-06-02 09:09:36.894 [info] > git for-each-ref --format=%(refname)%00%(upstream:short)%00%(objectname)%00%(upstream:track)%00%(upstream:remotename)%00%(upstream:remoteref) refs/heads/main refs/remotes/main [1ms]
2023-06-02 09:09:36.909 [info] > git status -z -uall [2ms]
2023-06-02 09:11:07.929 [info] > git config --get commit.template [9ms]
2023-06-02 09:11:07.929 [info] > git for-each-ref --format=%(refname)%00%(upstream:short)%00%(objectname)%00%(upstream:track)%00%(upstream:remotename)%00%(upstream:remoteref) refs/heads/main refs/remotes/main [1ms]
2023-06-02 09:11:07.939 [info] > git status -z -uall [2ms]
2023-06-02 09:11:24.804 [info] > git config --get commit.template [13ms]
2023-06-02 09:11:24.804 [info] > git for-each-ref --format=%(refname)%00%(upstream:short)%00%(objectname)%00%(upstream:track)%00%(upstream:remotename)%00%(upstream:remoteref) refs/heads/main refs/remotes/main [1ms]
2023-06-02 09:11:24.818 [info] > git status -z -uall [2ms]
2023-06-02 09:14:13.193 [info] > git config --local branch.main.github-pr-owner-number [1ms]
2023-06-02 09:14:13.217 [info] > git config --get commit.template [12ms]
2023-06-02 09:14:13.218 [info] > git for-each-ref --format=%(refname)%00%(upstream:short)%00%(objectname)%00%(upstream:track)%00%(upstream:remotename)%00%(upstream:remoteref) refs/heads/main refs/remotes/main [1ms]
2023-06-02 09:14:13.231 [info] > git status -z -uall [2ms]
2023-06-02 09:14:36.709 [info] > git show --textconv :templates/base.html [14ms]
2023-06-02 09:14:36.710 [info] > git ls-files --stage -- /workspace/bavarian-cristus-PP4/templates/base.html [2ms]
2023-06-02 09:14:36.724 [info] > git cat-file -s 8313474916ff9f500768c21eff8c285b0dd897c2 [1ms]
2023-06-02 09:17:05.889 [info] > git config --get commit.template [11ms]
2023-06-02 09:17:05.890 [info] > git for-each-ref --format=%(refname)%00%(upstream:short)%00%(objectname)%00%(upstream:track)%00%(upstream:remotename)%00%(upstream:remoteref) refs/heads/main refs/remotes/main [2ms]
2023-06-02 09:17:05.901 [info] > git status -z -uall [3ms]
2023-06-02 09:17:10.926 [info] > git config --get commit.template [12ms]
2023-06-02 09:17:10.927 [info] > git for-each-ref --format=%(refname)%00%(upstream:short)%00%(objectname)%00%(upstream:track)%00%(upstream:remotename)%00%(upstream:remoteref) refs/heads/main refs/remotes/main [1ms]
2023-06-02 09:17:10.940 [info] > git status -z -uall [2ms]
2023-06-02 09:17:14.755 [info] > git show --textconv :templates/index.html [9ms]
2023-06-02 09:17:14.755 [info] > git ls-files --stage -- /workspace/bavarian-cristus-PP4/templates/index.html [1ms]
2023-06-02 09:17:14.764 [info] > git cat-file -s 0373bf84ec21cf8587c5e4bbf4afc9582ecc1dcf [1ms]
2023-06-02 09:19:06.938 [info] > git config --get commit.template [18ms]
2023-06-02 09:19:06.939 [info] > git for-each-ref --format=%(refname)%00%(upstream:short)%00%(objectname)%00%(upstream:track)%00%(upstream:remotename)%00%(upstream:remoteref) refs/heads/main refs/remotes/main [2ms]
2023-06-02 09:19:06.956 [info] > git status -z -uall [3ms]
2023-06-02 09:19:13.248 [info] > git config --local branch.main.github-pr-owner-number [1ms]
2023-06-02 09:19:13.274 [info] > git config --get commit.template [14ms]
2023-06-02 09:19:13.275 [info] > git for-each-ref --format=%(refname)%00%(upstream:short)%00%(objectname)%00%(upstream:track)%00%(upstream:remotename)%00%(upstream:remoteref) refs/heads/main refs/remotes/main [2ms]
2023-06-02 09:19:13.292 [info] > git status -z -uall [3ms]
2023-06-02 09:19:57.589 [info] > git config --get commit.template [10ms]
2023-06-02 09:19:57.590 [info] > git for-each-ref --format=%(refname)%00%(upstream:short)%00%(objectname)%00%(upstream:track)%00%(upstream:remotename)%00%(upstream:remoteref) refs/heads/main refs/remotes/main [2ms]
2023-06-02 09:19:57.603 [info] > git status -z -uall [2ms]
2023-06-02 09:20:02.631 [info] > git config --get commit.template [13ms]
2023-06-02 09:20:02.632 [info] > git for-each-ref --format=%(refname)%00%(upstream:short)%00%(objectname)%00%(upstream:track)%00%(upstream:remotename)%00%(upstream:remoteref) refs/heads/main refs/remotes/main [1ms]
2023-06-02 09:20:02.645 [info] > git status -z -uall [2ms]
2023-06-02 09:20:20.730 [info] > git config --get commit.template [12ms]
2023-06-02 09:20:20.730 [info] > git for-each-ref --format=%(refname)%00%(upstream:short)%00%(objectname)%00%(upstream:track)%00%(upstream:remotename)%00%(upstream:remoteref) refs/heads/main refs/remotes/main [1ms]
2023-06-02 09:20:20.744 [info] > git status -z -uall [2ms]
2023-06-02 09:24:13.331 [info] > git config --local branch.main.github-pr-owner-number [25ms]
2023-06-02 09:24:13.357 [info] > git config --get commit.template [13ms]
2023-06-02 09:24:13.358 [info] > git for-each-ref --format=%(refname)%00%(upstream:short)%00%(objectname)%00%(upstream:track)%00%(upstream:remotename)%00%(upstream:remoteref) refs/heads/main refs/remotes/main [2ms]
2023-06-02 09:24:13.371 [info] > git status -z -uall [2ms]
2023-06-02 09:25:21.387 [info] > git config --get commit.template [31ms]
2023-06-02 09:25:21.388 [info] > git for-each-ref --format=%(refname)%00%(upstream:short)%00%(objectname)%00%(upstream:track)%00%(upstream:remotename)%00%(upstream:remoteref) refs/heads/main refs/remotes/main [2ms]
2023-06-02 09:25:21.406 [info] > git status -z -uall [3ms]
2023-06-02 09:27:31.242 [info] > git config --get commit.template [1ms]
2023-06-02 09:27:31.256 [info] > git for-each-ref --format=%(refname)%00%(upstream:short)%00%(objectname)%00%(upstream:track)%00%(upstream:remotename)%00%(upstream:remoteref) refs/heads/main refs/remotes/main [2ms]
2023-06-02 09:27:31.269 [info] > git status -z -uall [2ms]
2023-06-02 09:27:58.974 [info] > git config --get commit.template [14ms]
2023-06-02 09:27:58.975 [info] > git for-each-ref --format=%(refname)%00%(upstream:short)%00%(objectname)%00%(upstream:track)%00%(upstream:remotename)%00%(upstream:remoteref) refs/heads/main refs/remotes/main [2ms]
2023-06-02 09:27:58.988 [info] > git status -z -uall [1ms]
2023-06-02 09:28:04.089 [info] > git config --get commit.template [10ms]
2023-06-02 09:28:04.089 [info] > git for-each-ref --format=%(refname)%00%(upstream:short)%00%(objectname)%00%(upstream:track)%00%(upstream:remotename)%00%(upstream:remoteref) refs/heads/main refs/remotes/main [2ms]
2023-06-02 09:28:04.100 [info] > git status -z -uall [2ms]
2023-06-02 09:28:41.650 [info] > git config --get commit.template [12ms]
2023-06-02 09:28:41.651 [info] > git for-each-ref --format=%(refname)%00%(upstream:short)%00%(objectname)%00%(upstream:track)%00%(upstream:remotename)%00%(upstream:remoteref) refs/heads/main refs/remotes/main [2ms]
2023-06-02 09:28:41.662 [info] > git status -z -uall [2ms]
2023-06-02 09:29:13.388 [info] > git config --local branch.main.github-pr-owner-number [1ms]
2023-06-02 09:29:13.407 [info] > git config --get commit.template [8ms]
2023-06-02 09:29:13.408 [info] > git for-each-ref --format=%(refname)%00%(upstream:short)%00%(objectname)%00%(upstream:track)%00%(upstream:remotename)%00%(upstream:remoteref) refs/heads/main refs/remotes/main [1ms]
2023-06-02 09:29:13.423 [info] > git status -z -uall [3ms]
2023-06-02 09:29:13.654 [info] > git config --get commit.template [13ms]
2023-06-02 09:29:13.655 [info] > git for-each-ref --format=%(refname)%00%(upstream:short)%00%(objectname)%00%(upstream:track)%00%(upstream:remotename)%00%(upstream:remoteref) refs/heads/main refs/remotes/main [2ms]
2023-06-02 09:29:13.666 [info] > git status -z -uall [1ms]
2023-06-02 09:30:21.084 [info] > git config --get commit.template [12ms]
2023-06-02 09:30:21.084 [info] > git for-each-ref --format=%(refname)%00%(upstream:short)%00%(objectname)%00%(upstream:track)%00%(upstream:remotename)%00%(upstream:remoteref) refs/heads/main refs/remotes/main [1ms]
2023-06-02 09:30:21.097 [info] > git status -z -uall [1ms]
2023-06-02 09:30:40.062 [info] > git config --get commit.template [13ms]
2023-06-02 09:30:40.062 [info] > git for-each-ref --format=%(refname)%00%(upstream:short)%00%(objectname)%00%(upstream:track)%00%(upstream:remotename)%00%(upstream:remoteref) refs/heads/main refs/remotes/main [1ms]
2023-06-02 09:30:40.075 [info] > git status -z -uall [2ms]
2023-06-02 09:31:01.381 [info] > git config --get commit.template [14ms]
2023-06-02 09:31:01.407 [info] > git for-each-ref --format=%(refname)%00%(upstream:short)%00%(objectname)%00%(upstream:track)%00%(upstream:remotename)%00%(upstream:remoteref) refs/heads/main refs/remotes/main [27ms]
2023-06-02 09:31:01.435 [info] > git status -z -uall [1ms]
2023-06-02 09:32:35.960 [info] > git config --get commit.template [13ms]
2023-06-02 09:32:35.960 [info] > git for-each-ref --format=%(refname)%00%(upstream:short)%00%(objectname)%00%(upstream:track)%00%(upstream:remotename)%00%(upstream:remoteref) refs/heads/main refs/remotes/main [1ms]
2023-06-02 09:32:35.974 [info] > git status -z -uall [2ms]
2023-06-02 09:32:57.937 [info] > git config --get commit.template [11ms]
2023-06-02 09:32:57.938 [info] > git for-each-ref --format=%(refname)%00%(upstream:short)%00%(objectname)%00%(upstream:track)%00%(upstream:remotename)%00%(upstream:remoteref) refs/heads/main refs/remotes/main [1ms]
2023-06-02 09:32:57.952 [info] > git status -z -uall [2ms]
2023-06-02 09:34:13.438 [info] > git config --local branch.main.github-pr-owner-number [1ms]
2023-06-02 09:34:13.459 [info] > git config --get commit.template [9ms]
2023-06-02 09:34:13.459 [info] > git for-each-ref --format=%(refname)%00%(upstream:short)%00%(objectname)%00%(upstream:track)%00%(upstream:remotename)%00%(upstream:remoteref) refs/heads/main refs/remotes/main [1ms]
2023-06-02 09:34:13.475 [info] > git status -z -uall [2ms]
2023-06-02 09:34:19.233 [info] > git config --get commit.template [12ms]
2023-06-02 09:34:19.234 [info] > git for-each-ref --format=%(refname)%00%(upstream:short)%00%(objectname)%00%(upstream:track)%00%(upstream:remotename)%00%(upstream:remoteref) refs/heads/main refs/remotes/main [1ms]
2023-06-02 09:34:19.247 [info] > git status -z -uall [2ms]
2023-06-02 09:34:40.451 [info] > git config --get commit.template [12ms]
2023-06-02 09:34:40.452 [info] > git for-each-ref --format=%(refname)%00%(upstream:short)%00%(objectname)%00%(upstream:track)%00%(upstream:remotename)%00%(upstream:remoteref) refs/heads/main refs/remotes/main [1ms]
2023-06-02 09:34:40.466 [info] > git status -z -uall [2ms]
2023-06-02 09:37:33.997 [info] > git config --get commit.template [9ms]
2023-06-02 09:37:33.998 [info] > git for-each-ref --format=%(refname)%00%(upstream:short)%00%(objectname)%00%(upstream:track)%00%(upstream:remotename)%00%(upstream:remoteref) refs/heads/main refs/remotes/main [1ms]
2023-06-02 09:37:34.007 [info] > git status -z -uall [2ms]
2023-06-02 09:37:39.031 [info] > git config --get commit.template [9ms]
2023-06-02 09:37:39.032 [info] > git for-each-ref --format=%(refname)%00%(upstream:short)%00%(objectname)%00%(upstream:track)%00%(upstream:remotename)%00%(upstream:remoteref) refs/heads/main refs/remotes/main [1ms]
2023-06-02 09:37:39.040 [info] > git status -z -uall [1ms]
2023-06-02 09:37:50.765 [info] > git config --get commit.template [13ms]
2023-06-02 09:37:50.765 [info] > git for-each-ref --format=%(refname)%00%(upstream:short)%00%(objectname)%00%(upstream:track)%00%(upstream:remotename)%00%(upstream:remoteref) refs/heads/main refs/remotes/main [1ms]
2023-06-02 09:37:50.778 [info] > git status -z -uall [1ms]
2023-06-02 09:37:55.808 [info] > git for-each-ref --format=%(refname)%00%(upstream:short)%00%(objectname)%00%(upstream:track)%00%(upstream:remotename)%00%(upstream:remoteref) refs/heads/main refs/remotes/main [2ms]
2023-06-02 09:37:55.809 [info] > git config --get commit.template [14ms]
2023-06-02 09:37:55.826 [info] > git status -z -uall [3ms]
2023-06-02 09:38:00.852 [info] > git config --get commit.template [12ms]
2023-06-02 09:38:00.853 [info] > git for-each-ref --format=%(refname)%00%(upstream:short)%00%(objectname)%00%(upstream:track)%00%(upstream:remotename)%00%(upstream:remoteref) refs/heads/main refs/remotes/main [2ms]
2023-06-02 09:38:00.866 [info] > git status -z -uall [2ms]
2023-06-02 09:38:06.989 [info] > git config --get commit.template [17ms]
2023-06-02 09:38:06.989 [info] > git for-each-ref --format=%(refname)%00%(upstream:short)%00%(objectname)%00%(upstream:track)%00%(upstream:remotename)%00%(upstream:remoteref) refs/heads/main refs/remotes/main [1ms]
2023-06-02 09:38:07.005 [info] > git status -z -uall [3ms]
2023-06-02 09:39:13.492 [info] > git config --local branch.main.github-pr-owner-number [2ms]
2023-06-02 09:39:13.519 [info] > git config --get commit.template [14ms]
2023-06-02 09:39:13.520 [info] > git for-each-ref --format=%(refname)%00%(upstream:short)%00%(objectname)%00%(upstream:track)%00%(upstream:remotename)%00%(upstream:remoteref) refs/heads/main refs/remotes/main [2ms]
2023-06-02 09:39:13.535 [info] > git status -z -uall [2ms]
2023-06-02 09:39:20.621 [info] > git config --get commit.template [11ms]
2023-06-02 09:39:20.622 [info] > git for-each-ref --format=%(refname)%00%(upstream:short)%00%(objectname)%00%(upstream:track)%00%(upstream:remotename)%00%(upstream:remoteref) refs/heads/main refs/remotes/main [1ms]
2023-06-02 09:39:20.635 [info] > git status -z -uall [2ms]
2023-06-02 09:40:06.392 [info] > git config --get commit.template [13ms]
2023-06-02 09:40:06.393 [info] > git for-each-ref --format=%(refname)%00%(upstream:short)%00%(objectname)%00%(upstream:track)%00%(upstream:remotename)%00%(upstream:remoteref) refs/heads/main refs/remotes/main [2ms]
2023-06-02 09:40:06.408 [info] > git status -z -uall [2ms]
2023-06-02 09:40:29.055 [info] > git config --get commit.template [10ms]
2023-06-02 09:40:29.056 [info] > git for-each-ref --format=%(refname)%00%(upstream:short)%00%(objectname)%00%(upstream:track)%00%(upstream:remotename)%00%(upstream:remoteref) refs/heads/main refs/remotes/main [1ms]
2023-06-02 09:40:29.070 [info] > git status -z -uall [4ms]
2023-06-02 09:40:29.191 [info] > git ls-files --stage -- /workspace/bavarian-cristus-PP4/static/css/style.css [14ms]
2023-06-02 09:40:29.204 [info] > git ls-files --stage -- /workspace/bavarian-cristus-PP4/templates/index.html [14ms]
2023-06-02 09:40:29.218 [info] > git cat-file -s 1124eed2cdaaa34c275955de228cdface0b652bc [14ms]
2023-06-02 09:40:29.219 [info] > git cat-file -s 4c6ac1d6d4a8710b2a10911436cb7c15844c1a28 [2ms]
2023-06-02 09:40:29.282 [info] > git show --textconv :static/css/style.css [13ms]
2023-06-02 09:40:29.282 [info] > git show --textconv :templates/index.html [1ms]
2023-06-02 09:40:54.348 [info] > git config --get commit.template [14ms]
2023-06-02 09:40:54.351 [info] > git for-each-ref --format=%(refname)%00%(upstream:short)%00%(objectname)%00%(upstream:track)%00%(upstream:remotename)%00%(upstream:remoteref) refs/heads/main refs/remotes/main [4ms]
2023-06-02 09:40:54.370 [info] > git status -z -uall [3ms]
2023-06-02 09:40:54.500 [info] > git config --local branch.main.github-pr-owner-number [5ms]
2023-06-02 09:40:54.533 [info] > git config --get commit.template [17ms]
2023-06-02 09:40:54.567 [info] > git ls-files --stage -- /workspace/bavarian-cristus-PP4/static/css/style.css [16ms]
2023-06-02 09:40:54.581 [info] > git for-each-ref --format=%(refname)%00%(upstream:short)%00%(objectname)%00%(upstream:track)%00%(upstream:remotename)%00%(upstream:remoteref) refs/heads/main refs/remotes/main [49ms]
2023-06-02 09:40:54.596 [info] > git cat-file -s 1124eed2cdaaa34c275955de228cdface0b652bc [16ms]
2023-06-02 09:40:54.597 [info] > git ls-files --stage -- /workspace/bavarian-cristus-PP4/templates/index.html [32ms]
2023-06-02 09:40:54.614 [info] > git status -z -uall [19ms]
2023-06-02 09:40:54.635 [info] > git cat-file -s 4c6ac1d6d4a8710b2a10911436cb7c15844c1a28 [22ms]
2023-06-02 09:40:54.727 [info] > git show --textconv :static/css/style.css [3ms]
2023-06-02 09:40:54.768 [info] > git show --textconv :templates/index.html [3ms]
2023-06-02 09:41:00.109 [info] > git config --get commit.template [12ms]
2023-06-02 09:41:00.110 [info] > git for-each-ref --format=%(refname)%00%(upstream:short)%00%(objectname)%00%(upstream:track)%00%(upstream:remotename)%00%(upstream:remoteref) refs/heads/main refs/remotes/main [2ms]
2023-06-02 09:41:00.123 [info] > git status -z -uall [3ms]
2023-06-02 09:41:00.226 [info] > git config --local branch.main.github-pr-owner-number [49ms]
2023-06-02 09:41:00.244 [info] > git config --get commit.template [2ms]
2023-06-02 09:41:00.268 [info] > git for-each-ref --format=%(refname)%00%(upstream:short)%00%(objectname)%00%(upstream:track)%00%(upstream:remotename)%00%(upstream:remoteref) refs/heads/main refs/remotes/main [8ms]
2023-06-02 09:41:00.286 [info] > git status -z -uall [3ms]
2023-06-02 09:41:00.333 [info] > git ls-files --stage -- /workspace/bavarian-cristus-PP4/static/css/style.css [16ms]
2023-06-02 09:41:00.346 [info] > git ls-files --stage -- /workspace/bavarian-cristus-PP4/templates/index.html [13ms]
2023-06-02 09:41:00.358 [info] > git cat-file -s 1124eed2cdaaa34c275955de228cdface0b652bc [14ms]
2023-06-02 09:41:00.359 [info] > git cat-file -s 4c6ac1d6d4a8710b2a10911436cb7c15844c1a28 [4ms]
2023-06-02 09:41:00.416 [info] > git show --textconv :static/css/style.css [12ms]
2023-06-02 09:41:00.417 [info] > git show --textconv :templates/index.html [2ms]
2023-06-02 09:43:01.280 [info] > git show --textconv :templates/profile.html [11ms]
2023-06-02 09:43:01.282 [info] > git ls-files --stage -- /workspace/bavarian-cristus-PP4/templates/profile.html [2ms]
2023-06-02 09:43:01.294 [info] > git cat-file -s ebf58aa3f7bd7a30eeadee5438aecb7184ae3a91 [1ms]
2023-06-02 09:43:23.790 [info] > git config --get commit.template [12ms]
2023-06-02 09:43:23.790 [info] > git for-each-ref --format=%(refname)%00%(upstream:short)%00%(objectname)%00%(upstream:track)%00%(upstream:remotename)%00%(upstream:remoteref) refs/heads/main refs/remotes/main [1ms]
2023-06-02 09:43:23.803 [info] > git status -z -uall [2ms]
2023-06-02 09:43:40.703 [info] > git config --get commit.template [13ms]
2023-06-02 09:43:40.703 [info] > git for-each-ref --format=%(refname)%00%(upstream:short)%00%(objectname)%00%(upstream:track)%00%(upstream:remotename)%00%(upstream:remoteref) refs/heads/main refs/remotes/main [1ms]
2023-06-02 09:43:40.717 [info] > git status -z -uall [2ms]
2023-06-02 09:44:07.881 [info] > git config --get commit.template [9ms]
2023-06-02 09:44:07.881 [info] > git for-each-ref --format=%(refname)%00%(upstream:short)%00%(objectname)%00%(upstream:track)%00%(upstream:remotename)%00%(upstream:remoteref) refs/heads/main refs/remotes/main [1ms]
2023-06-02 09:44:07.889 [info] > git status -z -uall [1ms]
2023-06-02 09:44:13.551 [info] > git config --local branch.main.github-pr-owner-number [1ms]
2023-06-02 09:44:13.575 [info] > git config --get commit.template [12ms]
2023-06-02 09:44:13.576 [info] > git for-each-ref --format=%(refname)%00%(upstream:short)%00%(objectname)%00%(upstream:track)%00%(upstream:remotename)%00%(upstream:remoteref) refs/heads/main refs/remotes/main [2ms]
2023-06-02 09:44:13.589 [info] > git status -z -uall [2ms]
2023-06-02 09:44:53.350 [info] > git config --get commit.template [10ms]
2023-06-02 09:44:53.350 [info] > git for-each-ref --format=%(refname)%00%(upstream:short)%00%(objectname)%00%(upstream:track)%00%(upstream:remotename)%00%(upstream:remoteref) refs/heads/main refs/remotes/main [1ms]
2023-06-02 09:44:53.358 [info] > git status -z -uall [1ms]
2023-06-02 09:45:13.264 [info] > git config --get commit.template [9ms]
2023-06-02 09:45:13.265 [info] > git for-each-ref --format=%(refname)%00%(upstream:short)%00%(objectname)%00%(upstream:track)%00%(upstream:remotename)%00%(upstream:remoteref) refs/heads/main refs/remotes/main [1ms]
2023-06-02 09:45:13.275 [info] > git status -z -uall [2ms]
2023-06-02 09:45:18.458 [info] > git config --get commit.template [12ms]
2023-06-02 09:45:18.459 [info] > git for-each-ref --format=%(refname)%00%(upstream:short)%00%(objectname)%00%(upstream:track)%00%(upstream:remotename)%00%(upstream:remoteref) refs/heads/main refs/remotes/main [1ms]
2023-06-02 09:45:18.472 [info] > git status -z -uall [1ms]
2023-06-02 09:45:30.146 [info] > git config --get commit.template [11ms]
2023-06-02 09:45:30.147 [info] > git for-each-ref --format=%(refname)%00%(upstream:short)%00%(objectname)%00%(upstream:track)%00%(upstream:remotename)%00%(upstream:remoteref) refs/heads/main refs/remotes/main [1ms]
2023-06-02 09:45:30.159 [info] > git status -z -uall [2ms]
2023-06-02 09:45:37.848 [info] > git config --get commit.template [12ms]
2023-06-02 09:45:37.849 [info] > git for-each-ref --format=%(refname)%00%(upstream:short)%00%(objectname)%00%(upstream:track)%00%(upstream:remotename)%00%(upstream:remoteref) refs/heads/main refs/remotes/main [1ms]
2023-06-02 09:45:37.861 [info] > git status -z -uall [2ms]
2023-06-02 09:45:44.678 [info] > git config --get commit.template [13ms]
2023-06-02 09:45:44.679 [info] > git for-each-ref --format=%(refname)%00%(upstream:short)%00%(objectname)%00%(upstream:track)%00%(upstream:remotename)%00%(upstream:remoteref) refs/heads/main refs/remotes/main [2ms]
2023-06-02 09:45:44.693 [info] > git status -z -uall [1ms]
2023-06-02 09:46:40.008 [info] > git config --get commit.template [9ms]
2023-06-02 09:46:40.008 [info] > git for-each-ref --format=%(refname)%00%(upstream:short)%00%(objectname)%00%(upstream:track)%00%(upstream:remotename)%00%(upstream:remoteref) refs/heads/main refs/remotes/main [1ms]
2023-06-02 09:46:40.020 [info] > git status -z -uall [1ms]
2023-06-02 09:47:14.126 [info] > git config --get commit.template [13ms]
2023-06-02 09:47:14.127 [info] > git for-each-ref --format=%(refname)%00%(upstream:short)%00%(objectname)%00%(upstream:track)%00%(upstream:remotename)%00%(upstream:remoteref) refs/heads/main refs/remotes/main [1ms]
2023-06-02 09:47:14.140 [info] > git status -z -uall [1ms]
2023-06-02 09:47:14.260 [info] > git ls-files --stage -- /workspace/bavarian-cristus-PP4/static/css/style.css [11ms]
2023-06-02 09:47:14.271 [info] > git ls-files --stage -- /workspace/bavarian-cristus-PP4/templates/profile.html [12ms]
2023-06-02 09:47:14.283 [info] > git cat-file -s 1124eed2cdaaa34c275955de228cdface0b652bc [12ms]
2023-06-02 09:47:14.284 [info] > git cat-file -s ebf58aa3f7bd7a30eeadee5438aecb7184ae3a91 [2ms]
2023-06-02 09:47:14.333 [info] > git show --textconv :static/css/style.css [9ms]
2023-06-02 09:47:14.336 [info] > git show --textconv :templates/profile.html [4ms]
2023-06-02 09:47:33.420 [info] > git config --get commit.template [8ms]
2023-06-02 09:47:33.420 [info] > git for-each-ref --format=%(refname)%00%(upstream:short)%00%(objectname)%00%(upstream:track)%00%(upstream:remotename)%00%(upstream:remoteref) refs/heads/main refs/remotes/main [1ms]
2023-06-02 09:47:33.430 [info] > git status -z -uall [2ms]
2023-06-02 09:47:33.552 [info] > git ls-files --stage -- /workspace/bavarian-cristus-PP4/templates/profile.html [2ms]
2023-06-02 09:47:33.563 [info] > git ls-files --stage -- /workspace/bavarian-cristus-PP4/static/css/style.css [25ms]
2023-06-02 09:47:33.575 [info] > git cat-file -s ebf58aa3f7bd7a30eeadee5438aecb7184ae3a91 [12ms]
2023-06-02 09:47:33.576 [info] > git cat-file -s 1124eed2cdaaa34c275955de228cdface0b652bc [1ms]
2023-06-02 09:47:33.620 [info] > git show --textconv :templates/profile.html [7ms]
2023-06-02 09:47:33.621 [info] > git show --textconv :static/css/style.css [1ms]
2023-06-02 09:47:43.875 [info] > git config --get commit.template [12ms]
2023-06-02 09:47:43.876 [info] > git for-each-ref --format=%(refname)%00%(upstream:short)%00%(objectname)%00%(upstream:track)%00%(upstream:remotename)%00%(upstream:remoteref) refs/heads/main refs/remotes/main [2ms]
2023-06-02 09:47:43.889 [info] > git status -z -uall [2ms]
2023-06-02 09:49:13.606 [info] > git config --local branch.main.github-pr-owner-number [1ms]
2023-06-02 09:49:13.633 [info] > git config --get commit.template [12ms]
2023-06-02 09:49:13.634 [info] > git for-each-ref --format=%(refname)%00%(upstream:short)%00%(objectname)%00%(upstream:track)%00%(upstream:remotename)%00%(upstream:remoteref) refs/heads/main refs/remotes/main [2ms]
2023-06-02 09:49:13.652 [info] > git status -z -uall [3ms]
2023-06-02 09:54:13.665 [info] > git config --local branch.main.github-pr-owner-number [1ms]
2023-06-02 09:54:13.684 [info] > git config --get commit.template [10ms]
2023-06-02 09:54:13.684 [info] > git for-each-ref --format=%(refname)%00%(upstream:short)%00%(objectname)%00%(upstream:track)%00%(upstream:remotename)%00%(upstream:remoteref) refs/heads/main refs/remotes/main [1ms]
2023-06-02 09:54:13.697 [info] > git status -z -uall [2ms]
2023-06-02 09:59:13.723 [info] > git config --local branch.main.github-pr-owner-number [1ms]
2023-06-02 09:59:13.752 [info] > git config --get commit.template [10ms]
2023-06-02 09:59:13.753 [info] > git for-each-ref --format=%(refname)%00%(upstream:short)%00%(objectname)%00%(upstream:track)%00%(upstream:remotename)%00%(upstream:remoteref) refs/heads/main refs/remotes/main [1ms]
2023-06-02 09:59:13.768 [info] > git status -z -uall [2ms]
2023-06-02 10:04:13.783 [info] > git config --local branch.main.github-pr-owner-number [1ms]
2023-06-02 10:04:13.809 [info] > git config --get commit.template [13ms]
2023-06-02 10:04:13.810 [info] > git for-each-ref --format=%(refname)%00%(upstream:short)%00%(objectname)%00%(upstream:track)%00%(upstream:remotename)%00%(upstream:remoteref) refs/heads/main refs/remotes/main [2ms]
2023-06-02 10:04:13.824 [info] > git status -z -uall [2ms]
2023-06-02 10:07:11.029 [info] > git check-ignore -v -z --stdin [1ms]
2023-06-02 10:07:33.083 [info] > git show --textconv :templates/account/login.html [13ms]
2023-06-02 10:07:33.084 [info] > git ls-files --stage -- /workspace/bavarian-cristus-PP4/templates/account/login.html [1ms]
2023-06-02 10:07:33.096 [info] > git cat-file -s 14d7fb3ec28f1899949fcb2385729f14b4f1286e [0ms]
2023-06-02 10:07:57.390 [info] > git check-ignore -v -z --stdin [1ms]
2023-06-02 10:08:00.635 [info] > git show --textconv :templates/account/signup.html [14ms]
2023-06-02 10:08:00.636 [info] > git ls-files --stage -- /workspace/bavarian-cristus-PP4/templates/account/signup.html [2ms]
2023-06-02 10:08:00.649 [info] > git cat-file -s f62bd7fa912b1b27c3714a3bfab331b76c6a288d [1ms]
2023-06-02 10:09:13.838 [info] > git config --local branch.main.github-pr-owner-number [1ms]
2023-06-02 10:09:13.863 [info] > git config --get commit.template [13ms]
2023-06-02 10:09:13.864 [info] > git for-each-ref --format=%(refname)%00%(upstream:short)%00%(objectname)%00%(upstream:track)%00%(upstream:remotename)%00%(upstream:remoteref) refs/heads/main refs/remotes/main [2ms]
2023-06-02 10:09:13.877 [info] > git status -z -uall [1ms]
2023-06-02 10:11:53.051 [info] > git show --textconv :templates/account/login.html [11ms]
2023-06-02 10:11:53.053 [info] > git ls-files --stage -- /workspace/bavarian-cristus-PP4/templates/account/login.html [3ms]
2023-06-02 10:11:53.065 [info] > git cat-file -s 14d7fb3ec28f1899949fcb2385729f14b4f1286e [1ms]
2023-06-02 10:14:13.892 [info] > git config --local branch.main.github-pr-owner-number [2ms]
2023-06-02 10:14:13.914 [info] > git config --get commit.template [11ms]
2023-06-02 10:14:13.915 [info] > git for-each-ref --format=%(refname)%00%(upstream:short)%00%(objectname)%00%(upstream:track)%00%(upstream:remotename)%00%(upstream:remoteref) refs/heads/main refs/remotes/main [1ms]
2023-06-02 10:14:13.923 [info] > git status -z -uall [2ms]
2023-06-02 10:15:04.246 [info] > git config --get commit.template [15ms]
2023-06-02 10:15:04.246 [info] > git for-each-ref --format=%(refname)%00%(upstream:short)%00%(objectname)%00%(upstream:track)%00%(upstream:remotename)%00%(upstream:remoteref) refs/heads/main refs/remotes/main [2ms]
2023-06-02 10:15:04.259 [info] > git status -z -uall [2ms]
2023-06-02 10:15:36.137 [info] > git config --get commit.template [7ms]
2023-06-02 10:15:36.138 [info] > git for-each-ref --format=%(refname)%00%(upstream:short)%00%(objectname)%00%(upstream:track)%00%(upstream:remotename)%00%(upstream:remoteref) refs/heads/main refs/remotes/main [1ms]
2023-06-02 10:15:36.146 [info] > git status -z -uall [2ms]
2023-06-02 10:16:09.018 [info] > git config --get commit.template [11ms]
2023-06-02 10:16:09.018 [info] > git for-each-ref --format=%(refname)%00%(upstream:short)%00%(objectname)%00%(upstream:track)%00%(upstream:remotename)%00%(upstream:remoteref) refs/heads/main refs/remotes/main [1ms]
2023-06-02 10:16:09.033 [info] > git status -z -uall [1ms]
2023-06-02 10:16:17.729 [info] > git config --get commit.template [2ms]
2023-06-02 10:16:17.741 [info] > git for-each-ref --format=%(refname)%00%(upstream:short)%00%(objectname)%00%(upstream:track)%00%(upstream:remotename)%00%(upstream:remoteref) refs/heads/main refs/remotes/main [1ms]
2023-06-02 10:16:17.754 [info] > git status -z -uall [2ms]
2023-06-02 10:16:28.642 [info] > git config --get commit.template [13ms]
2023-06-02 10:16:28.642 [info] > git for-each-ref --format=%(refname)%00%(upstream:short)%00%(objectname)%00%(upstream:track)%00%(upstream:remotename)%00%(upstream:remoteref) refs/heads/main refs/remotes/main [1ms]
2023-06-02 10:16:28.656 [info] > git status -z -uall [2ms]
2023-06-02 10:16:36.719 [info] > git config --get commit.template [12ms]
2023-06-02 10:16:36.720 [info] > git for-each-ref --format=%(refname)%00%(upstream:short)%00%(objectname)%00%(upstream:track)%00%(upstream:remotename)%00%(upstream:remoteref) refs/heads/main refs/remotes/main [1ms]
2023-06-02 10:16:36.733 [info] > git status -z -uall [2ms]
2023-06-02 10:16:50.463 [info] > git config --get commit.template [14ms]
2023-06-02 10:16:50.464 [info] > git for-each-ref --format=%(refname)%00%(upstream:short)%00%(objectname)%00%(upstream:track)%00%(upstream:remotename)%00%(upstream:remoteref) refs/heads/main refs/remotes/main [2ms]
2023-06-02 10:16:50.479 [info] > git status -z -uall [3ms]
2023-06-02 10:17:06.053 [info] > git config --get commit.template [12ms]
2023-06-02 10:17:06.053 [info] > git for-each-ref --format=%(refname)%00%(upstream:short)%00%(objectname)%00%(upstream:track)%00%(upstream:remotename)%00%(upstream:remoteref) refs/heads/main refs/remotes/main [1ms]
2023-06-02 10:17:06.067 [info] > git status -z -uall [2ms]
2023-06-02 10:18:20.916 [info] > git config --get commit.template [18ms]
2023-06-02 10:18:20.917 [info] > git for-each-ref --format=%(refname)%00%(upstream:short)%00%(objectname)%00%(upstream:track)%00%(upstream:remotename)%00%(upstream:remoteref) refs/heads/main refs/remotes/main [2ms]
2023-06-02 10:18:20.942 [info] > git status -z -uall [2ms]
2023-06-02 10:19:13.939 [info] > git config --local branch.main.github-pr-owner-number [1ms]
2023-06-02 10:19:13.965 [info] > git config --get commit.template [12ms]
2023-06-02 10:19:13.966 [info] > git for-each-ref --format=%(refname)%00%(upstream:short)%00%(objectname)%00%(upstream:track)%00%(upstream:remotename)%00%(upstream:remoteref) refs/heads/main refs/remotes/main [1ms]
2023-06-02 10:19:13.979 [info] > git status -z -uall [2ms]
2023-06-02 10:24:13.992 [info] > git config --local branch.main.github-pr-owner-number [1ms]
2023-06-02 10:24:14.015 [info] > git config --get commit.template [12ms]
2023-06-02 10:24:14.016 [info] > git for-each-ref --format=%(refname)%00%(upstream:short)%00%(objectname)%00%(upstream:track)%00%(upstream:remotename)%00%(upstream:remoteref) refs/heads/main refs/remotes/main [2ms]
2023-06-02 10:24:14.028 [info] > git status -z -uall [1ms]
2023-06-02 10:29:14.043 [info] > git config --local branch.main.github-pr-owner-number [2ms]
2023-06-02 10:29:14.068 [info] > git config --get commit.template [14ms]
2023-06-02 10:29:14.068 [info] > git for-each-ref --format=%(refname)%00%(upstream:short)%00%(objectname)%00%(upstream:track)%00%(upstream:remotename)%00%(upstream:remoteref) refs/heads/main refs/remotes/main [1ms]
2023-06-02 10:29:14.082 [info] > git status -z -uall [2ms]
2023-06-02 10:34:14.096 [info] > git config --local branch.main.github-pr-owner-number [1ms]
2023-06-02 10:34:14.119 [info] > git config --get commit.template [12ms]
2023-06-02 10:34:14.120 [info] > git for-each-ref --format=%(refname)%00%(upstream:short)%00%(objectname)%00%(upstream:track)%00%(upstream:remotename)%00%(upstream:remoteref) refs/heads/main refs/remotes/main [1ms]
2023-06-02 10:34:14.133 [info] > git status -z -uall [2ms]
2023-06-02 10:39:14.149 [info] > git config --local branch.main.github-pr-owner-number [1ms]
2023-06-02 10:39:14.177 [info] > git config --get commit.template [15ms]
2023-06-02 10:39:14.178 [info] > git for-each-ref --format=%(refname)%00%(upstream:short)%00%(objectname)%00%(upstream:track)%00%(upstream:remotename)%00%(upstream:remoteref) refs/heads/main refs/remotes/main [2ms]
2023-06-02 10:39:14.191 [info] > git status -z -uall [2ms]
2023-06-02 10:44:14.207 [info] > git config --local branch.main.github-pr-owner-number [1ms]
2023-06-02 10:44:14.231 [info] > git config --get commit.template [12ms]
2023-06-02 10:44:14.232 [info] > git for-each-ref --format=%(refname)%00%(upstream:short)%00%(objectname)%00%(upstream:track)%00%(upstream:remotename)%00%(upstream:remoteref) refs/heads/main refs/remotes/main [1ms]
2023-06-02 10:44:14.245 [info] > git status -z -uall [2ms]
2023-06-02 10:49:14.261 [info] > git config --local branch.main.github-pr-owner-number [1ms]
2023-06-02 10:49:14.286 [info] > git config --get commit.template [12ms]
2023-06-02 10:49:14.286 [info] > git for-each-ref --format=%(refname)%00%(upstream:short)%00%(objectname)%00%(upstream:track)%00%(upstream:remotename)%00%(upstream:remoteref) refs/heads/main refs/remotes/main [1ms]
2023-06-02 10:49:14.300 [info] > git status -z -uall [2ms]
2023-06-02 10:54:14.317 [info] > git config --local branch.main.github-pr-owner-number [2ms]
2023-06-02 10:54:14.348 [info] > git config --get commit.template [15ms]
2023-06-02 10:54:14.349 [info] > git for-each-ref --format=%(refname)%00%(upstream:short)%00%(objectname)%00%(upstream:track)%00%(upstream:remotename)%00%(upstream:remoteref) refs/heads/main refs/remotes/main [1ms]
2023-06-02 10:54:14.366 [info] > git status -z -uall [2ms]
2023-06-02 10:59:14.386 [info] > git config --local branch.main.github-pr-owner-number [2ms]
2023-06-02 10:59:14.415 [info] > git config --get commit.template [13ms]
2023-06-02 10:59:14.416 [info] > git for-each-ref --format=%(refname)%00%(upstream:short)%00%(objectname)%00%(upstream:track)%00%(upstream:remotename)%00%(upstream:remoteref) refs/heads/main refs/remotes/main [2ms]
2023-06-02 10:59:14.435 [info] > git status -z -uall [3ms]
2023-06-02 11:04:14.449 [info] > git config --local branch.main.github-pr-owner-number [1ms]
2023-06-02 11:04:14.468 [info] > git config --get commit.template [9ms]
2023-06-02 11:04:14.469 [info] > git for-each-ref --format=%(refname)%00%(upstream:short)%00%(objectname)%00%(upstream:track)%00%(upstream:remotename)%00%(upstream:remoteref) refs/heads/main refs/remotes/main [2ms]
2023-06-02 11:04:14.479 [info] > git status -z -uall [2ms]
2023-06-02 11:09:14.494 [info] > git config --local branch.main.github-pr-owner-number [2ms]
2023-06-02 11:09:14.515 [info] > git config --get commit.template [10ms]
2023-06-02 11:09:14.516 [info] > git for-each-ref --format=%(refname)%00%(upstream:short)%00%(objectname)%00%(upstream:track)%00%(upstream:remotename)%00%(upstream:remoteref) refs/heads/main refs/remotes/main [2ms]
2023-06-02 11:09:14.526 [info] > git status -z -uall [3ms]
2023-06-02 11:14:14.541 [info] > git config --local branch.main.github-pr-owner-number [1ms]
2023-06-02 11:14:14.567 [info] > git config --get commit.template [14ms]
2023-06-02 11:14:14.567 [info] > git for-each-ref --format=%(refname)%00%(upstream:short)%00%(objectname)%00%(upstream:track)%00%(upstream:remotename)%00%(upstream:remoteref) refs/heads/main refs/remotes/main [2ms]
2023-06-02 11:14:14.582 [info] > git status -z -uall [2ms]
2023-06-02 11:19:14.602 [info] > git config --local branch.main.github-pr-owner-number [2ms]
2023-06-02 11:19:14.630 [info] > git config --get commit.template [14ms]
2023-06-02 11:19:14.631 [info] > git for-each-ref --format=%(refname)%00%(upstream:short)%00%(objectname)%00%(upstream:track)%00%(upstream:remotename)%00%(upstream:remoteref) refs/heads/main refs/remotes/main [2ms]
2023-06-02 11:19:14.646 [info] > git status -z -uall [3ms]
