2023-06-04 21:49:06.968 [info] Log level: Info
2023-06-04 21:49:06.968 [info] Validating found git in: "git"
2023-06-04 21:49:06.968 [info] Using git "2.37.3" from "git"
2023-06-04 21:49:06.968 [info] > git rev-parse --show-toplevel [4ms]
2023-06-04 21:49:06.968 [info] > git rev-parse --git-dir --git-common-dir [2ms]
2023-06-04 21:49:06.968 [info] Open repository: /workspace/bavarian-cristus-PP4
2023-06-04 21:49:06.968 [info] > git rev-parse --show-toplevel [13ms]
2023-06-04 21:49:06.968 [info] > git config --get commit.template [24ms]
2023-06-04 21:49:06.968 [info] > git rev-parse --show-toplevel [13ms]
2023-06-04 21:49:06.968 [info] > git for-each-ref --format=%(refname)%00%(upstream:short)%00%(objectname)%00%(upstream:track)%00%(upstream:remotename)%00%(upstream:remoteref) refs/heads/main refs/remotes/main [12ms]
2023-06-04 21:49:06.968 [info] > git rev-parse --show-toplevel [10ms]
2023-06-04 21:49:06.968 [info] > git status -z -uall [11ms]
2023-06-04 21:49:06.968 [info] > git rev-parse --show-toplevel [17ms]
2023-06-04 21:49:06.968 [info] > git config --get commit.template [12ms]
2023-06-04 21:49:06.968 [info] > git rev-parse --show-toplevel [3ms]
2023-06-04 21:49:06.968 [info] > git rev-parse --show-toplevel [12ms]
2023-06-04 21:49:06.968 [info] > git for-each-ref --format=%(refname)%00%(upstream:short)%00%(objectname)%00%(upstream:track)%00%(upstream:remotename)%00%(upstream:remoteref) refs/heads/main refs/remotes/main [11ms]
2023-06-04 21:49:06.968 [info] > git rev-parse --show-toplevel [11ms]
2023-06-04 21:49:06.968 [info] > git status -z -uall [12ms]
2023-06-04 21:49:06.968 [info] > git rev-parse --show-toplevel [4ms]
2023-06-04 21:49:06.968 [info] > git rev-parse --show-toplevel [122ms]
2023-06-04 21:49:07.162 [info] > git check-ignore -v -z --stdin [23ms]
2023-06-04 21:49:07.716 [info] > git config --local branch.main.github-pr-owner-number [44ms]
2023-06-04 21:49:07.731 [info] > git config --get commit.template [4ms]
2023-06-04 21:49:07.772 [info] > git for-each-ref --format=%(refname)%00%(upstream:short)%00%(objectname)%00%(upstream:track)%00%(upstream:remotename)%00%(upstream:remoteref) refs/heads/main refs/remotes/main [30ms]
2023-06-04 21:49:07.790 [info] > git status -z -uall [3ms]
2023-06-04 21:52:23.384 [info] > git check-ignore -v -z --stdin [1ms]
2023-06-04 21:52:25.429 [info] > git check-ignore -v -z --stdin [1ms]
2023-06-04 21:53:38.333 [info] > git check-ignore -v -z --stdin [1ms]
2023-06-04 21:53:42.913 [info] > git check-ignore -v -z --stdin [1ms]
2023-06-04 21:53:44.513 [info] > git show --textconv :templates/errors/403.html [11ms]
2023-06-04 21:53:44.514 [info] > git ls-files --stage -- /workspace/bavarian-cristus-PP4/templates/errors/403.html [1ms]
2023-06-04 21:53:44.526 [info] > git cat-file -s d87db154e5ee1c4697316b8d04393c45f609ac00 [1ms]
2023-06-04 21:54:07.252 [info] > git config --local branch.main.github-pr-owner-number [2ms]
2023-06-04 21:54:07.267 [info] > git config --get commit.template [6ms]
2023-06-04 21:54:07.268 [info] > git for-each-ref --format=%(refname)%00%(upstream:short)%00%(objectname)%00%(upstream:track)%00%(upstream:remotename)%00%(upstream:remoteref) refs/heads/main refs/remotes/main [2ms]
2023-06-04 21:54:07.276 [info] > git status -z -uall [2ms]
2023-06-04 21:54:20.829 [info] > git check-ignore -v -z --stdin [1ms]
2023-06-04 21:54:22.266 [info] > git show --textconv :bcristus/urls.py [19ms]
2023-06-04 21:54:22.268 [info] > git ls-files --stage -- /workspace/bavarian-cristus-PP4/bcristus/urls.py [4ms]
2023-06-04 21:54:22.287 [info] > git cat-file -s a040dce798c16954c6afaacab4c4cb31311c2d65 [4ms]
2023-06-04 21:58:53.310 [info] > git show --textconv :blog/views.py [10ms]
2023-06-04 21:58:53.310 [info] > git ls-files --stage -- /workspace/bavarian-cristus-PP4/blog/views.py [2ms]
2023-06-04 21:58:53.319 [info] > git cat-file -s 55faea1f9a6c56d7d53beeb167618f170b8e0d2c [1ms]
2023-06-04 21:59:07.289 [info] > git config --local branch.main.github-pr-owner-number [1ms]
2023-06-04 21:59:07.313 [info] > git config --get commit.template [12ms]
2023-06-04 21:59:07.313 [info] > git for-each-ref --format=%(refname)%00%(upstream:short)%00%(objectname)%00%(upstream:track)%00%(upstream:remotename)%00%(upstream:remoteref) refs/heads/main refs/remotes/main [1ms]
2023-06-04 21:59:07.328 [info] > git status -z -uall [3ms]
2023-06-04 22:01:18.519 [info] > git config --get commit.template [8ms]
2023-06-04 22:01:18.520 [info] > git for-each-ref --format=%(refname)%00%(upstream:short)%00%(objectname)%00%(upstream:track)%00%(upstream:remotename)%00%(upstream:remoteref) refs/heads/main refs/remotes/main [2ms]
2023-06-04 22:01:18.528 [info] > git status -z -uall [2ms]
2023-06-04 22:01:23.556 [info] > git config --get commit.template [12ms]
2023-06-04 22:01:23.558 [info] > git for-each-ref --format=%(refname)%00%(upstream:short)%00%(objectname)%00%(upstream:track)%00%(upstream:remotename)%00%(upstream:remoteref) refs/heads/main refs/remotes/main [2ms]
2023-06-04 22:01:23.570 [info] > git status -z -uall [2ms]
2023-06-04 22:02:07.082 [info] > git config --get commit.template [11ms]
2023-06-04 22:02:07.082 [info] > git for-each-ref --format=%(refname)%00%(upstream:short)%00%(objectname)%00%(upstream:track)%00%(upstream:remotename)%00%(upstream:remoteref) refs/heads/main refs/remotes/main [2ms]
2023-06-04 22:02:07.096 [info] > git status -z -uall [2ms]
2023-06-04 22:04:07.343 [info] > git config --local branch.main.github-pr-owner-number [1ms]
2023-06-04 22:04:07.366 [info] > git config --get commit.template [11ms]
2023-06-04 22:04:07.366 [info] > git for-each-ref --format=%(refname)%00%(upstream:short)%00%(objectname)%00%(upstream:track)%00%(upstream:remotename)%00%(upstream:remoteref) refs/heads/main refs/remotes/main [1ms]
2023-06-04 22:04:07.378 [info] > git status -z -uall [1ms]
2023-06-04 22:04:31.576 [info] > git config --get commit.template [12ms]
2023-06-04 22:04:31.576 [info] > git for-each-ref --format=%(refname)%00%(upstream:short)%00%(objectname)%00%(upstream:track)%00%(upstream:remotename)%00%(upstream:remoteref) refs/heads/main refs/remotes/main [2ms]
2023-06-04 22:04:31.588 [info] > git status -z -uall [2ms]
2023-06-04 22:04:56.293 [info] > git show --textconv :bcristus/settings.py [8ms]
2023-06-04 22:04:56.294 [info] > git ls-files --stage -- /workspace/bavarian-cristus-PP4/bcristus/settings.py [2ms]
2023-06-04 22:04:56.306 [info] > git cat-file -s 97e9378c73a9d034e629eadff8199b4763444f41 [3ms]
2023-06-04 22:05:16.645 [info] > git config --get commit.template [12ms]
2023-06-04 22:05:16.646 [info] > git for-each-ref --format=%(refname)%00%(upstream:short)%00%(objectname)%00%(upstream:track)%00%(upstream:remotename)%00%(upstream:remoteref) refs/heads/main refs/remotes/main [1ms]
2023-06-04 22:05:16.659 [info] > git status -z -uall [2ms]
2023-06-04 22:05:36.604 [info] > git show --textconv :templates/errors/403.html [8ms]
2023-06-04 22:05:36.605 [info] > git ls-files --stage -- /workspace/bavarian-cristus-PP4/templates/errors/403.html [1ms]
2023-06-04 22:05:36.612 [info] > git cat-file -s d87db154e5ee1c4697316b8d04393c45f609ac00 [1ms]
2023-06-04 22:05:57.113 [info] > git show --textconv :templates/errors/404.html [12ms]
2023-06-04 22:05:57.114 [info] > git ls-files --stage -- /workspace/bavarian-cristus-PP4/templates/errors/404.html [2ms]
2023-06-04 22:05:57.126 [info] > git cat-file -s b5bf54fb896b13c8cd7949362038731b87fbd3d4 [1ms]
2023-06-04 22:06:00.498 [info] > git show --textconv :templates/about.html [14ms]
2023-06-04 22:06:00.499 [info] > git ls-files --stage -- /workspace/bavarian-cristus-PP4/templates/about.html [2ms]
2023-06-04 22:06:00.515 [info] > git cat-file -s 3ec687ea43ecc9b9c59ef3936c3f16db78c6f2b1 [2ms]
2023-06-04 22:06:33.322 [info] > git config --get commit.template [12ms]
2023-06-04 22:06:33.323 [info] > git for-each-ref --format=%(refname)%00%(upstream:short)%00%(objectname)%00%(upstream:track)%00%(upstream:remotename)%00%(upstream:remoteref) refs/heads/main refs/remotes/main [2ms]
2023-06-04 22:06:33.339 [info] > git status -z -uall [2ms]
2023-06-04 22:09:00.377 [info] > git config --get commit.template [11ms]
2023-06-04 22:09:00.378 [info] > git for-each-ref --format=%(refname)%00%(upstream:short)%00%(objectname)%00%(upstream:track)%00%(upstream:remotename)%00%(upstream:remoteref) refs/heads/main refs/remotes/main [2ms]
2023-06-04 22:09:00.391 [info] > git status -z -uall [2ms]
2023-06-04 22:09:00.525 [info] > git ls-files --stage -- /workspace/bavarian-cristus-PP4/templates/about.html [2ms]
2023-06-04 22:09:00.536 [info] > git ls-files --stage -- /workspace/bavarian-cristus-PP4/bcristus/settings.py [25ms]
2023-06-04 22:09:00.547 [info] > git ls-files --stage -- /workspace/bavarian-cristus-PP4/bcristus/urls.py [47ms]
2023-06-04 22:09:00.559 [info] > git cat-file -s 97e9378c73a9d034e629eadff8199b4763444f41 [11ms]
2023-06-04 22:09:00.559 [info] > git cat-file -s 3ec687ea43ecc9b9c59ef3936c3f16db78c6f2b1 [23ms]
2023-06-04 22:09:00.560 [info] > git cat-file -s f3208f432d77fb524af549da411450a9166777bf [2ms]
2023-06-04 22:09:00.631 [info] > git show --textconv :bcristus/settings.py [25ms]
2023-06-04 22:09:00.631 [info] > git show --textconv :templates/about.html [13ms]
2023-06-04 22:09:00.632 [info] > git show --textconv :bcristus/urls.py [2ms]
2023-06-04 22:09:07.393 [info] > git config --local branch.main.github-pr-owner-number [1ms]
2023-06-04 22:09:07.412 [info] > git config --get commit.template [7ms]
2023-06-04 22:09:07.412 [info] > git for-each-ref --format=%(refname)%00%(upstream:short)%00%(objectname)%00%(upstream:track)%00%(upstream:remotename)%00%(upstream:remoteref) refs/heads/main refs/remotes/main [1ms]
2023-06-04 22:09:07.425 [info] > git status -z -uall [2ms]
2023-06-04 22:09:19.886 [info] > git config --get commit.template [8ms]
2023-06-04 22:09:19.887 [info] > git for-each-ref --format=%(refname)%00%(upstream:short)%00%(objectname)%00%(upstream:track)%00%(upstream:remotename)%00%(upstream:remoteref) refs/heads/main refs/remotes/main [1ms]
2023-06-04 22:09:19.895 [info] > git status -z -uall [1ms]
2023-06-04 22:09:20.009 [info] > git config --local branch.main.github-pr-owner-number [3ms]
2023-06-04 22:09:20.020 [info] > git config --get commit.template [2ms]
2023-06-04 22:09:20.065 [info] > git ls-files --stage -- /workspace/bavarian-cristus-PP4/bcristus/settings.py [12ms]
2023-06-04 22:09:20.076 [info] > git ls-files --stage -- /workspace/bavarian-cristus-PP4/bcristus/urls.py [35ms]
2023-06-04 22:09:20.088 [info] > git for-each-ref --format=%(refname)%00%(upstream:short)%00%(objectname)%00%(upstream:track)%00%(upstream:remotename)%00%(upstream:remoteref) refs/heads/main refs/remotes/main [58ms]
2023-06-04 22:09:20.100 [info] > git cat-file -s f3208f432d77fb524af549da411450a9166777bf [12ms]
2023-06-04 22:09:20.100 [info] > git cat-file -s 97e9378c73a9d034e629eadff8199b4763444f41 [24ms]
2023-06-04 22:09:20.100 [info] > git ls-files --stage -- /workspace/bavarian-cristus-PP4/templates/about.html [36ms]
2023-06-04 22:09:20.112 [info] > git status -z -uall [13ms]
2023-06-04 22:09:20.126 [info] > git cat-file -s 3ec687ea43ecc9b9c59ef3936c3f16db78c6f2b1 [15ms]
2023-06-04 22:09:20.183 [info] > git show --textconv :bcristus/urls.py [14ms]
2023-06-04 22:09:20.183 [info] > git show --textconv :bcristus/settings.py [3ms]
2023-06-04 22:09:20.202 [info] > git show --textconv :templates/about.html [2ms]
2023-06-04 22:09:25.054 [info] > git config --get commit.template [12ms]
2023-06-04 22:09:25.055 [info] > git for-each-ref --format=%(refname)%00%(upstream:short)%00%(objectname)%00%(upstream:track)%00%(upstream:remotename)%00%(upstream:remoteref) refs/heads/main refs/remotes/main [2ms]
2023-06-04 22:09:25.068 [info] > git status -z -uall [1ms]
2023-06-04 22:09:25.149 [info] > git config --local branch.main.github-pr-owner-number [30ms]
2023-06-04 22:09:25.162 [info] > git config --get commit.template [1ms]
2023-06-04 22:09:25.179 [info] > git for-each-ref --format=%(refname)%00%(upstream:short)%00%(objectname)%00%(upstream:track)%00%(upstream:remotename)%00%(upstream:remoteref) refs/heads/main refs/remotes/main [6ms]
2023-06-04 22:09:25.194 [info] > git status -z -uall [3ms]
2023-06-04 22:09:25.241 [info] > git ls-files --stage -- /workspace/bavarian-cristus-PP4/bcristus/settings.py [13ms]
2023-06-04 22:09:25.252 [info] > git ls-files --stage -- /workspace/bavarian-cristus-PP4/bcristus/urls.py [36ms]
2023-06-04 22:09:25.264 [info] > git cat-file -s 97e9378c73a9d034e629eadff8199b4763444f41 [12ms]
2023-06-04 22:09:25.265 [info] > git ls-files --stage -- /workspace/bavarian-cristus-PP4/templates/about.html [25ms]
2023-06-04 22:09:25.279 [info] > git cat-file -s f3208f432d77fb524af549da411450a9166777bf [16ms]
2023-06-04 22:09:25.280 [info] > git cat-file -s 3ec687ea43ecc9b9c59ef3936c3f16db78c6f2b1 [3ms]
2023-06-04 22:09:25.334 [info] > git show --textconv :bcristus/settings.py [12ms]
2023-06-04 22:09:25.334 [info] > git show --textconv :bcristus/urls.py [1ms]
2023-06-04 22:09:25.348 [info] > git show --textconv :templates/about.html [1ms]
2023-06-04 22:09:45.838 [info] > git check-ignore -v -z --stdin [2ms]
2023-06-04 22:09:48.367 [info] > git show --textconv :static/css/style.css [13ms]
2023-06-04 22:09:48.368 [info] > git ls-files --stage -- /workspace/bavarian-cristus-PP4/static/css/style.css [1ms]
2023-06-04 22:09:48.381 [info] > git cat-file -s 889b4bfa1473eca651a201b6f9dc90419b9243db [1ms]
2023-06-04 22:12:29.184 [info] > git config --get commit.template [8ms]
2023-06-04 22:12:29.185 [info] > git for-each-ref --format=%(refname)%00%(upstream:short)%00%(objectname)%00%(upstream:track)%00%(upstream:remotename)%00%(upstream:remoteref) refs/heads/main refs/remotes/main [1ms]
2023-06-04 22:12:29.199 [info] > git status -z -uall [2ms]
2023-06-04 22:13:20.178 [info] > git config --get commit.template [8ms]
2023-06-04 22:13:20.178 [info] > git for-each-ref --format=%(refname)%00%(upstream:short)%00%(objectname)%00%(upstream:track)%00%(upstream:remotename)%00%(upstream:remoteref) refs/heads/main refs/remotes/main [1ms]
2023-06-04 22:13:20.188 [info] > git status -z -uall [2ms]
2023-06-04 22:14:07.439 [info] > git config --local branch.main.github-pr-owner-number [1ms]
2023-06-04 22:14:07.457 [info] > git config --get commit.template [7ms]
2023-06-04 22:14:07.457 [info] > git for-each-ref --format=%(refname)%00%(upstream:short)%00%(objectname)%00%(upstream:track)%00%(upstream:remotename)%00%(upstream:remoteref) refs/heads/main refs/remotes/main [1ms]
2023-06-04 22:14:07.466 [info] > git status -z -uall [2ms]
2023-06-04 22:19:07.480 [info] > git config --local branch.main.github-pr-owner-number [1ms]
2023-06-04 22:19:07.510 [info] > git for-each-ref --format=%(refname)%00%(upstream:short)%00%(objectname)%00%(upstream:track)%00%(upstream:remotename)%00%(upstream:remoteref) refs/heads/main refs/remotes/main [12ms]
2023-06-04 22:19:07.510 [info] > git config --get commit.template [22ms]
2023-06-04 22:19:07.523 [info] > git status -z -uall [1ms]
2023-06-04 22:19:20.059 [info] > git config --get commit.template [9ms]
2023-06-04 22:19:20.059 [info] > git for-each-ref --format=%(refname)%00%(upstream:short)%00%(objectname)%00%(upstream:track)%00%(upstream:remotename)%00%(upstream:remoteref) refs/heads/main refs/remotes/main [2ms]
2023-06-04 22:19:20.066 [info] > git status -z -uall [1ms]
2023-06-04 22:20:22.105 [info] > git config --get commit.template [1ms]
2023-06-04 22:20:22.119 [info] > git for-each-ref --format=%(refname)%00%(upstream:short)%00%(objectname)%00%(upstream:track)%00%(upstream:remotename)%00%(upstream:remoteref) refs/heads/main refs/remotes/main [1ms]
2023-06-04 22:20:22.132 [info] > git status -z -uall [2ms]
2023-06-04 22:23:02.709 [info] > git show --textconv :templates/base.html [11ms]
2023-06-04 22:23:02.710 [info] > git ls-files --stage -- /workspace/bavarian-cristus-PP4/templates/base.html [2ms]
2023-06-04 22:23:02.717 [info] > git cat-file -s 8313474916ff9f500768c21eff8c285b0dd897c2 [1ms]
2023-06-04 22:24:07.539 [info] > git config --local branch.main.github-pr-owner-number [2ms]
2023-06-04 22:24:07.562 [info] > git config --get commit.template [12ms]
2023-06-04 22:24:07.564 [info] > git for-each-ref --format=%(refname)%00%(upstream:short)%00%(objectname)%00%(upstream:track)%00%(upstream:remotename)%00%(upstream:remoteref) refs/heads/main refs/remotes/main [1ms]
2023-06-04 22:24:07.577 [info] > git status -z -uall [2ms]
2023-06-04 22:25:42.245 [info] > git config --get commit.template [7ms]
2023-06-04 22:25:42.245 [info] > git for-each-ref --format=%(refname)%00%(upstream:short)%00%(objectname)%00%(upstream:track)%00%(upstream:remotename)%00%(upstream:remoteref) refs/heads/main refs/remotes/main [1ms]
2023-06-04 22:25:42.253 [info] > git status -z -uall [2ms]
2023-06-04 22:25:57.254 [info] > git show --textconv :templates/index.html [7ms]
2023-06-04 22:25:57.255 [info] > git ls-files --stage -- /workspace/bavarian-cristus-PP4/templates/index.html [1ms]
2023-06-04 22:25:57.262 [info] > git cat-file -s 4c6ac1d6d4a8710b2a10911436cb7c15844c1a28 [1ms]
2023-06-04 22:26:50.436 [info] > git config --get commit.template [11ms]
2023-06-04 22:26:50.438 [info] > git for-each-ref --format=%(refname)%00%(upstream:short)%00%(objectname)%00%(upstream:track)%00%(upstream:remotename)%00%(upstream:remoteref) refs/heads/main refs/remotes/main [2ms]
2023-06-04 22:26:50.451 [info] > git status -z -uall [2ms]
2023-06-04 22:27:36.551 [info] > git config --get commit.template [9ms]
2023-06-04 22:27:36.551 [info] > git for-each-ref --format=%(refname)%00%(upstream:short)%00%(objectname)%00%(upstream:track)%00%(upstream:remotename)%00%(upstream:remoteref) refs/heads/main refs/remotes/main [2ms]
2023-06-04 22:27:36.562 [info] > git status -z -uall [2ms]
2023-06-04 22:28:51.655 [info] > git config --get commit.template [8ms]
2023-06-04 22:28:51.655 [info] > git for-each-ref --format=%(refname)%00%(upstream:short)%00%(objectname)%00%(upstream:track)%00%(upstream:remotename)%00%(upstream:remoteref) refs/heads/main refs/remotes/main [1ms]
2023-06-04 22:28:51.663 [info] > git status -z -uall [2ms]
2023-06-04 22:29:07.592 [info] > git config --local branch.main.github-pr-owner-number [1ms]
2023-06-04 22:29:07.618 [info] > git config --get commit.template [13ms]
2023-06-04 22:29:07.619 [info] > git for-each-ref --format=%(refname)%00%(upstream:short)%00%(objectname)%00%(upstream:track)%00%(upstream:remotename)%00%(upstream:remoteref) refs/heads/main refs/remotes/main [2ms]
2023-06-04 22:29:07.633 [info] > git status -z -uall [2ms]
2023-06-04 22:31:26.315 [info] > git config --get commit.template [14ms]
2023-06-04 22:31:26.316 [info] > git for-each-ref --format=%(refname)%00%(upstream:short)%00%(objectname)%00%(upstream:track)%00%(upstream:remotename)%00%(upstream:remoteref) refs/heads/main refs/remotes/main [2ms]
2023-06-04 22:31:26.329 [info] > git status -z -uall [2ms]
2023-06-04 22:33:00.858 [info] > git config --get commit.template [7ms]
2023-06-04 22:33:00.858 [info] > git for-each-ref --format=%(refname)%00%(upstream:short)%00%(objectname)%00%(upstream:track)%00%(upstream:remotename)%00%(upstream:remoteref) refs/heads/main refs/remotes/main [1ms]
2023-06-04 22:33:00.866 [info] > git status -z -uall [2ms]
2023-06-04 22:34:07.682 [info] > git config --local branch.main.github-pr-owner-number [35ms]
2023-06-04 22:34:07.708 [info] > git config --get commit.template [12ms]
2023-06-04 22:34:07.709 [info] > git for-each-ref --format=%(refname)%00%(upstream:short)%00%(objectname)%00%(upstream:track)%00%(upstream:remotename)%00%(upstream:remoteref) refs/heads/main refs/remotes/main [2ms]
2023-06-04 22:34:07.722 [info] > git status -z -uall [2ms]
2023-06-04 22:35:13.474 [info] > git config --get commit.template [12ms]
2023-06-04 22:35:13.474 [info] > git for-each-ref --format=%(refname)%00%(upstream:short)%00%(objectname)%00%(upstream:track)%00%(upstream:remotename)%00%(upstream:remoteref) refs/heads/main refs/remotes/main [1ms]
2023-06-04 22:35:13.487 [info] > git status -z -uall [1ms]
2023-06-04 22:39:07.737 [info] > git config --local branch.main.github-pr-owner-number [1ms]
2023-06-04 22:39:07.757 [info] > git config --get commit.template [9ms]
2023-06-04 22:39:07.757 [info] > git for-each-ref --format=%(refname)%00%(upstream:short)%00%(objectname)%00%(upstream:track)%00%(upstream:remotename)%00%(upstream:remoteref) refs/heads/main refs/remotes/main [1ms]
2023-06-04 22:39:07.771 [info] > git status -z -uall [2ms]
2023-06-04 22:44:07.785 [info] > git config --local branch.main.github-pr-owner-number [1ms]
2023-06-04 22:44:07.799 [info] > git config --get commit.template [6ms]
2023-06-04 22:44:07.800 [info] > git for-each-ref --format=%(refname)%00%(upstream:short)%00%(objectname)%00%(upstream:track)%00%(upstream:remotename)%00%(upstream:remoteref) refs/heads/main refs/remotes/main [1ms]
2023-06-04 22:44:07.807 [info] > git status -z -uall [2ms]
2023-06-04 22:44:59.883 [info] > git config --get commit.template [11ms]
2023-06-04 22:44:59.884 [info] > git for-each-ref --format=%(refname)%00%(upstream:short)%00%(objectname)%00%(upstream:track)%00%(upstream:remotename)%00%(upstream:remoteref) refs/heads/main refs/remotes/main [1ms]
2023-06-04 22:44:59.897 [info] > git status -z -uall [2ms]
2023-06-04 22:45:41.249 [info] > git config --get commit.template [9ms]
2023-06-04 22:45:41.250 [info] > git for-each-ref --format=%(refname)%00%(upstream:short)%00%(objectname)%00%(upstream:track)%00%(upstream:remotename)%00%(upstream:remoteref) refs/heads/main refs/remotes/main [2ms]
2023-06-04 22:45:41.257 [info] > git status -z -uall [2ms]
2023-06-04 22:46:04.130 [info] > git config --get commit.template [14ms]
2023-06-04 22:46:04.131 [info] > git for-each-ref --format=%(refname)%00%(upstream:short)%00%(objectname)%00%(upstream:track)%00%(upstream:remotename)%00%(upstream:remoteref) refs/heads/main refs/remotes/main [3ms]
2023-06-04 22:46:04.147 [info] > git status -z -uall [3ms]
2023-06-04 22:46:29.022 [info] > git config --get commit.template [13ms]
2023-06-04 22:46:29.022 [info] > git for-each-ref --format=%(refname)%00%(upstream:short)%00%(objectname)%00%(upstream:track)%00%(upstream:remotename)%00%(upstream:remoteref) refs/heads/main refs/remotes/main [1ms]
2023-06-04 22:46:29.035 [info] > git status -z -uall [2ms]
2023-06-04 22:46:48.292 [info] > git config --get commit.template [7ms]
2023-06-04 22:46:48.293 [info] > git for-each-ref --format=%(refname)%00%(upstream:short)%00%(objectname)%00%(upstream:track)%00%(upstream:remotename)%00%(upstream:remoteref) refs/heads/main refs/remotes/main [2ms]
2023-06-04 22:46:48.300 [info] > git status -z -uall [2ms]
2023-06-04 22:48:03.656 [info] > git config --get commit.template [13ms]
2023-06-04 22:48:03.656 [info] > git for-each-ref --format=%(refname)%00%(upstream:short)%00%(objectname)%00%(upstream:track)%00%(upstream:remotename)%00%(upstream:remoteref) refs/heads/main refs/remotes/main [1ms]
2023-06-04 22:48:03.670 [info] > git status -z -uall [2ms]
2023-06-04 22:49:07.821 [info] > git config --local branch.main.github-pr-owner-number [1ms]
2023-06-04 22:49:07.844 [info] > git config --get commit.template [11ms]
2023-06-04 22:49:07.845 [info] > git for-each-ref --format=%(refname)%00%(upstream:short)%00%(objectname)%00%(upstream:track)%00%(upstream:remotename)%00%(upstream:remoteref) refs/heads/main refs/remotes/main [1ms]
2023-06-04 22:49:07.857 [info] > git status -z -uall [2ms]
2023-06-04 22:49:42.129 [info] > git config --get commit.template [6ms]
2023-06-04 22:49:42.130 [info] > git for-each-ref --format=%(refname)%00%(upstream:short)%00%(objectname)%00%(upstream:track)%00%(upstream:remotename)%00%(upstream:remoteref) refs/heads/main refs/remotes/main [1ms]
2023-06-04 22:49:42.138 [info] > git status -z -uall [2ms]
2023-06-04 22:51:28.408 [info] > git config --get commit.template [8ms]
2023-06-04 22:51:28.408 [info] > git for-each-ref --format=%(refname)%00%(upstream:short)%00%(objectname)%00%(upstream:track)%00%(upstream:remotename)%00%(upstream:remoteref) refs/heads/main refs/remotes/main [1ms]
2023-06-04 22:51:28.415 [info] > git status -z -uall [1ms]
2023-06-04 22:54:07.870 [info] > git config --local branch.main.github-pr-owner-number [1ms]
2023-06-04 22:54:07.883 [info] > git config --get commit.template [6ms]
2023-06-04 22:54:07.884 [info] > git for-each-ref --format=%(refname)%00%(upstream:short)%00%(objectname)%00%(upstream:track)%00%(upstream:remotename)%00%(upstream:remoteref) refs/heads/main refs/remotes/main [1ms]
2023-06-04 22:54:07.891 [info] > git status -z -uall [2ms]
2023-06-04 22:54:39.133 [info] > git config --get commit.template [12ms]
2023-06-04 22:54:39.134 [info] > git for-each-ref --format=%(refname)%00%(upstream:short)%00%(objectname)%00%(upstream:track)%00%(upstream:remotename)%00%(upstream:remoteref) refs/heads/main refs/remotes/main [2ms]
2023-06-04 22:54:39.148 [info] > git status -z -uall [2ms]
2023-06-04 22:59:07.906 [info] > git config --local branch.main.github-pr-owner-number [1ms]
2023-06-04 22:59:07.930 [info] > git config --get commit.template [11ms]
2023-06-04 22:59:07.930 [info] > git for-each-ref --format=%(refname)%00%(upstream:short)%00%(objectname)%00%(upstream:track)%00%(upstream:remotename)%00%(upstream:remoteref) refs/heads/main refs/remotes/main [1ms]
2023-06-04 22:59:07.943 [info] > git status -z -uall [2ms]
2023-06-04 23:01:30.135 [info] > git config --get commit.template [12ms]
2023-06-04 23:01:30.135 [info] > git for-each-ref --format=%(refname)%00%(upstream:short)%00%(objectname)%00%(upstream:track)%00%(upstream:remotename)%00%(upstream:remoteref) refs/heads/main refs/remotes/main [1ms]
2023-06-04 23:01:30.148 [info] > git status -z -uall [2ms]
2023-06-04 23:04:07.959 [info] > git config --local branch.main.github-pr-owner-number [1ms]
2023-06-04 23:04:07.974 [info] > git config --get commit.template [6ms]
2023-06-04 23:04:07.974 [info] > git for-each-ref --format=%(refname)%00%(upstream:short)%00%(objectname)%00%(upstream:track)%00%(upstream:remotename)%00%(upstream:remoteref) refs/heads/main refs/remotes/main [1ms]
2023-06-04 23:04:07.982 [info] > git status -z -uall [1ms]
2023-06-04 23:04:24.396 [info] > git config --get commit.template [8ms]
2023-06-04 23:04:24.397 [info] > git for-each-ref --format=%(refname)%00%(upstream:short)%00%(objectname)%00%(upstream:track)%00%(upstream:remotename)%00%(upstream:remoteref) refs/heads/main refs/remotes/main [1ms]
2023-06-04 23:04:24.406 [info] > git status -z -uall [2ms]
2023-06-04 23:04:32.052 [info] > git config --get commit.template [12ms]
2023-06-04 23:04:32.053 [info] > git for-each-ref --format=%(refname)%00%(upstream:short)%00%(objectname)%00%(upstream:track)%00%(upstream:remotename)%00%(upstream:remoteref) refs/heads/main refs/remotes/main [1ms]
2023-06-04 23:04:32.066 [info] > git status -z -uall [2ms]
2023-06-04 23:04:46.061 [info] > git config --get commit.template [2ms]
2023-06-04 23:04:46.074 [info] > git for-each-ref --format=%(refname)%00%(upstream:short)%00%(objectname)%00%(upstream:track)%00%(upstream:remotename)%00%(upstream:remoteref) refs/heads/main refs/remotes/main [2ms]
2023-06-04 23:04:46.087 [info] > git status -z -uall [2ms]
2023-06-04 23:04:55.608 [info] > git config --get commit.template [7ms]
2023-06-04 23:04:55.608 [info] > git for-each-ref --format=%(refname)%00%(upstream:short)%00%(objectname)%00%(upstream:track)%00%(upstream:remotename)%00%(upstream:remoteref) refs/heads/main refs/remotes/main [1ms]
2023-06-04 23:04:55.616 [info] > git status -z -uall [2ms]
2023-06-04 23:05:03.120 [info] > git config --get commit.template [8ms]
2023-06-04 23:05:03.121 [info] > git for-each-ref --format=%(refname)%00%(upstream:short)%00%(objectname)%00%(upstream:track)%00%(upstream:remotename)%00%(upstream:remoteref) refs/heads/main refs/remotes/main [1ms]
2023-06-04 23:05:03.133 [info] > git status -z -uall [2ms]
2023-06-04 23:05:10.079 [info] > git config --get commit.template [12ms]
2023-06-04 23:05:10.080 [info] > git for-each-ref --format=%(refname)%00%(upstream:short)%00%(objectname)%00%(upstream:track)%00%(upstream:remotename)%00%(upstream:remoteref) refs/heads/main refs/remotes/main [2ms]
2023-06-04 23:05:10.093 [info] > git status -z -uall [2ms]
2023-06-04 23:05:18.804 [info] > git config --get commit.template [12ms]
2023-06-04 23:05:18.805 [info] > git for-each-ref --format=%(refname)%00%(upstream:short)%00%(objectname)%00%(upstream:track)%00%(upstream:remotename)%00%(upstream:remoteref) refs/heads/main refs/remotes/main [1ms]
2023-06-04 23:05:18.817 [info] > git status -z -uall [2ms]
2023-06-04 23:05:49.733 [info] > git config --get commit.template [7ms]
2023-06-04 23:05:49.734 [info] > git for-each-ref --format=%(refname)%00%(upstream:short)%00%(objectname)%00%(upstream:track)%00%(upstream:remotename)%00%(upstream:remoteref) refs/heads/main refs/remotes/main [1ms]
2023-06-04 23:05:49.742 [info] > git status -z -uall [2ms]
2023-06-04 23:06:40.335 [info] > git show --textconv :templates/base.html [5ms]
2023-06-04 23:06:40.336 [info] > git ls-files --stage -- /workspace/bavarian-cristus-PP4/templates/base.html [1ms]
2023-06-04 23:06:40.342 [info] > git cat-file -s 8313474916ff9f500768c21eff8c285b0dd897c2 [1ms]
2023-06-04 23:07:42.461 [info] > git config --get commit.template [12ms]
2023-06-04 23:07:42.462 [info] > git for-each-ref --format=%(refname)%00%(upstream:short)%00%(objectname)%00%(upstream:track)%00%(upstream:remotename)%00%(upstream:remoteref) refs/heads/main refs/remotes/main [1ms]
2023-06-04 23:07:42.475 [info] > git status -z -uall [2ms]
2023-06-04 23:08:21.341 [info] > git config --get commit.template [10ms]
2023-06-04 23:08:21.342 [info] > git for-each-ref --format=%(refname)%00%(upstream:short)%00%(objectname)%00%(upstream:track)%00%(upstream:remotename)%00%(upstream:remoteref) refs/heads/main refs/remotes/main [2ms]
2023-06-04 23:08:21.349 [info] > git status -z -uall [1ms]
2023-06-04 23:09:07.996 [info] > git config --local branch.main.github-pr-owner-number [1ms]
2023-06-04 23:09:08.021 [info] > git config --get commit.template [13ms]
2023-06-04 23:09:08.022 [info] > git for-each-ref --format=%(refname)%00%(upstream:short)%00%(objectname)%00%(upstream:track)%00%(upstream:remotename)%00%(upstream:remoteref) refs/heads/main refs/remotes/main [2ms]
2023-06-04 23:09:08.036 [info] > git status -z -uall [2ms]
2023-06-04 23:09:27.512 [info] > git config --get commit.template [13ms]
2023-06-04 23:09:27.512 [info] > git for-each-ref --format=%(refname)%00%(upstream:short)%00%(objectname)%00%(upstream:track)%00%(upstream:remotename)%00%(upstream:remoteref) refs/heads/main refs/remotes/main [1ms]
2023-06-04 23:09:27.526 [info] > git status -z -uall [2ms]
2023-06-04 23:10:00.692 [info] > git config --get commit.template [12ms]
2023-06-04 23:10:00.692 [info] > git for-each-ref --format=%(refname)%00%(upstream:short)%00%(objectname)%00%(upstream:track)%00%(upstream:remotename)%00%(upstream:remoteref) refs/heads/main refs/remotes/main [1ms]
2023-06-04 23:10:00.705 [info] > git status -z -uall [2ms]
