2023-06-04 23:13:46.646 [info] Log level: Info
2023-06-04 23:13:46.646 [info] Validating found git in: "git"
2023-06-04 23:13:46.646 [info] Using git "2.37.3" from "git"
2023-06-04 23:13:46.646 [info] > git rev-parse --show-toplevel [5ms]
2023-06-04 23:13:46.646 [info] > git rev-parse --git-dir --git-common-dir [13ms]
2023-06-04 23:13:46.646 [info] Open repository: /workspace/bavarian-cristus-PP4
2023-06-04 23:13:46.646 [info] > git config --get commit.template [3ms]
2023-06-04 23:13:46.646 [info] > git rev-parse --show-toplevel [18ms]
2023-06-04 23:13:46.646 [info] > git rev-parse --show-toplevel [12ms]
2023-06-04 23:13:46.646 [info] > git for-each-ref --format=%(refname)%00%(upstream:short)%00%(objectname)%00%(upstream:track)%00%(upstream:remotename)%00%(upstream:remoteref) refs/heads/main refs/remotes/main [11ms]
2023-06-04 23:13:46.646 [info] > git rev-parse --show-toplevel [11ms]
2023-06-04 23:13:46.646 [info] > git status -z -uall [10ms]
2023-06-04 23:13:46.647 [info] > git rev-parse --show-toplevel [16ms]
2023-06-04 23:13:46.647 [info] > git rev-parse --show-toplevel [10ms]
2023-06-04 23:13:46.647 [info] > git config --get commit.template [28ms]
2023-06-04 23:13:46.647 [info] > git rev-parse --show-toplevel [1ms]
2023-06-04 23:13:46.647 [info] > git rev-parse --show-toplevel [9ms]
2023-06-04 23:13:46.647 [info] > git for-each-ref --format=%(refname)%00%(upstream:short)%00%(objectname)%00%(upstream:track)%00%(upstream:remotename)%00%(upstream:remoteref) refs/heads/main refs/remotes/main [14ms]
2023-06-04 23:13:46.647 [info] > git rev-parse --show-toplevel [15ms]
2023-06-04 23:13:46.647 [info] > git status -z -uall [11ms]
2023-06-04 23:13:46.647 [info] > git rev-parse --show-toplevel [3ms]
2023-06-04 23:13:46.647 [info] > git rev-parse --show-toplevel [1ms]
2023-06-04 23:13:46.647 [info] > git check-ignore -v -z --stdin [1ms]
2023-06-04 23:13:46.708 [info] > git show --textconv :static/css/style.css [11ms]
2023-06-04 23:13:46.709 [info] > git ls-files --stage -- /workspace/bavarian-cristus-PP4/static/css/style.css [2ms]
2023-06-04 23:13:46.720 [info] > git cat-file -s 889b4bfa1473eca651a201b6f9dc90419b9243db [2ms]
2023-06-04 23:13:47.693 [info] > git config --local branch.main.github-pr-owner-number [79ms]
2023-06-04 23:13:47.707 [info] > git config --get commit.template [3ms]
2023-06-04 23:13:47.727 [info] > git for-each-ref --format=%(refname)%00%(upstream:short)%00%(objectname)%00%(upstream:track)%00%(upstream:remotename)%00%(upstream:remoteref) refs/heads/main refs/remotes/main [7ms]
2023-06-04 23:13:47.741 [info] > git status -z -uall [4ms]
2023-06-04 23:13:51.197 [info] > git show --textconv :templates/index.html [8ms]
2023-06-04 23:13:51.198 [info] > git ls-files --stage -- /workspace/bavarian-cristus-PP4/templates/index.html [2ms]
2023-06-04 23:13:51.210 [info] > git cat-file -s 4c6ac1d6d4a8710b2a10911436cb7c15844c1a28 [1ms]
2023-06-04 23:13:51.649 [info] > git check-ignore -v -z --stdin [1ms]
