2023-06-01 06:49:11.174 [warning] /home/gitpod/.ssh/config: ENOENT: no such file or directory, open '/home/gitpod/.ssh/config'
2023-06-01 06:49:11.411 [info] Looking for git repository
2023-06-01 06:49:11.411 [info] Found 0 repositories during activation
2023-06-01 06:49:11.411 [info] Git repository found, initializing review manager and pr tree view.
2023-06-01 06:49:11.415 [info] Registering git provider
2023-06-01 06:49:11.415 [info] Review> Validate state in progress
2023-06-01 06:49:11.415 [info] Review> Validating state...
2023-06-01 06:49:11.470 [info] Found GitHub remote for folder /workspace/bavarian-cristus-PP4
2023-06-01 06:49:11.988 [info] Repo state for file:///workspace/bavarian-cristus-PP4 changed.
2023-06-01 06:49:11.988 [info] Repo file:///workspace/bavarian-cristus-PP4 has already been setup.
2023-06-01 06:49:11.991 [info] Review> no matching pull request metadata found for current branch main
2023-06-01 06:49:12.214 [info] Review> No matching pull request metadata found on GitHub for current branch main
2023-06-01 07:25:42.200 [info] Review> Validate state in progress
2023-06-01 07:25:42.201 [info] Review> Validating state...
2023-06-01 07:25:42.274 [info] Found GitHub remote for folder /workspace/bavarian-cristus-PP4
2023-06-01 07:25:42.309 [info] Review> no matching pull request metadata found for current branch main
2023-06-01 07:25:42.558 [info] Review> No matching pull request metadata found on GitHub for current branch main
2023-06-01 07:25:47.228 [info] Review> Validate state in progress
2023-06-01 07:25:47.228 [info] Review> Validating state...
2023-06-01 07:25:47.289 [info] Found GitHub remote for folder /workspace/bavarian-cristus-PP4
2023-06-01 07:25:47.357 [info] Review> no matching pull request metadata found for current branch main
2023-06-01 07:25:47.590 [info] Review> No matching pull request metadata found on GitHub for current branch main
2023-06-01 08:23:48.248 [info] Review> Validate state in progress
2023-06-01 08:23:48.249 [info] Review> Validating state...
2023-06-01 08:23:48.326 [info] Found GitHub remote for folder /workspace/bavarian-cristus-PP4
2023-06-01 08:23:48.414 [info] Review> no matching pull request metadata found for current branch main
2023-06-01 08:23:48.654 [info] Review> No matching pull request metadata found on GitHub for current branch main
2023-06-01 08:23:53.287 [info] Review> Validate state in progress
2023-06-01 08:23:53.287 [info] Review> Validating state...
2023-06-01 08:23:53.335 [info] Found GitHub remote for folder /workspace/bavarian-cristus-PP4
2023-06-01 08:23:53.421 [info] Review> no matching pull request metadata found for current branch main
2023-06-01 08:23:53.659 [info] Review> No matching pull request metadata found on GitHub for current branch main
2023-06-01 09:46:18.205 [info] Review> Validate state in progress
2023-06-01 09:46:18.206 [info] Review> Validating state...
2023-06-01 09:46:18.336 [info] Found GitHub remote for folder /workspace/bavarian-cristus-PP4
2023-06-01 09:46:18.379 [info] Review> no matching pull request metadata found for current branch main
2023-06-01 09:46:18.625 [info] Review> No matching pull request metadata found on GitHub for current branch main
2023-06-01 09:46:26.292 [info] Review> Validate state in progress
2023-06-01 09:46:26.292 [info] Review> Validating state...
2023-06-01 09:46:26.330 [info] Found GitHub remote for folder /workspace/bavarian-cristus-PP4
2023-06-01 09:46:26.418 [info] Review> no matching pull request metadata found for current branch main
2023-06-01 09:46:26.661 [info] Review> No matching pull request metadata found on GitHub for current branch main
2023-06-01 10:03:11.141 [info] Review> Validate state in progress
2023-06-01 10:03:11.142 [info] Review> Validating state...
2023-06-01 10:03:11.267 [info] Found GitHub remote for folder /workspace/bavarian-cristus-PP4
2023-06-01 10:03:11.373 [info] Review> no matching pull request metadata found for current branch main
2023-06-01 10:03:11.591 [info] Review> No matching pull request metadata found on GitHub for current branch main
2023-06-01 10:03:16.189 [info] Review> Validate state in progress
2023-06-01 10:03:16.189 [info] Review> Validating state...
2023-06-01 10:03:16.219 [info] Found GitHub remote for folder /workspace/bavarian-cristus-PP4
2023-06-01 10:03:16.318 [info] Review> no matching pull request metadata found for current branch main
2023-06-01 10:03:16.547 [info] Review> No matching pull request metadata found on GitHub for current branch main
