2023-06-04 20:51:48.718 [info] Log level: Info
2023-06-04 20:51:48.718 [info] Validating found git in: "git"
2023-06-04 20:51:48.718 [info] Using git "2.37.3" from "git"
2023-06-04 20:51:48.718 [info] > git rev-parse --show-toplevel [3ms]
2023-06-04 20:51:48.718 [info] > git rev-parse --git-dir --git-common-dir [1ms]
2023-06-04 20:51:48.718 [info] Open repository: /workspace/bavarian-cristus-PP4
2023-06-04 20:51:48.718 [info] > git rev-parse --show-toplevel [7ms]
2023-06-04 20:51:48.718 [info] > git config --get commit.template [6ms]
2023-06-04 20:51:48.718 [info] > git rev-parse --show-toplevel [7ms]
2023-06-04 20:51:48.718 [info] > git for-each-ref --format=%(refname)%00%(upstream:short)%00%(objectname)%00%(upstream:track)%00%(upstream:remotename)%00%(upstream:remoteref) refs/heads/main refs/remotes/main [6ms]
2023-06-04 20:51:48.718 [info] > git rev-parse --show-toplevel [7ms]
2023-06-04 20:51:48.718 [info] > git rev-parse --show-toplevel [1ms]
2023-06-04 20:51:48.718 [info] > git rev-parse --show-toplevel [1ms]
2023-06-04 20:51:48.718 [info] > git rev-parse --show-toplevel [1ms]
2023-06-04 20:51:48.718 [info] > git status -z -uall [151ms]
2023-06-04 20:51:48.718 [info] > git rev-parse --show-toplevel [114ms]
2023-06-04 20:51:48.718 [info] > git config --get commit.template [12ms]
2023-06-04 20:51:48.718 [info] > git rev-parse --show-toplevel [21ms]
2023-06-04 20:51:48.718 [info] > git rev-parse --show-toplevel [12ms]
2023-06-04 20:51:48.718 [info] > git for-each-ref --format=%(refname)%00%(upstream:short)%00%(objectname)%00%(upstream:track)%00%(upstream:remotename)%00%(upstream:remoteref) refs/heads/main refs/remotes/main [10ms]
2023-06-04 20:51:48.718 [info] > git status -z -uall [42ms]
2023-06-04 20:51:49.203 [info] > git check-ignore -v -z --stdin [2ms]
2023-06-04 20:51:49.704 [info] > git config --local branch.main.github-pr-owner-number [41ms]
2023-06-04 20:51:49.726 [info] > git config --get commit.template [14ms]
2023-06-04 20:51:49.742 [info] > git for-each-ref --format=%(refname)%00%(upstream:short)%00%(objectname)%00%(upstream:track)%00%(upstream:remotename)%00%(upstream:remoteref) refs/heads/main refs/remotes/main [8ms]
2023-06-04 20:51:49.789 [info] > git status -z -uall [39ms]
2023-06-04 20:56:49.361 [info] > git config --local branch.main.github-pr-owner-number [1ms]
2023-06-04 20:56:49.377 [info] > git config --get commit.template [8ms]
2023-06-04 20:56:49.378 [info] > git for-each-ref --format=%(refname)%00%(upstream:short)%00%(objectname)%00%(upstream:track)%00%(upstream:remotename)%00%(upstream:remoteref) refs/heads/main refs/remotes/main [1ms]
2023-06-04 20:56:49.424 [info] > git status -z -uall [38ms]
2023-06-04 20:59:49.084 [info] > git check-ignore -v -z --stdin [1ms]
2023-06-04 20:59:52.372 [info] > git check-ignore -v -z --stdin [1ms]
2023-06-04 20:59:55.000 [info] > git show --textconv :blog/views.py [64ms]
2023-06-04 20:59:55.002 [info] > git ls-files --stage -- /workspace/bavarian-cristus-PP4/blog/views.py [3ms]
2023-06-04 20:59:55.092 [info] > git cat-file -s 7fdb283506f3da9f400637b2b272cd1534afd9dd [80ms]
2023-06-04 21:01:47.343 [info] > git show --textconv :blog/forms.py [10ms]
2023-06-04 21:01:47.344 [info] > git ls-files --stage -- /workspace/bavarian-cristus-PP4/blog/forms.py [2ms]
2023-06-04 21:01:47.353 [info] > git cat-file -s 740488dec321a7b71f63390e39dae86e657b82a6 [1ms]
2023-06-04 21:01:49.436 [info] > git config --local branch.main.github-pr-owner-number [1ms]
2023-06-04 21:01:49.454 [info] > git config --get commit.template [8ms]
2023-06-04 21:01:49.454 [info] > git for-each-ref --format=%(refname)%00%(upstream:short)%00%(objectname)%00%(upstream:track)%00%(upstream:remotename)%00%(upstream:remoteref) refs/heads/main refs/remotes/main [1ms]
2023-06-04 21:01:49.501 [info] > git status -z -uall [39ms]
2023-06-04 21:04:15.202 [info] > git show --textconv :blog/views.py [7ms]
2023-06-04 21:04:15.203 [info] > git ls-files --stage -- /workspace/bavarian-cristus-PP4/blog/views.py [2ms]
2023-06-04 21:04:15.210 [info] > git cat-file -s 7fdb283506f3da9f400637b2b272cd1534afd9dd [2ms]
2023-06-04 21:06:49.514 [info] > git config --local branch.main.github-pr-owner-number [1ms]
2023-06-04 21:06:49.525 [info] > git config --get commit.template [6ms]
2023-06-04 21:06:49.526 [info] > git for-each-ref --format=%(refname)%00%(upstream:short)%00%(objectname)%00%(upstream:track)%00%(upstream:remotename)%00%(upstream:remoteref) refs/heads/main refs/remotes/main [2ms]
2023-06-04 21:06:49.570 [info] > git status -z -uall [37ms]
2023-06-04 21:07:29.248 [info] > git check-ignore -v -z --stdin [1ms]
2023-06-04 21:07:30.675 [info] > git check-ignore -v -z --stdin [2ms]
2023-06-04 21:07:35.216 [info] > git show --textconv :templates/post_edit.html [9ms]
2023-06-04 21:07:35.217 [info] > git ls-files --stage -- /workspace/bavarian-cristus-PP4/templates/post_edit.html [1ms]
2023-06-04 21:07:35.226 [info] > git cat-file -s 659896c08ad58046b6ea8658713b73ebd8f90729 [1ms]
2023-06-04 21:10:27.134 [info] > git show --textconv :templates/post_detail.html [9ms]
2023-06-04 21:10:27.134 [info] > git ls-files --stage -- /workspace/bavarian-cristus-PP4/templates/post_detail.html [1ms]
2023-06-04 21:10:27.144 [info] > git cat-file -s 501ed9859173e2b4077b4b6a0cf82f5a70f4c28e [1ms]
2023-06-04 21:10:31.240 [info] > git show --textconv :templates/upload.html [8ms]
2023-06-04 21:10:31.241 [info] > git ls-files --stage -- /workspace/bavarian-cristus-PP4/templates/upload.html [1ms]
2023-06-04 21:10:31.250 [info] > git cat-file -s ee9da2deac8bb17e19b4c35bc1224debc940ca6e [1ms]
2023-06-04 21:10:44.657 [info] > git show --textconv :templates/post_edit.html [11ms]
2023-06-04 21:10:44.657 [info] > git ls-files --stage -- /workspace/bavarian-cristus-PP4/templates/post_edit.html [2ms]
2023-06-04 21:10:44.667 [info] > git cat-file -s 659896c08ad58046b6ea8658713b73ebd8f90729 [1ms]
2023-06-04 21:11:15.712 [info] > git show --textconv :blog/views.py [6ms]
2023-06-04 21:11:15.714 [info] > git ls-files --stage -- /workspace/bavarian-cristus-PP4/blog/views.py [2ms]
2023-06-04 21:11:15.721 [info] > git cat-file -s 7fdb283506f3da9f400637b2b272cd1534afd9dd [2ms]
2023-06-04 21:11:49.585 [info] > git config --local branch.main.github-pr-owner-number [3ms]
2023-06-04 21:11:49.601 [info] > git config --get commit.template [6ms]
2023-06-04 21:11:49.601 [info] > git for-each-ref --format=%(refname)%00%(upstream:short)%00%(objectname)%00%(upstream:track)%00%(upstream:remotename)%00%(upstream:remoteref) refs/heads/main refs/remotes/main [1ms]
2023-06-04 21:11:49.647 [info] > git status -z -uall [39ms]
2023-06-04 21:11:57.453 [info] > git show --textconv :templates/post_edit.html [8ms]
2023-06-04 21:11:57.454 [info] > git ls-files --stage -- /workspace/bavarian-cristus-PP4/templates/post_edit.html [2ms]
2023-06-04 21:11:57.460 [info] > git cat-file -s 659896c08ad58046b6ea8658713b73ebd8f90729 [1ms]
2023-06-04 21:12:12.069 [info] > git show --textconv :templates/profile.html [8ms]
2023-06-04 21:12:12.070 [info] > git ls-files --stage -- /workspace/bavarian-cristus-PP4/templates/profile.html [2ms]
2023-06-04 21:12:12.076 [info] > git cat-file -s ebf58aa3f7bd7a30eeadee5438aecb7184ae3a91 [1ms]
2023-06-04 21:12:14.197 [info] > git show --textconv :templates/upload.html [7ms]
2023-06-04 21:12:14.198 [info] > git ls-files --stage -- /workspace/bavarian-cristus-PP4/templates/upload.html [1ms]
2023-06-04 21:12:14.205 [info] > git cat-file -s ee9da2deac8bb17e19b4c35bc1224debc940ca6e [1ms]
2023-06-04 21:12:30.228 [info] > git for-each-ref --format=%(refname)%00%(upstream:short)%00%(objectname)%00%(upstream:track)%00%(upstream:remotename)%00%(upstream:remoteref) refs/heads/main refs/remotes/main [1ms]
2023-06-04 21:12:30.228 [info] > git config --get commit.template [8ms]
2023-06-04 21:12:30.271 [info] > git status -z -uall [38ms]
2023-06-04 21:12:50.744 [info] > git show --textconv :templates/post_edit.html [10ms]
2023-06-04 21:12:50.744 [info] > git ls-files --stage -- /workspace/bavarian-cristus-PP4/templates/post_edit.html [1ms]
2023-06-04 21:12:50.755 [info] > git cat-file -s 659896c08ad58046b6ea8658713b73ebd8f90729 [1ms]
2023-06-04 21:13:00.292 [info] > git config --get commit.template [11ms]
2023-06-04 21:13:00.293 [info] > git for-each-ref --format=%(refname)%00%(upstream:short)%00%(objectname)%00%(upstream:track)%00%(upstream:remotename)%00%(upstream:remoteref) refs/heads/main refs/remotes/main [2ms]
2023-06-04 21:13:00.346 [info] > git status -z -uall [41ms]
2023-06-04 21:15:30.827 [info] > git config --get commit.template [10ms]
2023-06-04 21:15:30.827 [info] > git for-each-ref --format=%(refname)%00%(upstream:short)%00%(objectname)%00%(upstream:track)%00%(upstream:remotename)%00%(upstream:remoteref) refs/heads/main refs/remotes/main [1ms]
2023-06-04 21:15:30.874 [info] > git status -z -uall [39ms]
2023-06-04 21:16:49.660 [info] > git config --local branch.main.github-pr-owner-number [1ms]
2023-06-04 21:16:49.679 [info] > git config --get commit.template [10ms]
2023-06-04 21:16:49.679 [info] > git for-each-ref --format=%(refname)%00%(upstream:short)%00%(objectname)%00%(upstream:track)%00%(upstream:remotename)%00%(upstream:remoteref) refs/heads/main refs/remotes/main [1ms]
2023-06-04 21:16:49.726 [info] > git status -z -uall [37ms]
2023-06-04 21:17:52.631 [info] > git show --textconv :bcristus/settings.py [11ms]
2023-06-04 21:17:52.631 [info] > git ls-files --stage -- /workspace/bavarian-cristus-PP4/bcristus/settings.py [1ms]
2023-06-04 21:17:52.642 [info] > git cat-file -s 97e9378c73a9d034e629eadff8199b4763444f41 [2ms]
2023-06-04 21:18:23.942 [info] > git show --textconv :blog/views.py [8ms]
2023-06-04 21:18:23.942 [info] > git ls-files --stage -- /workspace/bavarian-cristus-PP4/blog/views.py [1ms]
2023-06-04 21:18:23.951 [info] > git cat-file -s 7fdb283506f3da9f400637b2b272cd1534afd9dd [3ms]
2023-06-04 21:18:36.445 [info] > git show --textconv :blog/forms.py [6ms]
2023-06-04 21:18:36.446 [info] > git ls-files --stage -- /workspace/bavarian-cristus-PP4/blog/forms.py [2ms]
2023-06-04 21:18:36.454 [info] > git cat-file -s 740488dec321a7b71f63390e39dae86e657b82a6 [3ms]
2023-06-04 21:19:17.714 [info] > git config --get commit.template [11ms]
2023-06-04 21:19:17.714 [info] > git for-each-ref --format=%(refname)%00%(upstream:short)%00%(objectname)%00%(upstream:track)%00%(upstream:remotename)%00%(upstream:remoteref) refs/heads/main refs/remotes/main [1ms]
2023-06-04 21:19:17.761 [info] > git status -z -uall [38ms]
2023-06-04 21:21:49.739 [info] > git config --local branch.main.github-pr-owner-number [1ms]
2023-06-04 21:21:49.760 [info] > git config --get commit.template [10ms]
2023-06-04 21:21:49.760 [info] > git for-each-ref --format=%(refname)%00%(upstream:short)%00%(objectname)%00%(upstream:track)%00%(upstream:remotename)%00%(upstream:remoteref) refs/heads/main refs/remotes/main [1ms]
2023-06-04 21:21:49.808 [info] > git status -z -uall [38ms]
2023-06-04 21:23:00.637 [info] > git config --get commit.template [10ms]
2023-06-04 21:23:00.638 [info] > git for-each-ref --format=%(refname)%00%(upstream:short)%00%(objectname)%00%(upstream:track)%00%(upstream:remotename)%00%(upstream:remoteref) refs/heads/main refs/remotes/main [2ms]
2023-06-04 21:23:00.686 [info] > git status -z -uall [38ms]
2023-06-04 21:23:26.746 [info] > git config --get commit.template [10ms]
2023-06-04 21:23:26.747 [info] > git for-each-ref --format=%(refname)%00%(upstream:short)%00%(objectname)%00%(upstream:track)%00%(upstream:remotename)%00%(upstream:remoteref) refs/heads/main refs/remotes/main [2ms]
2023-06-04 21:23:26.800 [info] > git status -z -uall [44ms]
2023-06-04 21:25:02.329 [info] > git show --textconv :blog/views.py [11ms]
2023-06-04 21:25:02.330 [info] > git ls-files --stage -- /workspace/bavarian-cristus-PP4/blog/views.py [2ms]
2023-06-04 21:25:02.340 [info] > git cat-file -s 7fdb283506f3da9f400637b2b272cd1534afd9dd [1ms]
2023-06-04 21:26:03.860 [info] > git config --get commit.template [10ms]
2023-06-04 21:26:03.861 [info] > git for-each-ref --format=%(refname)%00%(upstream:short)%00%(objectname)%00%(upstream:track)%00%(upstream:remotename)%00%(upstream:remoteref) refs/heads/main refs/remotes/main [1ms]
2023-06-04 21:26:03.909 [info] > git status -z -uall [38ms]
2023-06-04 21:26:49.819 [info] > git config --local branch.main.github-pr-owner-number [1ms]
2023-06-04 21:26:49.835 [info] > git config --get commit.template [9ms]
2023-06-04 21:26:49.836 [info] > git for-each-ref --format=%(refname)%00%(upstream:short)%00%(objectname)%00%(upstream:track)%00%(upstream:remotename)%00%(upstream:remoteref) refs/heads/main refs/remotes/main [2ms]
2023-06-04 21:26:49.883 [info] > git status -z -uall [40ms]
2023-06-04 21:28:27.510 [info] > git config --get commit.template [10ms]
2023-06-04 21:28:27.511 [info] > git for-each-ref --format=%(refname)%00%(upstream:short)%00%(objectname)%00%(upstream:track)%00%(upstream:remotename)%00%(upstream:remoteref) refs/heads/main refs/remotes/main [1ms]
2023-06-04 21:28:27.558 [info] > git status -z -uall [38ms]
2023-06-04 21:28:32.582 [info] > git config --get commit.template [10ms]
2023-06-04 21:28:32.582 [info] > git for-each-ref --format=%(refname)%00%(upstream:short)%00%(objectname)%00%(upstream:track)%00%(upstream:remotename)%00%(upstream:remoteref) refs/heads/main refs/remotes/main [1ms]
2023-06-04 21:28:32.629 [info] > git status -z -uall [38ms]
2023-06-04 21:31:49.897 [info] > git config --local branch.main.github-pr-owner-number [1ms]
2023-06-04 21:31:49.917 [info] > git config --get commit.template [10ms]
2023-06-04 21:31:49.918 [info] > git for-each-ref --format=%(refname)%00%(upstream:short)%00%(objectname)%00%(upstream:track)%00%(upstream:remotename)%00%(upstream:remoteref) refs/heads/main refs/remotes/main [1ms]
2023-06-04 21:31:49.967 [info] > git status -z -uall [39ms]
2023-06-04 21:31:52.290 [info] > git config --get commit.template [10ms]
2023-06-04 21:31:52.291 [info] > git for-each-ref --format=%(refname)%00%(upstream:short)%00%(objectname)%00%(upstream:track)%00%(upstream:remotename)%00%(upstream:remoteref) refs/heads/main refs/remotes/main [2ms]
2023-06-04 21:31:52.339 [info] > git status -z -uall [40ms]
2023-06-04 21:33:55.089 [info] > git config --get commit.template [10ms]
2023-06-04 21:33:55.090 [info] > git for-each-ref --format=%(refname)%00%(upstream:short)%00%(objectname)%00%(upstream:track)%00%(upstream:remotename)%00%(upstream:remoteref) refs/heads/main refs/remotes/main [2ms]
2023-06-04 21:33:55.139 [info] > git status -z -uall [43ms]
2023-06-04 21:34:03.939 [info] > git config --get commit.template [7ms]
2023-06-04 21:34:03.939 [info] > git for-each-ref --format=%(refname)%00%(upstream:short)%00%(objectname)%00%(upstream:track)%00%(upstream:remotename)%00%(upstream:remoteref) refs/heads/main refs/remotes/main [1ms]
2023-06-04 21:34:03.984 [info] > git status -z -uall [39ms]
2023-06-04 21:34:15.717 [info] > git config --get commit.template [7ms]
2023-06-04 21:34:15.717 [info] > git for-each-ref --format=%(refname)%00%(upstream:short)%00%(objectname)%00%(upstream:track)%00%(upstream:remotename)%00%(upstream:remoteref) refs/heads/main refs/remotes/main [1ms]
2023-06-04 21:34:15.769 [info] > git status -z -uall [43ms]
2023-06-04 21:36:23.179 [info] > git config --get commit.template [10ms]
2023-06-04 21:36:23.180 [info] > git for-each-ref --format=%(refname)%00%(upstream:short)%00%(objectname)%00%(upstream:track)%00%(upstream:remotename)%00%(upstream:remoteref) refs/heads/main refs/remotes/main [2ms]
2023-06-04 21:36:23.229 [info] > git status -z -uall [39ms]
2023-06-04 21:36:49.980 [info] > git config --local branch.main.github-pr-owner-number [1ms]
2023-06-04 21:36:49.998 [info] > git config --get commit.template [9ms]
2023-06-04 21:36:49.999 [info] > git for-each-ref --format=%(refname)%00%(upstream:short)%00%(objectname)%00%(upstream:track)%00%(upstream:remotename)%00%(upstream:remoteref) refs/heads/main refs/remotes/main [1ms]
2023-06-04 21:36:50.047 [info] > git status -z -uall [38ms]
2023-06-04 21:38:21.011 [info] > git config --get commit.template [2ms]
2023-06-04 21:38:21.018 [info] > git for-each-ref --format=%(refname)%00%(upstream:short)%00%(objectname)%00%(upstream:track)%00%(upstream:remotename)%00%(upstream:remoteref) refs/heads/main refs/remotes/main [1ms]
2023-06-04 21:38:21.063 [info] > git status -z -uall [38ms]
2023-06-04 21:40:46.219 [info] > git config --get commit.template [10ms]
2023-06-04 21:40:46.220 [info] > git for-each-ref --format=%(refname)%00%(upstream:short)%00%(objectname)%00%(upstream:track)%00%(upstream:remotename)%00%(upstream:remoteref) refs/heads/main refs/remotes/main [2ms]
2023-06-04 21:40:46.269 [info] > git status -z -uall [39ms]
2023-06-04 21:40:51.290 [info] > git config --get commit.template [9ms]
2023-06-04 21:40:51.291 [info] > git for-each-ref --format=%(refname)%00%(upstream:short)%00%(objectname)%00%(upstream:track)%00%(upstream:remotename)%00%(upstream:remoteref) refs/heads/main refs/remotes/main [1ms]
2023-06-04 21:40:51.338 [info] > git status -z -uall [38ms]
2023-06-04 21:41:17.628 [info] > git config --get commit.template [9ms]
2023-06-04 21:41:17.629 [info] > git for-each-ref --format=%(refname)%00%(upstream:short)%00%(objectname)%00%(upstream:track)%00%(upstream:remotename)%00%(upstream:remoteref) refs/heads/main refs/remotes/main [2ms]
2023-06-04 21:41:17.716 [info] > git status -z -uall [38ms]
2023-06-04 21:41:50.059 [info] > git config --local branch.main.github-pr-owner-number [1ms]
2023-06-04 21:41:50.076 [info] > git config --get commit.template [10ms]
2023-06-04 21:41:50.077 [info] > git for-each-ref --format=%(refname)%00%(upstream:short)%00%(objectname)%00%(upstream:track)%00%(upstream:remotename)%00%(upstream:remoteref) refs/heads/main refs/remotes/main [1ms]
2023-06-04 21:41:50.125 [info] > git status -z -uall [39ms]
2023-06-04 21:45:21.046 [info] > git config --get commit.template [9ms]
2023-06-04 21:45:21.047 [info] > git for-each-ref --format=%(refname)%00%(upstream:short)%00%(objectname)%00%(upstream:track)%00%(upstream:remotename)%00%(upstream:remoteref) refs/heads/main refs/remotes/main [1ms]
2023-06-04 21:45:21.096 [info] > git status -z -uall [39ms]
2023-06-04 21:45:44.806 [info] > git config --get commit.template [7ms]
2023-06-04 21:45:44.807 [info] > git for-each-ref --format=%(refname)%00%(upstream:short)%00%(objectname)%00%(upstream:track)%00%(upstream:remotename)%00%(upstream:remoteref) refs/heads/main refs/remotes/main [1ms]
2023-06-04 21:45:44.852 [info] > git status -z -uall [38ms]
2023-06-04 21:45:49.876 [info] > git config --get commit.template [10ms]
2023-06-04 21:45:49.876 [info] > git for-each-ref --format=%(refname)%00%(upstream:short)%00%(objectname)%00%(upstream:track)%00%(upstream:remotename)%00%(upstream:remoteref) refs/heads/main refs/remotes/main [1ms]
2023-06-04 21:45:49.924 [info] > git status -z -uall [39ms]
2023-06-04 21:46:03.553 [info] > git config --get commit.template [8ms]
2023-06-04 21:46:03.554 [info] > git for-each-ref --format=%(refname)%00%(upstream:short)%00%(objectname)%00%(upstream:track)%00%(upstream:remotename)%00%(upstream:remoteref) refs/heads/main refs/remotes/main [2ms]
2023-06-04 21:46:03.602 [info] > git status -z -uall [39ms]
2023-06-04 21:46:08.622 [info] > git config --get commit.template [6ms]
2023-06-04 21:46:08.623 [info] > git for-each-ref --format=%(refname)%00%(upstream:short)%00%(objectname)%00%(upstream:track)%00%(upstream:remotename)%00%(upstream:remoteref) refs/heads/main refs/remotes/main [1ms]
2023-06-04 21:46:08.667 [info] > git status -z -uall [37ms]
2023-06-04 21:46:20.933 [info] > git config --get commit.template [6ms]
2023-06-04 21:46:20.934 [info] > git for-each-ref --format=%(refname)%00%(upstream:short)%00%(objectname)%00%(upstream:track)%00%(upstream:remotename)%00%(upstream:remoteref) refs/heads/main refs/remotes/main [1ms]
2023-06-04 21:46:20.981 [info] > git status -z -uall [39ms]
2023-06-04 21:46:50.138 [info] > git config --local branch.main.github-pr-owner-number [1ms]
2023-06-04 21:46:50.159 [info] > git config --get commit.template [10ms]
2023-06-04 21:46:50.160 [info] > git for-each-ref --format=%(refname)%00%(upstream:short)%00%(objectname)%00%(upstream:track)%00%(upstream:remotename)%00%(upstream:remoteref) refs/heads/main refs/remotes/main [1ms]
2023-06-04 21:46:50.207 [info] > git status -z -uall [39ms]
2023-06-04 21:48:09.460 [info] > git config --get commit.template [6ms]
2023-06-04 21:48:09.461 [info] > git for-each-ref --format=%(refname)%00%(upstream:short)%00%(objectname)%00%(upstream:track)%00%(upstream:remotename)%00%(upstream:remoteref) refs/heads/main refs/remotes/main [1ms]
2023-06-04 21:48:09.509 [info] > git status -z -uall [40ms]
2023-06-04 21:48:17.584 [info] > git config --get commit.template [7ms]
2023-06-04 21:48:17.586 [info] > git for-each-ref --format=%(refname)%00%(upstream:short)%00%(objectname)%00%(upstream:track)%00%(upstream:remotename)%00%(upstream:remoteref) refs/heads/main refs/remotes/main [2ms]
2023-06-04 21:48:17.594 [info] > git status -z -uall [3ms]
2023-06-04 21:48:17.725 [info] > git ls-files --stage -- /workspace/bavarian-cristus-PP4/blog/forms.py [6ms]
2023-06-04 21:48:17.730 [info] > git ls-files --stage -- /workspace/bavarian-cristus-PP4/templates/upload.html [17ms]
2023-06-04 21:48:17.736 [info] > git cat-file -s d393961a838248170555885c449df974c448377d [5ms]
2023-06-04 21:48:17.736 [info] > git ls-files --stage -- /workspace/bavarian-cristus-PP4/blog/views.py [12ms]
2023-06-04 21:48:17.742 [info] > git cat-file -s bcf486219c5c7e3ffd9091e5fd89f824dc2c4279 [7ms]
2023-06-04 21:48:17.744 [info] > git cat-file -s 55faea1f9a6c56d7d53beeb167618f170b8e0d2c [3ms]
2023-06-04 21:48:17.796 [info] > git show --textconv :blog/forms.py [7ms]
2023-06-04 21:48:17.802 [info] > git show --textconv :templates/upload.html [7ms]
2023-06-04 21:48:17.804 [info] > git show --textconv :blog/views.py [2ms]
2023-06-04 21:48:38.318 [info] > git config --get commit.template [9ms]
2023-06-04 21:48:38.319 [info] > git for-each-ref --format=%(refname)%00%(upstream:short)%00%(objectname)%00%(upstream:track)%00%(upstream:remotename)%00%(upstream:remoteref) refs/heads/main refs/remotes/main [1ms]
2023-06-04 21:48:38.331 [info] > git status -z -uall [2ms]
2023-06-04 21:48:38.452 [info] > git config --local branch.main.github-pr-owner-number [2ms]
2023-06-04 21:48:38.464 [info] > git config --get commit.template [0ms]
2023-06-04 21:48:38.506 [info] > git ls-files --stage -- /workspace/bavarian-cristus-PP4/blog/forms.py [10ms]
2023-06-04 21:48:38.515 [info] > git ls-files --stage -- /workspace/bavarian-cristus-PP4/templates/upload.html [30ms]
2023-06-04 21:48:38.524 [info] > git for-each-ref --format=%(refname)%00%(upstream:short)%00%(objectname)%00%(upstream:track)%00%(upstream:remotename)%00%(upstream:remoteref) refs/heads/main refs/remotes/main [50ms]
2023-06-04 21:48:38.535 [info] > git cat-file -s bcf486219c5c7e3ffd9091e5fd89f824dc2c4279 [11ms]
2023-06-04 21:48:38.535 [info] > git cat-file -s d393961a838248170555885c449df974c448377d [20ms]
2023-06-04 21:48:38.536 [info] > git ls-files --stage -- /workspace/bavarian-cristus-PP4/blog/views.py [31ms]
2023-06-04 21:48:38.546 [info] > git status -z -uall [12ms]
2023-06-04 21:48:38.560 [info] > git cat-file -s 55faea1f9a6c56d7d53beeb167618f170b8e0d2c [14ms]
2023-06-04 21:48:38.609 [info] > git show --textconv :templates/upload.html [13ms]
2023-06-04 21:48:38.609 [info] > git show --textconv :blog/forms.py [3ms]
2023-06-04 21:48:38.624 [info] > git show --textconv :blog/views.py [2ms]
2023-06-04 21:48:43.637 [info] > git config --get commit.template [11ms]
2023-06-04 21:48:43.638 [info] > git for-each-ref --format=%(refname)%00%(upstream:short)%00%(objectname)%00%(upstream:track)%00%(upstream:remotename)%00%(upstream:remoteref) refs/heads/main refs/remotes/main [2ms]
2023-06-04 21:48:43.649 [info] > git status -z -uall [2ms]
2023-06-04 21:48:43.726 [info] > git config --local branch.main.github-pr-owner-number [30ms]
2023-06-04 21:48:43.738 [info] > git config --get commit.template [2ms]
2023-06-04 21:48:43.754 [info] > git for-each-ref --format=%(refname)%00%(upstream:short)%00%(objectname)%00%(upstream:track)%00%(upstream:remotename)%00%(upstream:remoteref) refs/heads/main refs/remotes/main [5ms]
2023-06-04 21:48:43.765 [info] > git status -z -uall [2ms]
2023-06-04 21:48:43.803 [info] > git ls-files --stage -- /workspace/bavarian-cristus-PP4/blog/forms.py [10ms]
2023-06-04 21:48:43.813 [info] > git ls-files --stage -- /workspace/bavarian-cristus-PP4/templates/upload.html [27ms]
2023-06-04 21:48:43.823 [info] > git cat-file -s d393961a838248170555885c449df974c448377d [10ms]
2023-06-04 21:48:43.824 [info] > git ls-files --stage -- /workspace/bavarian-cristus-PP4/blog/views.py [22ms]
2023-06-04 21:48:43.835 [info] > git cat-file -s bcf486219c5c7e3ffd9091e5fd89f824dc2c4279 [13ms]
2023-06-04 21:48:43.836 [info] > git cat-file -s 55faea1f9a6c56d7d53beeb167618f170b8e0d2c [3ms]
2023-06-04 21:48:43.886 [info] > git show --textconv :blog/forms.py [12ms]
2023-06-04 21:48:43.886 [info] > git show --textconv :templates/upload.html [2ms]
2023-06-04 21:48:43.897 [info] > git show --textconv :blog/views.py [2ms]
