2023-06-04 23:14:06.397 [info] Log level: Info
2023-06-04 23:14:06.397 [info] Validating found git in: "git"
2023-06-04 23:14:06.397 [info] Using git "2.37.3" from "git"
2023-06-04 23:14:06.397 [info] > git rev-parse --show-toplevel [5ms]
2023-06-04 23:14:06.397 [info] > git rev-parse --git-dir --git-common-dir [16ms]
2023-06-04 23:14:06.397 [info] Open repository: /workspace/bavarian-cristus-PP4
2023-06-04 23:14:06.397 [info] > git rev-parse --show-toplevel [8ms]
2023-06-04 23:14:06.397 [info] > git config --get commit.template [8ms]
2023-06-04 23:14:06.397 [info] > git rev-parse --show-toplevel [3ms]
2023-06-04 23:14:06.397 [info] > git rev-parse --show-toplevel [9ms]
2023-06-04 23:14:06.397 [info] > git for-each-ref --format=%(refname)%00%(upstream:short)%00%(objectname)%00%(upstream:track)%00%(upstream:remotename)%00%(upstream:remoteref) refs/heads/main refs/remotes/main [9ms]
2023-06-04 23:14:06.397 [info] > git rev-parse --show-toplevel [8ms]
2023-06-04 23:14:06.397 [info] > git status -z -uall [6ms]
2023-06-04 23:14:06.397 [info] > git rev-parse --show-toplevel [19ms]
2023-06-04 23:14:06.397 [info] > git config --get commit.template [10ms]
2023-06-04 23:14:06.397 [info] > git rev-parse --show-toplevel [6ms]
2023-06-04 23:14:06.397 [info] > git for-each-ref --format=%(refname)%00%(upstream:short)%00%(objectname)%00%(upstream:track)%00%(upstream:remotename)%00%(upstream:remoteref) refs/heads/main refs/remotes/main [11ms]
2023-06-04 23:14:06.397 [info] > git rev-parse --show-toplevel [23ms]
2023-06-04 23:14:06.397 [info] > git status -z -uall [7ms]
2023-06-04 23:14:06.397 [info] > git rev-parse --show-toplevel [3ms]
2023-06-04 23:14:06.397 [info] > git rev-parse --show-toplevel [2ms]
2023-06-04 23:14:06.397 [info] > git rev-parse --show-toplevel [2ms]
2023-06-04 23:14:06.397 [info] > git check-ignore -v -z --stdin [2ms]
2023-06-04 23:14:06.577 [info] > git show --textconv :templates/base.html [6ms]
2023-06-04 23:14:06.578 [info] > git ls-files --stage -- /workspace/bavarian-cristus-PP4/templates/base.html [2ms]
2023-06-04 23:14:06.584 [info] > git cat-file -s 8313474916ff9f500768c21eff8c285b0dd897c2 [2ms]
2023-06-04 23:14:08.088 [info] > git config --local branch.main.github-pr-owner-number [43ms]
2023-06-04 23:14:08.118 [info] > git config --get commit.template [18ms]
2023-06-04 23:14:08.131 [info] > git for-each-ref --format=%(refname)%00%(upstream:short)%00%(objectname)%00%(upstream:track)%00%(upstream:remotename)%00%(upstream:remoteref) refs/heads/main refs/remotes/main [3ms]
2023-06-04 23:14:08.139 [info] > git status -z -uall [2ms]
2023-06-04 23:15:47.728 [info] > git config --get commit.template [12ms]
2023-06-04 23:15:47.728 [info] > git for-each-ref --format=%(refname)%00%(upstream:short)%00%(objectname)%00%(upstream:track)%00%(upstream:remotename)%00%(upstream:remoteref) refs/heads/main refs/remotes/main [2ms]
2023-06-04 23:15:47.740 [info] > git status -z -uall [1ms]
2023-06-04 23:16:59.712 [info] > git config --get commit.template [12ms]
2023-06-04 23:16:59.713 [info] > git for-each-ref --format=%(refname)%00%(upstream:short)%00%(objectname)%00%(upstream:track)%00%(upstream:remotename)%00%(upstream:remoteref) refs/heads/main refs/remotes/main [2ms]
2023-06-04 23:16:59.725 [info] > git status -z -uall [2ms]
2023-06-04 23:17:35.565 [info] > git config --get commit.template [7ms]
2023-06-04 23:17:35.566 [info] > git for-each-ref --format=%(refname)%00%(upstream:short)%00%(objectname)%00%(upstream:track)%00%(upstream:remotename)%00%(upstream:remoteref) refs/heads/main refs/remotes/main [1ms]
2023-06-04 23:17:35.572 [info] > git status -z -uall [2ms]
2023-06-04 23:18:31.131 [info] > git config --get commit.template [12ms]
2023-06-04 23:18:31.131 [info] > git for-each-ref --format=%(refname)%00%(upstream:short)%00%(objectname)%00%(upstream:track)%00%(upstream:remotename)%00%(upstream:remoteref) refs/heads/main refs/remotes/main [1ms]
2023-06-04 23:18:31.143 [info] > git status -z -uall [1ms]
2023-06-04 23:19:07.561 [info] > git config --local branch.main.github-pr-owner-number [1ms]
2023-06-04 23:19:07.583 [info] > git config --get commit.template [10ms]
2023-06-04 23:19:07.583 [info] > git for-each-ref --format=%(refname)%00%(upstream:short)%00%(objectname)%00%(upstream:track)%00%(upstream:remotename)%00%(upstream:remoteref) refs/heads/main refs/remotes/main [1ms]
2023-06-04 23:19:07.596 [info] > git status -z -uall [2ms]
2023-06-04 23:22:02.620 [info] > git show --textconv :static/css/style.css [62ms]
2023-06-04 23:22:02.620 [info] > git check-ignore -v -z --stdin [1ms]
2023-06-04 23:22:02.622 [info] > git ls-files --stage -- /workspace/bavarian-cristus-PP4/static/css/style.css [9ms]
2023-06-04 23:22:02.630 [info] > git cat-file -s 889b4bfa1473eca651a201b6f9dc90419b9243db [2ms]
2023-06-04 23:22:03.143 [info] > git check-ignore -v -z --stdin [1ms]
2023-06-04 23:22:45.243 [info] > git config --get commit.template [12ms]
2023-06-04 23:22:45.244 [info] > git for-each-ref --format=%(refname)%00%(upstream:short)%00%(objectname)%00%(upstream:track)%00%(upstream:remotename)%00%(upstream:remoteref) refs/heads/main refs/remotes/main [2ms]
2023-06-04 23:22:45.257 [info] > git status -z -uall [2ms]
2023-06-04 23:22:56.288 [info] > git config --get commit.template [8ms]
2023-06-04 23:22:56.288 [info] > git for-each-ref --format=%(refname)%00%(upstream:short)%00%(objectname)%00%(upstream:track)%00%(upstream:remotename)%00%(upstream:remoteref) refs/heads/main refs/remotes/main [2ms]
2023-06-04 23:22:56.297 [info] > git status -z -uall [2ms]
2023-06-04 23:23:18.986 [info] > git check-ignore -v -z --stdin [1ms]
2023-06-04 23:24:06.531 [info] > git config --get commit.template [12ms]
2023-06-04 23:24:06.531 [info] > git for-each-ref --format=%(refname)%00%(upstream:short)%00%(objectname)%00%(upstream:track)%00%(upstream:remotename)%00%(upstream:remoteref) refs/heads/main refs/remotes/main [1ms]
2023-06-04 23:24:06.543 [info] > git status -z -uall [1ms]
2023-06-04 23:24:07.608 [info] > git config --local branch.main.github-pr-owner-number [1ms]
2023-06-04 23:24:07.620 [info] > git config --get commit.template [5ms]
2023-06-04 23:24:07.621 [info] > git for-each-ref --format=%(refname)%00%(upstream:short)%00%(objectname)%00%(upstream:track)%00%(upstream:remotename)%00%(upstream:remoteref) refs/heads/main refs/remotes/main [1ms]
2023-06-04 23:24:07.627 [info] > git status -z -uall [1ms]
2023-06-04 23:24:17.463 [info] > git config --get commit.template [8ms]
2023-06-04 23:24:17.464 [info] > git for-each-ref --format=%(refname)%00%(upstream:short)%00%(objectname)%00%(upstream:track)%00%(upstream:remotename)%00%(upstream:remoteref) refs/heads/main refs/remotes/main [2ms]
2023-06-04 23:24:17.472 [info] > git status -z -uall [1ms]
2023-06-04 23:24:28.495 [info] > git config --get commit.template [8ms]
2023-06-04 23:24:28.495 [info] > git for-each-ref --format=%(refname)%00%(upstream:short)%00%(objectname)%00%(upstream:track)%00%(upstream:remotename)%00%(upstream:remoteref) refs/heads/main refs/remotes/main [1ms]
2023-06-04 23:24:28.506 [info] > git status -z -uall [2ms]
2023-06-04 23:25:15.381 [info] > git config --get commit.template [12ms]
2023-06-04 23:25:15.381 [info] > git for-each-ref --format=%(refname)%00%(upstream:short)%00%(objectname)%00%(upstream:track)%00%(upstream:remotename)%00%(upstream:remoteref) refs/heads/main refs/remotes/main [2ms]
2023-06-04 23:25:15.394 [info] > git status -z -uall [1ms]
2023-06-04 23:25:24.547 [info] > git config --get commit.template [11ms]
2023-06-04 23:25:24.547 [info] > git for-each-ref --format=%(refname)%00%(upstream:short)%00%(objectname)%00%(upstream:track)%00%(upstream:remotename)%00%(upstream:remoteref) refs/heads/main refs/remotes/main [1ms]
2023-06-04 23:25:24.559 [info] > git status -z -uall [2ms]
2023-06-04 23:25:44.787 [info] > git config --get commit.template [12ms]
2023-06-04 23:25:44.788 [info] > git for-each-ref --format=%(refname)%00%(upstream:short)%00%(objectname)%00%(upstream:track)%00%(upstream:remotename)%00%(upstream:remoteref) refs/heads/main refs/remotes/main [1ms]
2023-06-04 23:25:44.801 [info] > git status -z -uall [2ms]
2023-06-04 23:26:33.170 [info] > git config --get commit.template [5ms]
2023-06-04 23:26:33.171 [info] > git for-each-ref --format=%(refname)%00%(upstream:short)%00%(objectname)%00%(upstream:track)%00%(upstream:remotename)%00%(upstream:remoteref) refs/heads/main refs/remotes/main [1ms]
2023-06-04 23:26:33.177 [info] > git status -z -uall [1ms]
2023-06-04 23:27:17.736 [info] > git check-ignore -v -z --stdin [1ms]
2023-06-04 23:27:20.412 [info] > git check-ignore -v -z --stdin [1ms]
2023-06-04 23:27:23.981 [info] > git show --textconv :templates/base.html [12ms]
2023-06-04 23:27:23.982 [info] > git ls-files --stage -- /workspace/bavarian-cristus-PP4/templates/base.html [1ms]
2023-06-04 23:27:23.994 [info] > git cat-file -s 8313474916ff9f500768c21eff8c285b0dd897c2 [1ms]
2023-06-04 23:29:07.664 [info] > git config --local branch.main.github-pr-owner-number [1ms]
2023-06-04 23:29:07.684 [info] > git config --get commit.template [12ms]
2023-06-04 23:29:07.685 [info] > git for-each-ref --format=%(refname)%00%(upstream:short)%00%(objectname)%00%(upstream:track)%00%(upstream:remotename)%00%(upstream:remoteref) refs/heads/main refs/remotes/main [2ms]
2023-06-04 23:29:07.699 [info] > git status -z -uall [2ms]
2023-06-04 23:29:28.330 [info] > git config --get commit.template [1ms]
2023-06-04 23:29:28.342 [info] > git for-each-ref --format=%(refname)%00%(upstream:short)%00%(objectname)%00%(upstream:track)%00%(upstream:remotename)%00%(upstream:remoteref) refs/heads/main refs/remotes/main [1ms]
2023-06-04 23:29:28.355 [info] > git status -z -uall [2ms]
2023-06-04 23:30:20.049 [info] > git config --get commit.template [1ms]
2023-06-04 23:30:20.061 [info] > git for-each-ref --format=%(refname)%00%(upstream:short)%00%(objectname)%00%(upstream:track)%00%(upstream:remotename)%00%(upstream:remoteref) refs/heads/main refs/remotes/main [2ms]
2023-06-04 23:30:20.073 [info] > git status -z -uall [1ms]
2023-06-04 23:32:37.191 [info] > git config --get commit.template [13ms]
2023-06-04 23:32:37.192 [info] > git for-each-ref --format=%(refname)%00%(upstream:short)%00%(objectname)%00%(upstream:track)%00%(upstream:remotename)%00%(upstream:remoteref) refs/heads/main refs/remotes/main [2ms]
2023-06-04 23:32:37.202 [info] > git status -z -uall [2ms]
2023-06-04 23:32:46.142 [info] > git config --get commit.template [7ms]
2023-06-04 23:32:46.143 [info] > git for-each-ref --format=%(refname)%00%(upstream:short)%00%(objectname)%00%(upstream:track)%00%(upstream:remotename)%00%(upstream:remoteref) refs/heads/main refs/remotes/main [1ms]
2023-06-04 23:32:46.150 [info] > git status -z -uall [2ms]
2023-06-04 23:33:14.623 [info] > git config --get commit.template [7ms]
2023-06-04 23:33:14.623 [info] > git for-each-ref --format=%(refname)%00%(upstream:short)%00%(objectname)%00%(upstream:track)%00%(upstream:remotename)%00%(upstream:remoteref) refs/heads/main refs/remotes/main [1ms]
2023-06-04 23:33:14.631 [info] > git status -z -uall [1ms]
2023-06-04 23:33:19.907 [info] > git config --get commit.template [12ms]
2023-06-04 23:33:19.908 [info] > git for-each-ref --format=%(refname)%00%(upstream:short)%00%(objectname)%00%(upstream:track)%00%(upstream:remotename)%00%(upstream:remoteref) refs/heads/main refs/remotes/main [2ms]
2023-06-04 23:33:19.920 [info] > git status -z -uall [2ms]
2023-06-04 23:33:43.816 [info] > git config --get commit.template [8ms]
2023-06-04 23:33:43.816 [info] > git for-each-ref --format=%(refname)%00%(upstream:short)%00%(objectname)%00%(upstream:track)%00%(upstream:remotename)%00%(upstream:remoteref) refs/heads/main refs/remotes/main [1ms]
2023-06-04 23:33:43.825 [info] > git status -z -uall [1ms]
2023-06-04 23:34:01.085 [info] > git config --get commit.template [7ms]
2023-06-04 23:34:01.085 [info] > git for-each-ref --format=%(refname)%00%(upstream:short)%00%(objectname)%00%(upstream:track)%00%(upstream:remotename)%00%(upstream:remoteref) refs/heads/main refs/remotes/main [1ms]
2023-06-04 23:34:01.093 [info] > git status -z -uall [1ms]
2023-06-04 23:34:07.713 [info] > git config --local branch.main.github-pr-owner-number [0ms]
2023-06-04 23:34:07.735 [info] > git config --get commit.template [11ms]
2023-06-04 23:34:07.736 [info] > git for-each-ref --format=%(refname)%00%(upstream:short)%00%(objectname)%00%(upstream:track)%00%(upstream:remotename)%00%(upstream:remoteref) refs/heads/main refs/remotes/main [1ms]
2023-06-04 23:34:07.748 [info] > git status -z -uall [1ms]
2023-06-04 23:34:53.530 [info] > git config --get commit.template [6ms]
2023-06-04 23:34:53.530 [info] > git for-each-ref --format=%(refname)%00%(upstream:short)%00%(objectname)%00%(upstream:track)%00%(upstream:remotename)%00%(upstream:remoteref) refs/heads/main refs/remotes/main [1ms]
2023-06-04 23:34:53.536 [info] > git status -z -uall [1ms]
2023-06-04 23:35:15.031 [info] > git config --get commit.template [12ms]
2023-06-04 23:35:15.031 [info] > git for-each-ref --format=%(refname)%00%(upstream:short)%00%(objectname)%00%(upstream:track)%00%(upstream:remotename)%00%(upstream:remoteref) refs/heads/main refs/remotes/main [1ms]
2023-06-04 23:35:15.046 [info] > git status -z -uall [3ms]
2023-06-04 23:35:40.471 [info] > git config --get commit.template [6ms]
2023-06-04 23:35:40.472 [info] > git for-each-ref --format=%(refname)%00%(upstream:short)%00%(objectname)%00%(upstream:track)%00%(upstream:remotename)%00%(upstream:remoteref) refs/heads/main refs/remotes/main [1ms]
2023-06-04 23:35:40.479 [info] > git status -z -uall [2ms]
2023-06-04 23:35:57.508 [info] > git config --get commit.template [6ms]
2023-06-04 23:35:57.509 [info] > git for-each-ref --format=%(refname)%00%(upstream:short)%00%(objectname)%00%(upstream:track)%00%(upstream:remotename)%00%(upstream:remoteref) refs/heads/main refs/remotes/main [1ms]
2023-06-04 23:35:57.515 [info] > git status -z -uall [2ms]
2023-06-04 23:36:02.737 [info] > git config --get commit.template [13ms]
2023-06-04 23:36:02.737 [info] > git for-each-ref --format=%(refname)%00%(upstream:short)%00%(objectname)%00%(upstream:track)%00%(upstream:remotename)%00%(upstream:remoteref) refs/heads/main refs/remotes/main [1ms]
2023-06-04 23:36:02.750 [info] > git status -z -uall [1ms]
2023-06-04 23:36:21.231 [info] > git config --get commit.template [6ms]
2023-06-04 23:36:21.232 [info] > git for-each-ref --format=%(refname)%00%(upstream:short)%00%(objectname)%00%(upstream:track)%00%(upstream:remotename)%00%(upstream:remoteref) refs/heads/main refs/remotes/main [1ms]
2023-06-04 23:36:21.238 [info] > git status -z -uall [1ms]
2023-06-04 23:37:56.106 [info] > git config --get commit.template [6ms]
2023-06-04 23:37:56.106 [info] > git for-each-ref --format=%(refname)%00%(upstream:short)%00%(objectname)%00%(upstream:track)%00%(upstream:remotename)%00%(upstream:remoteref) refs/heads/main refs/remotes/main [1ms]
2023-06-04 23:37:56.113 [info] > git status -z -uall [2ms]
2023-06-04 23:38:02.075 [info] > git config --get commit.template [6ms]
2023-06-04 23:38:02.075 [info] > git for-each-ref --format=%(refname)%00%(upstream:short)%00%(objectname)%00%(upstream:track)%00%(upstream:remotename)%00%(upstream:remoteref) refs/heads/main refs/remotes/main [1ms]
2023-06-04 23:38:02.081 [info] > git status -z -uall [1ms]
2023-06-04 23:38:07.462 [info] > git config --get commit.template [6ms]
2023-06-04 23:38:07.462 [info] > git for-each-ref --format=%(refname)%00%(upstream:short)%00%(objectname)%00%(upstream:track)%00%(upstream:remotename)%00%(upstream:remoteref) refs/heads/main refs/remotes/main [1ms]
2023-06-04 23:38:07.468 [info] > git status -z -uall [1ms]
2023-06-04 23:38:12.485 [info] > git config --get commit.template [7ms]
2023-06-04 23:38:12.486 [info] > git for-each-ref --format=%(refname)%00%(upstream:short)%00%(objectname)%00%(upstream:track)%00%(upstream:remotename)%00%(upstream:remoteref) refs/heads/main refs/remotes/main [2ms]
2023-06-04 23:38:12.492 [info] > git status -z -uall [1ms]
2023-06-04 23:38:17.667 [info] > git config --get commit.template [11ms]
2023-06-04 23:38:17.667 [info] > git for-each-ref --format=%(refname)%00%(upstream:short)%00%(objectname)%00%(upstream:track)%00%(upstream:remotename)%00%(upstream:remoteref) refs/heads/main refs/remotes/main [1ms]
2023-06-04 23:38:17.680 [info] > git status -z -uall [2ms]
2023-06-04 23:39:07.762 [info] > git config --local branch.main.github-pr-owner-number [1ms]
2023-06-04 23:39:07.786 [info] > git config --get commit.template [12ms]
2023-06-04 23:39:07.786 [info] > git for-each-ref --format=%(refname)%00%(upstream:short)%00%(objectname)%00%(upstream:track)%00%(upstream:remotename)%00%(upstream:remoteref) refs/heads/main refs/remotes/main [1ms]
2023-06-04 23:39:07.798 [info] > git status -z -uall [1ms]
2023-06-04 23:40:52.568 [info] > git config --get commit.template [12ms]
2023-06-04 23:40:52.569 [info] > git for-each-ref --format=%(refname)%00%(upstream:short)%00%(objectname)%00%(upstream:track)%00%(upstream:remotename)%00%(upstream:remoteref) refs/heads/main refs/remotes/main [2ms]
2023-06-04 23:40:52.581 [info] > git status -z -uall [1ms]
2023-06-04 23:41:12.993 [info] > git config --get commit.template [7ms]
2023-06-04 23:41:12.994 [info] > git for-each-ref --format=%(refname)%00%(upstream:short)%00%(objectname)%00%(upstream:track)%00%(upstream:remotename)%00%(upstream:remoteref) refs/heads/main refs/remotes/main [1ms]
2023-06-04 23:41:13.000 [info] > git status -z -uall [1ms]
2023-06-04 23:41:18.021 [info] > git config --get commit.template [7ms]
2023-06-04 23:41:18.021 [info] > git for-each-ref --format=%(refname)%00%(upstream:short)%00%(objectname)%00%(upstream:track)%00%(upstream:remotename)%00%(upstream:remoteref) refs/heads/main refs/remotes/main [2ms]
2023-06-04 23:41:18.029 [info] > git status -z -uall [2ms]
2023-06-04 23:42:40.196 [info] > git config --get commit.template [6ms]
2023-06-04 23:42:40.196 [info] > git for-each-ref --format=%(refname)%00%(upstream:short)%00%(objectname)%00%(upstream:track)%00%(upstream:remotename)%00%(upstream:remoteref) refs/heads/main refs/remotes/main [1ms]
2023-06-04 23:42:40.203 [info] > git status -z -uall [2ms]
2023-06-04 23:42:48.862 [info] > git config --get commit.template [7ms]
2023-06-04 23:42:48.862 [info] > git for-each-ref --format=%(refname)%00%(upstream:short)%00%(objectname)%00%(upstream:track)%00%(upstream:remotename)%00%(upstream:remoteref) refs/heads/main refs/remotes/main [1ms]
2023-06-04 23:42:48.869 [info] > git status -z -uall [2ms]
2023-06-04 23:43:31.154 [info] > git config --get commit.template [5ms]
2023-06-04 23:43:31.155 [info] > git for-each-ref --format=%(refname)%00%(upstream:short)%00%(objectname)%00%(upstream:track)%00%(upstream:remotename)%00%(upstream:remoteref) refs/heads/main refs/remotes/main [1ms]
2023-06-04 23:43:31.161 [info] > git status -z -uall [1ms]
2023-06-04 23:43:42.254 [info] > git config --get commit.template [6ms]
2023-06-04 23:43:42.254 [info] > git for-each-ref --format=%(refname)%00%(upstream:short)%00%(objectname)%00%(upstream:track)%00%(upstream:remotename)%00%(upstream:remoteref) refs/heads/main refs/remotes/main [1ms]
2023-06-04 23:43:42.261 [info] > git status -z -uall [2ms]
2023-06-04 23:44:07.811 [info] > git config --local branch.main.github-pr-owner-number [1ms]
2023-06-04 23:44:07.823 [info] > git config --get commit.template [5ms]
2023-06-04 23:44:07.823 [info] > git for-each-ref --format=%(refname)%00%(upstream:short)%00%(objectname)%00%(upstream:track)%00%(upstream:remotename)%00%(upstream:remoteref) refs/heads/main refs/remotes/main [1ms]
2023-06-04 23:44:07.830 [info] > git status -z -uall [2ms]
2023-06-04 23:45:25.318 [info] > git config --get commit.template [6ms]
2023-06-04 23:45:25.318 [info] > git for-each-ref --format=%(refname)%00%(upstream:short)%00%(objectname)%00%(upstream:track)%00%(upstream:remotename)%00%(upstream:remoteref) refs/heads/main refs/remotes/main [1ms]
2023-06-04 23:45:25.326 [info] > git status -z -uall [0ms]
2023-06-04 23:45:42.697 [info] > git config --get commit.template [6ms]
2023-06-04 23:45:42.697 [info] > git for-each-ref --format=%(refname)%00%(upstream:short)%00%(objectname)%00%(upstream:track)%00%(upstream:remotename)%00%(upstream:remoteref) refs/heads/main refs/remotes/main [1ms]
2023-06-04 23:45:42.704 [info] > git status -z -uall [2ms]
2023-06-04 23:46:09.083 [info] > git config --get commit.template [12ms]
2023-06-04 23:46:09.083 [info] > git for-each-ref --format=%(refname)%00%(upstream:short)%00%(objectname)%00%(upstream:track)%00%(upstream:remotename)%00%(upstream:remoteref) refs/heads/main refs/remotes/main [1ms]
2023-06-04 23:46:09.096 [info] > git status -z -uall [2ms]
2023-06-04 23:46:26.970 [info] > git config --get commit.template [6ms]
2023-06-04 23:46:26.970 [info] > git for-each-ref --format=%(refname)%00%(upstream:short)%00%(objectname)%00%(upstream:track)%00%(upstream:remotename)%00%(upstream:remoteref) refs/heads/main refs/remotes/main [1ms]
2023-06-04 23:46:26.976 [info] > git status -z -uall [1ms]
2023-06-04 23:48:11.458 [info] > git config --get commit.template [6ms]
2023-06-04 23:48:11.459 [info] > git for-each-ref --format=%(refname)%00%(upstream:short)%00%(objectname)%00%(upstream:track)%00%(upstream:remotename)%00%(upstream:remoteref) refs/heads/main refs/remotes/main [1ms]
2023-06-04 23:48:11.465 [info] > git status -z -uall [1ms]
2023-06-04 23:48:20.732 [info] > git config --get commit.template [6ms]
2023-06-04 23:48:20.733 [info] > git for-each-ref --format=%(refname)%00%(upstream:short)%00%(objectname)%00%(upstream:track)%00%(upstream:remotename)%00%(upstream:remoteref) refs/heads/main refs/remotes/main [1ms]
2023-06-04 23:48:20.739 [info] > git status -z -uall [1ms]
2023-06-04 23:49:07.844 [info] > git config --local branch.main.github-pr-owner-number [1ms]
2023-06-04 23:49:07.862 [info] > git config --get commit.template [7ms]
2023-06-04 23:49:07.863 [info] > git for-each-ref --format=%(refname)%00%(upstream:short)%00%(objectname)%00%(upstream:track)%00%(upstream:remotename)%00%(upstream:remoteref) refs/heads/main refs/remotes/main [1ms]
2023-06-04 23:49:07.876 [info] > git status -z -uall [2ms]
2023-06-04 23:50:24.902 [info] > git config --get commit.template [9ms]
2023-06-04 23:50:24.903 [info] > git for-each-ref --format=%(refname)%00%(upstream:short)%00%(objectname)%00%(upstream:track)%00%(upstream:remotename)%00%(upstream:remoteref) refs/heads/main refs/remotes/main [2ms]
2023-06-04 23:50:24.915 [info] > git status -z -uall [2ms]
2023-06-04 23:51:18.732 [info] > git config --get commit.template [6ms]
2023-06-04 23:51:18.733 [info] > git for-each-ref --format=%(refname)%00%(upstream:short)%00%(objectname)%00%(upstream:track)%00%(upstream:remotename)%00%(upstream:remoteref) refs/heads/main refs/remotes/main [1ms]
2023-06-04 23:51:18.739 [info] > git status -z -uall [2ms]
2023-06-04 23:51:27.949 [info] > git config --get commit.template [5ms]
2023-06-04 23:51:27.949 [info] > git for-each-ref --format=%(refname)%00%(upstream:short)%00%(objectname)%00%(upstream:track)%00%(upstream:remotename)%00%(upstream:remoteref) refs/heads/main refs/remotes/main [1ms]
2023-06-04 23:51:27.955 [info] > git status -z -uall [1ms]
2023-06-04 23:51:37.045 [info] > git config --get commit.template [2ms]
2023-06-04 23:51:37.052 [info] > git for-each-ref --format=%(refname)%00%(upstream:short)%00%(objectname)%00%(upstream:track)%00%(upstream:remotename)%00%(upstream:remoteref) refs/heads/main refs/remotes/main [1ms]
2023-06-04 23:51:37.059 [info] > git status -z -uall [2ms]
2023-06-04 23:51:42.077 [info] > git config --get commit.template [6ms]
2023-06-04 23:51:42.078 [info] > git for-each-ref --format=%(refname)%00%(upstream:short)%00%(objectname)%00%(upstream:track)%00%(upstream:remotename)%00%(upstream:remoteref) refs/heads/main refs/remotes/main [1ms]
2023-06-04 23:51:42.084 [info] > git status -z -uall [1ms]
2023-06-04 23:52:37.276 [info] > git show --textconv :templates/index.html [7ms]
2023-06-04 23:52:37.277 [info] > git ls-files --stage -- /workspace/bavarian-cristus-PP4/templates/index.html [1ms]
2023-06-04 23:52:37.282 [info] > git cat-file -s 4c6ac1d6d4a8710b2a10911436cb7c15844c1a28 [1ms]
2023-06-04 23:53:24.861 [info] > git config --get commit.template [7ms]
2023-06-04 23:53:24.861 [info] > git for-each-ref --format=%(refname)%00%(upstream:short)%00%(objectname)%00%(upstream:track)%00%(upstream:remotename)%00%(upstream:remoteref) refs/heads/main refs/remotes/main [1ms]
2023-06-04 23:53:24.868 [info] > git status -z -uall [1ms]
2023-06-04 23:54:07.889 [info] > git config --local branch.main.github-pr-owner-number [1ms]
2023-06-04 23:54:07.900 [info] > git config --get commit.template [5ms]
2023-06-04 23:54:07.901 [info] > git for-each-ref --format=%(refname)%00%(upstream:short)%00%(objectname)%00%(upstream:track)%00%(upstream:remotename)%00%(upstream:remoteref) refs/heads/main refs/remotes/main [1ms]
2023-06-04 23:54:07.907 [info] > git status -z -uall [1ms]
2023-06-04 23:56:37.148 [info] > git config --get commit.template [6ms]
2023-06-04 23:56:37.149 [info] > git for-each-ref --format=%(refname)%00%(upstream:short)%00%(objectname)%00%(upstream:track)%00%(upstream:remotename)%00%(upstream:remoteref) refs/heads/main refs/remotes/main [1ms]
2023-06-04 23:56:37.155 [info] > git status -z -uall [1ms]
2023-06-04 23:57:45.703 [info] > git config --get commit.template [11ms]
2023-06-04 23:57:45.703 [info] > git for-each-ref --format=%(refname)%00%(upstream:short)%00%(objectname)%00%(upstream:track)%00%(upstream:remotename)%00%(upstream:remoteref) refs/heads/main refs/remotes/main [1ms]
2023-06-04 23:57:45.715 [info] > git status -z -uall [1ms]
2023-06-04 23:58:27.998 [info] > git config --get commit.template [12ms]
2023-06-04 23:58:27.999 [info] > git for-each-ref --format=%(refname)%00%(upstream:short)%00%(objectname)%00%(upstream:track)%00%(upstream:remotename)%00%(upstream:remoteref) refs/heads/main refs/remotes/main [1ms]
2023-06-04 23:58:28.011 [info] > git status -z -uall [2ms]
2023-06-04 23:58:57.361 [info] > git config --get commit.template [10ms]
2023-06-04 23:58:57.362 [info] > git for-each-ref --format=%(refname)%00%(upstream:short)%00%(objectname)%00%(upstream:track)%00%(upstream:remotename)%00%(upstream:remoteref) refs/heads/main refs/remotes/main [1ms]
2023-06-04 23:58:57.375 [info] > git status -z -uall [1ms]
2023-06-04 23:59:07.921 [info] > git config --local branch.main.github-pr-owner-number [1ms]
2023-06-04 23:59:07.933 [info] > git config --get commit.template [1ms]
2023-06-04 23:59:07.940 [info] > git for-each-ref --format=%(refname)%00%(upstream:short)%00%(objectname)%00%(upstream:track)%00%(upstream:remotename)%00%(upstream:remoteref) refs/heads/main refs/remotes/main [1ms]
2023-06-04 23:59:07.946 [info] > git status -z -uall [1ms]
2023-06-04 23:59:22.657 [info] > git config --get commit.template [12ms]
2023-06-04 23:59:22.657 [info] > git for-each-ref --format=%(refname)%00%(upstream:short)%00%(objectname)%00%(upstream:track)%00%(upstream:remotename)%00%(upstream:remoteref) refs/heads/main refs/remotes/main [1ms]
2023-06-04 23:59:22.670 [info] > git status -z -uall [2ms]
2023-06-04 23:59:27.698 [info] > git config --get commit.template [1ms]
2023-06-04 23:59:27.709 [info] > git for-each-ref --format=%(refname)%00%(upstream:short)%00%(objectname)%00%(upstream:track)%00%(upstream:remotename)%00%(upstream:remoteref) refs/heads/main refs/remotes/main [1ms]
2023-06-04 23:59:27.717 [info] > git status -z -uall [2ms]
2023-06-05 00:00:12.751 [info] > git config --get commit.template [12ms]
2023-06-05 00:00:12.752 [info] > git for-each-ref --format=%(refname)%00%(upstream:short)%00%(objectname)%00%(upstream:track)%00%(upstream:remotename)%00%(upstream:remoteref) refs/heads/main refs/remotes/main [1ms]
2023-06-05 00:00:12.764 [info] > git status -z -uall [1ms]
2023-06-05 00:00:31.793 [info] > git config --get commit.template [6ms]
2023-06-05 00:00:31.793 [info] > git for-each-ref --format=%(refname)%00%(upstream:short)%00%(objectname)%00%(upstream:track)%00%(upstream:remotename)%00%(upstream:remoteref) refs/heads/main refs/remotes/main [1ms]
2023-06-05 00:00:31.801 [info] > git status -z -uall [2ms]
2023-06-05 00:02:18.514 [info] > git for-each-ref --format=%(refname)%00%(upstream:short)%00%(objectname)%00%(upstream:track)%00%(upstream:remotename)%00%(upstream:remoteref) refs/heads/main refs/remotes/main [2ms]
2023-06-05 00:02:18.514 [info] > git config --get commit.template [13ms]
2023-06-05 00:02:18.527 [info] > git status -z -uall [2ms]
2023-06-05 00:02:54.628 [info] > git config --get commit.template [8ms]
2023-06-05 00:02:54.628 [info] > git for-each-ref --format=%(refname)%00%(upstream:short)%00%(objectname)%00%(upstream:track)%00%(upstream:remotename)%00%(upstream:remoteref) refs/heads/main refs/remotes/main [1ms]
2023-06-05 00:02:54.635 [info] > git status -z -uall [1ms]
2023-06-05 00:03:13.943 [info] > git config --get commit.template [11ms]
2023-06-05 00:03:13.944 [info] > git for-each-ref --format=%(refname)%00%(upstream:short)%00%(objectname)%00%(upstream:track)%00%(upstream:remotename)%00%(upstream:remoteref) refs/heads/main refs/remotes/main [2ms]
2023-06-05 00:03:13.956 [info] > git status -z -uall [2ms]
2023-06-05 00:04:07.960 [info] > git config --local branch.main.github-pr-owner-number [0ms]
2023-06-05 00:04:07.973 [info] > git config --get commit.template [4ms]
2023-06-05 00:04:07.973 [info] > git for-each-ref --format=%(refname)%00%(upstream:short)%00%(objectname)%00%(upstream:track)%00%(upstream:remotename)%00%(upstream:remoteref) refs/heads/main refs/remotes/main [1ms]
2023-06-05 00:04:07.979 [info] > git status -z -uall [1ms]
2023-06-05 00:05:24.510 [info] > git config --get commit.template [6ms]
2023-06-05 00:05:24.511 [info] > git for-each-ref --format=%(refname)%00%(upstream:short)%00%(objectname)%00%(upstream:track)%00%(upstream:remotename)%00%(upstream:remoteref) refs/heads/main refs/remotes/main [1ms]
2023-06-05 00:05:24.517 [info] > git status -z -uall [2ms]
2023-06-05 00:05:37.457 [info] > git config --get commit.template [7ms]
2023-06-05 00:05:37.457 [info] > git for-each-ref --format=%(refname)%00%(upstream:short)%00%(objectname)%00%(upstream:track)%00%(upstream:remotename)%00%(upstream:remoteref) refs/heads/main refs/remotes/main [1ms]
2023-06-05 00:05:37.464 [info] > git status -z -uall [2ms]
2023-06-05 00:05:51.834 [info] > git config --get commit.template [9ms]
2023-06-05 00:05:51.835 [info] > git for-each-ref --format=%(refname)%00%(upstream:short)%00%(objectname)%00%(upstream:track)%00%(upstream:remotename)%00%(upstream:remoteref) refs/heads/main refs/remotes/main [1ms]
2023-06-05 00:05:51.841 [info] > git status -z -uall [1ms]
2023-06-05 00:06:26.201 [info] > git config --get commit.template [12ms]
2023-06-05 00:06:26.201 [info] > git for-each-ref --format=%(refname)%00%(upstream:short)%00%(objectname)%00%(upstream:track)%00%(upstream:remotename)%00%(upstream:remoteref) refs/heads/main refs/remotes/main [1ms]
2023-06-05 00:06:26.209 [info] > git status -z -uall [2ms]
2023-06-05 00:06:38.961 [info] > git config --get commit.template [12ms]
2023-06-05 00:06:38.961 [info] > git for-each-ref --format=%(refname)%00%(upstream:short)%00%(objectname)%00%(upstream:track)%00%(upstream:remotename)%00%(upstream:remoteref) refs/heads/main refs/remotes/main [1ms]
2023-06-05 00:06:38.973 [info] > git status -z -uall [1ms]
2023-06-05 00:07:40.447 [info] > git config --get commit.template [8ms]
2023-06-05 00:07:40.448 [info] > git for-each-ref --format=%(refname)%00%(upstream:short)%00%(objectname)%00%(upstream:track)%00%(upstream:remotename)%00%(upstream:remoteref) refs/heads/main refs/remotes/main [1ms]
2023-06-05 00:07:40.455 [info] > git status -z -uall [2ms]
2023-06-05 00:08:34.835 [info] > git config --get commit.template [12ms]
2023-06-05 00:08:34.836 [info] > git for-each-ref --format=%(refname)%00%(upstream:short)%00%(objectname)%00%(upstream:track)%00%(upstream:remotename)%00%(upstream:remoteref) refs/heads/main refs/remotes/main [1ms]
2023-06-05 00:08:34.849 [info] > git status -z -uall [2ms]
2023-06-05 00:09:00.910 [info] > git config --get commit.template [6ms]
2023-06-05 00:09:00.910 [info] > git for-each-ref --format=%(refname)%00%(upstream:short)%00%(objectname)%00%(upstream:track)%00%(upstream:remotename)%00%(upstream:remoteref) refs/heads/main refs/remotes/main [1ms]
2023-06-05 00:09:00.917 [info] > git status -z -uall [1ms]
2023-06-05 00:09:07.990 [info] > git config --local branch.main.github-pr-owner-number [1ms]
2023-06-05 00:09:08.000 [info] > git config --get commit.template [5ms]
2023-06-05 00:09:08.000 [info] > git for-each-ref --format=%(refname)%00%(upstream:short)%00%(objectname)%00%(upstream:track)%00%(upstream:remotename)%00%(upstream:remoteref) refs/heads/main refs/remotes/main [1ms]
2023-06-05 00:09:08.006 [info] > git status -z -uall [1ms]
2023-06-05 00:10:12.984 [info] > git config --get commit.template [9ms]
2023-06-05 00:10:12.984 [info] > git for-each-ref --format=%(refname)%00%(upstream:short)%00%(objectname)%00%(upstream:track)%00%(upstream:remotename)%00%(upstream:remoteref) refs/heads/main refs/remotes/main [1ms]
2023-06-05 00:10:12.994 [info] > git status -z -uall [2ms]
2023-06-05 00:10:29.301 [info] > git config --get commit.template [6ms]
2023-06-05 00:10:29.301 [info] > git for-each-ref --format=%(refname)%00%(upstream:short)%00%(objectname)%00%(upstream:track)%00%(upstream:remotename)%00%(upstream:remoteref) refs/heads/main refs/remotes/main [1ms]
2023-06-05 00:10:29.308 [info] > git status -z -uall [2ms]
2023-06-05 00:10:58.543 [info] > git config --get commit.template [6ms]
2023-06-05 00:10:58.543 [info] > git for-each-ref --format=%(refname)%00%(upstream:short)%00%(objectname)%00%(upstream:track)%00%(upstream:remotename)%00%(upstream:remoteref) refs/heads/main refs/remotes/main [1ms]
2023-06-05 00:10:58.555 [info] > git status -z -uall [1ms]
2023-06-05 00:12:22.854 [info] > git config --get commit.template [6ms]
2023-06-05 00:12:22.855 [info] > git for-each-ref --format=%(refname)%00%(upstream:short)%00%(objectname)%00%(upstream:track)%00%(upstream:remotename)%00%(upstream:remoteref) refs/heads/main refs/remotes/main [1ms]
2023-06-05 00:12:22.861 [info] > git status -z -uall [1ms]
2023-06-05 00:14:08.018 [info] > git config --local branch.main.github-pr-owner-number [1ms]
2023-06-05 00:14:08.027 [info] > git config --get commit.template [1ms]
2023-06-05 00:14:08.033 [info] > git for-each-ref --format=%(refname)%00%(upstream:short)%00%(objectname)%00%(upstream:track)%00%(upstream:remotename)%00%(upstream:remoteref) refs/heads/main refs/remotes/main [1ms]
2023-06-05 00:14:08.040 [info] > git status -z -uall [2ms]
2023-06-05 00:16:15.190 [info] > git config --get commit.template [6ms]
2023-06-05 00:16:15.191 [info] > git for-each-ref --format=%(refname)%00%(upstream:short)%00%(objectname)%00%(upstream:track)%00%(upstream:remotename)%00%(upstream:remoteref) refs/heads/main refs/remotes/main [1ms]
2023-06-05 00:16:15.197 [info] > git status -z -uall [2ms]
2023-06-05 00:16:20.222 [info] > git config --get commit.template [11ms]
2023-06-05 00:16:20.222 [info] > git for-each-ref --format=%(refname)%00%(upstream:short)%00%(objectname)%00%(upstream:track)%00%(upstream:remotename)%00%(upstream:remoteref) refs/heads/main refs/remotes/main [1ms]
2023-06-05 00:16:20.234 [info] > git status -z -uall [2ms]
2023-06-05 00:17:24.627 [info] > git config --get commit.template [14ms]
2023-06-05 00:17:24.627 [info] > git for-each-ref --format=%(refname)%00%(upstream:short)%00%(objectname)%00%(upstream:track)%00%(upstream:remotename)%00%(upstream:remoteref) refs/heads/main refs/remotes/main [2ms]
2023-06-05 00:17:24.640 [info] > git status -z -uall [1ms]
2023-06-05 00:18:07.195 [info] > git config --get commit.template [7ms]
2023-06-05 00:18:07.196 [info] > git for-each-ref --format=%(refname)%00%(upstream:short)%00%(objectname)%00%(upstream:track)%00%(upstream:remotename)%00%(upstream:remoteref) refs/heads/main refs/remotes/main [1ms]
2023-06-05 00:18:07.202 [info] > git status -z -uall [2ms]
2023-06-05 00:18:30.709 [info] > git config --get commit.template [5ms]
2023-06-05 00:18:30.710 [info] > git for-each-ref --format=%(refname)%00%(upstream:short)%00%(objectname)%00%(upstream:track)%00%(upstream:remotename)%00%(upstream:remoteref) refs/heads/main refs/remotes/main [1ms]
2023-06-05 00:18:30.716 [info] > git status -z -uall [2ms]
2023-06-05 00:18:41.940 [info] > git config --get commit.template [12ms]
2023-06-05 00:18:41.941 [info] > git for-each-ref --format=%(refname)%00%(upstream:short)%00%(objectname)%00%(upstream:track)%00%(upstream:remotename)%00%(upstream:remoteref) refs/heads/main refs/remotes/main [1ms]
2023-06-05 00:18:41.954 [info] > git status -z -uall [2ms]
2023-06-05 00:18:46.978 [info] > git config --get commit.template [12ms]
2023-06-05 00:18:46.979 [info] > git for-each-ref --format=%(refname)%00%(upstream:short)%00%(objectname)%00%(upstream:track)%00%(upstream:remotename)%00%(upstream:remoteref) refs/heads/main refs/remotes/main [1ms]
2023-06-05 00:18:46.991 [info] > git status -z -uall [2ms]
2023-06-05 00:19:08.054 [info] > git config --local branch.main.github-pr-owner-number [2ms]
2023-06-05 00:19:08.077 [info] > git config --get commit.template [11ms]
2023-06-05 00:19:08.077 [info] > git for-each-ref --format=%(refname)%00%(upstream:short)%00%(objectname)%00%(upstream:track)%00%(upstream:remotename)%00%(upstream:remoteref) refs/heads/main refs/remotes/main [1ms]
2023-06-05 00:19:08.089 [info] > git status -z -uall [2ms]
2023-06-05 00:19:38.588 [info] > git config --get commit.template [6ms]
2023-06-05 00:19:38.588 [info] > git for-each-ref --format=%(refname)%00%(upstream:short)%00%(objectname)%00%(upstream:track)%00%(upstream:remotename)%00%(upstream:remoteref) refs/heads/main refs/remotes/main [1ms]
2023-06-05 00:19:38.595 [info] > git status -z -uall [1ms]
2023-06-05 00:21:09.725 [info] > git config --get commit.template [7ms]
2023-06-05 00:21:09.728 [info] > git for-each-ref --format=%(refname)%00%(upstream:short)%00%(objectname)%00%(upstream:track)%00%(upstream:remotename)%00%(upstream:remoteref) refs/heads/main refs/remotes/main [4ms]
2023-06-05 00:21:09.735 [info] > git status -z -uall [1ms]
2023-06-05 00:21:14.754 [info] > git config --get commit.template [6ms]
2023-06-05 00:21:14.754 [info] > git for-each-ref --format=%(refname)%00%(upstream:short)%00%(objectname)%00%(upstream:track)%00%(upstream:remotename)%00%(upstream:remoteref) refs/heads/main refs/remotes/main [1ms]
2023-06-05 00:21:14.760 [info] > git status -z -uall [1ms]
2023-06-05 00:21:19.773 [info] > git config --get commit.template [2ms]
2023-06-05 00:21:19.779 [info] > git for-each-ref --format=%(refname)%00%(upstream:short)%00%(objectname)%00%(upstream:track)%00%(upstream:remotename)%00%(upstream:remoteref) refs/heads/main refs/remotes/main [1ms]
2023-06-05 00:21:19.785 [info] > git status -z -uall [1ms]
2023-06-05 00:22:59.752 [info] > git config --get commit.template [5ms]
2023-06-05 00:22:59.753 [info] > git for-each-ref --format=%(refname)%00%(upstream:short)%00%(objectname)%00%(upstream:track)%00%(upstream:remotename)%00%(upstream:remoteref) refs/heads/main refs/remotes/main [1ms]
2023-06-05 00:22:59.759 [info] > git status -z -uall [1ms]
2023-06-05 00:23:56.046 [info] > git config --get commit.template [2ms]
2023-06-05 00:23:56.052 [info] > git for-each-ref --format=%(refname)%00%(upstream:short)%00%(objectname)%00%(upstream:track)%00%(upstream:remotename)%00%(upstream:remoteref) refs/heads/main refs/remotes/main [1ms]
2023-06-05 00:23:56.058 [info] > git status -z -uall [1ms]
2023-06-05 00:24:08.100 [info] > git config --local branch.main.github-pr-owner-number [1ms]
2023-06-05 00:24:08.120 [info] > git config --get commit.template [11ms]
2023-06-05 00:24:08.121 [info] > git for-each-ref --format=%(refname)%00%(upstream:short)%00%(objectname)%00%(upstream:track)%00%(upstream:remotename)%00%(upstream:remoteref) refs/heads/main refs/remotes/main [2ms]
2023-06-05 00:24:08.131 [info] > git status -z -uall [2ms]
2023-06-05 00:24:09.765 [info] > git config --get commit.template [5ms]
2023-06-05 00:24:09.766 [info] > git for-each-ref --format=%(refname)%00%(upstream:short)%00%(objectname)%00%(upstream:track)%00%(upstream:remotename)%00%(upstream:remoteref) refs/heads/main refs/remotes/main [1ms]
2023-06-05 00:24:09.773 [info] > git status -z -uall [2ms]
2023-06-05 00:24:39.421 [info] > git config --get commit.template [5ms]
2023-06-05 00:24:39.422 [info] > git for-each-ref --format=%(refname)%00%(upstream:short)%00%(objectname)%00%(upstream:track)%00%(upstream:remotename)%00%(upstream:remoteref) refs/heads/main refs/remotes/main [1ms]
2023-06-05 00:24:39.428 [info] > git status -z -uall [1ms]
2023-06-05 00:24:44.453 [info] > git config --get commit.template [10ms]
2023-06-05 00:24:44.454 [info] > git for-each-ref --format=%(refname)%00%(upstream:short)%00%(objectname)%00%(upstream:track)%00%(upstream:remotename)%00%(upstream:remoteref) refs/heads/main refs/remotes/main [2ms]
2023-06-05 00:24:44.464 [info] > git status -z -uall [2ms]
2023-06-05 00:26:06.843 [info] > git for-each-ref --format=%(refname)%00%(upstream:short)%00%(objectname)%00%(upstream:track)%00%(upstream:remotename)%00%(upstream:remoteref) refs/heads/main refs/remotes/main [3ms]
2023-06-05 00:26:06.844 [info] > git config --get commit.template [11ms]
2023-06-05 00:26:06.854 [info] > git status -z -uall [2ms]
2023-06-05 00:26:35.889 [info] > git config --get commit.template [6ms]
2023-06-05 00:26:35.890 [info] > git for-each-ref --format=%(refname)%00%(upstream:short)%00%(objectname)%00%(upstream:track)%00%(upstream:remotename)%00%(upstream:remoteref) refs/heads/main refs/remotes/main [1ms]
2023-06-05 00:26:35.896 [info] > git status -z -uall [1ms]
2023-06-05 00:26:49.809 [info] > git config --get commit.template [6ms]
2023-06-05 00:26:49.809 [info] > git for-each-ref --format=%(refname)%00%(upstream:short)%00%(objectname)%00%(upstream:track)%00%(upstream:remotename)%00%(upstream:remoteref) refs/heads/main refs/remotes/main [1ms]
2023-06-05 00:26:49.816 [info] > git status -z -uall [1ms]
2023-06-05 00:26:59.337 [info] > git config --get commit.template [7ms]
2023-06-05 00:26:59.337 [info] > git for-each-ref --format=%(refname)%00%(upstream:short)%00%(objectname)%00%(upstream:track)%00%(upstream:remotename)%00%(upstream:remoteref) refs/heads/main refs/remotes/main [1ms]
2023-06-05 00:26:59.349 [info] > git status -z -uall [2ms]
2023-06-05 00:27:08.838 [info] > git config --get commit.template [6ms]
2023-06-05 00:27:08.839 [info] > git for-each-ref --format=%(refname)%00%(upstream:short)%00%(objectname)%00%(upstream:track)%00%(upstream:remotename)%00%(upstream:remoteref) refs/heads/main refs/remotes/main [1ms]
2023-06-05 00:27:08.845 [info] > git status -z -uall [2ms]
2023-06-05 00:27:21.761 [info] > git config --get commit.template [6ms]
2023-06-05 00:27:21.762 [info] > git for-each-ref --format=%(refname)%00%(upstream:short)%00%(objectname)%00%(upstream:track)%00%(upstream:remotename)%00%(upstream:remoteref) refs/heads/main refs/remotes/main [1ms]
2023-06-05 00:27:21.768 [info] > git status -z -uall [1ms]
2023-06-05 00:27:31.650 [info] > git config --get commit.template [1ms]
2023-06-05 00:27:31.657 [info] > git for-each-ref --format=%(refname)%00%(upstream:short)%00%(objectname)%00%(upstream:track)%00%(upstream:remotename)%00%(upstream:remoteref) refs/heads/main refs/remotes/main [1ms]
2023-06-05 00:27:31.663 [info] > git status -z -uall [1ms]
2023-06-05 00:27:53.534 [info] > git config --get commit.template [6ms]
2023-06-05 00:27:53.534 [info] > git for-each-ref --format=%(refname)%00%(upstream:short)%00%(objectname)%00%(upstream:track)%00%(upstream:remotename)%00%(upstream:remoteref) refs/heads/main refs/remotes/main [1ms]
2023-06-05 00:27:53.541 [info] > git status -z -uall [2ms]
2023-06-05 00:28:14.575 [info] > git config --get commit.template [7ms]
2023-06-05 00:28:14.576 [info] > git for-each-ref --format=%(refname)%00%(upstream:short)%00%(objectname)%00%(upstream:track)%00%(upstream:remotename)%00%(upstream:remoteref) refs/heads/main refs/remotes/main [1ms]
2023-06-05 00:28:14.583 [info] > git status -z -uall [1ms]
2023-06-05 00:28:44.277 [info] > git config --get commit.template [7ms]
2023-06-05 00:28:44.277 [info] > git for-each-ref --format=%(refname)%00%(upstream:short)%00%(objectname)%00%(upstream:track)%00%(upstream:remotename)%00%(upstream:remoteref) refs/heads/main refs/remotes/main [1ms]
2023-06-05 00:28:44.284 [info] > git status -z -uall [1ms]
2023-06-05 00:28:53.638 [info] > git config --get commit.template [11ms]
2023-06-05 00:28:53.638 [info] > git for-each-ref --format=%(refname)%00%(upstream:short)%00%(objectname)%00%(upstream:track)%00%(upstream:remotename)%00%(upstream:remoteref) refs/heads/main refs/remotes/main [1ms]
2023-06-05 00:28:53.650 [info] > git status -z -uall [2ms]
2023-06-05 00:29:00.316 [info] > git config --get commit.template [12ms]
2023-06-05 00:29:00.317 [info] > git for-each-ref --format=%(refname)%00%(upstream:short)%00%(objectname)%00%(upstream:track)%00%(upstream:remotename)%00%(upstream:remoteref) refs/heads/main refs/remotes/main [1ms]
2023-06-05 00:29:00.324 [info] > git status -z -uall [1ms]
2023-06-05 00:29:08.146 [info] > git config --local branch.main.github-pr-owner-number [1ms]
2023-06-05 00:29:08.169 [info] > git config --get commit.template [11ms]
2023-06-05 00:29:08.170 [info] > git for-each-ref --format=%(refname)%00%(upstream:short)%00%(objectname)%00%(upstream:track)%00%(upstream:remotename)%00%(upstream:remoteref) refs/heads/main refs/remotes/main [1ms]
2023-06-05 00:29:08.182 [info] > git status -z -uall [2ms]
2023-06-05 00:29:08.628 [info] > git config --get commit.template [5ms]
2023-06-05 00:29:08.629 [info] > git for-each-ref --format=%(refname)%00%(upstream:short)%00%(objectname)%00%(upstream:track)%00%(upstream:remotename)%00%(upstream:remoteref) refs/heads/main refs/remotes/main [1ms]
2023-06-05 00:29:08.636 [info] > git status -z -uall [2ms]
2023-06-05 00:29:18.440 [info] > git config --get commit.template [6ms]
2023-06-05 00:29:18.441 [info] > git for-each-ref --format=%(refname)%00%(upstream:short)%00%(objectname)%00%(upstream:track)%00%(upstream:remotename)%00%(upstream:remoteref) refs/heads/main refs/remotes/main [1ms]
2023-06-05 00:29:18.447 [info] > git status -z -uall [1ms]
2023-06-05 00:30:34.273 [info] > git config --get commit.template [1ms]
2023-06-05 00:30:34.280 [info] > git for-each-ref --format=%(refname)%00%(upstream:short)%00%(objectname)%00%(upstream:track)%00%(upstream:remotename)%00%(upstream:remoteref) refs/heads/main refs/remotes/main [1ms]
2023-06-05 00:30:34.287 [info] > git status -z -uall [2ms]
2023-06-05 00:30:53.267 [info] > git config --get commit.template [12ms]
2023-06-05 00:30:53.268 [info] > git for-each-ref --format=%(refname)%00%(upstream:short)%00%(objectname)%00%(upstream:track)%00%(upstream:remotename)%00%(upstream:remoteref) refs/heads/main refs/remotes/main [1ms]
2023-06-05 00:30:53.281 [info] > git status -z -uall [2ms]
2023-06-05 00:31:00.351 [info] > git config --get commit.template [7ms]
2023-06-05 00:31:00.351 [info] > git for-each-ref --format=%(refname)%00%(upstream:short)%00%(objectname)%00%(upstream:track)%00%(upstream:remotename)%00%(upstream:remoteref) refs/heads/main refs/remotes/main [1ms]
2023-06-05 00:31:00.359 [info] > git status -z -uall [2ms]
2023-06-05 00:31:26.440 [info] > git config --get commit.template [5ms]
2023-06-05 00:31:26.441 [info] > git for-each-ref --format=%(refname)%00%(upstream:short)%00%(objectname)%00%(upstream:track)%00%(upstream:remotename)%00%(upstream:remoteref) refs/heads/main refs/remotes/main [1ms]
2023-06-05 00:31:26.447 [info] > git status -z -uall [2ms]
2023-06-05 00:32:48.746 [info] > git config --get commit.template [6ms]
2023-06-05 00:32:48.747 [info] > git for-each-ref --format=%(refname)%00%(upstream:short)%00%(objectname)%00%(upstream:track)%00%(upstream:remotename)%00%(upstream:remoteref) refs/heads/main refs/remotes/main [1ms]
2023-06-05 00:32:48.753 [info] > git status -z -uall [1ms]
2023-06-05 00:33:05.547 [info] > git config --get commit.template [12ms]
2023-06-05 00:33:05.548 [info] > git for-each-ref --format=%(refname)%00%(upstream:short)%00%(objectname)%00%(upstream:track)%00%(upstream:remotename)%00%(upstream:remoteref) refs/heads/main refs/remotes/main [2ms]
2023-06-05 00:33:05.561 [info] > git status -z -uall [2ms]
2023-06-05 00:33:37.363 [info] > git config --get commit.template [6ms]
2023-06-05 00:33:37.363 [info] > git for-each-ref --format=%(refname)%00%(upstream:short)%00%(objectname)%00%(upstream:track)%00%(upstream:remotename)%00%(upstream:remoteref) refs/heads/main refs/remotes/main [1ms]
2023-06-05 00:33:37.370 [info] > git status -z -uall [2ms]
2023-06-05 00:34:08.195 [info] > git config --local branch.main.github-pr-owner-number [1ms]
2023-06-05 00:34:08.209 [info] > git config --get commit.template [6ms]
2023-06-05 00:34:08.210 [info] > git for-each-ref --format=%(refname)%00%(upstream:short)%00%(objectname)%00%(upstream:track)%00%(upstream:remotename)%00%(upstream:remoteref) refs/heads/main refs/remotes/main [1ms]
2023-06-05 00:34:08.218 [info] > git status -z -uall [2ms]
2023-06-05 00:34:51.656 [info] > git config --get commit.template [8ms]
2023-06-05 00:34:51.657 [info] > git for-each-ref --format=%(refname)%00%(upstream:short)%00%(objectname)%00%(upstream:track)%00%(upstream:remotename)%00%(upstream:remoteref) refs/heads/main refs/remotes/main [1ms]
2023-06-05 00:34:51.663 [info] > git status -z -uall [1ms]
2023-06-05 00:36:18.531 [info] > git config --get commit.template [6ms]
2023-06-05 00:36:18.531 [info] > git for-each-ref --format=%(refname)%00%(upstream:short)%00%(objectname)%00%(upstream:track)%00%(upstream:remotename)%00%(upstream:remoteref) refs/heads/main refs/remotes/main [1ms]
2023-06-05 00:36:18.537 [info] > git status -z -uall [1ms]
2023-06-05 00:36:41.962 [info] > git show --textconv :templates/base.html [7ms]
2023-06-05 00:36:41.963 [info] > git ls-files --stage -- /workspace/bavarian-cristus-PP4/templates/base.html [1ms]
2023-06-05 00:36:41.971 [info] > git cat-file -s 8313474916ff9f500768c21eff8c285b0dd897c2 [2ms]
2023-06-05 00:37:46.557 [info] > git config --get commit.template [12ms]
2023-06-05 00:37:46.558 [info] > git for-each-ref --format=%(refname)%00%(upstream:short)%00%(objectname)%00%(upstream:track)%00%(upstream:remotename)%00%(upstream:remoteref) refs/heads/main refs/remotes/main [1ms]
2023-06-05 00:37:46.571 [info] > git status -z -uall [2ms]
2023-06-05 00:38:42.115 [info] > git config --get commit.template [10ms]
2023-06-05 00:38:42.115 [info] > git for-each-ref --format=%(refname)%00%(upstream:short)%00%(objectname)%00%(upstream:track)%00%(upstream:remotename)%00%(upstream:remoteref) refs/heads/main refs/remotes/main [1ms]
2023-06-05 00:38:42.128 [info] > git status -z -uall [2ms]
2023-06-05 00:38:54.656 [info] > git config --get commit.template [6ms]
2023-06-05 00:38:54.656 [info] > git for-each-ref --format=%(refname)%00%(upstream:short)%00%(objectname)%00%(upstream:track)%00%(upstream:remotename)%00%(upstream:remoteref) refs/heads/main refs/remotes/main [1ms]
2023-06-05 00:38:54.663 [info] > git status -z -uall [2ms]
2023-06-05 00:39:08.232 [info] > git config --local branch.main.github-pr-owner-number [1ms]
2023-06-05 00:39:08.255 [info] > git config --get commit.template [12ms]
2023-06-05 00:39:08.255 [info] > git for-each-ref --format=%(refname)%00%(upstream:short)%00%(objectname)%00%(upstream:track)%00%(upstream:remotename)%00%(upstream:remoteref) refs/heads/main refs/remotes/main [1ms]
2023-06-05 00:39:08.263 [info] > git status -z -uall [2ms]
2023-06-05 00:40:34.794 [info] > git config --get commit.template [8ms]
2023-06-05 00:40:34.794 [info] > git for-each-ref --format=%(refname)%00%(upstream:short)%00%(objectname)%00%(upstream:track)%00%(upstream:remotename)%00%(upstream:remoteref) refs/heads/main refs/remotes/main [1ms]
2023-06-05 00:40:34.802 [info] > git status -z -uall [2ms]
2023-06-05 00:40:44.489 [info] > git config --get commit.template [6ms]
2023-06-05 00:40:44.489 [info] > git for-each-ref --format=%(refname)%00%(upstream:short)%00%(objectname)%00%(upstream:track)%00%(upstream:remotename)%00%(upstream:remoteref) refs/heads/main refs/remotes/main [1ms]
2023-06-05 00:40:44.501 [info] > git status -z -uall [1ms]
2023-06-05 00:43:57.252 [info] > git config --get commit.template [6ms]
2023-06-05 00:43:57.252 [info] > git for-each-ref --format=%(refname)%00%(upstream:short)%00%(objectname)%00%(upstream:track)%00%(upstream:remotename)%00%(upstream:remoteref) refs/heads/main refs/remotes/main [1ms]
2023-06-05 00:43:57.258 [info] > git status -z -uall [1ms]
2023-06-05 00:44:08.275 [info] > git config --local branch.main.github-pr-owner-number [1ms]
2023-06-05 00:44:08.287 [info] > git config --get commit.template [6ms]
2023-06-05 00:44:08.287 [info] > git for-each-ref --format=%(refname)%00%(upstream:short)%00%(objectname)%00%(upstream:track)%00%(upstream:remotename)%00%(upstream:remoteref) refs/heads/main refs/remotes/main [1ms]
2023-06-05 00:44:08.293 [info] > git status -z -uall [1ms]
2023-06-05 00:45:20.042 [info] > git config --get commit.template [8ms]
2023-06-05 00:45:20.042 [info] > git for-each-ref --format=%(refname)%00%(upstream:short)%00%(objectname)%00%(upstream:track)%00%(upstream:remotename)%00%(upstream:remoteref) refs/heads/main refs/remotes/main [1ms]
2023-06-05 00:45:20.049 [info] > git status -z -uall [2ms]
2023-06-05 00:45:28.880 [info] > git config --get commit.template [10ms]
2023-06-05 00:45:28.880 [info] > git for-each-ref --format=%(refname)%00%(upstream:short)%00%(objectname)%00%(upstream:track)%00%(upstream:remotename)%00%(upstream:remoteref) refs/heads/main refs/remotes/main [1ms]
2023-06-05 00:45:28.891 [info] > git status -z -uall [2ms]
2023-06-05 00:46:01.812 [info] > git config --get commit.template [6ms]
2023-06-05 00:46:01.813 [info] > git for-each-ref --format=%(refname)%00%(upstream:short)%00%(objectname)%00%(upstream:track)%00%(upstream:remotename)%00%(upstream:remoteref) refs/heads/main refs/remotes/main [1ms]
2023-06-05 00:46:01.819 [info] > git status -z -uall [1ms]
2023-06-05 00:46:15.598 [info] > git config --get commit.template [6ms]
2023-06-05 00:46:15.598 [info] > git for-each-ref --format=%(refname)%00%(upstream:short)%00%(objectname)%00%(upstream:track)%00%(upstream:remotename)%00%(upstream:remoteref) refs/heads/main refs/remotes/main [1ms]
2023-06-05 00:46:15.605 [info] > git status -z -uall [2ms]
2023-06-05 00:46:34.826 [info] > git config --get commit.template [7ms]
2023-06-05 00:46:34.826 [info] > git for-each-ref --format=%(refname)%00%(upstream:short)%00%(objectname)%00%(upstream:track)%00%(upstream:remotename)%00%(upstream:remoteref) refs/heads/main refs/remotes/main [1ms]
2023-06-05 00:46:34.833 [info] > git status -z -uall [2ms]
2023-06-05 00:46:52.022 [info] > git config --get commit.template [12ms]
2023-06-05 00:46:52.022 [info] > git for-each-ref --format=%(refname)%00%(upstream:short)%00%(objectname)%00%(upstream:track)%00%(upstream:remotename)%00%(upstream:remoteref) refs/heads/main refs/remotes/main [1ms]
2023-06-05 00:46:52.035 [info] > git status -z -uall [2ms]
2023-06-05 00:46:57.062 [info] > git for-each-ref --format=%(refname)%00%(upstream:short)%00%(objectname)%00%(upstream:track)%00%(upstream:remotename)%00%(upstream:remoteref) refs/heads/main refs/remotes/main [2ms]
2023-06-05 00:46:57.062 [info] > git config --get commit.template [14ms]
2023-06-05 00:46:57.075 [info] > git status -z -uall [2ms]
2023-06-05 00:47:05.764 [info] > git config --get commit.template [10ms]
2023-06-05 00:47:05.765 [info] > git for-each-ref --format=%(refname)%00%(upstream:short)%00%(objectname)%00%(upstream:track)%00%(upstream:remotename)%00%(upstream:remoteref) refs/heads/main refs/remotes/main [1ms]
2023-06-05 00:47:05.809 [info] > git status -z -uall [35ms]
2023-06-05 00:48:31.329 [info] > git config --get commit.template [9ms]
2023-06-05 00:48:31.330 [info] > git for-each-ref --format=%(refname)%00%(upstream:short)%00%(objectname)%00%(upstream:track)%00%(upstream:remotename)%00%(upstream:remoteref) refs/heads/main refs/remotes/main [3ms]
2023-06-05 00:48:31.343 [info] > git status -z -uall [2ms]
2023-06-05 00:49:08.307 [info] > git config --local branch.main.github-pr-owner-number [1ms]
2023-06-05 00:49:08.318 [info] > git config --get commit.template [1ms]
2023-06-05 00:49:08.324 [info] > git for-each-ref --format=%(refname)%00%(upstream:short)%00%(objectname)%00%(upstream:track)%00%(upstream:remotename)%00%(upstream:remoteref) refs/heads/main refs/remotes/main [1ms]
2023-06-05 00:49:08.331 [info] > git status -z -uall [2ms]
2023-06-05 00:50:14.491 [info] > git config --get commit.template [7ms]
2023-06-05 00:50:14.491 [info] > git for-each-ref --format=%(refname)%00%(upstream:short)%00%(objectname)%00%(upstream:track)%00%(upstream:remotename)%00%(upstream:remoteref) refs/heads/main refs/remotes/main [1ms]
2023-06-05 00:50:14.498 [info] > git status -z -uall [1ms]
2023-06-05 00:50:25.498 [info] > git config --get commit.template [5ms]
2023-06-05 00:50:25.498 [info] > git for-each-ref --format=%(refname)%00%(upstream:short)%00%(objectname)%00%(upstream:track)%00%(upstream:remotename)%00%(upstream:remoteref) refs/heads/main refs/remotes/main [1ms]
2023-06-05 00:50:25.505 [info] > git status -z -uall [2ms]
2023-06-05 00:50:41.481 [info] > git config --get commit.template [12ms]
2023-06-05 00:50:41.482 [info] > git for-each-ref --format=%(refname)%00%(upstream:short)%00%(objectname)%00%(upstream:track)%00%(upstream:remotename)%00%(upstream:remoteref) refs/heads/main refs/remotes/main [1ms]
2023-06-05 00:50:41.494 [info] > git status -z -uall [1ms]
2023-06-05 00:52:12.858 [info] > git config --get commit.template [6ms]
2023-06-05 00:52:12.859 [info] > git for-each-ref --format=%(refname)%00%(upstream:short)%00%(objectname)%00%(upstream:track)%00%(upstream:remotename)%00%(upstream:remoteref) refs/heads/main refs/remotes/main [1ms]
2023-06-05 00:52:12.865 [info] > git status -z -uall [2ms]
2023-06-05 00:52:22.638 [info] > git config --get commit.template [5ms]
2023-06-05 00:52:22.639 [info] > git for-each-ref --format=%(refname)%00%(upstream:short)%00%(objectname)%00%(upstream:track)%00%(upstream:remotename)%00%(upstream:remoteref) refs/heads/main refs/remotes/main [1ms]
2023-06-05 00:52:22.645 [info] > git status -z -uall [1ms]
2023-06-05 00:52:31.392 [info] > git config --get commit.template [12ms]
2023-06-05 00:52:31.392 [info] > git for-each-ref --format=%(refname)%00%(upstream:short)%00%(objectname)%00%(upstream:track)%00%(upstream:remotename)%00%(upstream:remoteref) refs/heads/main refs/remotes/main [1ms]
2023-06-05 00:52:31.406 [info] > git status -z -uall [3ms]
2023-06-05 00:52:46.566 [info] > git config --get commit.template [5ms]
2023-06-05 00:52:46.567 [info] > git for-each-ref --format=%(refname)%00%(upstream:short)%00%(objectname)%00%(upstream:track)%00%(upstream:remotename)%00%(upstream:remoteref) refs/heads/main refs/remotes/main [1ms]
2023-06-05 00:52:46.573 [info] > git status -z -uall [2ms]
2023-06-05 00:53:11.321 [info] > git config --get commit.template [7ms]
2023-06-05 00:53:11.321 [info] > git for-each-ref --format=%(refname)%00%(upstream:short)%00%(objectname)%00%(upstream:track)%00%(upstream:remotename)%00%(upstream:remoteref) refs/heads/main refs/remotes/main [1ms]
2023-06-05 00:53:11.332 [info] > git status -z -uall [2ms]
2023-06-05 00:54:08.343 [info] > git config --local branch.main.github-pr-owner-number [1ms]
2023-06-05 00:54:08.354 [info] > git config --get commit.template [5ms]
2023-06-05 00:54:08.355 [info] > git for-each-ref --format=%(refname)%00%(upstream:short)%00%(objectname)%00%(upstream:track)%00%(upstream:remotename)%00%(upstream:remoteref) refs/heads/main refs/remotes/main [1ms]
2023-06-05 00:54:08.361 [info] > git status -z -uall [1ms]
2023-06-05 00:54:21.549 [info] > git config --get commit.template [6ms]
2023-06-05 00:54:21.549 [info] > git for-each-ref --format=%(refname)%00%(upstream:short)%00%(objectname)%00%(upstream:track)%00%(upstream:remotename)%00%(upstream:remoteref) refs/heads/main refs/remotes/main [1ms]
2023-06-05 00:54:21.555 [info] > git status -z -uall [1ms]
2023-06-05 00:56:37.473 [info] > git config --get commit.template [10ms]
2023-06-05 00:56:37.474 [info] > git for-each-ref --format=%(refname)%00%(upstream:short)%00%(objectname)%00%(upstream:track)%00%(upstream:remotename)%00%(upstream:remoteref) refs/heads/main refs/remotes/main [2ms]
2023-06-05 00:56:37.484 [info] > git status -z -uall [2ms]
2023-06-05 00:57:33.608 [info] > git config --get commit.template [6ms]
2023-06-05 00:57:33.609 [info] > git for-each-ref --format=%(refname)%00%(upstream:short)%00%(objectname)%00%(upstream:track)%00%(upstream:remotename)%00%(upstream:remoteref) refs/heads/main refs/remotes/main [1ms]
2023-06-05 00:57:33.615 [info] > git status -z -uall [1ms]
2023-06-05 00:57:55.853 [info] > git config --get commit.template [6ms]
2023-06-05 00:57:55.854 [info] > git for-each-ref --format=%(refname)%00%(upstream:short)%00%(objectname)%00%(upstream:track)%00%(upstream:remotename)%00%(upstream:remoteref) refs/heads/main refs/remotes/main [2ms]
2023-06-05 00:57:55.865 [info] > git status -z -uall [2ms]
2023-06-05 00:58:05.055 [info] > git config --get commit.template [2ms]
2023-06-05 00:58:05.066 [info] > git for-each-ref --format=%(refname)%00%(upstream:short)%00%(objectname)%00%(upstream:track)%00%(upstream:remotename)%00%(upstream:remoteref) refs/heads/main refs/remotes/main [1ms]
2023-06-05 00:58:05.078 [info] > git status -z -uall [2ms]
2023-06-05 00:58:52.788 [info] > git config --get commit.template [4ms]
2023-06-05 00:58:52.788 [info] > git for-each-ref --format=%(refname)%00%(upstream:short)%00%(objectname)%00%(upstream:track)%00%(upstream:remotename)%00%(upstream:remoteref) refs/heads/main refs/remotes/main [1ms]
2023-06-05 00:58:52.794 [info] > git status -z -uall [1ms]
2023-06-05 00:59:08.374 [info] > git config --local branch.main.github-pr-owner-number [1ms]
2023-06-05 00:59:08.390 [info] > git config --get commit.template [10ms]
2023-06-05 00:59:08.391 [info] > git for-each-ref --format=%(refname)%00%(upstream:short)%00%(objectname)%00%(upstream:track)%00%(upstream:remotename)%00%(upstream:remoteref) refs/heads/main refs/remotes/main [2ms]
2023-06-05 00:59:08.403 [info] > git status -z -uall [2ms]
2023-06-05 00:59:52.917 [info] > git config --get commit.template [10ms]
2023-06-05 00:59:52.918 [info] > git for-each-ref --format=%(refname)%00%(upstream:short)%00%(objectname)%00%(upstream:track)%00%(upstream:remotename)%00%(upstream:remoteref) refs/heads/main refs/remotes/main [1ms]
2023-06-05 00:59:52.929 [info] > git status -z -uall [1ms]
2023-06-05 01:00:37.574 [info] > git config --get commit.template [6ms]
2023-06-05 01:00:37.575 [info] > git for-each-ref --format=%(refname)%00%(upstream:short)%00%(objectname)%00%(upstream:track)%00%(upstream:remotename)%00%(upstream:remoteref) refs/heads/main refs/remotes/main [1ms]
2023-06-05 01:00:37.581 [info] > git status -z -uall [1ms]
2023-06-05 01:00:45.035 [info] > git config --get commit.template [6ms]
2023-06-05 01:00:45.036 [info] > git for-each-ref --format=%(refname)%00%(upstream:short)%00%(objectname)%00%(upstream:track)%00%(upstream:remotename)%00%(upstream:remoteref) refs/heads/main refs/remotes/main [1ms]
2023-06-05 01:00:45.043 [info] > git status -z -uall [2ms]
2023-06-05 01:00:56.263 [info] > git config --get commit.template [7ms]
2023-06-05 01:00:56.263 [info] > git for-each-ref --format=%(refname)%00%(upstream:short)%00%(objectname)%00%(upstream:track)%00%(upstream:remotename)%00%(upstream:remoteref) refs/heads/main refs/remotes/main [1ms]
2023-06-05 01:00:56.269 [info] > git status -z -uall [1ms]
2023-06-05 01:02:01.250 [info] > git config --get commit.template [12ms]
2023-06-05 01:02:01.250 [info] > git for-each-ref --format=%(refname)%00%(upstream:short)%00%(objectname)%00%(upstream:track)%00%(upstream:remotename)%00%(upstream:remoteref) refs/heads/main refs/remotes/main [1ms]
2023-06-05 01:02:01.264 [info] > git status -z -uall [1ms]
2023-06-05 01:02:14.146 [info] > git config --get commit.template [13ms]
2023-06-05 01:02:14.146 [info] > git for-each-ref --format=%(refname)%00%(upstream:short)%00%(objectname)%00%(upstream:track)%00%(upstream:remotename)%00%(upstream:remoteref) refs/heads/main refs/remotes/main [1ms]
2023-06-05 01:02:14.158 [info] > git status -z -uall [2ms]
2023-06-05 01:02:49.112 [info] > git config --get commit.template [6ms]
2023-06-05 01:02:49.112 [info] > git for-each-ref --format=%(refname)%00%(upstream:short)%00%(objectname)%00%(upstream:track)%00%(upstream:remotename)%00%(upstream:remoteref) refs/heads/main refs/remotes/main [1ms]
2023-06-05 01:02:49.124 [info] > git status -z -uall [2ms]
2023-06-05 01:02:54.150 [info] > git config --get commit.template [11ms]
2023-06-05 01:02:54.151 [info] > git for-each-ref --format=%(refname)%00%(upstream:short)%00%(objectname)%00%(upstream:track)%00%(upstream:remotename)%00%(upstream:remoteref) refs/heads/main refs/remotes/main [1ms]
2023-06-05 01:02:54.163 [info] > git status -z -uall [2ms]
2023-06-05 01:02:59.886 [info] > git config --get commit.template [5ms]
2023-06-05 01:02:59.886 [info] > git for-each-ref --format=%(refname)%00%(upstream:short)%00%(objectname)%00%(upstream:track)%00%(upstream:remotename)%00%(upstream:remoteref) refs/heads/main refs/remotes/main [1ms]
2023-06-05 01:02:59.893 [info] > git status -z -uall [0ms]
2023-06-05 01:04:02.919 [info] > git config --get commit.template [11ms]
2023-06-05 01:04:02.920 [info] > git for-each-ref --format=%(refname)%00%(upstream:short)%00%(objectname)%00%(upstream:track)%00%(upstream:remotename)%00%(upstream:remoteref) refs/heads/main refs/remotes/main [2ms]
2023-06-05 01:04:02.932 [info] > git status -z -uall [2ms]
2023-06-05 01:04:08.417 [info] > git config --local branch.main.github-pr-owner-number [1ms]
2023-06-05 01:04:08.441 [info] > git config --get commit.template [12ms]
2023-06-05 01:04:08.442 [info] > git for-each-ref --format=%(refname)%00%(upstream:short)%00%(objectname)%00%(upstream:track)%00%(upstream:remotename)%00%(upstream:remoteref) refs/heads/main refs/remotes/main [2ms]
2023-06-05 01:04:08.454 [info] > git status -z -uall [2ms]
2023-06-05 01:04:08.757 [info] > git config --get commit.template [7ms]
2023-06-05 01:04:08.758 [info] > git for-each-ref --format=%(refname)%00%(upstream:short)%00%(objectname)%00%(upstream:track)%00%(upstream:remotename)%00%(upstream:remoteref) refs/heads/main refs/remotes/main [1ms]
2023-06-05 01:04:08.765 [info] > git status -z -uall [1ms]
2023-06-05 01:04:42.087 [info] > git config --get commit.template [6ms]
2023-06-05 01:04:42.088 [info] > git for-each-ref --format=%(refname)%00%(upstream:short)%00%(objectname)%00%(upstream:track)%00%(upstream:remotename)%00%(upstream:remoteref) refs/heads/main refs/remotes/main [1ms]
2023-06-05 01:04:42.095 [info] > git status -z -uall [2ms]
2023-06-05 01:05:21.099 [info] > git config --get commit.template [8ms]
2023-06-05 01:05:21.099 [info] > git for-each-ref --format=%(refname)%00%(upstream:short)%00%(objectname)%00%(upstream:track)%00%(upstream:remotename)%00%(upstream:remoteref) refs/heads/main refs/remotes/main [0ms]
2023-06-05 01:05:21.106 [info] > git status -z -uall [2ms]
2023-06-05 01:06:52.697 [info] > git config --get commit.template [6ms]
2023-06-05 01:06:52.697 [info] > git for-each-ref --format=%(refname)%00%(upstream:short)%00%(objectname)%00%(upstream:track)%00%(upstream:remotename)%00%(upstream:remoteref) refs/heads/main refs/remotes/main [1ms]
2023-06-05 01:06:52.703 [info] > git status -z -uall [1ms]
2023-06-05 01:07:01.218 [info] > git config --get commit.template [10ms]
2023-06-05 01:07:01.218 [info] > git for-each-ref --format=%(refname)%00%(upstream:short)%00%(objectname)%00%(upstream:track)%00%(upstream:remotename)%00%(upstream:remoteref) refs/heads/main refs/remotes/main [1ms]
2023-06-05 01:07:01.230 [info] > git status -z -uall [2ms]
2023-06-05 01:08:14.231 [info] > git config --get commit.template [9ms]
2023-06-05 01:08:14.231 [info] > git for-each-ref --format=%(refname)%00%(upstream:short)%00%(objectname)%00%(upstream:track)%00%(upstream:remotename)%00%(upstream:remoteref) refs/heads/main refs/remotes/main [1ms]
2023-06-05 01:08:14.239 [info] > git status -z -uall [2ms]
2023-06-05 01:08:37.726 [info] > git config --get commit.template [7ms]
2023-06-05 01:08:37.726 [info] > git for-each-ref --format=%(refname)%00%(upstream:short)%00%(objectname)%00%(upstream:track)%00%(upstream:remotename)%00%(upstream:remoteref) refs/heads/main refs/remotes/main [1ms]
2023-06-05 01:08:37.737 [info] > git status -z -uall [2ms]
2023-06-05 01:08:52.956 [info] > git config --get commit.template [8ms]
2023-06-05 01:08:52.956 [info] > git for-each-ref --format=%(refname)%00%(upstream:short)%00%(objectname)%00%(upstream:track)%00%(upstream:remotename)%00%(upstream:remoteref) refs/heads/main refs/remotes/main [1ms]
2023-06-05 01:08:52.963 [info] > git status -z -uall [2ms]
2023-06-05 01:09:01.233 [info] > git config --get commit.template [12ms]
2023-06-05 01:09:01.234 [info] > git for-each-ref --format=%(refname)%00%(upstream:short)%00%(objectname)%00%(upstream:track)%00%(upstream:remotename)%00%(upstream:remoteref) refs/heads/main refs/remotes/main [1ms]
2023-06-05 01:09:01.246 [info] > git status -z -uall [2ms]
2023-06-05 01:09:08.468 [info] > git config --local branch.main.github-pr-owner-number [2ms]
2023-06-05 01:09:08.488 [info] > git config --get commit.template [9ms]
2023-06-05 01:09:08.489 [info] > git for-each-ref --format=%(refname)%00%(upstream:short)%00%(objectname)%00%(upstream:track)%00%(upstream:remotename)%00%(upstream:remoteref) refs/heads/main refs/remotes/main [1ms]
2023-06-05 01:09:08.500 [info] > git status -z -uall [2ms]
2023-06-05 01:10:19.776 [info] > git config --get commit.template [6ms]
2023-06-05 01:10:19.776 [info] > git for-each-ref --format=%(refname)%00%(upstream:short)%00%(objectname)%00%(upstream:track)%00%(upstream:remotename)%00%(upstream:remoteref) refs/heads/main refs/remotes/main [1ms]
2023-06-05 01:10:19.783 [info] > git status -z -uall [1ms]
2023-06-05 01:10:33.453 [info] > git config --get commit.template [6ms]
2023-06-05 01:10:33.453 [info] > git for-each-ref --format=%(refname)%00%(upstream:short)%00%(objectname)%00%(upstream:track)%00%(upstream:remotename)%00%(upstream:remoteref) refs/heads/main refs/remotes/main [2ms]
2023-06-05 01:10:33.458 [info] > git status -z -uall [1ms]
2023-06-05 01:10:50.172 [info] > git config --get commit.template [7ms]
2023-06-05 01:10:50.173 [info] > git for-each-ref --format=%(refname)%00%(upstream:short)%00%(objectname)%00%(upstream:track)%00%(upstream:remotename)%00%(upstream:remoteref) refs/heads/main refs/remotes/main [1ms]
2023-06-05 01:10:50.180 [info] > git status -z -uall [1ms]
2023-06-05 01:10:59.879 [info] > git for-each-ref --sort -committerdate --format %(refname) %(objectname) %(*objectname) [1ms]
2023-06-05 01:11:07.616 [info] > git config --get commit.template [11ms]
2023-06-05 01:11:07.617 [info] > git for-each-ref --format=%(refname)%00%(upstream:short)%00%(objectname)%00%(upstream:track)%00%(upstream:remotename)%00%(upstream:remoteref) refs/heads/main refs/remotes/main [1ms]
2023-06-05 01:11:07.661 [info] > git status -z -uall [33ms]
2023-06-05 01:11:07.743 [info] > git ls-files --stage -- /workspace/bavarian-cristus-PP4/templates/index.html [5ms]
2023-06-05 01:11:07.749 [info] > git ls-files --stage -- /workspace/bavarian-cristus-PP4/static/css/style.css [16ms]
2023-06-05 01:11:07.754 [info] > git cat-file -s 71a951167c300f7713ac43b8d7321a96a136ca91 [6ms]
2023-06-05 01:11:07.754 [info] > git ls-files --stage -- /workspace/bavarian-cristus-PP4/templates/base.html [11ms]
2023-06-05 01:11:07.759 [info] > git cat-file -s 6d5ef4200a7e12a47da321ab0f83112c7005adc2 [6ms]
2023-06-05 01:11:07.760 [info] > git cat-file -s 4d975316a2b45934aa4520ac74db2fbcef29997a [1ms]
2023-06-05 01:11:07.795 [info] > git show --textconv :templates/index.html [2ms]
2023-06-05 01:11:07.810 [info] > git show --textconv :static/css/style.css [8ms]
2023-06-05 01:11:07.811 [info] > git show --textconv :templates/base.html [2ms]
2023-06-05 01:11:36.090 [info] > git config --get commit.template [11ms]
2023-06-05 01:11:36.091 [info] > git for-each-ref --format=%(refname)%00%(upstream:short)%00%(objectname)%00%(upstream:track)%00%(upstream:remotename)%00%(upstream:remoteref) refs/heads/main refs/remotes/main [2ms]
2023-06-05 01:11:36.103 [info] > git status -z -uall [2ms]
2023-06-05 01:11:36.409 [info] > git config --local branch.main.github-pr-owner-number [9ms]
2023-06-05 01:11:36.417 [info] > git config --get commit.template [1ms]
2023-06-05 01:11:36.458 [info] > git ls-files --stage -- /workspace/bavarian-cristus-PP4/templates/index.html [12ms]
2023-06-05 01:11:36.469 [info] > git ls-files --stage -- /workspace/bavarian-cristus-PP4/static/css/style.css [33ms]
2023-06-05 01:11:36.479 [info] > git for-each-ref --format=%(refname)%00%(upstream:short)%00%(objectname)%00%(upstream:track)%00%(upstream:remotename)%00%(upstream:remoteref) refs/heads/main refs/remotes/main [56ms]
2023-06-05 01:11:36.493 [info] > git status -z -uall [3ms]
2023-06-05 01:11:36.493 [info] > git cat-file -s 6d5ef4200a7e12a47da321ab0f83112c7005adc2 [14ms]
2023-06-05 01:11:36.494 [info] > git cat-file -s 71a951167c300f7713ac43b8d7321a96a136ca91 [26ms]
2023-06-05 01:11:36.494 [info] > git ls-files --stage -- /workspace/bavarian-cristus-PP4/templates/base.html [37ms]
2023-06-05 01:11:36.515 [info] > git cat-file -s 4d975316a2b45934aa4520ac74db2fbcef29997a [10ms]
2023-06-05 01:11:36.565 [info] > git show --textconv :static/css/style.css [11ms]
2023-06-05 01:11:36.566 [info] > git show --textconv :templates/index.html [2ms]
2023-06-05 01:11:36.577 [info] > git show --textconv :templates/base.html [1ms]
2023-06-05 01:11:43.258 [info] > git config --get commit.template [5ms]
2023-06-05 01:11:43.259 [info] > git for-each-ref --format=%(refname)%00%(upstream:short)%00%(objectname)%00%(upstream:track)%00%(upstream:remotename)%00%(upstream:remoteref) refs/heads/main refs/remotes/main [1ms]
2023-06-05 01:11:43.265 [info] > git status -z -uall [2ms]
2023-06-05 01:11:43.349 [info] > git config --local branch.main.github-pr-owner-number [28ms]
2023-06-05 01:11:43.361 [info] > git config --get commit.template [1ms]
2023-06-05 01:11:43.377 [info] > git for-each-ref --format=%(refname)%00%(upstream:short)%00%(objectname)%00%(upstream:track)%00%(upstream:remotename)%00%(upstream:remoteref) refs/heads/main refs/remotes/main [6ms]
2023-06-05 01:11:43.390 [info] > git status -z -uall [2ms]
2023-06-05 01:11:43.421 [info] > git ls-files --stage -- /workspace/bavarian-cristus-PP4/templates/index.html [6ms]
2023-06-05 01:11:43.427 [info] > git ls-files --stage -- /workspace/bavarian-cristus-PP4/static/css/style.css [18ms]
2023-06-05 01:11:43.432 [info] > git cat-file -s 71a951167c300f7713ac43b8d7321a96a136ca91 [5ms]
2023-06-05 01:11:43.432 [info] > git ls-files --stage -- /workspace/bavarian-cristus-PP4/templates/base.html [12ms]
2023-06-05 01:11:43.438 [info] > git cat-file -s 6d5ef4200a7e12a47da321ab0f83112c7005adc2 [7ms]
2023-06-05 01:11:43.439 [info] > git cat-file -s 4d975316a2b45934aa4520ac74db2fbcef29997a [1ms]
2023-06-05 01:11:43.486 [info] > git show --textconv :templates/index.html [11ms]
2023-06-05 01:11:43.486 [info] > git show --textconv :static/css/style.css [5ms]
2023-06-05 01:11:43.488 [info] > git show --textconv :templates/base.html [2ms]
2023-06-05 01:14:08.511 [info] > git config --local branch.main.github-pr-owner-number [1ms]
2023-06-05 01:14:08.521 [info] > git config --get commit.template [5ms]
2023-06-05 01:14:08.522 [info] > git for-each-ref --format=%(refname)%00%(upstream:short)%00%(objectname)%00%(upstream:track)%00%(upstream:remotename)%00%(upstream:remoteref) refs/heads/main refs/remotes/main [1ms]
2023-06-05 01:14:08.528 [info] > git status -z -uall [1ms]
2023-06-05 01:14:24.443 [info] > git show --textconv :README.md [10ms]
2023-06-05 01:14:24.444 [info] > git ls-files --stage -- /workspace/bavarian-cristus-PP4/README.md [1ms]
2023-06-05 01:14:24.455 [info] > git cat-file -s c397af6e4cb65fe365b1fe5f44792721cb2e089e [1ms]
2023-06-05 01:14:28.008 [info] > git show --textconv :.gitignore [6ms]
2023-06-05 01:14:28.009 [info] > git ls-files --stage -- /workspace/bavarian-cristus-PP4/.gitignore [1ms]
2023-06-05 01:14:28.014 [info] > git cat-file -s c7bfd08cc5d7c76df17250d4b7f4c2310806ad33 [1ms]
2023-06-05 01:15:44.481 [info] > git show --textconv :README.md [6ms]
2023-06-05 01:15:44.482 [info] > git ls-files --stage -- /workspace/bavarian-cristus-PP4/README.md [1ms]
2023-06-05 01:15:44.488 [info] > git cat-file -s c397af6e4cb65fe365b1fe5f44792721cb2e089e [2ms]
2023-06-05 01:18:55.226 [info] > git check-ignore -v -z --stdin [1ms]
2023-06-05 01:18:55.742 [info] > git config --get commit.template [10ms]
2023-06-05 01:18:55.743 [info] > git for-each-ref --format=%(refname)%00%(upstream:short)%00%(objectname)%00%(upstream:track)%00%(upstream:remotename)%00%(upstream:remoteref) refs/heads/main refs/remotes/main [1ms]
2023-06-05 01:18:55.755 [info] > git status -z -uall [1ms]
2023-06-05 01:19:08.540 [info] > git config --local branch.main.github-pr-owner-number [1ms]
2023-06-05 01:19:08.551 [info] > git config --get commit.template [6ms]
2023-06-05 01:19:08.552 [info] > git for-each-ref --format=%(refname)%00%(upstream:short)%00%(objectname)%00%(upstream:track)%00%(upstream:remotename)%00%(upstream:remoteref) refs/heads/main refs/remotes/main [1ms]
2023-06-05 01:19:08.558 [info] > git status -z -uall [2ms]
2023-06-05 01:19:28.743 [info] > git config --get commit.template [6ms]
2023-06-05 01:19:28.743 [info] > git for-each-ref --format=%(refname)%00%(upstream:short)%00%(objectname)%00%(upstream:track)%00%(upstream:remotename)%00%(upstream:remoteref) refs/heads/main refs/remotes/main [1ms]
2023-06-05 01:19:28.750 [info] > git status -z -uall [2ms]
