2023-06-01 06:49:10.781 [info] Test server listening.
2023-06-01 06:49:10.781 [info] > conda info --json
2023-06-01 06:49:10.781 [info] Found: /bin/python2 --> /bin/python2.7
2023-06-01 06:49:10.781 [info] Found: /bin/python2.7 --> /bin/python2.7
2023-06-01 06:49:10.781 [info] Found: /bin/python3 --> /bin/python3.8
2023-06-01 06:49:10.781 [info] Found: /bin/python3.8 --> /bin/python3.8
2023-06-01 06:49:10.781 [info] > ~/.pyenv/versions/3.8.11/bin/python -I /workspace/.vscode-remote/extensions/ms-python.python-2023.8.0-universal/pythonFiles/get_output_via_markers.py /workspace/.vscode-remote/extensions/ms-python.python-2023.8.0-universal/pythonFiles/interpreterInfo.py
2023-06-01 06:49:10.781 [info] Found: /usr/bin/python2 --> /usr/bin/python2.7
2023-06-01 06:49:10.781 [info] Found: /usr/bin/python2.7 --> /usr/bin/python2.7
2023-06-01 06:49:10.781 [info] Found: /usr/bin/python3 --> /usr/bin/python3.8
2023-06-01 06:49:10.781 [info] Found: /usr/bin/python3.8 --> /usr/bin/python3.8
2023-06-01 06:49:10.781 [info] > /bin/python2 -I /workspace/.vscode-remote/extensions/ms-python.python-2023.8.0-universal/pythonFiles/get_output_via_markers.py /workspace/.vscode-remote/extensions/ms-python.python-2023.8.0-universal/pythonFiles/interpreterInfo.py
2023-06-01 06:49:10.781 [warning] [Error: Command failed: /bin/python2 -I /workspace/.vscode-remote/extensions/ms-python.python-2023.8.0-universal/pythonFiles/get_output_via_markers.py /workspace/.vscode-remote/extensions/ms-python.python-2023.8.0-universal/pythonFiles/interpreterInfo.py
Unknown option: -I
usage: /bin/python2 [option] ... [-c cmd | -m mod | file | -] [arg] ...
Try `python -h' for more information.

	at ChildProcess.exithandler (node:child_process:400:12)
	at ChildProcess.emit (node:events:513:28)
	at maybeClose (node:internal/child_process:1093:16)
	at Socket.<anonymous> (node:internal/child_process:451:11)
	at Socket.emit (node:events:513:28)
	at Pipe.<anonymous> (node:net:757:14)] {
  code: 2,
  killed: false,
  signal: null,
  cmd: '/bin/python2 -I /workspace/.vscode-remote/extensions/ms-python.python-2023.8.0-universal/pythonFiles/get_output_via_markers.py /workspace/.vscode-remote/extensions/ms-python.python-2023.8.0-universal/pythonFiles/interpreterInfo.py'
}
2023-06-01 06:49:10.781 [error] Support for Python 2.7 has been dropped by the Python extension so certain features may not work, upgrade to using Python 3.
2023-06-01 06:49:10.781 [info] > /bin/python2 /workspace/.vscode-remote/extensions/ms-python.python-2023.8.0-universal/pythonFiles/get_output_via_markers.py /workspace/.vscode-remote/extensions/ms-python.python-2023.8.0-universal/pythonFiles/interpreterInfo.py
2023-06-01 06:49:10.781 [info] > /bin/python3 -I /workspace/.vscode-remote/extensions/ms-python.python-2023.8.0-universal/pythonFiles/get_output_via_markers.py /workspace/.vscode-remote/extensions/ms-python.python-2023.8.0-universal/pythonFiles/interpreterInfo.py
2023-06-01 06:49:10.781 [info] > /usr/bin/python2 -I /workspace/.vscode-remote/extensions/ms-python.python-2023.8.0-universal/pythonFiles/get_output_via_markers.py /workspace/.vscode-remote/extensions/ms-python.python-2023.8.0-universal/pythonFiles/interpreterInfo.py
2023-06-01 06:49:10.781 [warning] [Error: Command failed: /usr/bin/python2 -I /workspace/.vscode-remote/extensions/ms-python.python-2023.8.0-universal/pythonFiles/get_output_via_markers.py /workspace/.vscode-remote/extensions/ms-python.python-2023.8.0-universal/pythonFiles/interpreterInfo.py
Unknown option: -I
usage: /usr/bin/python2 [option] ... [-c cmd | -m mod | file | -] [arg] ...
Try `python -h' for more information.

	at ChildProcess.exithandler (node:child_process:400:12)
	at ChildProcess.emit (node:events:513:28)
	at maybeClose (node:internal/child_process:1093:16)
	at Process.ChildProcess._handle.onexit (node:internal/child_process:302:5)] {
  code: 2,
  killed: false,
  signal: null,
  cmd: '/usr/bin/python2 -I /workspace/.vscode-remote/extensions/ms-python.python-2023.8.0-universal/pythonFiles/get_output_via_markers.py /workspace/.vscode-remote/extensions/ms-python.python-2023.8.0-universal/pythonFiles/interpreterInfo.py'
}
2023-06-01 06:49:10.781 [error] Support for Python 2.7 has been dropped by the Python extension so certain features may not work, upgrade to using Python 3.
2023-06-01 06:49:10.781 [info] > /usr/bin/python2 /workspace/.vscode-remote/extensions/ms-python.python-2023.8.0-universal/pythonFiles/get_output_via_markers.py /workspace/.vscode-remote/extensions/ms-python.python-2023.8.0-universal/pythonFiles/interpreterInfo.py
2023-06-01 06:49:10.781 [info] > /usr/bin/python3 -I /workspace/.vscode-remote/extensions/ms-python.python-2023.8.0-universal/pythonFiles/get_output_via_markers.py /workspace/.vscode-remote/extensions/ms-python.python-2023.8.0-universal/pythonFiles/interpreterInfo.py
2023-06-01 06:49:10.781 [info] Python interpreter path: ~/.pyenv/versions/3.8.11/bin/python
2023-06-01 06:49:10.875 [warning] Retry failed, storage update failed for key PYTHON_GLOBAL_STORAGE_KEYS
2023-06-01 06:49:11.028 [warning] Retry failed, storage update failed for key PYTHON_GLOBAL_STORAGE_KEYS
2023-06-01 06:49:11.028 [warning] Retry failed, storage update failed for key PYTHON_GLOBAL_STORAGE_KEYS
2023-06-01 06:49:11.028 [warning] Retry failed, storage update failed for key PYTHON_GLOBAL_STORAGE_KEYS
2023-06-01 06:49:11.028 [warning] Retry failed, storage update failed for key PYTHON_GLOBAL_STORAGE_KEYS
2023-06-01 06:49:11.028 [warning] Retry failed, storage update failed for key PYTHON_GLOBAL_STORAGE_KEYS
2023-06-01 06:49:11.028 [warning] Retry failed, storage update failed for key PYTHON_WORKSPACE_STORAGE_KEYS
2023-06-01 06:49:11.028 [warning] Retry failed, storage update failed for key PYTHON_WORKSPACE_STORAGE_KEYS
2023-06-01 06:49:11.028 [warning] Retry failed, storage update failed for key PYTHON_WORKSPACE_STORAGE_KEYS
2023-06-01 06:49:11.061 [warning] Retry failed, storage update failed for key PYTHON_GLOBAL_STORAGE_KEYS
2023-06-01 06:49:11.061 [warning] Retry failed, storage update failed for key PYTHON_GLOBAL_STORAGE_KEYS
2023-06-01 06:49:11.521 [info] Starting Jedi language server for bavarian-cristus-PP4.
2023-06-01 08:43:51.985 [info] > ~/.pyenv/versions/3.8.11/bin/python /workspace/.vscode-remote/extensions/ms-python.python-2023.8.0-universal/pythonFiles/linter.py -m pycodestyle ./bcristus/urls.py
2023-06-01 08:43:51.987 [info] cwd: .
2023-06-01 08:43:52.282 [info] ##########Linting Output - pycodestyle##########

2023-06-01 08:43:52.283 [info] 
2023-06-01 08:44:00.483 [info] > ~/.pyenv/versions/3.8.11/bin/python /workspace/.vscode-remote/extensions/ms-python.python-2023.8.0-universal/pythonFiles/linter.py -m pycodestyle ./blog/urls.py
2023-06-01 08:44:00.483 [info] cwd: .
2023-06-01 08:44:00.574 [info] ##########Linting Output - pycodestyle##########

2023-06-01 08:44:00.574 [info] 13,80,E,E501:line too long (90 > 79 characters)

2023-06-01 08:48:13.537 [info] > ~/.pyenv/versions/3.8.11/bin/python /workspace/.vscode-remote/extensions/ms-python.python-2023.8.0-universal/pythonFiles/linter.py -m pycodestyle ./blog/views.py
2023-06-01 08:48:13.537 [info] cwd: .
2023-06-01 08:48:13.631 [info] ##########Linting Output - pycodestyle##########

2023-06-01 08:48:13.631 [info] 118,80,E,E501:line too long (96 > 79 characters)
122,80,E,E501:line too long (137 > 79 characters)

2023-06-01 08:50:18.096 [info] > ~/.pyenv/versions/3.8.11/bin/python /workspace/.vscode-remote/extensions/ms-python.python-2023.8.0-universal/pythonFiles/linter.py -m pycodestyle ./blog/views.py
2023-06-01 08:50:18.096 [info] cwd: .
2023-06-01 08:50:18.214 [info] ##########Linting Output - pycodestyle##########

2023-06-01 08:50:18.214 [info] 91,9,E,E112:expected an indented block
92,60,E,E231:missing whitespace after ','
117,80,E,E501:line too long (96 > 79 characters)
121,80,E,E501:line too long (137 > 79 characters)

2023-06-01 08:50:20.501 [info] > ~/.pyenv/versions/3.8.11/bin/python /workspace/.vscode-remote/extensions/ms-python.python-2023.8.0-universal/pythonFiles/linter.py -m pycodestyle ./blog/views.py
2023-06-01 08:50:20.501 [info] cwd: .
2023-06-01 08:50:20.612 [info] ##########Linting Output - pycodestyle##########

2023-06-01 08:50:20.612 [info] 91,9,E,E112:expected an indented block
92,60,E,E231:missing whitespace after ','
117,80,E,E501:line too long (96 > 79 characters)
121,80,E,E501:line too long (137 > 79 characters)

2023-06-01 08:50:23.087 [info] > ~/.pyenv/versions/3.8.11/bin/python /workspace/.vscode-remote/extensions/ms-python.python-2023.8.0-universal/pythonFiles/linter.py -m pycodestyle ./blog/views.py
2023-06-01 08:50:23.088 [info] cwd: .
2023-06-01 08:50:23.194 [info] ##########Linting Output - pycodestyle##########

2023-06-01 08:50:23.194 [info] 91,9,E,E112:expected an indented block
92,60,E,E231:missing whitespace after ','
117,80,E,E501:line too long (96 > 79 characters)
121,80,E,E501:line too long (137 > 79 characters)

2023-06-01 08:51:21.770 [info] > ~/.pyenv/versions/3.8.11/bin/python /workspace/.vscode-remote/extensions/ms-python.python-2023.8.0-universal/pythonFiles/linter.py -m pycodestyle ./blog/views.py
2023-06-01 08:51:21.770 [info] cwd: .
2023-06-01 08:51:21.869 [info] ##########Linting Output - pycodestyle##########

2023-06-01 08:51:21.869 [info] 91,9,E,E112:expected an indented block
92,60,E,E231:missing whitespace after ','
117,80,E,E501:line too long (96 > 79 characters)
121,80,E,E501:line too long (137 > 79 characters)

2023-06-01 08:51:23.337 [info] > ~/.pyenv/versions/3.8.11/bin/python /workspace/.vscode-remote/extensions/ms-python.python-2023.8.0-universal/pythonFiles/linter.py -m pycodestyle ./blog/urls.py
2023-06-01 08:51:23.337 [info] cwd: .
2023-06-01 08:51:23.415 [info] ##########Linting Output - pycodestyle##########

2023-06-01 08:51:23.415 [info] 6,80,E,E501:line too long (81 > 79 characters)
13,80,E,E501:line too long (90 > 79 characters)

2023-06-01 08:52:06.780 [info] > ~/.pyenv/versions/3.8.11/bin/python /workspace/.vscode-remote/extensions/ms-python.python-2023.8.0-universal/pythonFiles/linter.py -m pycodestyle ./blog/urls.py
2023-06-01 08:52:06.780 [info] cwd: .
2023-06-01 08:52:06.864 [info] ##########Linting Output - pycodestyle##########

2023-06-01 08:52:06.864 [info] 6,80,E,E501:line too long (81 > 79 characters)
13,80,E,E501:line too long (90 > 79 characters)

2023-06-01 08:52:33.396 [info] > ~/.pyenv/versions/3.8.11/bin/python /workspace/.vscode-remote/extensions/ms-python.python-2023.8.0-universal/pythonFiles/linter.py -m pycodestyle ./blog/views.py
2023-06-01 08:52:33.396 [info] cwd: .
2023-06-01 08:52:33.492 [info] ##########Linting Output - pycodestyle##########

2023-06-01 08:52:33.492 [info] 91,9,E,E112:expected an indented block
117,80,E,E501:line too long (96 > 79 characters)
121,80,E,E501:line too long (137 > 79 characters)

2023-06-01 08:52:51.007 [info] > ~/.pyenv/versions/3.8.11/bin/python /workspace/.vscode-remote/extensions/ms-python.python-2023.8.0-universal/pythonFiles/linter.py -m pycodestyle ./blog/views.py
2023-06-01 08:52:51.007 [info] cwd: .
2023-06-01 08:52:51.105 [info] ##########Linting Output - pycodestyle##########

2023-06-01 08:52:51.105 [info] 117,80,E,E501:line too long (96 > 79 characters)
121,80,E,E501:line too long (137 > 79 characters)

2023-06-01 09:01:29.172 [info] > ~/.pyenv/versions/3.8.11/bin/python /workspace/.vscode-remote/extensions/ms-python.python-2023.8.0-universal/pythonFiles/linter.py -m pycodestyle ./blog/views.py
2023-06-01 09:01:29.172 [info] cwd: .
2023-06-01 09:01:29.282 [info] ##########Linting Output - pycodestyle##########

2023-06-01 09:01:29.282 [info] 118,80,E,E501:line too long (96 > 79 characters)
122,80,E,E501:line too long (137 > 79 characters)

2023-06-01 09:20:02.744 [info] > ~/.pyenv/versions/3.8.11/bin/python /workspace/.vscode-remote/extensions/ms-python.python-2023.8.0-universal/pythonFiles/linter.py -m pycodestyle ./blog/urls.py
2023-06-01 09:20:02.744 [info] cwd: .
2023-06-01 09:20:02.818 [info] ##########Linting Output - pycodestyle##########

2023-06-01 09:20:02.818 [info] 13,80,E,E501:line too long (90 > 79 characters)
19,1,E,E303:too many blank lines (4)
19,1,E,E402:module level import not at top of file
26,1,W,W391:blank line at end of file

2023-06-01 09:20:43.023 [info] > ~/.pyenv/versions/3.8.11/bin/python /workspace/.vscode-remote/extensions/ms-python.python-2023.8.0-universal/pythonFiles/linter.py -m pycodestyle ./blog/urls.py
2023-06-01 09:20:43.023 [info] cwd: .
2023-06-01 09:20:43.100 [info] ##########Linting Output - pycodestyle##########

2023-06-01 09:20:43.100 [info] 13,80,E,E501:line too long (90 > 79 characters)
15,1,W,W391:blank line at end of file

2023-06-01 09:20:48.010 [info] > ~/.pyenv/versions/3.8.11/bin/python /workspace/.vscode-remote/extensions/ms-python.python-2023.8.0-universal/pythonFiles/linter.py -m pycodestyle ./blog/urls.py
2023-06-01 09:20:48.010 [info] cwd: .
2023-06-01 09:20:48.095 [info] ##########Linting Output - pycodestyle##########

2023-06-01 09:20:48.095 [info] 13,80,E,E501:line too long (90 > 79 characters)
14,2,W,W292:no newline at end of file

2023-06-01 09:20:48.792 [info] > ~/.pyenv/versions/3.8.11/bin/python /workspace/.vscode-remote/extensions/ms-python.python-2023.8.0-universal/pythonFiles/linter.py -m pycodestyle ./blog/urls.py
2023-06-01 09:20:48.792 [info] cwd: .
2023-06-01 09:20:48.874 [info] ##########Linting Output - pycodestyle##########

2023-06-01 09:20:48.874 [info] 13,80,E,E501:line too long (90 > 79 characters)

2023-06-01 09:22:37.169 [info] > ~/.pyenv/versions/3.8.11/bin/python /workspace/.vscode-remote/extensions/ms-python.python-2023.8.0-universal/pythonFiles/linter.py -m pycodestyle ./blog/urls.py
2023-06-01 09:22:37.169 [info] cwd: .
2023-06-01 09:22:37.266 [info] ##########Linting Output - pycodestyle##########

2023-06-01 09:22:37.266 [info] 6,80,E,E501:line too long (87 > 79 characters)
13,80,E,E501:line too long (90 > 79 characters)

2023-06-01 09:24:23.191 [info] > ~/.pyenv/versions/3.8.11/bin/python /workspace/.vscode-remote/extensions/ms-python.python-2023.8.0-universal/pythonFiles/linter.py -m pycodestyle ./blog/urls.py
2023-06-01 09:24:23.191 [info] cwd: .
2023-06-01 09:24:23.273 [info] ##########Linting Output - pycodestyle##########

2023-06-01 09:24:23.273 [info] 7,80,E,E501:line too long (86 > 79 characters)
14,80,E,E501:line too long (90 > 79 characters)

2023-06-01 09:24:33.578 [info] > ~/.pyenv/versions/3.8.11/bin/python /workspace/.vscode-remote/extensions/ms-python.python-2023.8.0-universal/pythonFiles/linter.py -m pycodestyle ./blog/urls.py
2023-06-01 09:24:33.578 [info] cwd: .
2023-06-01 09:24:33.658 [info] ##########Linting Output - pycodestyle##########

2023-06-01 09:24:33.658 [info] 7,80,E,E501:line too long (86 > 79 characters)
14,80,E,E501:line too long (90 > 79 characters)

2023-06-01 09:26:52.397 [info] > ~/.pyenv/versions/3.8.11/bin/python /workspace/.vscode-remote/extensions/ms-python.python-2023.8.0-universal/pythonFiles/linter.py -m pycodestyle ./blog/views.py
2023-06-01 09:26:52.397 [info] cwd: .
2023-06-01 09:26:52.497 [info] ##########Linting Output - pycodestyle##########

2023-06-01 09:26:52.497 [info] 99,1,E,E303:too many blank lines (3)
128,80,E,E501:line too long (96 > 79 characters)
132,80,E,E501:line too long (137 > 79 characters)

2023-06-01 09:26:57.948 [info] > ~/.pyenv/versions/3.8.11/bin/python /workspace/.vscode-remote/extensions/ms-python.python-2023.8.0-universal/pythonFiles/linter.py -m pycodestyle ./blog/views.py
2023-06-01 09:26:57.948 [info] cwd: .
2023-06-01 09:26:58.046 [info] ##########Linting Output - pycodestyle##########

2023-06-01 09:26:58.046 [info] 98,1,E,E303:too many blank lines (3)
127,80,E,E501:line too long (96 > 79 characters)
131,80,E,E501:line too long (137 > 79 characters)

2023-06-01 09:27:22.537 [info] > ~/.pyenv/versions/3.8.11/bin/python /workspace/.vscode-remote/extensions/ms-python.python-2023.8.0-universal/pythonFiles/linter.py -m pycodestyle ./blog/urls.py
2023-06-01 09:27:22.537 [info] cwd: .
2023-06-01 09:27:22.604 [info] ##########Linting Output - pycodestyle##########

2023-06-01 09:27:22.604 [info] 7,80,E,E501:line too long (90 > 79 characters)
14,80,E,E501:line too long (90 > 79 characters)

2023-06-01 09:28:36.402 [info] > ~/.pyenv/versions/3.8.11/bin/python /workspace/.vscode-remote/extensions/ms-python.python-2023.8.0-universal/pythonFiles/linter.py -m pycodestyle ./blog/views.py
2023-06-01 09:28:36.402 [info] cwd: .
2023-06-01 09:28:36.493 [info] ##########Linting Output - pycodestyle##########

2023-06-01 09:28:36.493 [info] 98,1,E,E303:too many blank lines (3)
127,80,E,E501:line too long (96 > 79 characters)
131,80,E,E501:line too long (137 > 79 characters)

2023-06-01 09:31:59.147 [info] > ~/.pyenv/versions/3.8.11/bin/python /workspace/.vscode-remote/extensions/ms-python.python-2023.8.0-universal/pythonFiles/linter.py -m pycodestyle ./blog/models.py
2023-06-01 09:31:59.147 [info] cwd: .
2023-06-01 09:31:59.246 [info] ##########Linting Output - pycodestyle##########

2023-06-01 09:31:59.246 [info] 12,80,E,E501:line too long (92 > 79 characters)
20,80,E,E501:line too long (80 > 79 characters)
35,80,E,E501:line too long (96 > 79 characters)
36,80,E,E501:line too long (90 > 79 characters)

2023-06-01 09:33:38.064 [info] > ~/.pyenv/versions/3.8.11/bin/python /workspace/.vscode-remote/extensions/ms-python.python-2023.8.0-universal/pythonFiles/linter.py -m pycodestyle ./blog/views.py
2023-06-01 09:33:38.064 [info] cwd: .
2023-06-01 09:33:38.159 [info] ##########Linting Output - pycodestyle##########

2023-06-01 09:33:38.159 [info] 98,1,E,E303:too many blank lines (3)
128,80,E,E501:line too long (96 > 79 characters)
132,80,E,E501:line too long (137 > 79 characters)

2023-06-01 09:33:50.166 [info] > ~/.pyenv/versions/3.8.11/bin/python /workspace/.vscode-remote/extensions/ms-python.python-2023.8.0-universal/pythonFiles/linter.py -m pycodestyle ./blog/views.py
2023-06-01 09:33:50.166 [info] cwd: .
2023-06-01 09:33:50.256 [info] ##########Linting Output - pycodestyle##########

2023-06-01 09:33:50.256 [info] 98,1,E,E303:too many blank lines (3)
128,80,E,E501:line too long (96 > 79 characters)
132,80,E,E501:line too long (137 > 79 characters)

2023-06-01 09:35:21.490 [info] > ~/.pyenv/versions/3.8.11/bin/python /workspace/.vscode-remote/extensions/ms-python.python-2023.8.0-universal/pythonFiles/linter.py -m pycodestyle ./blog/views.py
2023-06-01 09:35:21.490 [info] cwd: .
2023-06-01 09:35:21.579 [info] ##########Linting Output - pycodestyle##########

2023-06-01 09:35:21.579 [info] 98,1,E,E303:too many blank lines (3)
128,80,E,E501:line too long (96 > 79 characters)
132,80,E,E501:line too long (137 > 79 characters)

2023-06-01 09:37:02.088 [info] > ~/.pyenv/versions/3.8.11/bin/python /workspace/.vscode-remote/extensions/ms-python.python-2023.8.0-universal/pythonFiles/linter.py -m pycodestyle ./blog/urls.py
2023-06-01 09:37:02.088 [info] cwd: .
2023-06-01 09:37:02.158 [info] ##########Linting Output - pycodestyle##########

2023-06-01 09:37:02.158 [info] 7,80,E,E501:line too long (88 > 79 characters)
14,80,E,E501:line too long (90 > 79 characters)

2023-06-01 09:37:18.390 [info] > ~/.pyenv/versions/3.8.11/bin/python /workspace/.vscode-remote/extensions/ms-python.python-2023.8.0-universal/pythonFiles/linter.py -m pycodestyle ./blog/urls.py
2023-06-01 09:37:18.390 [info] cwd: .
2023-06-01 09:37:18.460 [info] ##########Linting Output - pycodestyle##########

2023-06-01 09:37:18.460 [info] 7,80,E,E501:line too long (90 > 79 characters)
14,80,E,E501:line too long (90 > 79 characters)

2023-06-01 09:42:34.257 [info] > ~/.pyenv/versions/3.8.11/bin/python /workspace/.vscode-remote/extensions/ms-python.python-2023.8.0-universal/pythonFiles/linter.py -m pycodestyle ./blog/views.py
2023-06-01 09:42:34.257 [info] cwd: .
2023-06-01 09:42:34.350 [info] ##########Linting Output - pycodestyle##########

2023-06-01 09:42:34.350 [info] 127,80,E,E501:line too long (96 > 79 characters)
131,80,E,E501:line too long (137 > 79 characters)

2023-06-01 09:45:19.712 [info] > ~/.pyenv/versions/3.8.11/bin/python /workspace/.vscode-remote/extensions/ms-python.python-2023.8.0-universal/pythonFiles/linter.py -m pycodestyle ./blog/models.py
2023-06-01 09:45:19.712 [info] cwd: .
2023-06-01 09:45:19.787 [info] ##########Linting Output - pycodestyle##########

2023-06-01 09:45:19.787 [info] 12,80,E,E501:line too long (92 > 79 characters)
20,80,E,E501:line too long (80 > 79 characters)
35,80,E,E501:line too long (96 > 79 characters)
36,80,E,E501:line too long (90 > 79 characters)

2023-06-01 09:53:41.900 [info] > ~/.pyenv/versions/3.8.11/bin/python /workspace/.vscode-remote/extensions/ms-python.python-2023.8.0-universal/pythonFiles/linter.py -m pycodestyle ./blog/urls.py
2023-06-01 09:53:41.901 [info] cwd: .
2023-06-01 09:53:41.973 [info] ##########Linting Output - pycodestyle##########

2023-06-01 09:53:41.973 [info] 7,80,E,E501:line too long (90 > 79 characters)
14,80,E,E501:line too long (90 > 79 characters)

2023-06-01 09:54:02.193 [info] > ~/.pyenv/versions/3.8.11/bin/python /workspace/.vscode-remote/extensions/ms-python.python-2023.8.0-universal/pythonFiles/linter.py -m pycodestyle ./blog/urls.py
2023-06-01 09:54:02.193 [info] cwd: .
2023-06-01 09:54:02.277 [info] ##########Linting Output - pycodestyle##########

2023-06-01 09:54:02.277 [info] 7,80,E,E501:line too long (97 > 79 characters)
14,80,E,E501:line too long (90 > 79 characters)

2023-06-01 09:56:07.497 [info] > ~/.pyenv/versions/3.8.11/bin/python /workspace/.vscode-remote/extensions/ms-python.python-2023.8.0-universal/pythonFiles/linter.py -m pycodestyle ./blog/views.py
2023-06-01 09:56:07.497 [info] cwd: .
2023-06-01 09:56:07.618 [info] ##########Linting Output - pycodestyle##########

2023-06-01 09:56:07.619 [info] 127,80,E,E501:line too long (96 > 79 characters)
131,80,E,E501:line too long (137 > 79 characters)

2023-06-01 09:57:54.184 [info] > ~/.pyenv/versions/3.8.11/bin/python /workspace/.vscode-remote/extensions/ms-python.python-2023.8.0-universal/pythonFiles/linter.py -m pycodestyle ./blog/views.py
2023-06-01 09:57:54.184 [info] cwd: .
2023-06-01 09:57:54.281 [info] ##########Linting Output - pycodestyle##########

2023-06-01 09:57:54.281 [info] 127,80,E,E501:line too long (96 > 79 characters)
131,80,E,E501:line too long (137 > 79 characters)

2023-06-01 09:58:19.388 [info] > ~/.pyenv/versions/3.8.11/bin/python /workspace/.vscode-remote/extensions/ms-python.python-2023.8.0-universal/pythonFiles/linter.py -m pycodestyle ./blog/views.py
2023-06-01 09:58:19.388 [info] cwd: .
2023-06-01 09:58:19.487 [info] ##########Linting Output - pycodestyle##########

2023-06-01 09:58:19.487 [info] 127,80,E,E501:line too long (96 > 79 characters)
131,80,E,E501:line too long (137 > 79 characters)

2023-06-01 09:58:20.905 [info] > ~/.pyenv/versions/3.8.11/bin/python /workspace/.vscode-remote/extensions/ms-python.python-2023.8.0-universal/pythonFiles/linter.py -m pycodestyle ./blog/views.py
2023-06-01 09:58:20.905 [info] cwd: .
2023-06-01 09:58:21.007 [info] ##########Linting Output - pycodestyle##########

2023-06-01 09:58:21.007 [info] 127,80,E,E501:line too long (96 > 79 characters)
131,80,E,E501:line too long (137 > 79 characters)

2023-06-01 09:58:28.912 [info] > ~/.pyenv/versions/3.8.11/bin/python /workspace/.vscode-remote/extensions/ms-python.python-2023.8.0-universal/pythonFiles/linter.py -m pycodestyle ./blog/views.py
2023-06-01 09:58:28.912 [info] cwd: .
2023-06-01 09:58:29.011 [info] ##########Linting Output - pycodestyle##########

2023-06-01 09:58:29.011 [info] 127,80,E,E501:line too long (96 > 79 characters)
131,80,E,E501:line too long (137 > 79 characters)

2023-06-01 10:00:59.088 [info] > ~/.pyenv/versions/3.8.11/bin/python /workspace/.vscode-remote/extensions/ms-python.python-2023.8.0-universal/pythonFiles/linter.py -m pycodestyle ./blog/urls.py
2023-06-01 10:00:59.088 [info] cwd: .
2023-06-01 10:00:59.172 [info] ##########Linting Output - pycodestyle##########

2023-06-01 10:00:59.172 [info] 7,80,E,E501:line too long (90 > 79 characters)
14,80,E,E501:line too long (90 > 79 characters)

2023-06-01 10:31:03.394 [info] > ~/.pyenv/versions/3.8.11/bin/python /workspace/.vscode-remote/extensions/ms-python.python-2023.8.0-universal/pythonFiles/linter.py -m pycodestyle ./blog/views.py
2023-06-01 10:31:03.395 [info] cwd: .
2023-06-01 10:31:03.567 [info] ##########Linting Output - pycodestyle##########

2023-06-01 10:31:03.567 [info] 127,80,E,E501:line too long (96 > 79 characters)
131,80,E,E501:line too long (137 > 79 characters)

