2023-06-01 06:49:10.873 [info] Log level: Info
2023-06-01 06:49:10.873 [info] Validating found git in: "git"
2023-06-01 06:49:10.873 [info] Using git "2.37.3" from "git"
2023-06-01 06:49:10.873 [info] > git rev-parse --show-toplevel [9ms]
2023-06-01 06:49:10.873 [info] > git rev-parse --git-dir --git-common-dir [1ms]
2023-06-01 06:49:10.873 [info] Open repository: /workspace/bavarian-cristus-PP4
2023-06-01 06:49:10.873 [info] > git rev-parse --show-toplevel [4ms]
2023-06-01 06:49:10.873 [info] > git config --get commit.template [4ms]
2023-06-01 06:49:10.873 [info] > git rev-parse --show-toplevel [6ms]
2023-06-01 06:49:10.873 [info] > git for-each-ref --format=%(refname)%00%(upstream:short)%00%(objectname)%00%(upstream:track)%00%(upstream:remotename)%00%(upstream:remoteref) refs/heads/main refs/remotes/main [8ms]
2023-06-01 06:49:10.873 [info] > git rev-parse --show-toplevel [10ms]
2023-06-01 06:49:10.873 [info] > git rev-parse --show-toplevel [2ms]
2023-06-01 06:49:10.873 [info] > git rev-parse --show-toplevel [2ms]
2023-06-01 06:49:10.873 [info] > git rev-parse --show-toplevel [1ms]
2023-06-01 06:49:10.873 [info] > git rev-parse --show-toplevel [1ms]
2023-06-01 06:49:10.873 [info] > git rev-parse --show-toplevel [6ms]
2023-06-01 06:49:10.873 [info] > git status -z -uall [41ms]
2023-06-01 06:49:10.873 [info] > git rev-parse --show-toplevel [10ms]
2023-06-01 06:49:10.873 [info] > git config --get commit.template [3ms]
2023-06-01 06:49:10.873 [info] > git for-each-ref --format=%(refname)%00%(upstream:short)%00%(objectname)%00%(upstream:track)%00%(upstream:remotename)%00%(upstream:remoteref) refs/heads/main refs/remotes/main [2ms]
2023-06-01 06:49:10.873 [info] > git status -z -uall [61ms]
2023-06-01 06:49:10.905 [info] > git check-ignore -v -z --stdin [9ms]
2023-06-01 06:49:11.923 [info] > git config --local branch.main.github-pr-owner-number [37ms]
2023-06-01 06:49:11.946 [info] > git for-each-ref --format=%(refname)%00%(upstream:short)%00%(objectname)%00%(upstream:track)%00%(upstream:remotename)%00%(upstream:remoteref) refs/heads/main refs/remotes/main [14ms]
2023-06-01 06:49:11.946 [info] > git config --get commit.template [18ms]
2023-06-01 06:49:11.986 [info] > git status -z -uall [35ms]
2023-06-01 06:52:18.363 [info] > git check-ignore -v -z --stdin [3ms]
2023-06-01 06:52:19.339 [info] > git check-ignore -v -z --stdin [1ms]
2023-06-01 06:52:20.502 [info] > git show --textconv :static/css/style.css [7ms]
2023-06-01 06:52:20.503 [info] > git ls-files --stage -- /workspace/bavarian-cristus-PP4/static/css/style.css [2ms]
2023-06-01 06:52:20.511 [info] > git cat-file -s 0f318719375b12c78500db1fb74c5019aa92126d [2ms]
2023-06-01 06:53:11.711 [info] > git check-ignore -v -z --stdin [1ms]
2023-06-01 06:53:15.641 [info] > git show --textconv :templates/profile.html [42ms]
2023-06-01 06:53:15.642 [info] > git ls-files --stage -- /workspace/bavarian-cristus-PP4/templates/profile.html [3ms]
2023-06-01 06:53:15.650 [info] > git cat-file -s bdfeebae65b7bb4fcb55bc171da9187cdd472557 [2ms]
2023-06-01 06:54:11.424 [info] > git config --local branch.main.github-pr-owner-number [1ms]
2023-06-01 06:54:11.435 [info] > git config --get commit.template [5ms]
2023-06-01 06:54:11.436 [info] > git for-each-ref --format=%(refname)%00%(upstream:short)%00%(objectname)%00%(upstream:track)%00%(upstream:remotename)%00%(upstream:remoteref) refs/heads/main refs/remotes/main [2ms]
2023-06-01 06:54:11.475 [info] > git status -z -uall [35ms]
2023-06-01 06:55:30.113 [info] > git check-ignore -v -z --stdin [3ms]
2023-06-01 06:55:36.312 [info] > git check-ignore -v -z --stdin [1ms]
2023-06-01 06:59:11.487 [info] > git config --local branch.main.github-pr-owner-number [1ms]
2023-06-01 06:59:11.498 [info] > git config --get commit.template [6ms]
2023-06-01 06:59:11.499 [info] > git for-each-ref --format=%(refname)%00%(upstream:short)%00%(objectname)%00%(upstream:track)%00%(upstream:remotename)%00%(upstream:remoteref) refs/heads/main refs/remotes/main [2ms]
2023-06-01 06:59:11.538 [info] > git status -z -uall [35ms]
2023-06-01 07:02:35.156 [info] > git config --get commit.template [19ms]
2023-06-01 07:02:35.161 [info] > git for-each-ref --format=%(refname)%00%(upstream:short)%00%(objectname)%00%(upstream:track)%00%(upstream:remotename)%00%(upstream:remoteref) refs/heads/main refs/remotes/main [5ms]
2023-06-01 07:02:35.251 [info] > git status -z -uall [77ms]
2023-06-01 07:03:19.577 [info] > git config --get commit.template [9ms]
2023-06-01 07:03:19.578 [info] > git for-each-ref --format=%(refname)%00%(upstream:short)%00%(objectname)%00%(upstream:track)%00%(upstream:remotename)%00%(upstream:remoteref) refs/heads/main refs/remotes/main [2ms]
2023-06-01 07:03:19.637 [info] > git status -z -uall [50ms]
2023-06-01 07:04:11.550 [info] > git config --local branch.main.github-pr-owner-number [2ms]
2023-06-01 07:04:11.563 [info] > git config --get commit.template [6ms]
2023-06-01 07:04:11.564 [info] > git for-each-ref --format=%(refname)%00%(upstream:short)%00%(objectname)%00%(upstream:track)%00%(upstream:remotename)%00%(upstream:remoteref) refs/heads/main refs/remotes/main [1ms]
2023-06-01 07:04:11.605 [info] > git status -z -uall [35ms]
2023-06-01 07:05:51.513 [info] > git config --get commit.template [8ms]
2023-06-01 07:05:51.516 [info] > git for-each-ref --format=%(refname)%00%(upstream:short)%00%(objectname)%00%(upstream:track)%00%(upstream:remotename)%00%(upstream:remoteref) refs/heads/main refs/remotes/main [4ms]
2023-06-01 07:05:51.590 [info] > git status -z -uall [66ms]
2023-06-01 07:08:52.075 [info] > git config --get commit.template [6ms]
2023-06-01 07:08:52.076 [info] > git for-each-ref --format=%(refname)%00%(upstream:short)%00%(objectname)%00%(upstream:track)%00%(upstream:remotename)%00%(upstream:remoteref) refs/heads/main refs/remotes/main [1ms]
2023-06-01 07:08:52.153 [info] > git status -z -uall [72ms]
2023-06-01 07:09:11.614 [info] > git config --local branch.main.github-pr-owner-number [1ms]
2023-06-01 07:09:11.624 [info] > git config --get commit.template [4ms]
2023-06-01 07:09:11.625 [info] > git for-each-ref --format=%(refname)%00%(upstream:short)%00%(objectname)%00%(upstream:track)%00%(upstream:remotename)%00%(upstream:remoteref) refs/heads/main refs/remotes/main [1ms]
2023-06-01 07:09:11.680 [info] > git status -z -uall [51ms]
2023-06-01 07:09:27.791 [info] > git config --get commit.template [7ms]
2023-06-01 07:09:27.792 [info] > git for-each-ref --format=%(refname)%00%(upstream:short)%00%(objectname)%00%(upstream:track)%00%(upstream:remotename)%00%(upstream:remoteref) refs/heads/main refs/remotes/main [2ms]
2023-06-01 07:09:27.842 [info] > git status -z -uall [42ms]
2023-06-01 07:09:37.183 [info] > git config --get commit.template [9ms]
2023-06-01 07:09:37.184 [info] > git for-each-ref --format=%(refname)%00%(upstream:short)%00%(objectname)%00%(upstream:track)%00%(upstream:remotename)%00%(upstream:remoteref) refs/heads/main refs/remotes/main [2ms]
2023-06-01 07:09:37.259 [info] > git status -z -uall [68ms]
2023-06-01 07:10:04.484 [info] > git config --get commit.template [6ms]
2023-06-01 07:10:04.485 [info] > git for-each-ref --format=%(refname)%00%(upstream:short)%00%(objectname)%00%(upstream:track)%00%(upstream:remotename)%00%(upstream:remoteref) refs/heads/main refs/remotes/main [1ms]
2023-06-01 07:10:04.528 [info] > git status -z -uall [38ms]
2023-06-01 07:12:02.824 [info] > git config --get commit.template [5ms]
2023-06-01 07:12:02.824 [info] > git for-each-ref --format=%(refname)%00%(upstream:short)%00%(objectname)%00%(upstream:track)%00%(upstream:remotename)%00%(upstream:remoteref) refs/heads/main refs/remotes/main [1ms]
2023-06-01 07:12:02.865 [info] > git status -z -uall [36ms]
2023-06-01 07:12:09.913 [info] > git config --get commit.template [8ms]
2023-06-01 07:12:09.913 [info] > git for-each-ref --format=%(refname)%00%(upstream:short)%00%(objectname)%00%(upstream:track)%00%(upstream:remotename)%00%(upstream:remoteref) refs/heads/main refs/remotes/main [1ms]
2023-06-01 07:12:09.964 [info] > git status -z -uall [44ms]
2023-06-01 07:12:20.773 [info] > git config --get commit.template [9ms]
2023-06-01 07:12:20.774 [info] > git for-each-ref --format=%(refname)%00%(upstream:short)%00%(objectname)%00%(upstream:track)%00%(upstream:remotename)%00%(upstream:remoteref) refs/heads/main refs/remotes/main [2ms]
2023-06-01 07:12:20.827 [info] > git status -z -uall [45ms]
2023-06-01 07:13:01.713 [info] > git config --get commit.template [5ms]
2023-06-01 07:13:01.714 [info] > git for-each-ref --format=%(refname)%00%(upstream:short)%00%(objectname)%00%(upstream:track)%00%(upstream:remotename)%00%(upstream:remoteref) refs/heads/main refs/remotes/main [1ms]
2023-06-01 07:13:01.754 [info] > git status -z -uall [35ms]
2023-06-01 07:13:27.801 [info] > git config --get commit.template [7ms]
2023-06-01 07:13:27.802 [info] > git for-each-ref --format=%(refname)%00%(upstream:short)%00%(objectname)%00%(upstream:track)%00%(upstream:remotename)%00%(upstream:remoteref) refs/heads/main refs/remotes/main [2ms]
2023-06-01 07:13:27.845 [info] > git status -z -uall [36ms]
2023-06-01 07:13:47.224 [info] > git config --get commit.template [6ms]
2023-06-01 07:13:47.224 [info] > git for-each-ref --format=%(refname)%00%(upstream:short)%00%(objectname)%00%(upstream:track)%00%(upstream:remotename)%00%(upstream:remoteref) refs/heads/main refs/remotes/main [1ms]
2023-06-01 07:13:47.265 [info] > git status -z -uall [36ms]
2023-06-01 07:13:52.280 [info] > git config --get commit.template [2ms]
2023-06-01 07:13:52.287 [info] > git for-each-ref --format=%(refname)%00%(upstream:short)%00%(objectname)%00%(upstream:track)%00%(upstream:remotename)%00%(upstream:remoteref) refs/heads/main refs/remotes/main [1ms]
2023-06-01 07:13:52.328 [info] > git status -z -uall [36ms]
2023-06-01 07:14:01.450 [info] > git config --get commit.template [6ms]
2023-06-01 07:14:01.451 [info] > git for-each-ref --format=%(refname)%00%(upstream:short)%00%(objectname)%00%(upstream:track)%00%(upstream:remotename)%00%(upstream:remoteref) refs/heads/main refs/remotes/main [1ms]
2023-06-01 07:14:01.492 [info] > git status -z -uall [35ms]
2023-06-01 07:14:08.973 [info] > git config --get commit.template [8ms]
2023-06-01 07:14:08.974 [info] > git for-each-ref --format=%(refname)%00%(upstream:short)%00%(objectname)%00%(upstream:track)%00%(upstream:remotename)%00%(upstream:remoteref) refs/heads/main refs/remotes/main [2ms]
2023-06-01 07:14:09.030 [info] > git status -z -uall [51ms]
2023-06-01 07:14:11.694 [info] > git config --local branch.main.github-pr-owner-number [1ms]
2023-06-01 07:14:11.714 [info] > git config --get commit.template [10ms]
2023-06-01 07:14:11.715 [info] > git for-each-ref --format=%(refname)%00%(upstream:short)%00%(objectname)%00%(upstream:track)%00%(upstream:remotename)%00%(upstream:remoteref) refs/heads/main refs/remotes/main [2ms]
2023-06-01 07:14:11.772 [info] > git status -z -uall [48ms]
2023-06-01 07:14:51.248 [info] > git config --get commit.template [5ms]
2023-06-01 07:14:51.249 [info] > git for-each-ref --format=%(refname)%00%(upstream:short)%00%(objectname)%00%(upstream:track)%00%(upstream:remotename)%00%(upstream:remoteref) refs/heads/main refs/remotes/main [1ms]
2023-06-01 07:14:51.291 [info] > git status -z -uall [37ms]
2023-06-01 07:16:12.429 [info] > git config --get commit.template [9ms]
2023-06-01 07:16:12.429 [info] > git for-each-ref --format=%(refname)%00%(upstream:short)%00%(objectname)%00%(upstream:track)%00%(upstream:remotename)%00%(upstream:remoteref) refs/heads/main refs/remotes/main [1ms]
2023-06-01 07:16:12.483 [info] > git status -z -uall [48ms]
2023-06-01 07:16:42.784 [info] > git config --get commit.template [6ms]
2023-06-01 07:16:42.785 [info] > git for-each-ref --format=%(refname)%00%(upstream:short)%00%(objectname)%00%(upstream:track)%00%(upstream:remotename)%00%(upstream:remoteref) refs/heads/main refs/remotes/main [1ms]
2023-06-01 07:16:42.828 [info] > git status -z -uall [39ms]
2023-06-01 07:18:34.288 [info] > git config --get commit.template [6ms]
2023-06-01 07:18:34.289 [info] > git for-each-ref --format=%(refname)%00%(upstream:short)%00%(objectname)%00%(upstream:track)%00%(upstream:remotename)%00%(upstream:remoteref) refs/heads/main refs/remotes/main [1ms]
2023-06-01 07:18:34.329 [info] > git status -z -uall [36ms]
2023-06-01 07:18:39.345 [info] > git config --get commit.template [6ms]
2023-06-01 07:18:39.345 [info] > git for-each-ref --format=%(refname)%00%(upstream:short)%00%(objectname)%00%(upstream:track)%00%(upstream:remotename)%00%(upstream:remoteref) refs/heads/main refs/remotes/main [1ms]
2023-06-01 07:18:39.386 [info] > git status -z -uall [36ms]
2023-06-01 07:19:03.952 [info] > git config --get commit.template [6ms]
2023-06-01 07:19:03.952 [info] > git for-each-ref --format=%(refname)%00%(upstream:short)%00%(objectname)%00%(upstream:track)%00%(upstream:remotename)%00%(upstream:remoteref) refs/heads/main refs/remotes/main [1ms]
2023-06-01 07:19:03.995 [info] > git status -z -uall [38ms]
2023-06-01 07:19:11.783 [info] > git config --local branch.main.github-pr-owner-number [1ms]
2023-06-01 07:19:11.796 [info] > git for-each-ref --format=%(refname)%00%(upstream:short)%00%(objectname)%00%(upstream:track)%00%(upstream:remotename)%00%(upstream:remoteref) refs/heads/main refs/remotes/main [1ms]
2023-06-01 07:19:11.797 [info] > git config --get commit.template [7ms]
2023-06-01 07:19:11.839 [info] > git status -z -uall [38ms]
2023-06-01 07:19:19.974 [info] > git config --get commit.template [9ms]
2023-06-01 07:19:19.974 [info] > git for-each-ref --format=%(refname)%00%(upstream:short)%00%(objectname)%00%(upstream:track)%00%(upstream:remotename)%00%(upstream:remoteref) refs/heads/main refs/remotes/main [1ms]
2023-06-01 07:19:20.023 [info] > git status -z -uall [41ms]
2023-06-01 07:20:18.608 [info] > git config --get commit.template [5ms]
2023-06-01 07:20:18.609 [info] > git for-each-ref --format=%(refname)%00%(upstream:short)%00%(objectname)%00%(upstream:track)%00%(upstream:remotename)%00%(upstream:remoteref) refs/heads/main refs/remotes/main [2ms]
2023-06-01 07:20:18.650 [info] > git status -z -uall [37ms]
2023-06-01 07:20:30.728 [info] > git config --get commit.template [6ms]
2023-06-01 07:20:30.729 [info] > git for-each-ref --format=%(refname)%00%(upstream:short)%00%(objectname)%00%(upstream:track)%00%(upstream:remotename)%00%(upstream:remoteref) refs/heads/main refs/remotes/main [1ms]
2023-06-01 07:20:30.775 [info] > git status -z -uall [41ms]
2023-06-01 07:20:39.628 [info] > git config --get commit.template [5ms]
2023-06-01 07:20:39.628 [info] > git for-each-ref --format=%(refname)%00%(upstream:short)%00%(objectname)%00%(upstream:track)%00%(upstream:remotename)%00%(upstream:remoteref) refs/heads/main refs/remotes/main [1ms]
2023-06-01 07:20:39.668 [info] > git status -z -uall [36ms]
2023-06-01 07:24:11.849 [info] > git config --local branch.main.github-pr-owner-number [1ms]
2023-06-01 07:24:11.862 [info] > git config --get commit.template [6ms]
2023-06-01 07:24:11.862 [info] > git for-each-ref --format=%(refname)%00%(upstream:short)%00%(objectname)%00%(upstream:track)%00%(upstream:remotename)%00%(upstream:remoteref) refs/heads/main refs/remotes/main [1ms]
2023-06-01 07:24:11.905 [info] > git status -z -uall [37ms]
2023-06-01 07:25:24.298 [info] > git config --get commit.template [6ms]
2023-06-01 07:25:24.299 [info] > git for-each-ref --format=%(refname)%00%(upstream:short)%00%(objectname)%00%(upstream:track)%00%(upstream:remotename)%00%(upstream:remoteref) refs/heads/main refs/remotes/main [1ms]
2023-06-01 07:25:24.320 [info] > git status -z -uall [15ms]
2023-06-01 07:25:24.434 [info] > git ls-files --stage -- /workspace/bavarian-cristus-PP4/templates/profile.html [1ms]
2023-06-01 07:25:24.441 [info] > git ls-files --stage -- /workspace/bavarian-cristus-PP4/static/css/style.css [17ms]
2023-06-01 07:25:24.448 [info] > git cat-file -s 52719e577fa3b2b15337db8b9be22f7dd9fadbf1 [7ms]
2023-06-01 07:25:24.449 [info] > git cat-file -s 89cefb15f27c03de9967772fdb07df6994bdd87f [1ms]
2023-06-01 07:25:24.502 [info] > git show --textconv :templates/profile.html [7ms]
2023-06-01 07:25:24.502 [info] > git show --textconv :static/css/style.css [1ms]
2023-06-01 07:25:42.187 [info] > git config --get commit.template [6ms]
2023-06-01 07:25:42.191 [info] > git for-each-ref --format=%(refname)%00%(upstream:short)%00%(objectname)%00%(upstream:track)%00%(upstream:remotename)%00%(upstream:remoteref) refs/heads/main refs/remotes/main [5ms]
2023-06-01 07:25:42.198 [info] > git status -z -uall [2ms]
2023-06-01 07:25:42.286 [info] > git config --local branch.main.github-pr-owner-number [2ms]
2023-06-01 07:25:42.298 [info] > git config --get commit.template [6ms]
2023-06-01 07:25:42.300 [info] > git for-each-ref --format=%(refname)%00%(upstream:short)%00%(objectname)%00%(upstream:track)%00%(upstream:remotename)%00%(upstream:remoteref) refs/heads/main refs/remotes/main [3ms]
2023-06-01 07:25:42.306 [info] > git status -z -uall [2ms]
2023-06-01 07:25:42.333 [info] > git ls-files --stage -- /workspace/bavarian-cristus-PP4/static/css/style.css [6ms]
2023-06-01 07:25:42.337 [info] > git ls-files --stage -- /workspace/bavarian-cristus-PP4/templates/profile.html [6ms]
2023-06-01 07:25:42.342 [info] > git cat-file -s 89cefb15f27c03de9967772fdb07df6994bdd87f [5ms]
2023-06-01 07:25:42.343 [info] > git cat-file -s 52719e577fa3b2b15337db8b9be22f7dd9fadbf1 [2ms]
2023-06-01 07:25:42.385 [info] > git show --textconv :static/css/style.css [5ms]
2023-06-01 07:25:42.386 [info] > git show --textconv :templates/profile.html [2ms]
2023-06-01 07:25:46.547 [info] > git ls-files --stage -- /workspace/bavarian-cristus-PP4/static/css/style.css [6ms]
2023-06-01 07:25:46.552 [info] > git ls-files --stage -- /workspace/bavarian-cristus-PP4/templates/profile.html [6ms]
2023-06-01 07:25:46.558 [info] > git cat-file -s 89cefb15f27c03de9967772fdb07df6994bdd87f [6ms]
2023-06-01 07:25:46.559 [info] > git cat-file -s 52719e577fa3b2b15337db8b9be22f7dd9fadbf1 [1ms]
2023-06-01 07:25:46.618 [info] > git show --textconv :static/css/style.css [6ms]
2023-06-01 07:25:46.619 [info] > git show --textconv :templates/profile.html [2ms]
2023-06-01 07:25:47.218 [info] > git config --get commit.template [6ms]
2023-06-01 07:25:47.219 [info] > git for-each-ref --format=%(refname)%00%(upstream:short)%00%(objectname)%00%(upstream:track)%00%(upstream:remotename)%00%(upstream:remoteref) refs/heads/main refs/remotes/main [1ms]
2023-06-01 07:25:47.225 [info] > git status -z -uall [1ms]
2023-06-01 07:25:47.330 [info] > git config --local branch.main.github-pr-owner-number [30ms]
2023-06-01 07:25:47.340 [info] > git config --get commit.template [1ms]
2023-06-01 07:25:47.346 [info] > git for-each-ref --format=%(refname)%00%(upstream:short)%00%(objectname)%00%(upstream:track)%00%(upstream:remotename)%00%(upstream:remoteref) refs/heads/main refs/remotes/main [2ms]
2023-06-01 07:25:47.356 [info] > git status -z -uall [5ms]
2023-06-01 07:29:11.923 [info] > git config --local branch.main.github-pr-owner-number [2ms]
2023-06-01 07:29:11.941 [info] > git config --get commit.template [8ms]
2023-06-01 07:29:11.942 [info] > git for-each-ref --format=%(refname)%00%(upstream:short)%00%(objectname)%00%(upstream:track)%00%(upstream:remotename)%00%(upstream:remoteref) refs/heads/main refs/remotes/main [1ms]
2023-06-01 07:29:11.952 [info] > git status -z -uall [2ms]
2023-06-01 07:34:11.962 [info] > git config --local branch.main.github-pr-owner-number [1ms]
2023-06-01 07:34:11.976 [info] > git config --get commit.template [6ms]
2023-06-01 07:34:11.977 [info] > git for-each-ref --format=%(refname)%00%(upstream:short)%00%(objectname)%00%(upstream:track)%00%(upstream:remotename)%00%(upstream:remoteref) refs/heads/main refs/remotes/main [1ms]
2023-06-01 07:34:11.983 [info] > git status -z -uall [2ms]
2023-06-01 07:39:11.994 [info] > git config --local branch.main.github-pr-owner-number [1ms]
2023-06-01 07:39:12.010 [info] > git config --get commit.template [8ms]
2023-06-01 07:39:12.011 [info] > git for-each-ref --format=%(refname)%00%(upstream:short)%00%(objectname)%00%(upstream:track)%00%(upstream:remotename)%00%(upstream:remoteref) refs/heads/main refs/remotes/main [1ms]
2023-06-01 07:39:12.022 [info] > git status -z -uall [2ms]
2023-06-01 07:44:12.033 [info] > git config --local branch.main.github-pr-owner-number [1ms]
2023-06-01 07:44:12.044 [info] > git config --get commit.template [1ms]
2023-06-01 07:44:12.053 [info] > git for-each-ref --format=%(refname)%00%(upstream:short)%00%(objectname)%00%(upstream:track)%00%(upstream:remotename)%00%(upstream:remoteref) refs/heads/main refs/remotes/main [2ms]
2023-06-01 07:44:12.061 [info] > git status -z -uall [1ms]
2023-06-01 07:46:40.127 [info] > git config --get commit.template [11ms]
2023-06-01 07:46:40.128 [info] > git for-each-ref --format=%(refname)%00%(upstream:short)%00%(objectname)%00%(upstream:track)%00%(upstream:remotename)%00%(upstream:remoteref) refs/heads/main refs/remotes/main [2ms]
2023-06-01 07:46:40.142 [info] > git status -z -uall [5ms]
2023-06-01 07:46:51.418 [info] > git config --get commit.template [10ms]
2023-06-01 07:46:51.419 [info] > git for-each-ref --format=%(refname)%00%(upstream:short)%00%(objectname)%00%(upstream:track)%00%(upstream:remotename)%00%(upstream:remoteref) refs/heads/main refs/remotes/main [1ms]
2023-06-01 07:46:51.430 [info] > git status -z -uall [2ms]
2023-06-01 07:48:20.168 [info] > git config --get commit.template [13ms]
2023-06-01 07:48:20.170 [info] > git for-each-ref --format=%(refname)%00%(upstream:short)%00%(objectname)%00%(upstream:track)%00%(upstream:remotename)%00%(upstream:remoteref) refs/heads/main refs/remotes/main [2ms]
2023-06-01 07:48:20.182 [info] > git status -z -uall [3ms]
2023-06-01 07:48:52.047 [info] > git config --get commit.template [7ms]
2023-06-01 07:48:52.047 [info] > git for-each-ref --format=%(refname)%00%(upstream:short)%00%(objectname)%00%(upstream:track)%00%(upstream:remotename)%00%(upstream:remoteref) refs/heads/main refs/remotes/main [1ms]
2023-06-01 07:48:52.059 [info] > git status -z -uall [3ms]
2023-06-01 07:49:08.364 [info] > git config --get commit.template [8ms]
2023-06-01 07:49:08.365 [info] > git for-each-ref --format=%(refname)%00%(upstream:short)%00%(objectname)%00%(upstream:track)%00%(upstream:remotename)%00%(upstream:remoteref) refs/heads/main refs/remotes/main [1ms]
2023-06-01 07:49:08.375 [info] > git status -z -uall [2ms]
2023-06-01 07:49:12.074 [info] > git config --local branch.main.github-pr-owner-number [1ms]
2023-06-01 07:49:12.093 [info] > git config --get commit.template [9ms]
2023-06-01 07:49:12.094 [info] > git for-each-ref --format=%(refname)%00%(upstream:short)%00%(objectname)%00%(upstream:track)%00%(upstream:remotename)%00%(upstream:remoteref) refs/heads/main refs/remotes/main [1ms]
2023-06-01 07:49:12.104 [info] > git status -z -uall [1ms]
2023-06-01 07:53:22.070 [info] > git config --get commit.template [10ms]
2023-06-01 07:53:22.070 [info] > git for-each-ref --format=%(refname)%00%(upstream:short)%00%(objectname)%00%(upstream:track)%00%(upstream:remotename)%00%(upstream:remoteref) refs/heads/main refs/remotes/main [1ms]
2023-06-01 07:53:22.081 [info] > git status -z -uall [2ms]
2023-06-01 07:53:32.942 [info] > git config --get commit.template [6ms]
2023-06-01 07:53:32.943 [info] > git for-each-ref --format=%(refname)%00%(upstream:short)%00%(objectname)%00%(upstream:track)%00%(upstream:remotename)%00%(upstream:remoteref) refs/heads/main refs/remotes/main [1ms]
2023-06-01 07:53:32.950 [info] > git status -z -uall [2ms]
2023-06-01 07:54:12.115 [info] > git config --local branch.main.github-pr-owner-number [1ms]
2023-06-01 07:54:12.130 [info] > git config --get commit.template [9ms]
2023-06-01 07:54:12.131 [info] > git for-each-ref --format=%(refname)%00%(upstream:short)%00%(objectname)%00%(upstream:track)%00%(upstream:remotename)%00%(upstream:remoteref) refs/heads/main refs/remotes/main [1ms]
2023-06-01 07:54:12.142 [info] > git status -z -uall [2ms]
2023-06-01 07:54:43.122 [info] > git config --get commit.template [8ms]
2023-06-01 07:54:43.122 [info] > git for-each-ref --format=%(refname)%00%(upstream:short)%00%(objectname)%00%(upstream:track)%00%(upstream:remotename)%00%(upstream:remoteref) refs/heads/main refs/remotes/main [1ms]
2023-06-01 07:54:43.131 [info] > git status -z -uall [1ms]
2023-06-01 07:54:51.330 [info] > git config --get commit.template [7ms]
2023-06-01 07:54:51.331 [info] > git for-each-ref --format=%(refname)%00%(upstream:short)%00%(objectname)%00%(upstream:track)%00%(upstream:remotename)%00%(upstream:remoteref) refs/heads/main refs/remotes/main [2ms]
2023-06-01 07:54:51.342 [info] > git status -z -uall [2ms]
2023-06-01 07:56:36.395 [info] > git config --get commit.template [9ms]
2023-06-01 07:56:36.396 [info] > git for-each-ref --format=%(refname)%00%(upstream:short)%00%(objectname)%00%(upstream:track)%00%(upstream:remotename)%00%(upstream:remoteref) refs/heads/main refs/remotes/main [2ms]
2023-06-01 07:56:36.407 [info] > git status -z -uall [2ms]
2023-06-01 07:56:41.430 [info] > git config --get commit.template [10ms]
2023-06-01 07:56:41.431 [info] > git for-each-ref --format=%(refname)%00%(upstream:short)%00%(objectname)%00%(upstream:track)%00%(upstream:remotename)%00%(upstream:remoteref) refs/heads/main refs/remotes/main [1ms]
2023-06-01 07:56:41.442 [info] > git status -z -uall [2ms]
2023-06-01 07:57:59.994 [info] > git config --get commit.template [11ms]
2023-06-01 07:57:59.995 [info] > git for-each-ref --format=%(refname)%00%(upstream:short)%00%(objectname)%00%(upstream:track)%00%(upstream:remotename)%00%(upstream:remoteref) refs/heads/main refs/remotes/main [2ms]
2023-06-01 07:58:00.007 [info] > git status -z -uall [2ms]
2023-06-01 07:58:49.344 [info] > git config --get commit.template [11ms]
2023-06-01 07:58:49.345 [info] > git for-each-ref --format=%(refname)%00%(upstream:short)%00%(objectname)%00%(upstream:track)%00%(upstream:remotename)%00%(upstream:remoteref) refs/heads/main refs/remotes/main [2ms]
2023-06-01 07:58:49.357 [info] > git status -z -uall [3ms]
2023-06-01 07:59:12.155 [info] > git config --local branch.main.github-pr-owner-number [2ms]
2023-06-01 07:59:12.168 [info] > git config --get commit.template [7ms]
2023-06-01 07:59:12.169 [info] > git for-each-ref --format=%(refname)%00%(upstream:short)%00%(objectname)%00%(upstream:track)%00%(upstream:remotename)%00%(upstream:remoteref) refs/heads/main refs/remotes/main [1ms]
2023-06-01 07:59:12.176 [info] > git status -z -uall [2ms]
2023-06-01 07:59:45.535 [info] > git config --get commit.template [9ms]
2023-06-01 07:59:45.536 [info] > git for-each-ref --format=%(refname)%00%(upstream:short)%00%(objectname)%00%(upstream:track)%00%(upstream:remotename)%00%(upstream:remoteref) refs/heads/main refs/remotes/main [2ms]
2023-06-01 07:59:45.548 [info] > git status -z -uall [2ms]
2023-06-01 08:00:25.555 [info] > git config --get commit.template [6ms]
2023-06-01 08:00:25.556 [info] > git for-each-ref --format=%(refname)%00%(upstream:short)%00%(objectname)%00%(upstream:track)%00%(upstream:remotename)%00%(upstream:remoteref) refs/heads/main refs/remotes/main [2ms]
2023-06-01 08:00:25.568 [info] > git status -z -uall [2ms]
2023-06-01 08:00:44.767 [info] > git config --get commit.template [9ms]
2023-06-01 08:00:44.768 [info] > git for-each-ref --format=%(refname)%00%(upstream:short)%00%(objectname)%00%(upstream:track)%00%(upstream:remotename)%00%(upstream:remoteref) refs/heads/main refs/remotes/main [2ms]
2023-06-01 08:00:44.779 [info] > git status -z -uall [2ms]
2023-06-01 08:00:59.137 [info] > git config --get commit.template [8ms]
2023-06-01 08:00:59.138 [info] > git for-each-ref --format=%(refname)%00%(upstream:short)%00%(objectname)%00%(upstream:track)%00%(upstream:remotename)%00%(upstream:remoteref) refs/heads/main refs/remotes/main [2ms]
2023-06-01 08:00:59.146 [info] > git status -z -uall [2ms]
2023-06-01 08:02:30.620 [info] > git config --get commit.template [9ms]
2023-06-01 08:02:30.620 [info] > git for-each-ref --format=%(refname)%00%(upstream:short)%00%(objectname)%00%(upstream:track)%00%(upstream:remotename)%00%(upstream:remoteref) refs/heads/main refs/remotes/main [1ms]
2023-06-01 08:02:30.630 [info] > git status -z -uall [2ms]
2023-06-01 08:02:56.957 [info] > git config --get commit.template [6ms]
2023-06-01 08:02:56.958 [info] > git for-each-ref --format=%(refname)%00%(upstream:short)%00%(objectname)%00%(upstream:track)%00%(upstream:remotename)%00%(upstream:remoteref) refs/heads/main refs/remotes/main [1ms]
2023-06-01 08:02:56.965 [info] > git status -z -uall [2ms]
2023-06-01 08:04:12.187 [info] > git config --local branch.main.github-pr-owner-number [1ms]
2023-06-01 08:04:12.204 [info] > git config --get commit.template [9ms]
2023-06-01 08:04:12.205 [info] > git for-each-ref --format=%(refname)%00%(upstream:short)%00%(objectname)%00%(upstream:track)%00%(upstream:remotename)%00%(upstream:remoteref) refs/heads/main refs/remotes/main [1ms]
2023-06-01 08:04:12.213 [info] > git status -z -uall [2ms]
2023-06-01 08:05:22.333 [info] > git config --get commit.template [10ms]
2023-06-01 08:05:22.334 [info] > git for-each-ref --format=%(refname)%00%(upstream:short)%00%(objectname)%00%(upstream:track)%00%(upstream:remotename)%00%(upstream:remoteref) refs/heads/main refs/remotes/main [1ms]
2023-06-01 08:05:22.345 [info] > git status -z -uall [2ms]
2023-06-01 08:07:11.954 [info] > git config --get commit.template [2ms]
2023-06-01 08:07:11.960 [info] > git for-each-ref --format=%(refname)%00%(upstream:short)%00%(objectname)%00%(upstream:track)%00%(upstream:remotename)%00%(upstream:remoteref) refs/heads/main refs/remotes/main [1ms]
2023-06-01 08:07:11.967 [info] > git status -z -uall [2ms]
2023-06-01 08:07:41.839 [info] > git config --get commit.template [7ms]
2023-06-01 08:07:41.839 [info] > git for-each-ref --format=%(refname)%00%(upstream:short)%00%(objectname)%00%(upstream:track)%00%(upstream:remotename)%00%(upstream:remoteref) refs/heads/main refs/remotes/main [1ms]
2023-06-01 08:07:41.846 [info] > git status -z -uall [2ms]
2023-06-01 08:09:12.228 [info] > git config --local branch.main.github-pr-owner-number [1ms]
2023-06-01 08:09:12.243 [info] > git config --get commit.template [6ms]
2023-06-01 08:09:12.243 [info] > git for-each-ref --format=%(refname)%00%(upstream:short)%00%(objectname)%00%(upstream:track)%00%(upstream:remotename)%00%(upstream:remoteref) refs/heads/main refs/remotes/main [1ms]
2023-06-01 08:09:12.250 [info] > git status -z -uall [2ms]
2023-06-01 08:10:35.586 [info] > git config --get commit.template [11ms]
2023-06-01 08:10:35.587 [info] > git for-each-ref --format=%(refname)%00%(upstream:short)%00%(objectname)%00%(upstream:track)%00%(upstream:remotename)%00%(upstream:remoteref) refs/heads/main refs/remotes/main [2ms]
2023-06-01 08:10:35.598 [info] > git status -z -uall [1ms]
2023-06-01 08:10:44.957 [info] > git config --get commit.template [9ms]
2023-06-01 08:10:44.957 [info] > git for-each-ref --format=%(refname)%00%(upstream:short)%00%(objectname)%00%(upstream:track)%00%(upstream:remotename)%00%(upstream:remoteref) refs/heads/main refs/remotes/main [1ms]
2023-06-01 08:10:44.971 [info] > git status -z -uall [3ms]
2023-06-01 08:11:15.396 [info] > git config --get commit.template [10ms]
2023-06-01 08:11:15.397 [info] > git for-each-ref --format=%(refname)%00%(upstream:short)%00%(objectname)%00%(upstream:track)%00%(upstream:remotename)%00%(upstream:remoteref) refs/heads/main refs/remotes/main [1ms]
2023-06-01 08:11:15.407 [info] > git status -z -uall [2ms]
2023-06-01 08:11:38.283 [info] > git config --get commit.template [6ms]
2023-06-01 08:11:38.283 [info] > git for-each-ref --format=%(refname)%00%(upstream:short)%00%(objectname)%00%(upstream:track)%00%(upstream:remotename)%00%(upstream:remoteref) refs/heads/main refs/remotes/main [1ms]
2023-06-01 08:11:38.291 [info] > git status -z -uall [2ms]
2023-06-01 08:11:55.839 [info] > git config --get commit.template [8ms]
2023-06-01 08:11:55.839 [info] > git for-each-ref --format=%(refname)%00%(upstream:short)%00%(objectname)%00%(upstream:track)%00%(upstream:remotename)%00%(upstream:remoteref) refs/heads/main refs/remotes/main [1ms]
2023-06-01 08:11:55.849 [info] > git status -z -uall [1ms]
2023-06-01 08:13:39.283 [info] > git config --get commit.template [10ms]
2023-06-01 08:13:39.284 [info] > git for-each-ref --format=%(refname)%00%(upstream:short)%00%(objectname)%00%(upstream:track)%00%(upstream:remotename)%00%(upstream:remoteref) refs/heads/main refs/remotes/main [3ms]
2023-06-01 08:13:39.303 [info] > git status -z -uall [5ms]
2023-06-01 08:14:07.427 [info] > git config --get commit.template [12ms]
2023-06-01 08:14:07.428 [info] > git for-each-ref --format=%(refname)%00%(upstream:short)%00%(objectname)%00%(upstream:track)%00%(upstream:remotename)%00%(upstream:remoteref) refs/heads/main refs/remotes/main [2ms]
2023-06-01 08:14:07.441 [info] > git status -z -uall [3ms]
2023-06-01 08:14:12.266 [info] > git config --local branch.main.github-pr-owner-number [2ms]
2023-06-01 08:14:12.288 [info] > git config --get commit.template [10ms]
2023-06-01 08:14:12.290 [info] > git for-each-ref --format=%(refname)%00%(upstream:short)%00%(objectname)%00%(upstream:track)%00%(upstream:remotename)%00%(upstream:remoteref) refs/heads/main refs/remotes/main [1ms]
2023-06-01 08:14:12.303 [info] > git status -z -uall [2ms]
2023-06-01 08:14:35.939 [info] > git config --get commit.template [11ms]
2023-06-01 08:14:35.941 [info] > git for-each-ref --format=%(refname)%00%(upstream:short)%00%(objectname)%00%(upstream:track)%00%(upstream:remotename)%00%(upstream:remoteref) refs/heads/main refs/remotes/main [2ms]
2023-06-01 08:14:35.953 [info] > git status -z -uall [2ms]
2023-06-01 08:14:40.981 [info] > git config --get commit.template [12ms]
2023-06-01 08:14:40.981 [info] > git for-each-ref --format=%(refname)%00%(upstream:short)%00%(objectname)%00%(upstream:track)%00%(upstream:remotename)%00%(upstream:remoteref) refs/heads/main refs/remotes/main [2ms]
2023-06-01 08:14:40.995 [info] > git status -z -uall [3ms]
2023-06-01 08:15:18.568 [info] > git config --get commit.template [13ms]
2023-06-01 08:15:18.568 [info] > git for-each-ref --format=%(refname)%00%(upstream:short)%00%(objectname)%00%(upstream:track)%00%(upstream:remotename)%00%(upstream:remoteref) refs/heads/main refs/remotes/main [1ms]
2023-06-01 08:15:18.579 [info] > git status -z -uall [2ms]
2023-06-01 08:15:23.610 [info] > git for-each-ref --format=%(refname)%00%(upstream:short)%00%(objectname)%00%(upstream:track)%00%(upstream:remotename)%00%(upstream:remoteref) refs/heads/main refs/remotes/main [3ms]
2023-06-01 08:15:23.610 [info] > git config --get commit.template [17ms]
2023-06-01 08:15:23.625 [info] > git status -z -uall [3ms]
2023-06-01 08:15:28.644 [info] > git config --get commit.template [7ms]
2023-06-01 08:15:28.645 [info] > git for-each-ref --format=%(refname)%00%(upstream:short)%00%(objectname)%00%(upstream:track)%00%(upstream:remotename)%00%(upstream:remoteref) refs/heads/main refs/remotes/main [2ms]
2023-06-01 08:15:28.654 [info] > git status -z -uall [3ms]
2023-06-01 08:15:38.789 [info] > git config --get commit.template [10ms]
2023-06-01 08:15:38.790 [info] > git for-each-ref --format=%(refname)%00%(upstream:short)%00%(objectname)%00%(upstream:track)%00%(upstream:remotename)%00%(upstream:remoteref) refs/heads/main refs/remotes/main [2ms]
2023-06-01 08:15:38.804 [info] > git status -z -uall [3ms]
2023-06-01 08:15:49.330 [info] > git config --get commit.template [12ms]
2023-06-01 08:15:49.331 [info] > git for-each-ref --format=%(refname)%00%(upstream:short)%00%(objectname)%00%(upstream:track)%00%(upstream:remotename)%00%(upstream:remoteref) refs/heads/main refs/remotes/main [2ms]
2023-06-01 08:15:49.343 [info] > git status -z -uall [2ms]
2023-06-01 08:15:56.768 [info] > git config --get commit.template [13ms]
2023-06-01 08:15:56.769 [info] > git for-each-ref --format=%(refname)%00%(upstream:short)%00%(objectname)%00%(upstream:track)%00%(upstream:remotename)%00%(upstream:remoteref) refs/heads/main refs/remotes/main [2ms]
2023-06-01 08:15:56.787 [info] > git status -z -uall [2ms]
2023-06-01 08:18:32.350 [info] > git config --get commit.template [6ms]
2023-06-01 08:18:32.351 [info] > git for-each-ref --format=%(refname)%00%(upstream:short)%00%(objectname)%00%(upstream:track)%00%(upstream:remotename)%00%(upstream:remoteref) refs/heads/main refs/remotes/main [2ms]
2023-06-01 08:18:32.359 [info] > git status -z -uall [2ms]
2023-06-01 08:18:49.497 [info] > git config --get commit.template [8ms]
2023-06-01 08:18:49.498 [info] > git for-each-ref --format=%(refname)%00%(upstream:short)%00%(objectname)%00%(upstream:track)%00%(upstream:remotename)%00%(upstream:remoteref) refs/heads/main refs/remotes/main [1ms]
2023-06-01 08:18:49.506 [info] > git status -z -uall [2ms]
2023-06-01 08:19:12.316 [info] > git config --local branch.main.github-pr-owner-number [1ms]
2023-06-01 08:19:12.332 [info] > git config --get commit.template [7ms]
2023-06-01 08:19:12.333 [info] > git for-each-ref --format=%(refname)%00%(upstream:short)%00%(objectname)%00%(upstream:track)%00%(upstream:remotename)%00%(upstream:remoteref) refs/heads/main refs/remotes/main [2ms]
2023-06-01 08:19:12.340 [info] > git status -z -uall [2ms]
2023-06-01 08:19:41.319 [info] > git config --get commit.template [9ms]
2023-06-01 08:19:41.320 [info] > git for-each-ref --format=%(refname)%00%(upstream:short)%00%(objectname)%00%(upstream:track)%00%(upstream:remotename)%00%(upstream:remoteref) refs/heads/main refs/remotes/main [2ms]
2023-06-01 08:19:41.331 [info] > git status -z -uall [1ms]
2023-06-01 08:19:55.834 [info] > git config --get commit.template [10ms]
2023-06-01 08:19:55.835 [info] > git for-each-ref --format=%(refname)%00%(upstream:short)%00%(objectname)%00%(upstream:track)%00%(upstream:remotename)%00%(upstream:remoteref) refs/heads/main refs/remotes/main [2ms]
2023-06-01 08:19:55.846 [info] > git status -z -uall [2ms]
2023-06-01 08:20:01.328 [info] > git config --get commit.template [12ms]
2023-06-01 08:20:01.328 [info] > git for-each-ref --format=%(refname)%00%(upstream:short)%00%(objectname)%00%(upstream:track)%00%(upstream:remotename)%00%(upstream:remoteref) refs/heads/main refs/remotes/main [2ms]
2023-06-01 08:20:01.342 [info] > git status -z -uall [2ms]
2023-06-01 08:20:32.684 [info] > git config --get commit.template [12ms]
2023-06-01 08:20:32.685 [info] > git for-each-ref --format=%(refname)%00%(upstream:short)%00%(objectname)%00%(upstream:track)%00%(upstream:remotename)%00%(upstream:remoteref) refs/heads/main refs/remotes/main [2ms]
2023-06-01 08:20:32.697 [info] > git status -z -uall [2ms]
2023-06-01 08:20:41.344 [info] > git config --get commit.template [8ms]
2023-06-01 08:20:41.345 [info] > git for-each-ref --format=%(refname)%00%(upstream:short)%00%(objectname)%00%(upstream:track)%00%(upstream:remotename)%00%(upstream:remoteref) refs/heads/main refs/remotes/main [2ms]
2023-06-01 08:20:41.359 [info] > git status -z -uall [2ms]
2023-06-01 08:20:50.007 [info] > git config --get commit.template [6ms]
2023-06-01 08:20:50.007 [info] > git for-each-ref --format=%(refname)%00%(upstream:short)%00%(objectname)%00%(upstream:track)%00%(upstream:remotename)%00%(upstream:remoteref) refs/heads/main refs/remotes/main [1ms]
2023-06-01 08:20:50.018 [info] > git status -z -uall [3ms]
2023-06-01 08:20:58.872 [info] > git config --get commit.template [15ms]
2023-06-01 08:20:58.873 [info] > git for-each-ref --format=%(refname)%00%(upstream:short)%00%(objectname)%00%(upstream:track)%00%(upstream:remotename)%00%(upstream:remoteref) refs/heads/main refs/remotes/main [2ms]
2023-06-01 08:20:58.887 [info] > git status -z -uall [2ms]
2023-06-01 08:21:07.822 [info] > git config --get commit.template [8ms]
2023-06-01 08:21:07.822 [info] > git for-each-ref --format=%(refname)%00%(upstream:short)%00%(objectname)%00%(upstream:track)%00%(upstream:remotename)%00%(upstream:remoteref) refs/heads/main refs/remotes/main [1ms]
2023-06-01 08:21:07.834 [info] > git status -z -uall [4ms]
2023-06-01 08:21:16.688 [info] > git config --get commit.template [9ms]
2023-06-01 08:21:16.689 [info] > git for-each-ref --format=%(refname)%00%(upstream:short)%00%(objectname)%00%(upstream:track)%00%(upstream:remotename)%00%(upstream:remoteref) refs/heads/main refs/remotes/main [2ms]
2023-06-01 08:21:16.701 [info] > git status -z -uall [2ms]
2023-06-01 08:21:22.465 [info] > git for-each-ref --format=%(refname)%00%(upstream:short)%00%(objectname)%00%(upstream:track)%00%(upstream:remotename)%00%(upstream:remoteref) refs/heads/main refs/remotes/main [2ms]
2023-06-01 08:21:22.465 [info] > git config --get commit.template [15ms]
2023-06-01 08:21:22.481 [info] > git status -z -uall [3ms]
2023-06-01 08:21:58.581 [info] > git config --get commit.template [10ms]
2023-06-01 08:21:58.582 [info] > git for-each-ref --format=%(refname)%00%(upstream:short)%00%(objectname)%00%(upstream:track)%00%(upstream:remotename)%00%(upstream:remoteref) refs/heads/main refs/remotes/main [1ms]
2023-06-01 08:21:58.593 [info] > git status -z -uall [2ms]
2023-06-01 08:23:27.760 [info] > git config --get commit.template [13ms]
2023-06-01 08:23:27.760 [info] > git for-each-ref --format=%(refname)%00%(upstream:short)%00%(objectname)%00%(upstream:track)%00%(upstream:remotename)%00%(upstream:remoteref) refs/heads/main refs/remotes/main [1ms]
2023-06-01 08:23:27.774 [info] > git status -z -uall [2ms]
2023-06-01 08:23:27.860 [info] > git ls-files --stage -- /workspace/bavarian-cristus-PP4/static/css/style.css [8ms]
2023-06-01 08:23:27.867 [info] > git ls-files --stage -- /workspace/bavarian-cristus-PP4/templates/profile.html [7ms]
2023-06-01 08:23:27.877 [info] > git cat-file -s d1c48decdea7c6124a485a7ffde9fd39249d1783 [10ms]
2023-06-01 08:23:27.877 [info] > git cat-file -s 639d96455187c26678e54655883022424c61d4f5 [2ms]
2023-06-01 08:23:27.924 [info] > git show --textconv :static/css/style.css [8ms]
2023-06-01 08:23:27.925 [info] > git show --textconv :templates/profile.html [1ms]
2023-06-01 08:23:48.234 [info] > git config --get commit.template [6ms]
2023-06-01 08:23:48.238 [info] > git for-each-ref --format=%(refname)%00%(upstream:short)%00%(objectname)%00%(upstream:track)%00%(upstream:remotename)%00%(upstream:remoteref) refs/heads/main refs/remotes/main [5ms]
2023-06-01 08:23:48.246 [info] > git status -z -uall [2ms]
2023-06-01 08:23:48.341 [info] > git config --local branch.main.github-pr-owner-number [3ms]
2023-06-01 08:23:48.360 [info] > git config --get commit.template [10ms]
2023-06-01 08:23:48.378 [info] > git ls-files --stage -- /workspace/bavarian-cristus-PP4/static/css/style.css [9ms]
2023-06-01 08:23:48.390 [info] > git for-each-ref --format=%(refname)%00%(upstream:short)%00%(objectname)%00%(upstream:track)%00%(upstream:remotename)%00%(upstream:remoteref) refs/heads/main refs/remotes/main [30ms]
2023-06-01 08:23:48.400 [info] > git cat-file -s d1c48decdea7c6124a485a7ffde9fd39249d1783 [11ms]
2023-06-01 08:23:48.400 [info] > git ls-files --stage -- /workspace/bavarian-cristus-PP4/templates/profile.html [23ms]
2023-06-01 08:23:48.410 [info] > git status -z -uall [11ms]
2023-06-01 08:23:48.427 [info] > git cat-file -s 639d96455187c26678e54655883022424c61d4f5 [16ms]
2023-06-01 08:23:48.491 [info] > git show --textconv :static/css/style.css [10ms]
2023-06-01 08:23:48.492 [info] > git show --textconv :templates/profile.html [2ms]
2023-06-01 08:23:52.089 [info] > git ls-files --stage -- /workspace/bavarian-cristus-PP4/static/css/style.css [10ms]
2023-06-01 08:23:52.101 [info] > git ls-files --stage -- /workspace/bavarian-cristus-PP4/templates/profile.html [13ms]
2023-06-01 08:23:52.113 [info] > git cat-file -s d1c48decdea7c6124a485a7ffde9fd39249d1783 [13ms]
2023-06-01 08:23:52.114 [info] > git cat-file -s 639d96455187c26678e54655883022424c61d4f5 [2ms]
2023-06-01 08:23:52.161 [info] > git show --textconv :static/css/style.css [10ms]
2023-06-01 08:23:52.162 [info] > git show --textconv :templates/profile.html [1ms]
2023-06-01 08:23:53.273 [info] > git config --get commit.template [10ms]
2023-06-01 08:23:53.273 [info] > git for-each-ref --format=%(refname)%00%(upstream:short)%00%(objectname)%00%(upstream:track)%00%(upstream:remotename)%00%(upstream:remoteref) refs/heads/main refs/remotes/main [1ms]
2023-06-01 08:23:53.284 [info] > git status -z -uall [2ms]
2023-06-01 08:23:53.381 [info] > git config --local branch.main.github-pr-owner-number [32ms]
2023-06-01 08:23:53.392 [info] > git config --get commit.template [1ms]
2023-06-01 08:23:53.406 [info] > git for-each-ref --format=%(refname)%00%(upstream:short)%00%(objectname)%00%(upstream:track)%00%(upstream:remotename)%00%(upstream:remoteref) refs/heads/main refs/remotes/main [8ms]
2023-06-01 08:23:53.420 [info] > git status -z -uall [3ms]
2023-06-01 08:24:12.351 [info] > git config --local branch.main.github-pr-owner-number [1ms]
2023-06-01 08:24:12.371 [info] > git config --get commit.template [10ms]
2023-06-01 08:24:12.372 [info] > git for-each-ref --format=%(refname)%00%(upstream:short)%00%(objectname)%00%(upstream:track)%00%(upstream:remotename)%00%(upstream:remoteref) refs/heads/main refs/remotes/main [1ms]
2023-06-01 08:24:12.382 [info] > git status -z -uall [2ms]
2023-06-01 08:29:12.393 [info] > git config --local branch.main.github-pr-owner-number [1ms]
2023-06-01 08:29:12.413 [info] > git config --get commit.template [10ms]
2023-06-01 08:29:12.414 [info] > git for-each-ref --format=%(refname)%00%(upstream:short)%00%(objectname)%00%(upstream:track)%00%(upstream:remotename)%00%(upstream:remoteref) refs/heads/main refs/remotes/main [1ms]
2023-06-01 08:29:12.426 [info] > git status -z -uall [2ms]
2023-06-01 08:34:12.438 [info] > git config --local branch.main.github-pr-owner-number [2ms]
2023-06-01 08:34:12.450 [info] > git config --get commit.template [5ms]
2023-06-01 08:34:12.451 [info] > git for-each-ref --format=%(refname)%00%(upstream:short)%00%(objectname)%00%(upstream:track)%00%(upstream:remotename)%00%(upstream:remoteref) refs/heads/main refs/remotes/main [1ms]
2023-06-01 08:34:12.464 [info] > git status -z -uall [4ms]
2023-06-01 08:35:26.652 [info] > git config --get commit.template [12ms]
2023-06-01 08:35:26.654 [info] > git for-each-ref --format=%(refname)%00%(upstream:short)%00%(objectname)%00%(upstream:track)%00%(upstream:remotename)%00%(upstream:remoteref) refs/heads/main refs/remotes/main [3ms]
2023-06-01 08:35:26.669 [info] > git status -z -uall [5ms]
2023-06-01 08:39:12.478 [info] > git config --local branch.main.github-pr-owner-number [2ms]
2023-06-01 08:39:12.495 [info] > git config --get commit.template [7ms]
2023-06-01 08:39:12.496 [info] > git for-each-ref --format=%(refname)%00%(upstream:short)%00%(objectname)%00%(upstream:track)%00%(upstream:remotename)%00%(upstream:remoteref) refs/heads/main refs/remotes/main [1ms]
2023-06-01 08:39:12.503 [info] > git status -z -uall [2ms]
2023-06-01 08:43:13.102 [info] > git check-ignore -v -z --stdin [1ms]
2023-06-01 08:43:51.889 [info] > git show --textconv :bcristus/urls.py [14ms]
2023-06-01 08:43:51.890 [info] > git ls-files --stage -- /workspace/bavarian-cristus-PP4/bcristus/urls.py [2ms]
2023-06-01 08:43:51.962 [info] > git cat-file -s a040dce798c16954c6afaacab4c4cb31311c2d65 [59ms]
2023-06-01 08:43:59.081 [info] > git check-ignore -v -z --stdin [1ms]
2023-06-01 08:44:00.559 [info] > git show --textconv :blog/urls.py [16ms]
2023-06-01 08:44:00.559 [info] > git ls-files --stage -- /workspace/bavarian-cristus-PP4/blog/urls.py [1ms]
2023-06-01 08:44:00.575 [info] > git cat-file -s 63b51387d2219b0ce015a36db1979fd36aae7759 [2ms]
2023-06-01 08:44:12.520 [info] > git config --local branch.main.github-pr-owner-number [1ms]
2023-06-01 08:44:12.542 [info] > git config --get commit.template [10ms]
2023-06-01 08:44:12.543 [info] > git for-each-ref --format=%(refname)%00%(upstream:short)%00%(objectname)%00%(upstream:track)%00%(upstream:remotename)%00%(upstream:remoteref) refs/heads/main refs/remotes/main [2ms]
2023-06-01 08:44:12.558 [info] > git status -z -uall [2ms]
2023-06-01 08:48:13.566 [info] > git show --textconv :blog/views.py [11ms]
2023-06-01 08:48:13.566 [info] > git ls-files --stage -- /workspace/bavarian-cristus-PP4/blog/views.py [2ms]
2023-06-01 08:48:13.575 [info] > git cat-file -s 15384448bc72f3b94aaef8841019aebe6c3cb03b [2ms]
2023-06-01 08:49:12.567 [info] > git config --local branch.main.github-pr-owner-number [1ms]
2023-06-01 08:49:12.578 [info] > git config --get commit.template [5ms]
2023-06-01 08:49:12.579 [info] > git for-each-ref --format=%(refname)%00%(upstream:short)%00%(objectname)%00%(upstream:track)%00%(upstream:remotename)%00%(upstream:remoteref) refs/heads/main refs/remotes/main [1ms]
2023-06-01 08:49:12.590 [info] > git status -z -uall [3ms]
2023-06-01 08:50:19.060 [info] > git config --get commit.template [8ms]
2023-06-01 08:50:19.060 [info] > git for-each-ref --format=%(refname)%00%(upstream:short)%00%(objectname)%00%(upstream:track)%00%(upstream:remotename)%00%(upstream:remoteref) refs/heads/main refs/remotes/main [1ms]
2023-06-01 08:50:19.068 [info] > git status -z -uall [2ms]
2023-06-01 08:50:24.090 [info] > git config --get commit.template [9ms]
2023-06-01 08:50:24.091 [info] > git for-each-ref --format=%(refname)%00%(upstream:short)%00%(objectname)%00%(upstream:track)%00%(upstream:remotename)%00%(upstream:remoteref) refs/heads/main refs/remotes/main [2ms]
2023-06-01 08:50:24.101 [info] > git status -z -uall [2ms]
2023-06-01 08:51:22.781 [info] > git config --get commit.template [11ms]
2023-06-01 08:51:22.782 [info] > git for-each-ref --format=%(refname)%00%(upstream:short)%00%(objectname)%00%(upstream:track)%00%(upstream:remotename)%00%(upstream:remoteref) refs/heads/main refs/remotes/main [1ms]
2023-06-01 08:51:22.794 [info] > git status -z -uall [2ms]
2023-06-01 08:51:27.815 [info] > git config --get commit.template [8ms]
2023-06-01 08:51:27.815 [info] > git for-each-ref --format=%(refname)%00%(upstream:short)%00%(objectname)%00%(upstream:track)%00%(upstream:remotename)%00%(upstream:remoteref) refs/heads/main refs/remotes/main [1ms]
2023-06-01 08:51:27.825 [info] > git status -z -uall [2ms]
2023-06-01 08:51:42.276 [info] > git show --textconv :templates/index.html [9ms]
2023-06-01 08:51:42.276 [info] > git ls-files --stage -- /workspace/bavarian-cristus-PP4/templates/index.html [1ms]
2023-06-01 08:51:42.283 [info] > git cat-file -s 66a9ce20b346dddec8872b31f8725fc76bbd416c [1ms]
2023-06-01 08:52:07.769 [info] > git config --get commit.template [10ms]
2023-06-01 08:52:07.770 [info] > git for-each-ref --format=%(refname)%00%(upstream:short)%00%(objectname)%00%(upstream:track)%00%(upstream:remotename)%00%(upstream:remoteref) refs/heads/main refs/remotes/main [2ms]
2023-06-01 08:52:07.786 [info] > git status -z -uall [2ms]
2023-06-01 08:52:21.178 [info] > git log --format=%H%n%aN%n%aE%n%at%n%ct%n%P%n%D%n%B -z -n120 -- /workspace/bavarian-cristus-PP4/blog/urls.py [109ms]
2023-06-01 08:52:24.885 [info] > git log --format=%H%n%aN%n%aE%n%at%n%ct%n%P%n%D%n%B -z -n120 -- /workspace/bavarian-cristus-PP4/blog/views.py [6ms]
2023-06-01 08:52:35.322 [info] > git config --get commit.template [2ms]
2023-06-01 08:52:35.331 [info] > git for-each-ref --format=%(refname)%00%(upstream:short)%00%(objectname)%00%(upstream:track)%00%(upstream:remotename)%00%(upstream:remoteref) refs/heads/main refs/remotes/main [2ms]
2023-06-01 08:52:35.342 [info] > git status -z -uall [2ms]
2023-06-01 08:52:51.940 [info] > git config --get commit.template [8ms]
2023-06-01 08:52:51.941 [info] > git for-each-ref --format=%(refname)%00%(upstream:short)%00%(objectname)%00%(upstream:track)%00%(upstream:remotename)%00%(upstream:remoteref) refs/heads/main refs/remotes/main [1ms]
2023-06-01 08:52:51.950 [info] > git status -z -uall [2ms]
2023-06-01 08:52:56.968 [info] > git config --get commit.template [7ms]
2023-06-01 08:52:56.968 [info] > git for-each-ref --format=%(refname)%00%(upstream:short)%00%(objectname)%00%(upstream:track)%00%(upstream:remotename)%00%(upstream:remoteref) refs/heads/main refs/remotes/main [1ms]
2023-06-01 08:52:56.976 [info] > git status -z -uall [2ms]
2023-06-01 08:53:32.095 [info] > git log --format=%H%n%aN%n%aE%n%at%n%ct%n%P%n%D%n%B -z -n120 -- /workspace/bavarian-cristus-PP4/blog/urls.py [8ms]
2023-06-01 08:54:12.604 [info] > git config --local branch.main.github-pr-owner-number [2ms]
2023-06-01 08:54:12.618 [info] > git config --get commit.template [7ms]
2023-06-01 08:54:12.619 [info] > git for-each-ref --format=%(refname)%00%(upstream:short)%00%(objectname)%00%(upstream:track)%00%(upstream:remotename)%00%(upstream:remoteref) refs/heads/main refs/remotes/main [1ms]
2023-06-01 08:54:12.626 [info] > git status -z -uall [2ms]
2023-06-01 08:58:35.772 [info] > git log --format=%H%n%aN%n%aE%n%at%n%ct%n%P%n%D%n%B -z -n120 -- /workspace/bavarian-cristus-PP4/templates/index.html [48ms]
2023-06-01 08:58:37.084 [info] > git log --format=%H%n%aN%n%aE%n%at%n%ct%n%P%n%D%n%B -z -n120 -- /workspace/bavarian-cristus-PP4/blog/views.py [8ms]
2023-06-01 08:59:12.642 [info] > git config --local branch.main.github-pr-owner-number [1ms]
2023-06-01 08:59:12.665 [info] > git config --get commit.template [12ms]
2023-06-01 08:59:12.666 [info] > git for-each-ref --format=%(refname)%00%(upstream:short)%00%(objectname)%00%(upstream:track)%00%(upstream:remotename)%00%(upstream:remoteref) refs/heads/main refs/remotes/main [1ms]
2023-06-01 08:59:12.678 [info] > git status -z -uall [2ms]
2023-06-01 09:01:31.132 [info] > git config --get commit.template [6ms]
2023-06-01 09:01:31.133 [info] > git for-each-ref --format=%(refname)%00%(upstream:short)%00%(objectname)%00%(upstream:track)%00%(upstream:remotename)%00%(upstream:remoteref) refs/heads/main refs/remotes/main [1ms]
2023-06-01 09:01:31.140 [info] > git status -z -uall [2ms]
2023-06-01 09:04:12.691 [info] > git config --local branch.main.github-pr-owner-number [1ms]
2023-06-01 09:04:12.703 [info] > git config --get commit.template [6ms]
2023-06-01 09:04:12.703 [info] > git for-each-ref --format=%(refname)%00%(upstream:short)%00%(objectname)%00%(upstream:track)%00%(upstream:remotename)%00%(upstream:remoteref) refs/heads/main refs/remotes/main [1ms]
2023-06-01 09:04:12.710 [info] > git status -z -uall [2ms]
2023-06-01 09:05:25.101 [info] > git log --format=%H%n%aN%n%aE%n%at%n%ct%n%P%n%D%n%B -z -n120 -- /workspace/bavarian-cristus-PP4/templates/base.html [6ms]
2023-06-01 09:05:25.402 [info] > git show --textconv :templates/base.html [10ms]
2023-06-01 09:05:25.403 [info] > git ls-files --stage -- /workspace/bavarian-cristus-PP4/templates/base.html [2ms]
2023-06-01 09:05:25.456 [info] > git cat-file -s 7ab41846cd6ebe1f77705321ab26e6ca3550abd8 [1ms]
2023-06-01 09:08:44.057 [info] > git config --get commit.template [8ms]
2023-06-01 09:08:44.057 [info] > git for-each-ref --format=%(refname)%00%(upstream:short)%00%(objectname)%00%(upstream:track)%00%(upstream:remotename)%00%(upstream:remoteref) refs/heads/main refs/remotes/main [1ms]
2023-06-01 09:08:44.064 [info] > git status -z -uall [1ms]
2023-06-01 09:09:12.721 [info] > git config --local branch.main.github-pr-owner-number [1ms]
2023-06-01 09:09:12.731 [info] > git config --get commit.template [5ms]
2023-06-01 09:09:12.732 [info] > git for-each-ref --format=%(refname)%00%(upstream:short)%00%(objectname)%00%(upstream:track)%00%(upstream:remotename)%00%(upstream:remoteref) refs/heads/main refs/remotes/main [1ms]
2023-06-01 09:09:12.739 [info] > git status -z -uall [1ms]
2023-06-01 09:13:23.935 [info] > git log --format=%H%n%aN%n%aE%n%at%n%ct%n%P%n%D%n%B -z -n120 -- /workspace/bavarian-cristus-PP4/blog/urls.py [6ms]
2023-06-01 09:13:32.636 [info] > git log --format=%H%n%aN%n%aE%n%at%n%ct%n%P%n%D%n%B -z -n120 -- /workspace/bavarian-cristus-PP4/templates/index.html [7ms]
2023-06-01 09:13:47.332 [info] > git log --format=%H%n%aN%n%aE%n%at%n%ct%n%P%n%D%n%B -z -n120 -- /workspace/bavarian-cristus-PP4/templates/base.html [6ms]
2023-06-01 09:14:12.752 [info] > git config --local branch.main.github-pr-owner-number [1ms]
2023-06-01 09:14:12.771 [info] > git config --get commit.template [12ms]
2023-06-01 09:14:12.772 [info] > git for-each-ref --format=%(refname)%00%(upstream:short)%00%(objectname)%00%(upstream:track)%00%(upstream:remotename)%00%(upstream:remoteref) refs/heads/main refs/remotes/main [1ms]
2023-06-01 09:14:12.785 [info] > git status -z -uall [2ms]
2023-06-01 09:16:47.215 [info] > git config --get commit.template [7ms]
2023-06-01 09:16:47.216 [info] > git for-each-ref --format=%(refname)%00%(upstream:short)%00%(objectname)%00%(upstream:track)%00%(upstream:remotename)%00%(upstream:remoteref) refs/heads/main refs/remotes/main [2ms]
2023-06-01 09:16:47.224 [info] > git status -z -uall [2ms]
2023-06-01 09:17:35.721 [info] > git config --get commit.template [5ms]
2023-06-01 09:17:35.721 [info] > git for-each-ref --format=%(refname)%00%(upstream:short)%00%(objectname)%00%(upstream:track)%00%(upstream:remotename)%00%(upstream:remoteref) refs/heads/main refs/remotes/main [1ms]
2023-06-01 09:17:35.728 [info] > git status -z -uall [2ms]
2023-06-01 09:19:12.799 [info] > git config --local branch.main.github-pr-owner-number [2ms]
2023-06-01 09:19:12.811 [info] > git config --get commit.template [5ms]
2023-06-01 09:19:12.812 [info] > git for-each-ref --format=%(refname)%00%(upstream:short)%00%(objectname)%00%(upstream:track)%00%(upstream:remotename)%00%(upstream:remoteref) refs/heads/main refs/remotes/main [1ms]
2023-06-01 09:19:12.819 [info] > git status -z -uall [2ms]
2023-06-01 09:19:27.610 [info] > git log --format=%H%n%aN%n%aE%n%at%n%ct%n%P%n%D%n%B -z -n120 -- /workspace/bavarian-cristus-PP4/blog/urls.py [5ms]
2023-06-01 09:20:03.651 [info] > git config --get commit.template [10ms]
2023-06-01 09:20:03.651 [info] > git for-each-ref --format=%(refname)%00%(upstream:short)%00%(objectname)%00%(upstream:track)%00%(upstream:remotename)%00%(upstream:remoteref) refs/heads/main refs/remotes/main [2ms]
2023-06-01 09:20:03.664 [info] > git status -z -uall [2ms]
2023-06-01 09:20:08.683 [info] > git config --get commit.template [6ms]
2023-06-01 09:20:08.684 [info] > git for-each-ref --format=%(refname)%00%(upstream:short)%00%(objectname)%00%(upstream:track)%00%(upstream:remotename)%00%(upstream:remoteref) refs/heads/main refs/remotes/main [1ms]
2023-06-01 09:20:08.694 [info] > git status -z -uall [2ms]
2023-06-01 09:20:44.881 [info] > git config --get commit.template [7ms]
2023-06-01 09:20:44.881 [info] > git for-each-ref --format=%(refname)%00%(upstream:short)%00%(objectname)%00%(upstream:track)%00%(upstream:remotename)%00%(upstream:remoteref) refs/heads/main refs/remotes/main [1ms]
2023-06-01 09:20:44.888 [info] > git status -z -uall [2ms]
2023-06-01 09:20:49.912 [info] > git config --get commit.template [11ms]
2023-06-01 09:20:49.912 [info] > git for-each-ref --format=%(refname)%00%(upstream:short)%00%(objectname)%00%(upstream:track)%00%(upstream:remotename)%00%(upstream:remoteref) refs/heads/main refs/remotes/main [2ms]
2023-06-01 09:20:49.923 [info] > git status -z -uall [2ms]
2023-06-01 09:21:04.718 [info] > git config --get commit.template [8ms]
2023-06-01 09:21:04.719 [info] > git for-each-ref --format=%(refname)%00%(upstream:short)%00%(objectname)%00%(upstream:track)%00%(upstream:remotename)%00%(upstream:remoteref) refs/heads/main refs/remotes/main [2ms]
2023-06-01 09:21:04.726 [info] > git status -z -uall [2ms]
2023-06-01 09:22:38.956 [info] > git config --get commit.template [6ms]
2023-06-01 09:22:38.957 [info] > git for-each-ref --format=%(refname)%00%(upstream:short)%00%(objectname)%00%(upstream:track)%00%(upstream:remotename)%00%(upstream:remoteref) refs/heads/main refs/remotes/main [2ms]
2023-06-01 09:22:38.964 [info] > git status -z -uall [2ms]
2023-06-01 09:24:12.832 [info] > git config --local branch.main.github-pr-owner-number [1ms]
2023-06-01 09:24:12.845 [info] > git config --get commit.template [6ms]
2023-06-01 09:24:12.846 [info] > git for-each-ref --format=%(refname)%00%(upstream:short)%00%(objectname)%00%(upstream:track)%00%(upstream:remotename)%00%(upstream:remoteref) refs/heads/main refs/remotes/main [1ms]
2023-06-01 09:24:12.853 [info] > git status -z -uall [2ms]
2023-06-01 09:24:24.190 [info] > git config --get commit.template [7ms]
2023-06-01 09:24:24.190 [info] > git for-each-ref --format=%(refname)%00%(upstream:short)%00%(objectname)%00%(upstream:track)%00%(upstream:remotename)%00%(upstream:remoteref) refs/heads/main refs/remotes/main [1ms]
2023-06-01 09:24:24.199 [info] > git status -z -uall [3ms]
2023-06-01 09:24:29.213 [info] > git config --get commit.template [2ms]
2023-06-01 09:24:29.221 [info] > git for-each-ref --format=%(refname)%00%(upstream:short)%00%(objectname)%00%(upstream:track)%00%(upstream:remotename)%00%(upstream:remoteref) refs/heads/main refs/remotes/main [1ms]
2023-06-01 09:24:29.229 [info] > git status -z -uall [1ms]
2023-06-01 09:24:35.120 [info] > git config --get commit.template [6ms]
2023-06-01 09:24:35.121 [info] > git for-each-ref --format=%(refname)%00%(upstream:short)%00%(objectname)%00%(upstream:track)%00%(upstream:remotename)%00%(upstream:remoteref) refs/heads/main refs/remotes/main [1ms]
2023-06-01 09:24:35.128 [info] > git status -z -uall [2ms]
2023-06-01 09:24:39.651 [info] > git log --format=%H%n%aN%n%aE%n%at%n%ct%n%P%n%D%n%B -z -n120 -- /workspace/bavarian-cristus-PP4/templates/base.html [8ms]
2023-06-01 09:24:52.355 [info] > git config --get commit.template [12ms]
2023-06-01 09:24:52.356 [info] > git for-each-ref --format=%(refname)%00%(upstream:short)%00%(objectname)%00%(upstream:track)%00%(upstream:remotename)%00%(upstream:remoteref) refs/heads/main refs/remotes/main [2ms]
2023-06-01 09:24:52.369 [info] > git status -z -uall [2ms]
2023-06-01 09:24:56.350 [info] > git log --format=%H%n%aN%n%aE%n%at%n%ct%n%P%n%D%n%B -z -n120 -- /workspace/bavarian-cristus-PP4/blog/urls.py [5ms]
2023-06-01 09:25:18.834 [info] > git log --format=%H%n%aN%n%aE%n%at%n%ct%n%P%n%D%n%B -z -n120 -- /workspace/bavarian-cristus-PP4/blog/views.py [6ms]
2023-06-01 09:26:54.037 [info] > git for-each-ref --format=%(refname)%00%(upstream:short)%00%(objectname)%00%(upstream:track)%00%(upstream:remotename)%00%(upstream:remoteref) refs/heads/main refs/remotes/main [2ms]
2023-06-01 09:26:54.037 [info] > git config --get commit.template [12ms]
2023-06-01 09:26:54.049 [info] > git status -z -uall [2ms]
2023-06-01 09:26:59.734 [info] > git config --get commit.template [9ms]
2023-06-01 09:26:59.735 [info] > git for-each-ref --format=%(refname)%00%(upstream:short)%00%(objectname)%00%(upstream:track)%00%(upstream:remotename)%00%(upstream:remoteref) refs/heads/main refs/remotes/main [1ms]
2023-06-01 09:26:59.743 [info] > git status -z -uall [1ms]
2023-06-01 09:27:01.006 [info] > git log --format=%H%n%aN%n%aE%n%at%n%ct%n%P%n%D%n%B -z -n120 -- /workspace/bavarian-cristus-PP4/blog/urls.py [6ms]
2023-06-01 09:27:23.511 [info] > git config --get commit.template [8ms]
2023-06-01 09:27:23.511 [info] > git for-each-ref --format=%(refname)%00%(upstream:short)%00%(objectname)%00%(upstream:track)%00%(upstream:remotename)%00%(upstream:remoteref) refs/heads/main refs/remotes/main [1ms]
2023-06-01 09:27:23.519 [info] > git status -z -uall [2ms]
2023-06-01 09:27:28.544 [info] > git config --get commit.template [10ms]
2023-06-01 09:27:28.544 [info] > git for-each-ref --format=%(refname)%00%(upstream:short)%00%(objectname)%00%(upstream:track)%00%(upstream:remotename)%00%(upstream:remoteref) refs/heads/main refs/remotes/main [1ms]
2023-06-01 09:27:28.556 [info] > git status -z -uall [2ms]
2023-06-01 09:27:46.392 [info] > git log --format=%H%n%aN%n%aE%n%at%n%ct%n%P%n%D%n%B -z -n120 -- /workspace/bavarian-cristus-PP4/templates/index.html [6ms]
2023-06-01 09:28:01.173 [info] > git config --get commit.template [11ms]
2023-06-01 09:28:01.174 [info] > git for-each-ref --format=%(refname)%00%(upstream:short)%00%(objectname)%00%(upstream:track)%00%(upstream:remotename)%00%(upstream:remoteref) refs/heads/main refs/remotes/main [2ms]
2023-06-01 09:28:01.184 [info] > git status -z -uall [2ms]
2023-06-01 09:28:13.700 [info] > git log --format=%H%n%aN%n%aE%n%at%n%ct%n%P%n%D%n%B -z -n120 -- /workspace/bavarian-cristus-PP4/blog/views.py [6ms]
2023-06-01 09:28:38.202 [info] > git config --get commit.template [9ms]
2023-06-01 09:28:38.202 [info] > git for-each-ref --format=%(refname)%00%(upstream:short)%00%(objectname)%00%(upstream:track)%00%(upstream:remotename)%00%(upstream:remoteref) refs/heads/main refs/remotes/main [1ms]
2023-06-01 09:28:38.210 [info] > git status -z -uall [1ms]
2023-06-01 09:29:12.866 [info] > git config --local branch.main.github-pr-owner-number [1ms]
2023-06-01 09:29:12.878 [info] > git config --get commit.template [6ms]
2023-06-01 09:29:12.879 [info] > git for-each-ref --format=%(refname)%00%(upstream:short)%00%(objectname)%00%(upstream:track)%00%(upstream:remotename)%00%(upstream:remoteref) refs/heads/main refs/remotes/main [1ms]
2023-06-01 09:29:12.885 [info] > git status -z -uall [2ms]
2023-06-01 09:30:51.075 [info] > git log --format=%H%n%aN%n%aE%n%at%n%ct%n%P%n%D%n%B -z -n120 -- /workspace/bavarian-cristus-PP4/templates/index.html [7ms]
2023-06-01 09:31:21.317 [info] > git config --get commit.template [7ms]
2023-06-01 09:31:21.318 [info] > git for-each-ref --format=%(refname)%00%(upstream:short)%00%(objectname)%00%(upstream:track)%00%(upstream:remotename)%00%(upstream:remoteref) refs/heads/main refs/remotes/main [1ms]
2023-06-01 09:31:21.326 [info] > git status -z -uall [2ms]
2023-06-01 09:31:38.377 [info] > git config --get commit.template [6ms]
2023-06-01 09:31:38.377 [info] > git for-each-ref --format=%(refname)%00%(upstream:short)%00%(objectname)%00%(upstream:track)%00%(upstream:remotename)%00%(upstream:remoteref) refs/heads/main refs/remotes/main [1ms]
2023-06-01 09:31:38.384 [info] > git status -z -uall [1ms]
2023-06-01 09:31:58.876 [info] > git log --format=%H%n%aN%n%aE%n%at%n%ct%n%P%n%D%n%B -z -n120 -- /workspace/bavarian-cristus-PP4/blog/models.py [6ms]
2023-06-01 09:31:59.232 [info] > git show --textconv :blog/models.py [16ms]
2023-06-01 09:31:59.233 [info] > git ls-files --stage -- /workspace/bavarian-cristus-PP4/blog/models.py [3ms]
2023-06-01 09:31:59.247 [info] > git cat-file -s aa2da0c61961e750a7a00f9949fa5a1a75ddac2d [2ms]
2023-06-01 09:32:08.133 [info] > git log --format=%H%n%aN%n%aE%n%at%n%ct%n%P%n%D%n%B -z -n120 -- /workspace/bavarian-cristus-PP4/blog/views.py [9ms]
2023-06-01 09:33:39.850 [info] > git config --get commit.template [10ms]
2023-06-01 09:33:39.851 [info] > git for-each-ref --format=%(refname)%00%(upstream:short)%00%(objectname)%00%(upstream:track)%00%(upstream:remotename)%00%(upstream:remoteref) refs/heads/main refs/remotes/main [1ms]
2023-06-01 09:33:39.863 [info] > git status -z -uall [1ms]
2023-06-01 09:33:51.710 [info] > git config --get commit.template [7ms]
2023-06-01 09:33:51.710 [info] > git for-each-ref --format=%(refname)%00%(upstream:short)%00%(objectname)%00%(upstream:track)%00%(upstream:remotename)%00%(upstream:remoteref) refs/heads/main refs/remotes/main [1ms]
2023-06-01 09:33:51.717 [info] > git status -z -uall [1ms]
2023-06-01 09:34:07.048 [info] > git log --format=%H%n%aN%n%aE%n%at%n%ct%n%P%n%D%n%B -z -n120 -- /workspace/bavarian-cristus-PP4/blog/urls.py [5ms]
2023-06-01 09:34:12.897 [info] > git config --local branch.main.github-pr-owner-number [0ms]
2023-06-01 09:34:12.908 [info] > git config --get commit.template [5ms]
2023-06-01 09:34:12.909 [info] > git for-each-ref --format=%(refname)%00%(upstream:short)%00%(objectname)%00%(upstream:track)%00%(upstream:remotename)%00%(upstream:remoteref) refs/heads/main refs/remotes/main [1ms]
2023-06-01 09:34:12.916 [info] > git status -z -uall [2ms]
2023-06-01 09:34:13.739 [info] > git log --format=%H%n%aN%n%aE%n%at%n%ct%n%P%n%D%n%B -z -n120 -- /workspace/bavarian-cristus-PP4/blog/models.py [5ms]
2023-06-01 09:34:18.458 [info] > git log --format=%H%n%aN%n%aE%n%at%n%ct%n%P%n%D%n%B -z -n120 -- /workspace/bavarian-cristus-PP4/templates/index.html [6ms]
2023-06-01 09:34:24.780 [info] > git config --get commit.template [7ms]
2023-06-01 09:34:24.780 [info] > git for-each-ref --format=%(refname)%00%(upstream:short)%00%(objectname)%00%(upstream:track)%00%(upstream:remotename)%00%(upstream:remoteref) refs/heads/main refs/remotes/main [1ms]
2023-06-01 09:34:24.787 [info] > git status -z -uall [2ms]
2023-06-01 09:34:44.962 [info] > git log --format=%H%n%aN%n%aE%n%at%n%ct%n%P%n%D%n%B -z -n120 -- /workspace/bavarian-cristus-PP4/blog/models.py [5ms]
2023-06-01 09:35:06.038 [info] > git log --format=%H%n%aN%n%aE%n%at%n%ct%n%P%n%D%n%B -z -n120 -- /workspace/bavarian-cristus-PP4/blog/views.py [6ms]
2023-06-01 09:35:22.433 [info] > git config --get commit.template [7ms]
2023-06-01 09:35:22.433 [info] > git for-each-ref --format=%(refname)%00%(upstream:short)%00%(objectname)%00%(upstream:track)%00%(upstream:remotename)%00%(upstream:remoteref) refs/heads/main refs/remotes/main [1ms]
2023-06-01 09:35:22.440 [info] > git status -z -uall [2ms]
2023-06-01 09:36:48.016 [info] > git log --format=%H%n%aN%n%aE%n%at%n%ct%n%P%n%D%n%B -z -n120 -- /workspace/bavarian-cristus-PP4/blog/urls.py [5ms]
2023-06-01 09:37:03.530 [info] > git config --get commit.template [3ms]
2023-06-01 09:37:03.536 [info] > git for-each-ref --format=%(refname)%00%(upstream:short)%00%(objectname)%00%(upstream:track)%00%(upstream:remotename)%00%(upstream:remoteref) refs/heads/main refs/remotes/main [1ms]
2023-06-01 09:37:03.543 [info] > git status -z -uall [1ms]
2023-06-01 09:37:20.348 [info] > git config --get commit.template [5ms]
2023-06-01 09:37:20.349 [info] > git for-each-ref --format=%(refname)%00%(upstream:short)%00%(objectname)%00%(upstream:track)%00%(upstream:remotename)%00%(upstream:remoteref) refs/heads/main refs/remotes/main [1ms]
2023-06-01 09:37:20.356 [info] > git status -z -uall [2ms]
2023-06-01 09:37:23.528 [info] > git log --format=%H%n%aN%n%aE%n%at%n%ct%n%P%n%D%n%B -z -n120 -- /workspace/bavarian-cristus-PP4/blog/views.py [6ms]
2023-06-01 09:39:12.930 [info] > git config --local branch.main.github-pr-owner-number [1ms]
2023-06-01 09:39:12.950 [info] > git config --get commit.template [10ms]
2023-06-01 09:39:12.951 [info] > git for-each-ref --format=%(refname)%00%(upstream:short)%00%(objectname)%00%(upstream:track)%00%(upstream:remotename)%00%(upstream:remoteref) refs/heads/main refs/remotes/main [1ms]
2023-06-01 09:39:12.960 [info] > git status -z -uall [2ms]
2023-06-01 09:40:19.735 [info] > git log --format=%H%n%aN%n%aE%n%at%n%ct%n%P%n%D%n%B -z -n120 -- /workspace/bavarian-cristus-PP4/blog/urls.py [5ms]
2023-06-01 09:41:08.593 [info] > git log --format=%H%n%aN%n%aE%n%at%n%ct%n%P%n%D%n%B -z -n120 -- /workspace/bavarian-cristus-PP4/templates/index.html [7ms]
2023-06-01 09:42:14.174 [info] > git log --format=%H%n%aN%n%aE%n%at%n%ct%n%P%n%D%n%B -z -n120 -- /workspace/bavarian-cristus-PP4/blog/views.py [6ms]
2023-06-01 09:42:36.159 [info] > git config --get commit.template [9ms]
2023-06-01 09:42:36.160 [info] > git for-each-ref --format=%(refname)%00%(upstream:short)%00%(objectname)%00%(upstream:track)%00%(upstream:remotename)%00%(upstream:remoteref) refs/heads/main refs/remotes/main [2ms]
2023-06-01 09:42:36.170 [info] > git status -z -uall [2ms]
2023-06-01 09:43:04.477 [info] > git log --format=%H%n%aN%n%aE%n%at%n%ct%n%P%n%D%n%B -z -n120 -- /workspace/bavarian-cristus-PP4/templates/index.html [6ms]
2023-06-01 09:44:12.975 [info] > git config --local branch.main.github-pr-owner-number [2ms]
2023-06-01 09:44:12.993 [info] > git config --get commit.template [9ms]
2023-06-01 09:44:12.994 [info] > git for-each-ref --format=%(refname)%00%(upstream:short)%00%(objectname)%00%(upstream:track)%00%(upstream:remotename)%00%(upstream:remoteref) refs/heads/main refs/remotes/main [2ms]
2023-06-01 09:44:13.004 [info] > git status -z -uall [2ms]
2023-06-01 09:45:17.310 [info] > git log --format=%H%n%aN%n%aE%n%at%n%ct%n%P%n%D%n%B -z -n120 -- /workspace/bavarian-cristus-PP4/blog/models.py [6ms]
2023-06-01 09:45:21.268 [info] > git config --get commit.template [1ms]
2023-06-01 09:45:21.280 [info] > git for-each-ref --format=%(refname)%00%(upstream:short)%00%(objectname)%00%(upstream:track)%00%(upstream:remotename)%00%(upstream:remoteref) refs/heads/main refs/remotes/main [2ms]
2023-06-01 09:45:21.290 [info] > git status -z -uall [2ms]
2023-06-01 09:45:21.787 [info] > git log --format=%H%n%aN%n%aE%n%at%n%ct%n%P%n%D%n%B -z -n120 -- /workspace/bavarian-cristus-PP4/templates/index.html [6ms]
2023-06-01 09:45:23.880 [info] > git log --format=%H%n%aN%n%aE%n%at%n%ct%n%P%n%D%n%B -z -n120 -- /workspace/bavarian-cristus-PP4/blog/views.py [5ms]
2023-06-01 09:45:24.750 [info] > git log --format=%H%n%aN%n%aE%n%at%n%ct%n%P%n%D%n%B -z -n120 -- /workspace/bavarian-cristus-PP4/blog/urls.py [5ms]
2023-06-01 09:45:39.374 [info] > git config --get commit.template [7ms]
2023-06-01 09:45:39.374 [info] > git for-each-ref --format=%(refname)%00%(upstream:short)%00%(objectname)%00%(upstream:track)%00%(upstream:remotename)%00%(upstream:remoteref) refs/heads/main refs/remotes/main [1ms]
2023-06-01 09:45:39.386 [info] > git status -z -uall [4ms]
2023-06-01 09:46:18.189 [info] > git config --get commit.template [11ms]
2023-06-01 09:46:18.190 [info] > git for-each-ref --format=%(refname)%00%(upstream:short)%00%(objectname)%00%(upstream:track)%00%(upstream:remotename)%00%(upstream:remoteref) refs/heads/main refs/remotes/main [1ms]
2023-06-01 09:46:18.203 [info] > git status -z -uall [2ms]
2023-06-01 09:46:18.349 [info] > git config --local branch.main.github-pr-owner-number [1ms]
2023-06-01 09:46:18.361 [info] > git config --get commit.template [2ms]
2023-06-01 09:46:18.368 [info] > git for-each-ref --format=%(refname)%00%(upstream:short)%00%(objectname)%00%(upstream:track)%00%(upstream:remotename)%00%(upstream:remoteref) refs/heads/main refs/remotes/main [1ms]
2023-06-01 09:46:18.376 [info] > git status -z -uall [2ms]
2023-06-01 09:46:26.277 [info] > git config --get commit.template [9ms]
2023-06-01 09:46:26.277 [info] > git for-each-ref --format=%(refname)%00%(upstream:short)%00%(objectname)%00%(upstream:track)%00%(upstream:remotename)%00%(upstream:remoteref) refs/heads/main refs/remotes/main [1ms]
2023-06-01 09:46:26.289 [info] > git status -z -uall [2ms]
2023-06-01 09:46:26.378 [info] > git config --local branch.main.github-pr-owner-number [31ms]
2023-06-01 09:46:26.391 [info] > git config --get commit.template [2ms]
2023-06-01 09:46:26.405 [info] > git for-each-ref --format=%(refname)%00%(upstream:short)%00%(objectname)%00%(upstream:track)%00%(upstream:remotename)%00%(upstream:remoteref) refs/heads/main refs/remotes/main [6ms]
2023-06-01 09:46:26.416 [info] > git status -z -uall [2ms]
2023-06-01 09:49:13.017 [info] > git config --local branch.main.github-pr-owner-number [1ms]
2023-06-01 09:49:13.035 [info] > git config --get commit.template [9ms]
2023-06-01 09:49:13.036 [info] > git for-each-ref --format=%(refname)%00%(upstream:short)%00%(objectname)%00%(upstream:track)%00%(upstream:remotename)%00%(upstream:remoteref) refs/heads/main refs/remotes/main [2ms]
2023-06-01 09:49:13.045 [info] > git status -z -uall [2ms]
2023-06-01 09:52:41.531 [info] > git log --format=%H%n%aN%n%aE%n%at%n%ct%n%P%n%D%n%B -z -n120 -- /workspace/bavarian-cristus-PP4/templates/post_detail.html [13ms]
2023-06-01 09:52:41.823 [info] > git show --textconv :templates/post_detail.html [13ms]
2023-06-01 09:52:41.825 [info] > git ls-files --stage -- /workspace/bavarian-cristus-PP4/templates/post_detail.html [1ms]
2023-06-01 09:52:41.838 [info] > git cat-file -s 501ed9859173e2b4077b4b6a0cf82f5a70f4c28e [2ms]
2023-06-01 09:52:51.802 [info] > git log --format=%H%n%aN%n%aE%n%at%n%ct%n%P%n%D%n%B -z -n120 -- /workspace/bavarian-cristus-PP4/templates/index.html [10ms]
2023-06-01 09:52:52.002 [info] > git show --textconv :templates/index.html [13ms]
2023-06-01 09:52:52.003 [info] > git ls-files --stage -- /workspace/bavarian-cristus-PP4/templates/index.html [1ms]
2023-06-01 09:52:52.015 [info] > git cat-file -s eb01efefcc51c1b45660aecd0fe54d1bbb5e777e [2ms]
2023-06-01 09:53:01.394 [info] > git config --get commit.template [7ms]
2023-06-01 09:53:01.394 [info] > git for-each-ref --format=%(refname)%00%(upstream:short)%00%(objectname)%00%(upstream:track)%00%(upstream:remotename)%00%(upstream:remoteref) refs/heads/main refs/remotes/main [1ms]
2023-06-01 09:53:01.404 [info] > git status -z -uall [3ms]
2023-06-01 09:53:41.811 [info] > git log --format=%H%n%aN%n%aE%n%at%n%ct%n%P%n%D%n%B -z -n120 -- /workspace/bavarian-cristus-PP4/blog/urls.py [6ms]
2023-06-01 09:53:42.066 [info] > git show --textconv :blog/urls.py [15ms]
2023-06-01 09:53:42.067 [info] > git ls-files --stage -- /workspace/bavarian-cristus-PP4/blog/urls.py [2ms]
2023-06-01 09:53:42.080 [info] > git cat-file -s d053e1ef8fb74da8760b1c0553e0121aa2353c68 [1ms]
2023-06-01 09:54:03.731 [info] > git config --get commit.template [9ms]
2023-06-01 09:54:03.731 [info] > git for-each-ref --format=%(refname)%00%(upstream:short)%00%(objectname)%00%(upstream:track)%00%(upstream:remotename)%00%(upstream:remoteref) refs/heads/main refs/remotes/main [1ms]
2023-06-01 09:54:03.741 [info] > git status -z -uall [2ms]
2023-06-01 09:54:13.059 [info] > git config --local branch.main.github-pr-owner-number [1ms]
2023-06-01 09:54:13.081 [info] > git config --get commit.template [12ms]
2023-06-01 09:54:13.081 [info] > git for-each-ref --format=%(refname)%00%(upstream:short)%00%(objectname)%00%(upstream:track)%00%(upstream:remotename)%00%(upstream:remoteref) refs/heads/main refs/remotes/main [1ms]
2023-06-01 09:54:13.093 [info] > git status -z -uall [2ms]
2023-06-01 09:54:39.022 [info] > git log --format=%H%n%aN%n%aE%n%at%n%ct%n%P%n%D%n%B -z -n120 -- /workspace/bavarian-cristus-PP4/templates/index.html [8ms]
2023-06-01 09:54:54.789 [info] > git config --get commit.template [13ms]
2023-06-01 09:54:54.790 [info] > git for-each-ref --format=%(refname)%00%(upstream:short)%00%(objectname)%00%(upstream:track)%00%(upstream:remotename)%00%(upstream:remoteref) refs/heads/main refs/remotes/main [2ms]
2023-06-01 09:54:54.804 [info] > git status -z -uall [2ms]
2023-06-01 09:55:02.333 [info] > git config --get commit.template [9ms]
2023-06-01 09:55:02.334 [info] > git for-each-ref --format=%(refname)%00%(upstream:short)%00%(objectname)%00%(upstream:track)%00%(upstream:remotename)%00%(upstream:remoteref) refs/heads/main refs/remotes/main [1ms]
2023-06-01 09:55:02.342 [info] > git status -z -uall [2ms]
2023-06-01 09:55:54.610 [info] > git config --get commit.template [10ms]
2023-06-01 09:55:54.610 [info] > git for-each-ref --format=%(refname)%00%(upstream:short)%00%(objectname)%00%(upstream:track)%00%(upstream:remotename)%00%(upstream:remoteref) refs/heads/main refs/remotes/main [2ms]
2023-06-01 09:55:54.621 [info] > git status -z -uall [2ms]
2023-06-01 09:55:55.855 [info] > git log --format=%H%n%aN%n%aE%n%at%n%ct%n%P%n%D%n%B -z -n120 -- /workspace/bavarian-cristus-PP4/blog/urls.py [7ms]
2023-06-01 09:56:07.387 [info] > git log --format=%H%n%aN%n%aE%n%at%n%ct%n%P%n%D%n%B -z -n120 -- /workspace/bavarian-cristus-PP4/blog/views.py [6ms]
2023-06-01 09:56:07.597 [info] > git show --textconv :blog/views.py [11ms]
2023-06-01 09:56:07.598 [info] > git ls-files --stage -- /workspace/bavarian-cristus-PP4/blog/views.py [1ms]
2023-06-01 09:56:07.610 [info] > git cat-file -s 475bcec1815b6e5d844a95c0c02665cb548d2cfd [1ms]
2023-06-01 09:57:55.175 [info] > git config --get commit.template [10ms]
2023-06-01 09:57:55.176 [info] > git for-each-ref --format=%(refname)%00%(upstream:short)%00%(objectname)%00%(upstream:track)%00%(upstream:remotename)%00%(upstream:remoteref) refs/heads/main refs/remotes/main [1ms]
2023-06-01 09:57:55.188 [info] > git status -z -uall [1ms]
2023-06-01 09:58:00.213 [info] > git config --get commit.template [12ms]
2023-06-01 09:58:00.213 [info] > git for-each-ref --format=%(refname)%00%(upstream:short)%00%(objectname)%00%(upstream:track)%00%(upstream:remotename)%00%(upstream:remoteref) refs/heads/main refs/remotes/main [1ms]
2023-06-01 09:58:00.223 [info] > git status -z -uall [2ms]
2023-06-01 09:58:20.381 [info] > git config --get commit.template [13ms]
2023-06-01 09:58:20.382 [info] > git for-each-ref --format=%(refname)%00%(upstream:short)%00%(objectname)%00%(upstream:track)%00%(upstream:remotename)%00%(upstream:remoteref) refs/heads/main refs/remotes/main [2ms]
2023-06-01 09:58:20.396 [info] > git status -z -uall [3ms]
2023-06-01 09:58:25.415 [info] > git config --get commit.template [8ms]
2023-06-01 09:58:25.416 [info] > git for-each-ref --format=%(refname)%00%(upstream:short)%00%(objectname)%00%(upstream:track)%00%(upstream:remotename)%00%(upstream:remoteref) refs/heads/main refs/remotes/main [1ms]
2023-06-01 09:58:25.427 [info] > git status -z -uall [2ms]
2023-06-01 09:58:30.692 [info] > git config --get commit.template [11ms]
2023-06-01 09:58:30.693 [info] > git for-each-ref --format=%(refname)%00%(upstream:short)%00%(objectname)%00%(upstream:track)%00%(upstream:remotename)%00%(upstream:remoteref) refs/heads/main refs/remotes/main [2ms]
2023-06-01 09:58:30.706 [info] > git status -z -uall [2ms]
2023-06-01 09:58:32.020 [info] > git log --format=%H%n%aN%n%aE%n%at%n%ct%n%P%n%D%n%B -z -n120 -- /workspace/bavarian-cristus-PP4/blog/urls.py [6ms]
2023-06-01 09:58:55.557 [info] > git log --format=%H%n%aN%n%aE%n%at%n%ct%n%P%n%D%n%B -z -n120 -- /workspace/bavarian-cristus-PP4/templates/index.html [6ms]
2023-06-01 09:59:11.173 [info] > git config --get commit.template [11ms]
2023-06-01 09:59:11.174 [info] > git for-each-ref --format=%(refname)%00%(upstream:short)%00%(objectname)%00%(upstream:track)%00%(upstream:remotename)%00%(upstream:remoteref) refs/heads/main refs/remotes/main [2ms]
2023-06-01 09:59:11.185 [info] > git status -z -uall [2ms]
2023-06-01 09:59:13.111 [info] > git config --local branch.main.github-pr-owner-number [1ms]
2023-06-01 09:59:13.135 [info] > git config --get commit.template [10ms]
2023-06-01 09:59:13.136 [info] > git for-each-ref --format=%(refname)%00%(upstream:short)%00%(objectname)%00%(upstream:track)%00%(upstream:remotename)%00%(upstream:remoteref) refs/heads/main refs/remotes/main [2ms]
2023-06-01 09:59:13.148 [info] > git status -z -uall [3ms]
2023-06-01 09:59:21.830 [info] > git config --get commit.template [10ms]
2023-06-01 09:59:21.831 [info] > git for-each-ref --format=%(refname)%00%(upstream:short)%00%(objectname)%00%(upstream:track)%00%(upstream:remotename)%00%(upstream:remoteref) refs/heads/main refs/remotes/main [2ms]
2023-06-01 09:59:21.842 [info] > git status -z -uall [2ms]
2023-06-01 10:00:25.884 [info] > git log --format=%H%n%aN%n%aE%n%at%n%ct%n%P%n%D%n%B -z -n120 -- /workspace/bavarian-cristus-PP4/blog/views.py [5ms]
2023-06-01 10:00:30.900 [info] > git log --format=%H%n%aN%n%aE%n%at%n%ct%n%P%n%D%n%B -z -n120 -- /workspace/bavarian-cristus-PP4/blog/urls.py [6ms]
2023-06-01 10:01:00.661 [info] > git config --get commit.template [12ms]
2023-06-01 10:01:00.661 [info] > git for-each-ref --format=%(refname)%00%(upstream:short)%00%(objectname)%00%(upstream:track)%00%(upstream:remotename)%00%(upstream:remoteref) refs/heads/main refs/remotes/main [2ms]
2023-06-01 10:01:00.673 [info] > git status -z -uall [2ms]
2023-06-01 10:01:02.892 [info] > git log --format=%H%n%aN%n%aE%n%at%n%ct%n%P%n%D%n%B -z -n120 -- /workspace/bavarian-cristus-PP4/templates/index.html [7ms]
2023-06-01 10:01:09.747 [info] > git config --get commit.template [10ms]
2023-06-01 10:01:09.747 [info] > git for-each-ref --format=%(refname)%00%(upstream:short)%00%(objectname)%00%(upstream:track)%00%(upstream:remotename)%00%(upstream:remoteref) refs/heads/main refs/remotes/main [1ms]
2023-06-01 10:01:09.759 [info] > git status -z -uall [2ms]
2023-06-01 10:01:33.142 [info] > git config --get commit.template [9ms]
2023-06-01 10:01:33.143 [info] > git for-each-ref --format=%(refname)%00%(upstream:short)%00%(objectname)%00%(upstream:track)%00%(upstream:remotename)%00%(upstream:remoteref) refs/heads/main refs/remotes/main [1ms]
2023-06-01 10:01:33.155 [info] > git status -z -uall [2ms]
2023-06-01 10:02:04.706 [info] > git config --get commit.template [14ms]
2023-06-01 10:02:04.706 [info] > git for-each-ref --format=%(refname)%00%(upstream:short)%00%(objectname)%00%(upstream:track)%00%(upstream:remotename)%00%(upstream:remoteref) refs/heads/main refs/remotes/main [1ms]
2023-06-01 10:02:04.721 [info] > git status -z -uall [2ms]
2023-06-01 10:02:40.789 [info] > git config --get commit.template [14ms]
2023-06-01 10:02:40.789 [info] > git for-each-ref --format=%(refname)%00%(upstream:short)%00%(objectname)%00%(upstream:track)%00%(upstream:remotename)%00%(upstream:remoteref) refs/heads/main refs/remotes/main [1ms]
2023-06-01 10:02:40.804 [info] > git status -z -uall [3ms]
2023-06-01 10:02:45.998 [info] > git rev-list --count 48649b85d54d93935fc21aa53be090fd976fc3ac.. -- /workspace/bavarian-cristus-PP4/templates/index.html [6ms]
2023-06-01 10:02:46.015 [info] > git log --format=%H%n%aN%n%aE%n%at%n%ct%n%P%n%D%n%B -z -n30 -- /workspace/bavarian-cristus-PP4/templates/index.html [6ms]
2023-06-01 10:02:46.475 [info] > git config --get commit.template [15ms]
2023-06-01 10:02:46.476 [info] > git for-each-ref --format=%(refname)%00%(upstream:short)%00%(objectname)%00%(upstream:track)%00%(upstream:remotename)%00%(upstream:remoteref) refs/heads/main refs/remotes/main [2ms]
2023-06-01 10:02:46.491 [info] > git status -z -uall [3ms]
2023-06-01 10:02:46.650 [info] > git ls-files --stage -- /workspace/bavarian-cristus-PP4/blog/urls.py [11ms]
2023-06-01 10:02:46.663 [info] > git ls-files --stage -- /workspace/bavarian-cristus-PP4/templates/index.html [37ms]
2023-06-01 10:02:46.679 [info] > git cat-file -s d053e1ef8fb74da8760b1c0553e0121aa2353c68 [15ms]
2023-06-01 10:02:46.679 [info] > git ls-files --stage -- /workspace/bavarian-cristus-PP4/blog/views.py [30ms]
2023-06-01 10:02:46.690 [info] > git cat-file -s dd88c392618a97981028e45214ce149e45e70c95 [12ms]
2023-06-01 10:02:46.691 [info] > git cat-file -s 475bcec1815b6e5d844a95c0c02665cb548d2cfd [2ms]
2023-06-01 10:02:46.748 [info] > git show --textconv :blog/urls.py [19ms]
2023-06-01 10:02:46.748 [info] > git show --textconv :templates/index.html [9ms]
2023-06-01 10:02:46.749 [info] > git show --textconv :blog/views.py [1ms]
2023-06-01 10:03:10.654 [info] > git rev-list --count 48649b85d54d93935fc21aa53be090fd976fc3ac.. -- /workspace/bavarian-cristus-PP4/templates/index.html [6ms]
2023-06-01 10:03:10.674 [info] > git log --format=%H%n%aN%n%aE%n%at%n%ct%n%P%n%D%n%B -z -n31 -- /workspace/bavarian-cristus-PP4/templates/index.html [7ms]
2023-06-01 10:03:11.127 [info] > git config --get commit.template [9ms]
2023-06-01 10:03:11.128 [info] > git for-each-ref --format=%(refname)%00%(upstream:short)%00%(objectname)%00%(upstream:track)%00%(upstream:remotename)%00%(upstream:remoteref) refs/heads/main refs/remotes/main [1ms]
2023-06-01 10:03:11.137 [info] > git status -z -uall [1ms]
2023-06-01 10:03:11.281 [info] > git config --local branch.main.github-pr-owner-number [3ms]
2023-06-01 10:03:11.300 [info] > git config --get commit.template [9ms]
2023-06-01 10:03:11.328 [info] > git ls-files --stage -- /workspace/bavarian-cristus-PP4/blog/urls.py [10ms]
2023-06-01 10:03:11.339 [info] > git ls-files --stage -- /workspace/bavarian-cristus-PP4/templates/index.html [29ms]
2023-06-01 10:03:11.348 [info] > git for-each-ref --format=%(refname)%00%(upstream:short)%00%(objectname)%00%(upstream:track)%00%(upstream:remotename)%00%(upstream:remoteref) refs/heads/main refs/remotes/main [48ms]
2023-06-01 10:03:11.357 [info] > git cat-file -s dd88c392618a97981028e45214ce149e45e70c95 [10ms]
2023-06-01 10:03:11.358 [info] > git cat-file -s d053e1ef8fb74da8760b1c0553e0121aa2353c68 [20ms]
2023-06-01 10:03:11.358 [info] > git ls-files --stage -- /workspace/bavarian-cristus-PP4/blog/views.py [31ms]
2023-06-01 10:03:11.368 [info] > git status -z -uall [12ms]
2023-06-01 10:03:11.387 [info] > git cat-file -s 475bcec1815b6e5d844a95c0c02665cb548d2cfd [20ms]
2023-06-01 10:03:11.446 [info] > git show --textconv :templates/index.html [9ms]
2023-06-01 10:03:11.447 [info] > git show --textconv :blog/urls.py [2ms]
2023-06-01 10:03:11.463 [info] > git show --textconv :blog/views.py [0ms]
2023-06-01 10:03:14.946 [info] > git rev-list --count 48649b85d54d93935fc21aa53be090fd976fc3ac.. -- /workspace/bavarian-cristus-PP4/templates/index.html [8ms]
2023-06-01 10:03:14.966 [info] > git log --format=%H%n%aN%n%aE%n%at%n%ct%n%P%n%D%n%B -z -n31 -- /workspace/bavarian-cristus-PP4/templates/index.html [8ms]
2023-06-01 10:03:15.566 [info] > git ls-files --stage -- /workspace/bavarian-cristus-PP4/blog/urls.py [15ms]
2023-06-01 10:03:15.575 [info] > git ls-files --stage -- /workspace/bavarian-cristus-PP4/templates/index.html [36ms]
2023-06-01 10:03:15.582 [info] > git cat-file -s d053e1ef8fb74da8760b1c0553e0121aa2353c68 [8ms]
2023-06-01 10:03:15.583 [info] > git ls-files --stage -- /workspace/bavarian-cristus-PP4/blog/views.py [18ms]
2023-06-01 10:03:15.592 [info] > git cat-file -s dd88c392618a97981028e45214ce149e45e70c95 [10ms]
2023-06-01 10:03:15.592 [info] > git cat-file -s 475bcec1815b6e5d844a95c0c02665cb548d2cfd [1ms]
2023-06-01 10:03:15.745 [info] > git show --textconv :blog/urls.py [20ms]
2023-06-01 10:03:15.745 [info] > git show --textconv :templates/index.html [10ms]
2023-06-01 10:03:15.746 [info] > git show --textconv :blog/views.py [1ms]
2023-06-01 10:03:16.177 [info] > git for-each-ref --format=%(refname)%00%(upstream:short)%00%(objectname)%00%(upstream:track)%00%(upstream:remotename)%00%(upstream:remoteref) refs/heads/main refs/remotes/main [1ms]
2023-06-01 10:03:16.177 [info] > git config --get commit.template [19ms]
2023-06-01 10:03:16.186 [info] > git status -z -uall [2ms]
2023-06-01 10:03:16.267 [info] > git config --local branch.main.github-pr-owner-number [35ms]
2023-06-01 10:03:16.284 [info] > git config --get commit.template [2ms]
2023-06-01 10:03:16.302 [info] > git for-each-ref --format=%(refname)%00%(upstream:short)%00%(objectname)%00%(upstream:track)%00%(upstream:remotename)%00%(upstream:remoteref) refs/heads/main refs/remotes/main [6ms]
2023-06-01 10:03:16.316 [info] > git status -z -uall [2ms]
2023-06-01 10:03:34.613 [info] > git config --get commit.template [11ms]
2023-06-01 10:03:34.613 [info] > git for-each-ref --format=%(refname)%00%(upstream:short)%00%(objectname)%00%(upstream:track)%00%(upstream:remotename)%00%(upstream:remoteref) refs/heads/main refs/remotes/main [1ms]
2023-06-01 10:03:34.625 [info] > git status -z -uall [1ms]
2023-06-01 10:03:49.592 [info] > git config --get commit.template [10ms]
2023-06-01 10:03:49.592 [info] > git for-each-ref --format=%(refname)%00%(upstream:short)%00%(objectname)%00%(upstream:track)%00%(upstream:remotename)%00%(upstream:remoteref) refs/heads/main refs/remotes/main [1ms]
2023-06-01 10:03:49.603 [info] > git status -z -uall [2ms]
2023-06-01 10:03:58.130 [info] > git log --format=%H%n%aN%n%aE%n%at%n%ct%n%P%n%D%n%B -z -n120 -- /workspace/bavarian-cristus-PP4/templates/profile.html [6ms]
2023-06-01 10:03:58.344 [info] > git show --textconv :templates/profile.html [13ms]
2023-06-01 10:03:58.344 [info] > git ls-files --stage -- /workspace/bavarian-cristus-PP4/templates/profile.html [1ms]
2023-06-01 10:03:58.357 [info] > git cat-file -s 639d96455187c26678e54655883022424c61d4f5 [1ms]
2023-06-01 10:04:13.162 [info] > git config --local branch.main.github-pr-owner-number [2ms]
2023-06-01 10:04:13.182 [info] > git config --get commit.template [9ms]
2023-06-01 10:04:13.183 [info] > git for-each-ref --format=%(refname)%00%(upstream:short)%00%(objectname)%00%(upstream:track)%00%(upstream:remotename)%00%(upstream:remoteref) refs/heads/main refs/remotes/main [1ms]
2023-06-01 10:04:13.195 [info] > git status -z -uall [2ms]
2023-06-01 10:05:20.395 [info] > git show --textconv :templates/base.html [11ms]
2023-06-01 10:05:20.396 [info] > git ls-files --stage -- /workspace/bavarian-cristus-PP4/templates/base.html [1ms]
2023-06-01 10:05:20.408 [info] > git cat-file -s 8313474916ff9f500768c21eff8c285b0dd897c2 [2ms]
2023-06-01 10:08:32.460 [info] > git config --get commit.template [1ms]
2023-06-01 10:08:32.471 [info] > git for-each-ref --format=%(refname)%00%(upstream:short)%00%(objectname)%00%(upstream:track)%00%(upstream:remotename)%00%(upstream:remoteref) refs/heads/main refs/remotes/main [1ms]
2023-06-01 10:08:32.483 [info] > git status -z -uall [2ms]
2023-06-01 10:08:52.405 [info] > git config --get commit.template [12ms]
2023-06-01 10:08:52.407 [info] > git for-each-ref --format=%(refname)%00%(upstream:short)%00%(objectname)%00%(upstream:track)%00%(upstream:remotename)%00%(upstream:remoteref) refs/heads/main refs/remotes/main [3ms]
2023-06-01 10:08:52.420 [info] > git status -z -uall [3ms]
2023-06-01 10:09:02.672 [info] > git config --get commit.template [16ms]
2023-06-01 10:09:02.672 [info] > git for-each-ref --format=%(refname)%00%(upstream:short)%00%(objectname)%00%(upstream:track)%00%(upstream:remotename)%00%(upstream:remoteref) refs/heads/main refs/remotes/main [1ms]
2023-06-01 10:09:02.689 [info] > git status -z -uall [3ms]
2023-06-01 10:09:13.211 [info] > git config --local branch.main.github-pr-owner-number [1ms]
2023-06-01 10:09:13.226 [info] > git config --get commit.template [7ms]
2023-06-01 10:09:13.227 [info] > git for-each-ref --format=%(refname)%00%(upstream:short)%00%(objectname)%00%(upstream:track)%00%(upstream:remotename)%00%(upstream:remoteref) refs/heads/main refs/remotes/main [1ms]
2023-06-01 10:09:13.238 [info] > git status -z -uall [3ms]
2023-06-01 10:14:13.253 [info] > git config --local branch.main.github-pr-owner-number [2ms]
2023-06-01 10:14:13.272 [info] > git config --get commit.template [8ms]
2023-06-01 10:14:13.273 [info] > git for-each-ref --format=%(refname)%00%(upstream:short)%00%(objectname)%00%(upstream:track)%00%(upstream:remotename)%00%(upstream:remoteref) refs/heads/main refs/remotes/main [2ms]
2023-06-01 10:14:13.283 [info] > git status -z -uall [2ms]
2023-06-01 10:19:13.297 [info] > git config --local branch.main.github-pr-owner-number [1ms]
2023-06-01 10:19:13.319 [info] > git config --get commit.template [10ms]
2023-06-01 10:19:13.319 [info] > git for-each-ref --format=%(refname)%00%(upstream:short)%00%(objectname)%00%(upstream:track)%00%(upstream:remotename)%00%(upstream:remoteref) refs/heads/main refs/remotes/main [1ms]
2023-06-01 10:19:13.330 [info] > git status -z -uall [2ms]
2023-06-01 10:24:13.347 [info] > git config --local branch.main.github-pr-owner-number [1ms]
2023-06-01 10:24:13.372 [info] > git config --get commit.template [12ms]
2023-06-01 10:24:13.373 [info] > git for-each-ref --format=%(refname)%00%(upstream:short)%00%(objectname)%00%(upstream:track)%00%(upstream:remotename)%00%(upstream:remoteref) refs/heads/main refs/remotes/main [1ms]
2023-06-01 10:24:13.385 [info] > git status -z -uall [2ms]
2023-06-01 10:29:13.399 [info] > git config --local branch.main.github-pr-owner-number [1ms]
2023-06-01 10:29:13.422 [info] > git config --get commit.template [10ms]
2023-06-01 10:29:13.423 [info] > git for-each-ref --format=%(refname)%00%(upstream:short)%00%(objectname)%00%(upstream:track)%00%(upstream:remotename)%00%(upstream:remoteref) refs/heads/main refs/remotes/main [1ms]
2023-06-01 10:29:13.436 [info] > git status -z -uall [3ms]
2023-06-01 10:31:05.308 [info] > git config --get commit.template [8ms]
2023-06-01 10:31:05.310 [info] > git for-each-ref --format=%(refname)%00%(upstream:short)%00%(objectname)%00%(upstream:track)%00%(upstream:remotename)%00%(upstream:remoteref) refs/heads/main refs/remotes/main [1ms]
2023-06-01 10:31:05.320 [info] > git status -z -uall [2ms]
