2023-06-04 13:21:29.920 [info] Log level: Info
2023-06-04 13:21:29.920 [info] Validating found git in: "git"
2023-06-04 13:21:29.920 [info] Using git "2.37.3" from "git"
2023-06-04 13:21:29.920 [info] > git rev-parse --show-toplevel [14ms]
2023-06-04 13:21:29.920 [info] > git rev-parse --git-dir --git-common-dir [2ms]
2023-06-04 13:21:29.920 [info] Open repository: /workspace/bavarian-cristus-PP4
2023-06-04 13:21:29.920 [info] > git rev-parse --show-toplevel [16ms]
2023-06-04 13:21:29.920 [info] > git config --get commit.template [9ms]
2023-06-04 13:21:29.920 [info] > git rev-parse --show-toplevel [9ms]
2023-06-04 13:21:29.920 [info] > git for-each-ref --format=%(refname)%00%(upstream:short)%00%(objectname)%00%(upstream:track)%00%(upstream:remotename)%00%(upstream:remoteref) refs/heads/main refs/remotes/main [7ms]
2023-06-04 13:21:29.920 [info] > git rev-parse --show-toplevel [9ms]
2023-06-04 13:21:29.920 [info] > git rev-parse --show-toplevel [1ms]
2023-06-04 13:21:29.920 [info] > git rev-parse --show-toplevel [1ms]
2023-06-04 13:21:29.920 [info] > git rev-parse --show-toplevel [1ms]
2023-06-04 13:21:29.920 [info] > git rev-parse --show-toplevel [1ms]
2023-06-04 13:21:29.920 [info] > git rev-parse --show-toplevel [1ms]
2023-06-04 13:21:29.920 [info] > git status -z -uall [47ms]
2023-06-04 13:21:29.920 [info] > git rev-parse --show-toplevel [13ms]
2023-06-04 13:21:29.920 [info] > git config --get commit.template [5ms]
2023-06-04 13:21:29.920 [info] > git rev-parse --show-toplevel [1ms]
2023-06-04 13:21:29.920 [info] > git for-each-ref --format=%(refname)%00%(upstream:short)%00%(objectname)%00%(upstream:track)%00%(upstream:remotename)%00%(upstream:remoteref) refs/heads/main refs/remotes/main [1ms]
2023-06-04 13:21:29.920 [info] > git status -z -uall [40ms]
2023-06-04 13:21:29.920 [info] > git check-ignore -v -z --stdin [1ms]
2023-06-04 13:21:29.920 [info] > git check-ignore -v -z --stdin [1ms]
2023-06-04 13:21:33.088 [info] > git config --local branch.main.github-pr-owner-number [43ms]
2023-06-04 13:21:33.100 [info] > git config --get commit.template [2ms]
2023-06-04 13:21:33.120 [info] > git for-each-ref --format=%(refname)%00%(upstream:short)%00%(objectname)%00%(upstream:track)%00%(upstream:remotename)%00%(upstream:remoteref) refs/heads/main refs/remotes/main [10ms]
2023-06-04 13:21:33.172 [info] > git status -z -uall [42ms]
2023-06-04 13:21:35.585 [info] > git show --textconv :static/css/style.css [11ms]
2023-06-04 13:21:35.585 [info] > git ls-files --stage -- /workspace/bavarian-cristus-PP4/static/css/style.css [2ms]
2023-06-04 13:21:35.598 [info] > git cat-file -s 1124eed2cdaaa34c275955de228cdface0b652bc [3ms]
2023-06-04 13:26:32.475 [info] > git config --local branch.main.github-pr-owner-number [1ms]
2023-06-04 13:26:32.496 [info] > git config --get commit.template [10ms]
2023-06-04 13:26:32.496 [info] > git for-each-ref --format=%(refname)%00%(upstream:short)%00%(objectname)%00%(upstream:track)%00%(upstream:remotename)%00%(upstream:remoteref) refs/heads/main refs/remotes/main [1ms]
2023-06-04 13:26:32.546 [info] > git status -z -uall [39ms]
2023-06-04 13:30:14.718 [info] > git check-ignore -v -z --stdin [2ms]
2023-06-04 13:30:15.952 [info] > git check-ignore -v -z --stdin [1ms]
2023-06-04 13:30:19.017 [info] > git show --textconv :blog/forms.py [87ms]
2023-06-04 13:30:19.017 [info] > git ls-files --stage -- /workspace/bavarian-cristus-PP4/blog/forms.py [17ms]
2023-06-04 13:30:19.100 [info] > git cat-file -s 577367944dea28b2f4f05781fd6976cf361dad7b [5ms]
2023-06-04 13:31:32.563 [info] > git config --local branch.main.github-pr-owner-number [1ms]
2023-06-04 13:31:32.585 [info] > git config --get commit.template [11ms]
2023-06-04 13:31:32.586 [info] > git for-each-ref --format=%(refname)%00%(upstream:short)%00%(objectname)%00%(upstream:track)%00%(upstream:remotename)%00%(upstream:remoteref) refs/heads/main refs/remotes/main [2ms]
2023-06-04 13:31:32.634 [info] > git status -z -uall [39ms]
2023-06-04 13:36:06.693 [info] > git show --textconv :blog/views.py [8ms]
2023-06-04 13:36:06.696 [info] > git ls-files --stage -- /workspace/bavarian-cristus-PP4/blog/views.py [4ms]
2023-06-04 13:36:06.705 [info] > git cat-file -s 13b2ee7d960fda2e2c40edb1ef71560aa6feb9a4 [2ms]
2023-06-04 13:36:32.652 [info] > git config --local branch.main.github-pr-owner-number [2ms]
2023-06-04 13:36:32.665 [info] > git config --get commit.template [6ms]
2023-06-04 13:36:32.666 [info] > git for-each-ref --format=%(refname)%00%(upstream:short)%00%(objectname)%00%(upstream:track)%00%(upstream:remotename)%00%(upstream:remoteref) refs/heads/main refs/remotes/main [1ms]
2023-06-04 13:36:32.709 [info] > git status -z -uall [37ms]
2023-06-04 13:37:07.345 [info] > git show --textconv :blog/forms.py [11ms]
2023-06-04 13:37:07.346 [info] > git ls-files --stage -- /workspace/bavarian-cristus-PP4/blog/forms.py [2ms]
2023-06-04 13:37:07.355 [info] > git cat-file -s 577367944dea28b2f4f05781fd6976cf361dad7b [2ms]
2023-06-04 13:40:43.841 [info] > git check-ignore -v -z --stdin [2ms]
2023-06-04 13:41:32.724 [info] > git config --local branch.main.github-pr-owner-number [2ms]
2023-06-04 13:41:32.746 [info] > git config --get commit.template [11ms]
2023-06-04 13:41:32.747 [info] > git for-each-ref --format=%(refname)%00%(upstream:short)%00%(objectname)%00%(upstream:track)%00%(upstream:remotename)%00%(upstream:remoteref) refs/heads/main refs/remotes/main [1ms]
2023-06-04 13:41:32.800 [info] > git status -z -uall [42ms]
2023-06-04 13:46:32.815 [info] > git config --local branch.main.github-pr-owner-number [1ms]
2023-06-04 13:46:32.832 [info] > git config --get commit.template [8ms]
2023-06-04 13:46:32.834 [info] > git for-each-ref --format=%(refname)%00%(upstream:short)%00%(objectname)%00%(upstream:track)%00%(upstream:remotename)%00%(upstream:remoteref) refs/heads/main refs/remotes/main [2ms]
2023-06-04 13:46:32.880 [info] > git status -z -uall [39ms]
2023-06-04 13:51:32.895 [info] > git config --local branch.main.github-pr-owner-number [2ms]
2023-06-04 13:51:32.917 [info] > git config --get commit.template [11ms]
2023-06-04 13:51:32.918 [info] > git for-each-ref --format=%(refname)%00%(upstream:short)%00%(objectname)%00%(upstream:track)%00%(upstream:remotename)%00%(upstream:remoteref) refs/heads/main refs/remotes/main [1ms]
2023-06-04 13:51:32.966 [info] > git status -z -uall [38ms]
2023-06-04 13:56:32.982 [info] > git config --local branch.main.github-pr-owner-number [2ms]
2023-06-04 13:56:33.007 [info] > git config --get commit.template [12ms]
2023-06-04 13:56:33.008 [info] > git for-each-ref --format=%(refname)%00%(upstream:short)%00%(objectname)%00%(upstream:track)%00%(upstream:remotename)%00%(upstream:remoteref) refs/heads/main refs/remotes/main [2ms]
2023-06-04 13:56:33.062 [info] > git status -z -uall [41ms]
2023-06-04 13:57:01.610 [info] > git for-each-ref --format=%(refname)%00%(upstream:short)%00%(objectname)%00%(upstream:track)%00%(upstream:remotename)%00%(upstream:remoteref) refs/heads/main refs/remotes/main [2ms]
2023-06-04 13:57:01.610 [info] > git config --get commit.template [14ms]
2023-06-04 13:57:01.661 [info] > git status -z -uall [40ms]
2023-06-04 14:01:33.077 [info] > git config --local branch.main.github-pr-owner-number [2ms]
2023-06-04 14:01:33.098 [info] > git config --get commit.template [11ms]
2023-06-04 14:01:33.099 [info] > git for-each-ref --format=%(refname)%00%(upstream:short)%00%(objectname)%00%(upstream:track)%00%(upstream:remotename)%00%(upstream:remoteref) refs/heads/main refs/remotes/main [1ms]
2023-06-04 14:01:33.148 [info] > git status -z -uall [39ms]
2023-06-04 14:06:33.163 [info] > git config --local branch.main.github-pr-owner-number [2ms]
2023-06-04 14:06:33.178 [info] > git config --get commit.template [7ms]
2023-06-04 14:06:33.179 [info] > git for-each-ref --format=%(refname)%00%(upstream:short)%00%(objectname)%00%(upstream:track)%00%(upstream:remotename)%00%(upstream:remoteref) refs/heads/main refs/remotes/main [1ms]
2023-06-04 14:06:33.227 [info] > git status -z -uall [41ms]
2023-06-04 14:11:33.243 [info] > git config --local branch.main.github-pr-owner-number [1ms]
2023-06-04 14:11:33.262 [info] > git config --get commit.template [9ms]
2023-06-04 14:11:33.263 [info] > git for-each-ref --format=%(refname)%00%(upstream:short)%00%(objectname)%00%(upstream:track)%00%(upstream:remotename)%00%(upstream:remoteref) refs/heads/main refs/remotes/main [2ms]
2023-06-04 14:11:33.310 [info] > git status -z -uall [39ms]
2023-06-04 14:16:33.328 [info] > git config --local branch.main.github-pr-owner-number [1ms]
2023-06-04 14:16:33.352 [info] > git config --get commit.template [12ms]
2023-06-04 14:16:33.353 [info] > git for-each-ref --format=%(refname)%00%(upstream:short)%00%(objectname)%00%(upstream:track)%00%(upstream:remotename)%00%(upstream:remoteref) refs/heads/main refs/remotes/main [2ms]
2023-06-04 14:16:33.414 [info] > git status -z -uall [46ms]
2023-06-04 14:21:33.432 [info] > git config --local branch.main.github-pr-owner-number [1ms]
2023-06-04 14:21:33.458 [info] > git config --get commit.template [13ms]
2023-06-04 14:21:33.459 [info] > git for-each-ref --format=%(refname)%00%(upstream:short)%00%(objectname)%00%(upstream:track)%00%(upstream:remotename)%00%(upstream:remoteref) refs/heads/main refs/remotes/main [1ms]
2023-06-04 14:21:33.517 [info] > git status -z -uall [44ms]
2023-06-04 14:26:33.538 [info] > git config --local branch.main.github-pr-owner-number [2ms]
2023-06-04 14:26:33.571 [info] > git config --get commit.template [16ms]
2023-06-04 14:26:33.571 [info] > git for-each-ref --format=%(refname)%00%(upstream:short)%00%(objectname)%00%(upstream:track)%00%(upstream:remotename)%00%(upstream:remoteref) refs/heads/main refs/remotes/main [2ms]
2023-06-04 14:26:33.657 [info] > git status -z -uall [71ms]
2023-06-04 14:31:33.672 [info] > git config --local branch.main.github-pr-owner-number [1ms]
2023-06-04 14:31:33.696 [info] > git config --get commit.template [12ms]
2023-06-04 14:31:33.698 [info] > git for-each-ref --format=%(refname)%00%(upstream:short)%00%(objectname)%00%(upstream:track)%00%(upstream:remotename)%00%(upstream:remoteref) refs/heads/main refs/remotes/main [1ms]
2023-06-04 14:31:33.745 [info] > git status -z -uall [40ms]
2023-06-04 14:35:56.484 [info] > git config --get commit.template [24ms]
2023-06-04 14:35:56.485 [info] > git for-each-ref --format=%(refname)%00%(upstream:short)%00%(objectname)%00%(upstream:track)%00%(upstream:remotename)%00%(upstream:remoteref) refs/heads/main refs/remotes/main [4ms]
2023-06-04 14:35:56.591 [info] > git status -z -uall [88ms]
2023-06-04 14:36:33.764 [info] > git config --local branch.main.github-pr-owner-number [1ms]
2023-06-04 14:36:33.801 [info] > git config --get commit.template [18ms]
2023-06-04 14:36:33.802 [info] > git for-each-ref --format=%(refname)%00%(upstream:short)%00%(objectname)%00%(upstream:track)%00%(upstream:remotename)%00%(upstream:remoteref) refs/heads/main refs/remotes/main [3ms]
2023-06-04 14:36:33.902 [info] > git status -z -uall [79ms]
2023-06-04 14:37:35.755 [info] > git show --textconv :blog/views.py [21ms]
2023-06-04 14:37:35.756 [info] > git ls-files --stage -- /workspace/bavarian-cristus-PP4/blog/views.py [4ms]
2023-06-04 14:37:35.772 [info] > git cat-file -s 13b2ee7d960fda2e2c40edb1ef71560aa6feb9a4 [2ms]
2023-06-04 14:37:42.268 [info] > git config --get commit.template [21ms]
2023-06-04 14:37:42.269 [info] > git for-each-ref --format=%(refname)%00%(upstream:short)%00%(objectname)%00%(upstream:track)%00%(upstream:remotename)%00%(upstream:remoteref) refs/heads/main refs/remotes/main [3ms]
2023-06-04 14:37:42.330 [info] > git status -z -uall [46ms]
2023-06-04 14:37:42.430 [info] > git ls-files --stage -- /workspace/bavarian-cristus-PP4/blog/forms.py [27ms]
2023-06-04 14:37:42.447 [info] > git ls-files --stage -- /workspace/bavarian-cristus-PP4/static/css/style.css [63ms]
2023-06-04 14:37:42.463 [info] > git cat-file -s 7024207a0aa4af3f91368d29e3a3e11e566b9dc8 [3ms]
2023-06-04 14:37:42.464 [info] > git cat-file -s 585712dad7e9bab6ba9f0a4ef484f2cddb20eb0e [18ms]
2023-06-04 14:37:42.465 [info] > git ls-files --stage -- /workspace/bavarian-cristus-PP4/blog/views.py [37ms]
2023-06-04 14:37:42.486 [info] > git cat-file -s 13b2ee7d960fda2e2c40edb1ef71560aa6feb9a4 [3ms]
2023-06-04 14:37:42.549 [info] > git show --textconv :static/css/style.css [16ms]
2023-06-04 14:37:42.551 [info] > git show --textconv :blog/forms.py [2ms]
2023-06-04 14:37:42.571 [info] > git show --textconv :blog/views.py [3ms]
2023-06-04 14:38:04.698 [info] > git config --get commit.template [1ms]
2023-06-04 14:38:04.720 [info] > git for-each-ref --format=%(refname)%00%(upstream:short)%00%(objectname)%00%(upstream:track)%00%(upstream:remotename)%00%(upstream:remoteref) refs/heads/main refs/remotes/main [5ms]
2023-06-04 14:38:04.738 [info] > git status -z -uall [4ms]
2023-06-04 14:38:04.876 [info] > git config --local branch.main.github-pr-owner-number [3ms]
2023-06-04 14:38:04.912 [info] > git config --get commit.template [19ms]
2023-06-04 14:38:04.938 [info] > git ls-files --stage -- /workspace/bavarian-cristus-PP4/blog/forms.py [8ms]
2023-06-04 14:38:04.944 [info] > git ls-files --stage -- /workspace/bavarian-cristus-PP4/static/css/style.css [22ms]
2023-06-04 14:38:04.951 [info] > git for-each-ref --format=%(refname)%00%(upstream:short)%00%(objectname)%00%(upstream:track)%00%(upstream:remotename)%00%(upstream:remoteref) refs/heads/main refs/remotes/main [40ms]
2023-06-04 14:38:04.960 [info] > git cat-file -s 7024207a0aa4af3f91368d29e3a3e11e566b9dc8 [10ms]
2023-06-04 14:38:04.960 [info] > git cat-file -s 585712dad7e9bab6ba9f0a4ef484f2cddb20eb0e [16ms]
2023-06-04 14:38:04.961 [info] > git ls-files --stage -- /workspace/bavarian-cristus-PP4/blog/views.py [25ms]
2023-06-04 14:38:04.971 [info] > git status -z -uall [12ms]
2023-06-04 14:38:04.987 [info] > git cat-file -s 13b2ee7d960fda2e2c40edb1ef71560aa6feb9a4 [17ms]
2023-06-04 14:38:05.053 [info] > git show --textconv :static/css/style.css [10ms]
2023-06-04 14:38:05.054 [info] > git show --textconv :blog/forms.py [2ms]
2023-06-04 14:38:05.064 [info] > git show --textconv :blog/views.py [2ms]
2023-06-04 14:38:09.779 [info] > git config --get commit.template [16ms]
2023-06-04 14:38:09.780 [info] > git for-each-ref --format=%(refname)%00%(upstream:short)%00%(objectname)%00%(upstream:track)%00%(upstream:remotename)%00%(upstream:remoteref) refs/heads/main refs/remotes/main [2ms]
2023-06-04 14:38:09.807 [info] > git status -z -uall [6ms]
2023-06-04 14:38:09.920 [info] > git config --local branch.main.github-pr-owner-number [49ms]
2023-06-04 14:38:09.935 [info] > git config --get commit.template [2ms]
2023-06-04 14:38:10.009 [info] > git for-each-ref --format=%(refname)%00%(upstream:short)%00%(objectname)%00%(upstream:track)%00%(upstream:remotename)%00%(upstream:remoteref) refs/heads/main refs/remotes/main [11ms]
2023-06-04 14:38:10.026 [info] > git ls-files --stage -- /workspace/bavarian-cristus-PP4/blog/views.py [47ms]
2023-06-04 14:38:10.041 [info] > git ls-files --stage -- /workspace/bavarian-cristus-PP4/blog/forms.py [76ms]
2023-06-04 14:38:10.055 [info] > git ls-files --stage -- /workspace/bavarian-cristus-PP4/static/css/style.css [104ms]
2023-06-04 14:38:10.072 [info] > git status -z -uall [46ms]
2023-06-04 14:38:10.072 [info] > git cat-file -s 585712dad7e9bab6ba9f0a4ef484f2cddb20eb0e [18ms]
2023-06-04 14:38:10.073 [info] > git cat-file -s 13b2ee7d960fda2e2c40edb1ef71560aa6feb9a4 [33ms]
2023-06-04 14:38:10.087 [info] > git cat-file -s 7024207a0aa4af3f91368d29e3a3e11e566b9dc8 [18ms]
2023-06-04 14:38:10.174 [info] > git show --textconv :blog/forms.py [15ms]
2023-06-04 14:38:10.194 [info] > git show --textconv :blog/views.py [21ms]
2023-06-04 14:38:10.194 [info] > git show --textconv :static/css/style.css [2ms]
2023-06-04 14:41:33.927 [info] > git config --local branch.main.github-pr-owner-number [3ms]
2023-06-04 14:41:33.961 [info] > git config --get commit.template [16ms]
2023-06-04 14:41:33.962 [info] > git for-each-ref --format=%(refname)%00%(upstream:short)%00%(objectname)%00%(upstream:track)%00%(upstream:remotename)%00%(upstream:remoteref) refs/heads/main refs/remotes/main [2ms]
2023-06-04 14:41:33.983 [info] > git status -z -uall [2ms]
2023-06-04 14:46:33.999 [info] > git config --local branch.main.github-pr-owner-number [1ms]
2023-06-04 14:46:34.014 [info] > git config --get commit.template [6ms]
2023-06-04 14:46:34.015 [info] > git for-each-ref --format=%(refname)%00%(upstream:short)%00%(objectname)%00%(upstream:track)%00%(upstream:remotename)%00%(upstream:remoteref) refs/heads/main refs/remotes/main [1ms]
2023-06-04 14:46:34.023 [info] > git status -z -uall [2ms]
2023-06-04 14:51:34.044 [info] > git config --local branch.main.github-pr-owner-number [1ms]
2023-06-04 14:51:34.072 [info] > git config --get commit.template [11ms]
2023-06-04 14:51:34.073 [info] > git for-each-ref --format=%(refname)%00%(upstream:short)%00%(objectname)%00%(upstream:track)%00%(upstream:remotename)%00%(upstream:remoteref) refs/heads/main refs/remotes/main [2ms]
2023-06-04 14:51:34.089 [info] > git status -z -uall [2ms]
2023-06-04 14:55:24.161 [info] > git show --textconv :blog/models.py [13ms]
2023-06-04 14:55:24.161 [info] > git ls-files --stage -- /workspace/bavarian-cristus-PP4/blog/models.py [1ms]
2023-06-04 14:55:24.175 [info] > git cat-file -s aa2da0c61961e750a7a00f9949fa5a1a75ddac2d [1ms]
2023-06-04 14:55:35.017 [info] > git show --textconv :blog/views.py [13ms]
2023-06-04 14:55:35.017 [info] > git ls-files --stage -- /workspace/bavarian-cristus-PP4/blog/views.py [4ms]
2023-06-04 14:55:35.042 [info] > git cat-file -s 13b2ee7d960fda2e2c40edb1ef71560aa6feb9a4 [14ms]
2023-06-04 14:56:21.630 [info] > git config --get commit.template [10ms]
2023-06-04 14:56:21.631 [info] > git for-each-ref --format=%(refname)%00%(upstream:short)%00%(objectname)%00%(upstream:track)%00%(upstream:remotename)%00%(upstream:remoteref) refs/heads/main refs/remotes/main [2ms]
2023-06-04 14:56:21.639 [info] > git status -z -uall [1ms]
2023-06-04 14:56:34.105 [info] > git config --local branch.main.github-pr-owner-number [1ms]
2023-06-04 14:56:34.127 [info] > git config --get commit.template [11ms]
2023-06-04 14:56:34.128 [info] > git for-each-ref --format=%(refname)%00%(upstream:short)%00%(objectname)%00%(upstream:track)%00%(upstream:remotename)%00%(upstream:remoteref) refs/heads/main refs/remotes/main [1ms]
2023-06-04 14:56:34.141 [info] > git status -z -uall [2ms]
2023-06-04 14:56:50.736 [info] > git check-ignore -v -z --stdin [1ms]
2023-06-04 14:56:51.906 [info] > git check-ignore -v -z --stdin [2ms]
2023-06-04 14:56:53.155 [info] > git show --textconv :templates/upload.html [8ms]
2023-06-04 14:56:53.156 [info] > git ls-files --stage -- /workspace/bavarian-cristus-PP4/templates/upload.html [1ms]
2023-06-04 14:56:53.164 [info] > git cat-file -s be23f759a8488d42afc3d2524a4f669edfd8daaa [2ms]
2023-06-04 14:56:58.974 [info] > git check-ignore -v -z --stdin [1ms]
2023-06-04 15:01:34.159 [info] > git config --local branch.main.github-pr-owner-number [2ms]
2023-06-04 15:01:34.188 [info] > git config --get commit.template [15ms]
2023-06-04 15:01:34.190 [info] > git for-each-ref --format=%(refname)%00%(upstream:short)%00%(objectname)%00%(upstream:track)%00%(upstream:remotename)%00%(upstream:remoteref) refs/heads/main refs/remotes/main [2ms]
2023-06-04 15:01:34.207 [info] > git status -z -uall [3ms]
2023-06-04 15:02:08.170 [info] > git config --get commit.template [1ms]
2023-06-04 15:02:08.180 [info] > git for-each-ref --format=%(refname)%00%(upstream:short)%00%(objectname)%00%(upstream:track)%00%(upstream:remotename)%00%(upstream:remoteref) refs/heads/main refs/remotes/main [1ms]
2023-06-04 15:02:08.189 [info] > git status -z -uall [2ms]
2023-06-04 15:03:25.966 [info] > git config --get commit.template [11ms]
2023-06-04 15:03:25.966 [info] > git for-each-ref --format=%(refname)%00%(upstream:short)%00%(objectname)%00%(upstream:track)%00%(upstream:remotename)%00%(upstream:remoteref) refs/heads/main refs/remotes/main [1ms]
2023-06-04 15:03:25.977 [info] > git status -z -uall [2ms]
2023-06-04 15:04:14.947 [info] > git config --get commit.template [18ms]
2023-06-04 15:04:14.947 [info] > git for-each-ref --format=%(refname)%00%(upstream:short)%00%(objectname)%00%(upstream:track)%00%(upstream:remotename)%00%(upstream:remoteref) refs/heads/main refs/remotes/main [2ms]
2023-06-04 15:04:14.964 [info] > git status -z -uall [2ms]
2023-06-04 15:04:26.772 [info] > git config --get commit.template [19ms]
2023-06-04 15:04:26.774 [info] > git for-each-ref --format=%(refname)%00%(upstream:short)%00%(objectname)%00%(upstream:track)%00%(upstream:remotename)%00%(upstream:remoteref) refs/heads/main refs/remotes/main [2ms]
2023-06-04 15:04:26.791 [info] > git status -z -uall [3ms]
2023-06-04 15:06:34.225 [info] > git config --local branch.main.github-pr-owner-number [2ms]
2023-06-04 15:06:34.253 [info] > git config --get commit.template [14ms]
2023-06-04 15:06:34.254 [info] > git for-each-ref --format=%(refname)%00%(upstream:short)%00%(objectname)%00%(upstream:track)%00%(upstream:remotename)%00%(upstream:remoteref) refs/heads/main refs/remotes/main [1ms]
2023-06-04 15:06:34.273 [info] > git status -z -uall [2ms]
2023-06-04 15:11:34.292 [info] > git config --local branch.main.github-pr-owner-number [3ms]
2023-06-04 15:11:34.321 [info] > git config --get commit.template [13ms]
2023-06-04 15:11:34.323 [info] > git for-each-ref --format=%(refname)%00%(upstream:short)%00%(objectname)%00%(upstream:track)%00%(upstream:remotename)%00%(upstream:remoteref) refs/heads/main refs/remotes/main [3ms]
2023-06-04 15:11:34.334 [info] > git status -z -uall [3ms]
2023-06-04 15:14:40.810 [info] > git config --get commit.template [15ms]
2023-06-04 15:14:40.812 [info] > git for-each-ref --format=%(refname)%00%(upstream:short)%00%(objectname)%00%(upstream:track)%00%(upstream:remotename)%00%(upstream:remoteref) refs/heads/main refs/remotes/main [2ms]
2023-06-04 15:14:40.829 [info] > git status -z -uall [2ms]
2023-06-04 15:16:34.350 [info] > git config --local branch.main.github-pr-owner-number [2ms]
2023-06-04 15:16:34.380 [info] > git config --get commit.template [16ms]
2023-06-04 15:16:34.381 [info] > git for-each-ref --format=%(refname)%00%(upstream:short)%00%(objectname)%00%(upstream:track)%00%(upstream:remotename)%00%(upstream:remoteref) refs/heads/main refs/remotes/main [2ms]
2023-06-04 15:16:34.404 [info] > git status -z -uall [3ms]
2023-06-04 15:21:34.422 [info] > git config --local branch.main.github-pr-owner-number [1ms]
2023-06-04 15:21:34.451 [info] > git config --get commit.template [15ms]
2023-06-04 15:21:34.452 [info] > git for-each-ref --format=%(refname)%00%(upstream:short)%00%(objectname)%00%(upstream:track)%00%(upstream:remotename)%00%(upstream:remoteref) refs/heads/main refs/remotes/main [2ms]
2023-06-04 15:21:34.464 [info] > git status -z -uall [2ms]
2023-06-04 15:25:44.206 [info] > git config --get commit.template [19ms]
2023-06-04 15:25:44.206 [info] > git for-each-ref --format=%(refname)%00%(upstream:short)%00%(objectname)%00%(upstream:track)%00%(upstream:remotename)%00%(upstream:remoteref) refs/heads/main refs/remotes/main [1ms]
2023-06-04 15:25:44.226 [info] > git status -z -uall [3ms]
2023-06-04 15:25:49.250 [info] > git config --get commit.template [9ms]
2023-06-04 15:25:49.251 [info] > git for-each-ref --format=%(refname)%00%(upstream:short)%00%(objectname)%00%(upstream:track)%00%(upstream:remotename)%00%(upstream:remoteref) refs/heads/main refs/remotes/main [1ms]
2023-06-04 15:25:49.260 [info] > git status -z -uall [1ms]
2023-06-04 15:26:34.483 [info] > git config --local branch.main.github-pr-owner-number [2ms]
2023-06-04 15:26:34.502 [info] > git config --get commit.template [9ms]
2023-06-04 15:26:34.503 [info] > git for-each-ref --format=%(refname)%00%(upstream:short)%00%(objectname)%00%(upstream:track)%00%(upstream:remotename)%00%(upstream:remoteref) refs/heads/main refs/remotes/main [1ms]
2023-06-04 15:26:34.511 [info] > git status -z -uall [2ms]
2023-06-04 15:28:15.578 [info] > git show --textconv :blog/models.py [10ms]
2023-06-04 15:28:15.579 [info] > git ls-files --stage -- /workspace/bavarian-cristus-PP4/blog/models.py [1ms]
2023-06-04 15:28:15.586 [info] > git cat-file -s aa2da0c61961e750a7a00f9949fa5a1a75ddac2d [1ms]
2023-06-04 15:31:34.530 [info] > git config --local branch.main.github-pr-owner-number [1ms]
2023-06-04 15:31:34.551 [info] > git config --get commit.template [8ms]
2023-06-04 15:31:34.552 [info] > git for-each-ref --format=%(refname)%00%(upstream:short)%00%(objectname)%00%(upstream:track)%00%(upstream:remotename)%00%(upstream:remoteref) refs/heads/main refs/remotes/main [1ms]
2023-06-04 15:31:34.565 [info] > git status -z -uall [2ms]
2023-06-04 15:36:34.586 [info] > git config --local branch.main.github-pr-owner-number [2ms]
2023-06-04 15:36:34.623 [info] > git config --get commit.template [19ms]
2023-06-04 15:36:34.624 [info] > git for-each-ref --format=%(refname)%00%(upstream:short)%00%(objectname)%00%(upstream:track)%00%(upstream:remotename)%00%(upstream:remoteref) refs/heads/main refs/remotes/main [2ms]
2023-06-04 15:36:34.644 [info] > git status -z -uall [3ms]
2023-06-04 15:39:46.009 [info] > git config --get commit.template [2ms]
2023-06-04 15:39:46.021 [info] > git for-each-ref --format=%(refname)%00%(upstream:short)%00%(objectname)%00%(upstream:track)%00%(upstream:remotename)%00%(upstream:remoteref) refs/heads/main refs/remotes/main [1ms]
2023-06-04 15:39:46.032 [info] > git status -z -uall [2ms]
2023-06-04 15:41:34.664 [info] > git config --local branch.main.github-pr-owner-number [2ms]
2023-06-04 15:41:34.695 [info] > git config --get commit.template [17ms]
2023-06-04 15:41:34.696 [info] > git for-each-ref --format=%(refname)%00%(upstream:short)%00%(objectname)%00%(upstream:track)%00%(upstream:remotename)%00%(upstream:remoteref) refs/heads/main refs/remotes/main [2ms]
2023-06-04 15:41:34.714 [info] > git status -z -uall [2ms]
2023-06-04 15:43:07.670 [info] > git check-ignore -v -z --stdin [23ms]
2023-06-04 15:46:34.732 [info] > git config --local branch.main.github-pr-owner-number [2ms]
2023-06-04 15:46:34.743 [info] > git config --get commit.template [2ms]
2023-06-04 15:46:34.756 [info] > git for-each-ref --format=%(refname)%00%(upstream:short)%00%(objectname)%00%(upstream:track)%00%(upstream:remotename)%00%(upstream:remoteref) refs/heads/main refs/remotes/main [1ms]
2023-06-04 15:46:34.773 [info] > git status -z -uall [2ms]
2023-06-04 15:46:42.127 [info] > git config --get commit.template [12ms]
2023-06-04 15:46:42.128 [info] > git for-each-ref --format=%(refname)%00%(upstream:short)%00%(objectname)%00%(upstream:track)%00%(upstream:remotename)%00%(upstream:remoteref) refs/heads/main refs/remotes/main [2ms]
2023-06-04 15:46:42.138 [info] > git status -z -uall [2ms]
2023-06-04 15:46:47.175 [info] > git config --get commit.template [18ms]
2023-06-04 15:46:47.176 [info] > git for-each-ref --format=%(refname)%00%(upstream:short)%00%(objectname)%00%(upstream:track)%00%(upstream:remotename)%00%(upstream:remoteref) refs/heads/main refs/remotes/main [1ms]
2023-06-04 15:46:47.193 [info] > git status -z -uall [2ms]
2023-06-04 15:49:30.753 [info] > git config --get commit.template [8ms]
2023-06-04 15:49:30.754 [info] > git for-each-ref --format=%(refname)%00%(upstream:short)%00%(objectname)%00%(upstream:track)%00%(upstream:remotename)%00%(upstream:remoteref) refs/heads/main refs/remotes/main [1ms]
2023-06-04 15:49:30.762 [info] > git status -z -uall [2ms]
2023-06-04 15:51:34.790 [info] > git config --local branch.main.github-pr-owner-number [2ms]
2023-06-04 15:51:34.807 [info] > git config --get commit.template [8ms]
2023-06-04 15:51:34.808 [info] > git for-each-ref --format=%(refname)%00%(upstream:short)%00%(objectname)%00%(upstream:track)%00%(upstream:remotename)%00%(upstream:remoteref) refs/heads/main refs/remotes/main [1ms]
2023-06-04 15:51:34.819 [info] > git status -z -uall [2ms]
2023-06-04 15:52:59.282 [info] > git config --get commit.template [15ms]
2023-06-04 15:52:59.283 [info] > git for-each-ref --format=%(refname)%00%(upstream:short)%00%(objectname)%00%(upstream:track)%00%(upstream:remotename)%00%(upstream:remoteref) refs/heads/main refs/remotes/main [1ms]
2023-06-04 15:52:59.300 [info] > git status -z -uall [2ms]
2023-06-04 15:53:04.336 [info] > git config --get commit.template [16ms]
2023-06-04 15:53:04.338 [info] > git for-each-ref --format=%(refname)%00%(upstream:short)%00%(objectname)%00%(upstream:track)%00%(upstream:remotename)%00%(upstream:remoteref) refs/heads/main refs/remotes/main [2ms]
2023-06-04 15:53:04.355 [info] > git status -z -uall [2ms]
2023-06-04 15:56:19.276 [info] > git config --get commit.template [14ms]
2023-06-04 15:56:19.277 [info] > git for-each-ref --format=%(refname)%00%(upstream:short)%00%(objectname)%00%(upstream:track)%00%(upstream:remotename)%00%(upstream:remoteref) refs/heads/main refs/remotes/main [2ms]
2023-06-04 15:56:19.293 [info] > git status -z -uall [2ms]
2023-06-04 15:56:34.837 [info] > git config --local branch.main.github-pr-owner-number [1ms]
2023-06-04 15:56:34.862 [info] > git config --get commit.template [11ms]
2023-06-04 15:56:34.863 [info] > git for-each-ref --format=%(refname)%00%(upstream:short)%00%(objectname)%00%(upstream:track)%00%(upstream:remotename)%00%(upstream:remoteref) refs/heads/main refs/remotes/main [1ms]
2023-06-04 15:56:34.874 [info] > git status -z -uall [3ms]
2023-06-04 15:58:38.893 [info] > git config --get commit.template [17ms]
2023-06-04 15:58:38.894 [info] > git for-each-ref --format=%(refname)%00%(upstream:short)%00%(objectname)%00%(upstream:track)%00%(upstream:remotename)%00%(upstream:remoteref) refs/heads/main refs/remotes/main [2ms]
2023-06-04 15:58:38.907 [info] > git status -z -uall [2ms]
2023-06-04 16:01:02.402 [info] > git config --get commit.template [13ms]
2023-06-04 16:01:02.403 [info] > git for-each-ref --format=%(refname)%00%(upstream:short)%00%(objectname)%00%(upstream:track)%00%(upstream:remotename)%00%(upstream:remoteref) refs/heads/main refs/remotes/main [2ms]
2023-06-04 16:01:02.424 [info] > git status -z -uall [3ms]
2023-06-04 16:01:34.894 [info] > git config --local branch.main.github-pr-owner-number [2ms]
2023-06-04 16:01:34.928 [info] > git config --get commit.template [17ms]
2023-06-04 16:01:34.929 [info] > git for-each-ref --format=%(refname)%00%(upstream:short)%00%(objectname)%00%(upstream:track)%00%(upstream:remotename)%00%(upstream:remoteref) refs/heads/main refs/remotes/main [2ms]
2023-06-04 16:01:34.946 [info] > git status -z -uall [2ms]
2023-06-04 16:02:18.201 [info] > git config --get commit.template [2ms]
2023-06-04 16:02:18.213 [info] > git for-each-ref --format=%(refname)%00%(upstream:short)%00%(objectname)%00%(upstream:track)%00%(upstream:remotename)%00%(upstream:remoteref) refs/heads/main refs/remotes/main [1ms]
2023-06-04 16:02:18.224 [info] > git status -z -uall [2ms]
2023-06-04 16:03:14.650 [info] > git config --get commit.template [11ms]
2023-06-04 16:03:14.651 [info] > git for-each-ref --format=%(refname)%00%(upstream:short)%00%(objectname)%00%(upstream:track)%00%(upstream:remotename)%00%(upstream:remoteref) refs/heads/main refs/remotes/main [1ms]
2023-06-04 16:03:14.662 [info] > git status -z -uall [4ms]
2023-06-04 16:03:14.796 [info] > git ls-files --stage -- /workspace/bavarian-cristus-PP4/blog/models.py [2ms]
2023-06-04 16:03:14.802 [info] > git ls-files --stage -- /workspace/bavarian-cristus-PP4/templates/upload.html [14ms]
2023-06-04 16:03:14.809 [info] > git ls-files --stage -- /workspace/bavarian-cristus-PP4/blog/views.py [26ms]
2023-06-04 16:03:14.822 [info] > git ls-files --stage -- /workspace/bavarian-cristus-PP4/blog/forms.py [46ms]
2023-06-04 16:03:14.832 [info] > git ls-files --stage -- /workspace/bavarian-cristus-PP4/static/css/style.css [62ms]
2023-06-04 16:03:14.846 [info] > git cat-file -s 740488dec321a7b71f63390e39dae86e657b82a6 [14ms]
2023-06-04 16:03:14.846 [info] > git cat-file -s 7fdb283506f3da9f400637b2b272cd1534afd9dd [24ms]
2023-06-04 16:03:14.847 [info] > git cat-file -s ee9da2deac8bb17e19b4c35bc1224debc940ca6e [37ms]
2023-06-04 16:03:14.848 [info] > git cat-file -s aa2da0c61961e750a7a00f9949fa5a1a75ddac2d [46ms]
2023-06-04 16:03:14.848 [info] > git cat-file -s 7024207a0aa4af3f91368d29e3a3e11e566b9dc8 [4ms]
2023-06-04 16:03:14.932 [info] > git show --textconv :blog/forms.py [39ms]
2023-06-04 16:03:14.932 [info] > git show --textconv :blog/views.py [27ms]
2023-06-04 16:03:14.932 [info] > git show --textconv :templates/upload.html [14ms]
2023-06-04 16:03:14.933 [info] > git show --textconv :blog/models.py [2ms]
2023-06-04 16:03:14.945 [info] > git show --textconv :static/css/style.css [2ms]
2023-06-04 16:03:39.579 [info] > git config --get commit.template [15ms]
2023-06-04 16:03:39.582 [info] > git for-each-ref --format=%(refname)%00%(upstream:short)%00%(objectname)%00%(upstream:track)%00%(upstream:remotename)%00%(upstream:remoteref) refs/heads/main refs/remotes/main [4ms]
2023-06-04 16:03:39.597 [info] > git status -z -uall [2ms]
2023-06-04 16:03:39.715 [info] > git config --local branch.main.github-pr-owner-number [2ms]
2023-06-04 16:03:39.730 [info] > git config --get commit.template [2ms]
2023-06-04 16:03:39.789 [info] > git ls-files --stage -- /workspace/bavarian-cristus-PP4/templates/upload.html [11ms]
2023-06-04 16:03:39.801 [info] > git ls-files --stage -- /workspace/bavarian-cristus-PP4/blog/views.py [30ms]
2023-06-04 16:03:39.814 [info] > git ls-files --stage -- /workspace/bavarian-cristus-PP4/blog/forms.py [50ms]
2023-06-04 16:03:39.826 [info] > git ls-files --stage -- /workspace/bavarian-cristus-PP4/static/css/style.css [70ms]
2023-06-04 16:03:39.840 [info] > git for-each-ref --format=%(refname)%00%(upstream:short)%00%(objectname)%00%(upstream:track)%00%(upstream:remotename)%00%(upstream:remoteref) refs/heads/main refs/remotes/main [97ms]
2023-06-04 16:03:39.855 [info] > git cat-file -s 7024207a0aa4af3f91368d29e3a3e11e566b9dc8 [16ms]
2023-06-04 16:03:39.856 [info] > git cat-file -s 740488dec321a7b71f63390e39dae86e657b82a6 [30ms]
2023-06-04 16:03:39.856 [info] > git cat-file -s 7fdb283506f3da9f400637b2b272cd1534afd9dd [43ms]
2023-06-04 16:03:39.856 [info] > git cat-file -s ee9da2deac8bb17e19b4c35bc1224debc940ca6e [55ms]
2023-06-04 16:03:39.857 [info] > git ls-files --stage -- /workspace/bavarian-cristus-PP4/blog/models.py [69ms]
2023-06-04 16:03:39.873 [info] > git status -z -uall [20ms]
2023-06-04 16:03:39.886 [info] > git cat-file -s aa2da0c61961e750a7a00f9949fa5a1a75ddac2d [16ms]
2023-06-04 16:03:39.947 [info] > git show --textconv :static/css/style.css [22ms]
2023-06-04 16:03:39.947 [info] > git show --textconv :blog/forms.py [13ms]
2023-06-04 16:03:39.947 [info] > git show --textconv :blog/views.py [7ms]
2023-06-04 16:03:39.948 [info] > git show --textconv :templates/upload.html [2ms]
2023-06-04 16:03:39.958 [info] > git show --textconv :blog/models.py [2ms]
2023-06-04 16:03:43.897 [info] > git ls-files --stage -- /workspace/bavarian-cristus-PP4/templates/upload.html [15ms]
2023-06-04 16:03:43.907 [info] > git ls-files --stage -- /workspace/bavarian-cristus-PP4/blog/views.py [39ms]
2023-06-04 16:03:43.919 [info] > git ls-files --stage -- /workspace/bavarian-cristus-PP4/blog/forms.py [65ms]
2023-06-04 16:03:43.933 [info] > git ls-files --stage -- /workspace/bavarian-cristus-PP4/static/css/style.css [93ms]
2023-06-04 16:03:43.946 [info] > git cat-file -s 740488dec321a7b71f63390e39dae86e657b82a6 [13ms]
2023-06-04 16:03:43.947 [info] > git cat-file -s 7fdb283506f3da9f400637b2b272cd1534afd9dd [27ms]
2023-06-04 16:03:43.947 [info] > git cat-file -s ee9da2deac8bb17e19b4c35bc1224debc940ca6e [40ms]
2023-06-04 16:03:43.947 [info] > git ls-files --stage -- /workspace/bavarian-cristus-PP4/blog/models.py [51ms]
2023-06-04 16:03:43.963 [info] > git cat-file -s 7024207a0aa4af3f91368d29e3a3e11e566b9dc8 [18ms]
2023-06-04 16:03:43.964 [info] > git cat-file -s aa2da0c61961e750a7a00f9949fa5a1a75ddac2d [2ms]
2023-06-04 16:03:44.038 [info] > git show --textconv :blog/forms.py [30ms]
2023-06-04 16:03:44.038 [info] > git show --textconv :blog/views.py [16ms]
2023-06-04 16:03:44.039 [info] > git show --textconv :templates/upload.html [2ms]
2023-06-04 16:03:44.066 [info] > git show --textconv :static/css/style.css [12ms]
2023-06-04 16:03:44.067 [info] > git show --textconv :blog/models.py [2ms]
2023-06-04 16:03:44.633 [info] > git config --get commit.template [15ms]
2023-06-04 16:03:44.634 [info] > git for-each-ref --format=%(refname)%00%(upstream:short)%00%(objectname)%00%(upstream:track)%00%(upstream:remotename)%00%(upstream:remoteref) refs/heads/main refs/remotes/main [1ms]
2023-06-04 16:03:44.644 [info] > git status -z -uall [2ms]
2023-06-04 16:03:44.731 [info] > git config --local branch.main.github-pr-owner-number [30ms]
2023-06-04 16:03:44.761 [info] > git config --get commit.template [15ms]
2023-06-04 16:03:44.765 [info] > git for-each-ref --format=%(refname)%00%(upstream:short)%00%(objectname)%00%(upstream:track)%00%(upstream:remotename)%00%(upstream:remoteref) refs/heads/main refs/remotes/main [5ms]
2023-06-04 16:03:44.783 [info] > git status -z -uall [4ms]
2023-06-04 16:06:34.967 [info] > git config --local branch.main.github-pr-owner-number [1ms]
2023-06-04 16:06:34.992 [info] > git config --get commit.template [11ms]
2023-06-04 16:06:34.993 [info] > git for-each-ref --format=%(refname)%00%(upstream:short)%00%(objectname)%00%(upstream:track)%00%(upstream:remotename)%00%(upstream:remoteref) refs/heads/main refs/remotes/main [1ms]
2023-06-04 16:06:35.004 [info] > git status -z -uall [2ms]
2023-06-04 16:11:35.022 [info] > git config --local branch.main.github-pr-owner-number [2ms]
2023-06-04 16:11:35.039 [info] > git config --get commit.template [2ms]
2023-06-04 16:11:35.055 [info] > git for-each-ref --format=%(refname)%00%(upstream:short)%00%(objectname)%00%(upstream:track)%00%(upstream:remotename)%00%(upstream:remoteref) refs/heads/main refs/remotes/main [2ms]
2023-06-04 16:11:35.071 [info] > git status -z -uall [3ms]
2023-06-04 16:16:35.089 [info] > git config --local branch.main.github-pr-owner-number [1ms]
2023-06-04 16:16:35.120 [info] > git config --get commit.template [16ms]
2023-06-04 16:16:35.121 [info] > git for-each-ref --format=%(refname)%00%(upstream:short)%00%(objectname)%00%(upstream:track)%00%(upstream:remotename)%00%(upstream:remoteref) refs/heads/main refs/remotes/main [2ms]
2023-06-04 16:16:35.138 [info] > git status -z -uall [2ms]
2023-06-04 16:21:35.155 [info] > git config --local branch.main.github-pr-owner-number [1ms]
2023-06-04 16:21:35.173 [info] > git config --get commit.template [7ms]
2023-06-04 16:21:35.174 [info] > git for-each-ref --format=%(refname)%00%(upstream:short)%00%(objectname)%00%(upstream:track)%00%(upstream:remotename)%00%(upstream:remoteref) refs/heads/main refs/remotes/main [2ms]
2023-06-04 16:21:35.182 [info] > git status -z -uall [2ms]
2023-06-04 16:26:35.202 [info] > git config --local branch.main.github-pr-owner-number [1ms]
2023-06-04 16:26:35.236 [info] > git config --get commit.template [19ms]
2023-06-04 16:26:35.236 [info] > git for-each-ref --format=%(refname)%00%(upstream:short)%00%(objectname)%00%(upstream:track)%00%(upstream:remotename)%00%(upstream:remoteref) refs/heads/main refs/remotes/main [1ms]
2023-06-04 16:26:35.253 [info] > git status -z -uall [2ms]
2023-06-04 16:31:35.272 [info] > git config --local branch.main.github-pr-owner-number [2ms]
2023-06-04 16:31:35.293 [info] > git config --get commit.template [10ms]
2023-06-04 16:31:35.294 [info] > git for-each-ref --format=%(refname)%00%(upstream:short)%00%(objectname)%00%(upstream:track)%00%(upstream:remotename)%00%(upstream:remoteref) refs/heads/main refs/remotes/main [2ms]
2023-06-04 16:31:35.308 [info] > git status -z -uall [2ms]
