2023-06-04 17:48:16.396 [info] Log level: Info
2023-06-04 17:48:16.396 [info] Validating found git in: "git"
2023-06-04 17:48:16.396 [info] Using git "2.37.3" from "git"
2023-06-04 17:48:16.396 [info] > git rev-parse --show-toplevel [4ms]
2023-06-04 17:48:16.396 [info] > git rev-parse --git-dir --git-common-dir [1ms]
2023-06-04 17:48:16.396 [info] Open repository: /workspace/bavarian-cristus-PP4
2023-06-04 17:48:16.396 [info] > git rev-parse --show-toplevel [9ms]
2023-06-04 17:48:16.396 [info] > git config --get commit.template [8ms]
2023-06-04 17:48:16.396 [info] > git rev-parse --show-toplevel [9ms]
2023-06-04 17:48:16.396 [info] > git for-each-ref --format=%(refname)%00%(upstream:short)%00%(objectname)%00%(upstream:track)%00%(upstream:remotename)%00%(upstream:remoteref) refs/heads/main refs/remotes/main [10ms]
2023-06-04 17:48:16.396 [info] > git rev-parse --show-toplevel [9ms]
2023-06-04 17:48:16.396 [info] > git rev-parse --show-toplevel [1ms]
2023-06-04 17:48:16.396 [info] > git rev-parse --show-toplevel [1ms]
2023-06-04 17:48:16.396 [info] > git rev-parse --show-toplevel [2ms]
2023-06-04 17:48:16.396 [info] > git rev-parse --show-toplevel [1ms]
2023-06-04 17:48:16.396 [info] > git status -z -uall [46ms]
2023-06-04 17:48:16.396 [info] > git rev-parse --show-toplevel [2ms]
2023-06-04 17:48:16.396 [info] > git rev-parse --show-toplevel [17ms]
2023-06-04 17:48:16.396 [info] > git config --get commit.template [9ms]
2023-06-04 17:48:16.396 [info] > git rev-parse --show-toplevel [1ms]
2023-06-04 17:48:16.396 [info] > git for-each-ref --format=%(refname)%00%(upstream:short)%00%(objectname)%00%(upstream:track)%00%(upstream:remotename)%00%(upstream:remoteref) refs/heads/main refs/remotes/main [25ms]
2023-06-04 17:48:16.396 [info] > git status -z -uall [75ms]
2023-06-04 17:48:16.396 [info] > git show --textconv :blog/views.py [13ms]
2023-06-04 17:48:16.396 [info] > git ls-files --stage -- /workspace/bavarian-cristus-PP4/blog/views.py [1ms]
2023-06-04 17:48:16.396 [info] > git cat-file -s 7fdb283506f3da9f400637b2b272cd1534afd9dd [15ms]
2023-06-04 17:48:16.396 [info] > git check-ignore -v -z --stdin [67ms]
2023-06-04 17:48:17.268 [info] > git config --local branch.main.github-pr-owner-number [48ms]
2023-06-04 17:48:17.286 [info] > git config --get commit.template [3ms]
2023-06-04 17:48:17.321 [info] > git for-each-ref --format=%(refname)%00%(upstream:short)%00%(objectname)%00%(upstream:track)%00%(upstream:remotename)%00%(upstream:remoteref) refs/heads/main refs/remotes/main [21ms]
2023-06-04 17:48:17.376 [info] > git status -z -uall [43ms]
2023-06-04 17:49:49.347 [info] > git config --get commit.template [7ms]
2023-06-04 17:49:49.348 [info] > git for-each-ref --format=%(refname)%00%(upstream:short)%00%(objectname)%00%(upstream:track)%00%(upstream:remotename)%00%(upstream:remoteref) refs/heads/main refs/remotes/main [1ms]
2023-06-04 17:49:49.392 [info] > git status -z -uall [38ms]
2023-06-04 17:50:00.956 [info] > git config --get commit.template [8ms]
2023-06-04 17:50:00.957 [info] > git for-each-ref --format=%(refname)%00%(upstream:short)%00%(objectname)%00%(upstream:track)%00%(upstream:remotename)%00%(upstream:remoteref) refs/heads/main refs/remotes/main [1ms]
2023-06-04 17:50:01.002 [info] > git status -z -uall [39ms]
2023-06-04 17:53:16.868 [info] > git config --local branch.main.github-pr-owner-number [1ms]
2023-06-04 17:53:16.881 [info] > git config --get commit.template [6ms]
2023-06-04 17:53:16.882 [info] > git for-each-ref --format=%(refname)%00%(upstream:short)%00%(objectname)%00%(upstream:track)%00%(upstream:remotename)%00%(upstream:remoteref) refs/heads/main refs/remotes/main [2ms]
2023-06-04 17:53:16.933 [info] > git status -z -uall [45ms]
2023-06-04 17:58:16.952 [info] > git config --local branch.main.github-pr-owner-number [2ms]
2023-06-04 17:58:16.974 [info] > git config --get commit.template [10ms]
2023-06-04 17:58:16.975 [info] > git for-each-ref --format=%(refname)%00%(upstream:short)%00%(objectname)%00%(upstream:track)%00%(upstream:remotename)%00%(upstream:remoteref) refs/heads/main refs/remotes/main [2ms]
2023-06-04 17:58:17.032 [info] > git status -z -uall [45ms]
2023-06-04 18:03:17.046 [info] > git config --local branch.main.github-pr-owner-number [1ms]
2023-06-04 18:03:17.059 [info] > git config --get commit.template [5ms]
2023-06-04 18:03:17.059 [info] > git for-each-ref --format=%(refname)%00%(upstream:short)%00%(objectname)%00%(upstream:track)%00%(upstream:remotename)%00%(upstream:remoteref) refs/heads/main refs/remotes/main [1ms]
2023-06-04 18:03:17.104 [info] > git status -z -uall [39ms]
2023-06-04 18:08:17.118 [info] > git config --local branch.main.github-pr-owner-number [1ms]
2023-06-04 18:08:17.133 [info] > git config --get commit.template [7ms]
2023-06-04 18:08:17.134 [info] > git for-each-ref --format=%(refname)%00%(upstream:short)%00%(objectname)%00%(upstream:track)%00%(upstream:remotename)%00%(upstream:remoteref) refs/heads/main refs/remotes/main [1ms]
2023-06-04 18:08:17.179 [info] > git status -z -uall [39ms]
2023-06-04 18:08:21.028 [info] > git show --textconv :blog/forms.py [13ms]
2023-06-04 18:08:21.029 [info] > git ls-files --stage -- /workspace/bavarian-cristus-PP4/blog/forms.py [2ms]
2023-06-04 18:08:21.041 [info] > git cat-file -s 740488dec321a7b71f63390e39dae86e657b82a6 [2ms]
2023-06-04 18:08:51.486 [info] > git show --textconv :templates/upload.html [13ms]
2023-06-04 18:08:51.486 [info] > git ls-files --stage -- /workspace/bavarian-cristus-PP4/templates/upload.html [1ms]
2023-06-04 18:08:51.497 [info] > git cat-file -s ee9da2deac8bb17e19b4c35bc1224debc940ca6e [1ms]
2023-06-04 18:08:52.082 [info] > git check-ignore -v -z --stdin [2ms]
2023-06-04 18:11:07.351 [info] > git config --get commit.template [12ms]
2023-06-04 18:11:07.352 [info] > git for-each-ref --format=%(refname)%00%(upstream:short)%00%(objectname)%00%(upstream:track)%00%(upstream:remotename)%00%(upstream:remoteref) refs/heads/main refs/remotes/main [2ms]
2023-06-04 18:11:07.403 [info] > git status -z -uall [40ms]
2023-06-04 18:12:43.456 [info] > git config --get commit.template [16ms]
2023-06-04 18:12:43.457 [info] > git for-each-ref --format=%(refname)%00%(upstream:short)%00%(objectname)%00%(upstream:track)%00%(upstream:remotename)%00%(upstream:remoteref) refs/heads/main refs/remotes/main [2ms]
2023-06-04 18:12:43.537 [info] > git status -z -uall [46ms]
2023-06-04 18:13:17.194 [info] > git config --local branch.main.github-pr-owner-number [1ms]
2023-06-04 18:13:17.209 [info] > git config --get commit.template [7ms]
2023-06-04 18:13:17.210 [info] > git for-each-ref --format=%(refname)%00%(upstream:short)%00%(objectname)%00%(upstream:track)%00%(upstream:remotename)%00%(upstream:remoteref) refs/heads/main refs/remotes/main [1ms]
2023-06-04 18:13:17.262 [info] > git status -z -uall [41ms]
2023-06-04 18:17:59.795 [info] > git show --textconv :blog/urls.py [17ms]
2023-06-04 18:17:59.795 [info] > git ls-files --stage -- /workspace/bavarian-cristus-PP4/blog/urls.py [5ms]
2023-06-04 18:17:59.816 [info] > git cat-file -s d053e1ef8fb74da8760b1c0553e0121aa2353c68 [10ms]
2023-06-04 18:18:17.278 [info] > git config --local branch.main.github-pr-owner-number [1ms]
2023-06-04 18:18:17.297 [info] > git config --get commit.template [9ms]
2023-06-04 18:18:17.298 [info] > git for-each-ref --format=%(refname)%00%(upstream:short)%00%(objectname)%00%(upstream:track)%00%(upstream:remotename)%00%(upstream:remoteref) refs/heads/main refs/remotes/main [2ms]
2023-06-04 18:18:17.345 [info] > git status -z -uall [40ms]
2023-06-04 18:20:46.745 [info] > git config --get commit.template [10ms]
2023-06-04 18:20:46.746 [info] > git for-each-ref --format=%(refname)%00%(upstream:short)%00%(objectname)%00%(upstream:track)%00%(upstream:remotename)%00%(upstream:remoteref) refs/heads/main refs/remotes/main [1ms]
2023-06-04 18:20:46.795 [info] > git status -z -uall [39ms]
2023-06-04 18:23:15.744 [info] > git config --get commit.template [8ms]
2023-06-04 18:23:15.744 [info] > git for-each-ref --format=%(refname)%00%(upstream:short)%00%(objectname)%00%(upstream:track)%00%(upstream:remotename)%00%(upstream:remoteref) refs/heads/main refs/remotes/main [1ms]
2023-06-04 18:23:15.792 [info] > git status -z -uall [41ms]
2023-06-04 18:23:17.362 [info] > git config --local branch.main.github-pr-owner-number [1ms]
2023-06-04 18:23:17.389 [info] > git config --get commit.template [13ms]
2023-06-04 18:23:17.391 [info] > git for-each-ref --format=%(refname)%00%(upstream:short)%00%(objectname)%00%(upstream:track)%00%(upstream:remotename)%00%(upstream:remoteref) refs/heads/main refs/remotes/main [2ms]
2023-06-04 18:23:17.446 [info] > git status -z -uall [43ms]
2023-06-04 18:23:27.648 [info] > git config --get commit.template [11ms]
2023-06-04 18:23:27.649 [info] > git for-each-ref --format=%(refname)%00%(upstream:short)%00%(objectname)%00%(upstream:track)%00%(upstream:remotename)%00%(upstream:remoteref) refs/heads/main refs/remotes/main [2ms]
2023-06-04 18:23:27.699 [info] > git status -z -uall [40ms]
2023-06-04 18:25:15.010 [info] > git config --get commit.template [12ms]
2023-06-04 18:25:15.010 [info] > git for-each-ref --format=%(refname)%00%(upstream:short)%00%(objectname)%00%(upstream:track)%00%(upstream:remotename)%00%(upstream:remoteref) refs/heads/main refs/remotes/main [1ms]
2023-06-04 18:25:15.067 [info] > git status -z -uall [47ms]
2023-06-04 18:28:17.460 [info] > git config --local branch.main.github-pr-owner-number [1ms]
2023-06-04 18:28:17.475 [info] > git config --get commit.template [1ms]
2023-06-04 18:28:17.485 [info] > git for-each-ref --format=%(refname)%00%(upstream:short)%00%(objectname)%00%(upstream:track)%00%(upstream:remotename)%00%(upstream:remoteref) refs/heads/main refs/remotes/main [2ms]
2023-06-04 18:28:17.534 [info] > git status -z -uall [40ms]
2023-06-04 18:30:54.260 [info] > git config --get commit.template [9ms]
2023-06-04 18:30:54.261 [info] > git for-each-ref --format=%(refname)%00%(upstream:short)%00%(objectname)%00%(upstream:track)%00%(upstream:remotename)%00%(upstream:remoteref) refs/heads/main refs/remotes/main [1ms]
2023-06-04 18:30:54.311 [info] > git status -z -uall [42ms]
2023-06-04 18:30:59.336 [info] > git config --get commit.template [11ms]
2023-06-04 18:30:59.339 [info] > git for-each-ref --format=%(refname)%00%(upstream:short)%00%(objectname)%00%(upstream:track)%00%(upstream:remotename)%00%(upstream:remoteref) refs/heads/main refs/remotes/main [3ms]
2023-06-04 18:30:59.390 [info] > git status -z -uall [40ms]
2023-06-04 18:31:05.620 [info] > git config --get commit.template [8ms]
2023-06-04 18:31:05.621 [info] > git for-each-ref --format=%(refname)%00%(upstream:short)%00%(objectname)%00%(upstream:track)%00%(upstream:remotename)%00%(upstream:remoteref) refs/heads/main refs/remotes/main [2ms]
2023-06-04 18:31:05.667 [info] > git status -z -uall [39ms]
2023-06-04 18:31:37.070 [info] > git show --textconv :blog/models.py [15ms]
2023-06-04 18:31:37.071 [info] > git ls-files --stage -- /workspace/bavarian-cristus-PP4/blog/models.py [2ms]
2023-06-04 18:31:37.087 [info] > git cat-file -s aa2da0c61961e750a7a00f9949fa5a1a75ddac2d [3ms]
2023-06-04 18:32:37.547 [info] > git config --get commit.template [9ms]
2023-06-04 18:32:37.548 [info] > git for-each-ref --format=%(refname)%00%(upstream:short)%00%(objectname)%00%(upstream:track)%00%(upstream:remotename)%00%(upstream:remoteref) refs/heads/main refs/remotes/main [1ms]
2023-06-04 18:32:37.596 [info] > git status -z -uall [40ms]
2023-06-04 18:33:17.552 [info] > git config --local branch.main.github-pr-owner-number [1ms]
2023-06-04 18:33:17.577 [info] > git config --get commit.template [12ms]
2023-06-04 18:33:17.577 [info] > git for-each-ref --format=%(refname)%00%(upstream:short)%00%(objectname)%00%(upstream:track)%00%(upstream:remotename)%00%(upstream:remoteref) refs/heads/main refs/remotes/main [1ms]
2023-06-04 18:33:17.629 [info] > git status -z -uall [40ms]
2023-06-04 18:38:17.644 [info] > git config --local branch.main.github-pr-owner-number [1ms]
2023-06-04 18:38:17.672 [info] > git config --get commit.template [15ms]
2023-06-04 18:38:17.672 [info] > git for-each-ref --format=%(refname)%00%(upstream:short)%00%(objectname)%00%(upstream:track)%00%(upstream:remotename)%00%(upstream:remoteref) refs/heads/main refs/remotes/main [2ms]
2023-06-04 18:38:17.725 [info] > git status -z -uall [40ms]
2023-06-04 18:39:58.641 [info] > git config --get commit.template [8ms]
2023-06-04 18:39:58.642 [info] > git for-each-ref --format=%(refname)%00%(upstream:short)%00%(objectname)%00%(upstream:track)%00%(upstream:remotename)%00%(upstream:remoteref) refs/heads/main refs/remotes/main [1ms]
2023-06-04 18:39:58.691 [info] > git status -z -uall [41ms]
2023-06-04 18:40:35.578 [info] > git config --get commit.template [14ms]
2023-06-04 18:40:35.579 [info] > git for-each-ref --format=%(refname)%00%(upstream:short)%00%(objectname)%00%(upstream:track)%00%(upstream:remotename)%00%(upstream:remoteref) refs/heads/main refs/remotes/main [1ms]
2023-06-04 18:40:35.634 [info] > git status -z -uall [41ms]
2023-06-04 18:40:41.817 [info] > git config --get commit.template [9ms]
2023-06-04 18:40:41.818 [info] > git for-each-ref --format=%(refname)%00%(upstream:short)%00%(objectname)%00%(upstream:track)%00%(upstream:remotename)%00%(upstream:remoteref) refs/heads/main refs/remotes/main [2ms]
2023-06-04 18:40:41.867 [info] > git status -z -uall [42ms]
2023-06-04 18:43:17.740 [info] > git config --local branch.main.github-pr-owner-number [1ms]
2023-06-04 18:43:17.770 [info] > git config --get commit.template [17ms]
2023-06-04 18:43:17.770 [info] > git for-each-ref --format=%(refname)%00%(upstream:short)%00%(objectname)%00%(upstream:track)%00%(upstream:remotename)%00%(upstream:remoteref) refs/heads/main refs/remotes/main [1ms]
2023-06-04 18:43:17.824 [info] > git status -z -uall [40ms]
2023-06-04 18:45:24.759 [info] > git config --get commit.template [9ms]
2023-06-04 18:45:24.759 [info] > git for-each-ref --format=%(refname)%00%(upstream:short)%00%(objectname)%00%(upstream:track)%00%(upstream:remotename)%00%(upstream:remoteref) refs/heads/main refs/remotes/main [1ms]
2023-06-04 18:45:24.826 [info] > git status -z -uall [55ms]
2023-06-04 18:45:29.851 [info] > git config --get commit.template [11ms]
2023-06-04 18:45:29.852 [info] > git for-each-ref --format=%(refname)%00%(upstream:short)%00%(objectname)%00%(upstream:track)%00%(upstream:remotename)%00%(upstream:remoteref) refs/heads/main refs/remotes/main [1ms]
2023-06-04 18:45:29.910 [info] > git status -z -uall [44ms]
2023-06-04 18:48:17.839 [info] > git config --local branch.main.github-pr-owner-number [1ms]
2023-06-04 18:48:17.866 [info] > git config --get commit.template [13ms]
2023-06-04 18:48:17.866 [info] > git for-each-ref --format=%(refname)%00%(upstream:short)%00%(objectname)%00%(upstream:track)%00%(upstream:remotename)%00%(upstream:remoteref) refs/heads/main refs/remotes/main [1ms]
2023-06-04 18:48:17.930 [info] > git status -z -uall [53ms]
2023-06-04 18:49:46.588 [info] > git config --get commit.template [9ms]
2023-06-04 18:49:46.589 [info] > git for-each-ref --format=%(refname)%00%(upstream:short)%00%(objectname)%00%(upstream:track)%00%(upstream:remotename)%00%(upstream:remoteref) refs/heads/main refs/remotes/main [1ms]
2023-06-04 18:49:46.637 [info] > git status -z -uall [40ms]
2023-06-04 18:50:37.651 [info] > git config --get commit.template [8ms]
2023-06-04 18:50:37.652 [info] > git for-each-ref --format=%(refname)%00%(upstream:short)%00%(objectname)%00%(upstream:track)%00%(upstream:remotename)%00%(upstream:remoteref) refs/heads/main refs/remotes/main [2ms]
2023-06-04 18:50:37.698 [info] > git status -z -uall [38ms]
2023-06-04 18:53:17.945 [info] > git config --local branch.main.github-pr-owner-number [1ms]
2023-06-04 18:53:17.963 [info] > git config --get commit.template [7ms]
2023-06-04 18:53:17.963 [info] > git for-each-ref --format=%(refname)%00%(upstream:short)%00%(objectname)%00%(upstream:track)%00%(upstream:remotename)%00%(upstream:remoteref) refs/heads/main refs/remotes/main [1ms]
2023-06-04 18:53:18.009 [info] > git status -z -uall [39ms]
2023-06-04 18:55:24.201 [info] > git config --get commit.template [13ms]
2023-06-04 18:55:24.202 [info] > git for-each-ref --format=%(refname)%00%(upstream:short)%00%(objectname)%00%(upstream:track)%00%(upstream:remotename)%00%(upstream:remoteref) refs/heads/main refs/remotes/main [2ms]
2023-06-04 18:55:24.254 [info] > git status -z -uall [40ms]
2023-06-04 18:58:18.025 [info] > git config --local branch.main.github-pr-owner-number [1ms]
2023-06-04 18:58:18.055 [info] > git config --get commit.template [15ms]
2023-06-04 18:58:18.057 [info] > git for-each-ref --format=%(refname)%00%(upstream:short)%00%(objectname)%00%(upstream:track)%00%(upstream:remotename)%00%(upstream:remoteref) refs/heads/main refs/remotes/main [3ms]
2023-06-04 18:58:18.109 [info] > git status -z -uall [40ms]
2023-06-04 19:00:17.926 [info] > git config --get commit.template [12ms]
2023-06-04 19:00:17.927 [info] > git for-each-ref --format=%(refname)%00%(upstream:short)%00%(objectname)%00%(upstream:track)%00%(upstream:remotename)%00%(upstream:remoteref) refs/heads/main refs/remotes/main [2ms]
2023-06-04 19:00:17.984 [info] > git status -z -uall [46ms]
2023-06-04 19:00:23.014 [info] > git config --get commit.template [14ms]
2023-06-04 19:00:23.015 [info] > git for-each-ref --format=%(refname)%00%(upstream:short)%00%(objectname)%00%(upstream:track)%00%(upstream:remotename)%00%(upstream:remoteref) refs/heads/main refs/remotes/main [2ms]
2023-06-04 19:00:23.068 [info] > git status -z -uall [41ms]
2023-06-04 19:00:28.094 [info] > git config --get commit.template [10ms]
2023-06-04 19:00:28.095 [info] > git for-each-ref --format=%(refname)%00%(upstream:short)%00%(objectname)%00%(upstream:track)%00%(upstream:remotename)%00%(upstream:remoteref) refs/heads/main refs/remotes/main [2ms]
2023-06-04 19:00:28.143 [info] > git status -z -uall [40ms]
2023-06-04 19:01:57.556 [info] > git config --get commit.template [15ms]
2023-06-04 19:01:57.557 [info] > git for-each-ref --format=%(refname)%00%(upstream:short)%00%(objectname)%00%(upstream:track)%00%(upstream:remotename)%00%(upstream:remoteref) refs/heads/main refs/remotes/main [2ms]
2023-06-04 19:01:57.608 [info] > git status -z -uall [40ms]
2023-06-04 19:03:18.128 [info] > git config --local branch.main.github-pr-owner-number [2ms]
2023-06-04 19:03:18.157 [info] > git config --get commit.template [14ms]
2023-06-04 19:03:18.157 [info] > git for-each-ref --format=%(refname)%00%(upstream:short)%00%(objectname)%00%(upstream:track)%00%(upstream:remotename)%00%(upstream:remoteref) refs/heads/main refs/remotes/main [1ms]
2023-06-04 19:03:18.211 [info] > git status -z -uall [40ms]
2023-06-04 19:05:59.799 [info] > git config --get commit.template [14ms]
2023-06-04 19:05:59.800 [info] > git for-each-ref --format=%(refname)%00%(upstream:short)%00%(objectname)%00%(upstream:track)%00%(upstream:remotename)%00%(upstream:remoteref) refs/heads/main refs/remotes/main [2ms]
2023-06-04 19:05:59.855 [info] > git status -z -uall [42ms]
2023-06-04 19:06:04.888 [info] > git config --get commit.template [13ms]
2023-06-04 19:06:04.889 [info] > git for-each-ref --format=%(refname)%00%(upstream:short)%00%(objectname)%00%(upstream:track)%00%(upstream:remotename)%00%(upstream:remoteref) refs/heads/main refs/remotes/main [2ms]
2023-06-04 19:06:04.943 [info] > git status -z -uall [42ms]
2023-06-04 19:06:46.474 [info] > git check-ignore -v -z --stdin [3ms]
2023-06-04 19:06:46.497 [info] > git show --textconv :static/css/style.css [11ms]
2023-06-04 19:06:46.499 [info] > git ls-files --stage -- /workspace/bavarian-cristus-PP4/static/css/style.css [3ms]
2023-06-04 19:06:46.512 [info] > git cat-file -s 7024207a0aa4af3f91368d29e3a3e11e566b9dc8 [1ms]
2023-06-04 19:06:46.989 [info] > git check-ignore -v -z --stdin [2ms]
2023-06-04 19:07:00.848 [info] > git config --get commit.template [12ms]
2023-06-04 19:07:00.848 [info] > git for-each-ref --format=%(refname)%00%(upstream:short)%00%(objectname)%00%(upstream:track)%00%(upstream:remotename)%00%(upstream:remoteref) refs/heads/main refs/remotes/main [1ms]
2023-06-04 19:07:00.901 [info] > git status -z -uall [41ms]
2023-06-04 19:07:37.983 [info] > git config --get commit.template [2ms]
2023-06-04 19:07:38.001 [info] > git for-each-ref --format=%(refname)%00%(upstream:short)%00%(objectname)%00%(upstream:track)%00%(upstream:remotename)%00%(upstream:remoteref) refs/heads/main refs/remotes/main [2ms]
2023-06-04 19:07:38.061 [info] > git status -z -uall [44ms]
2023-06-04 19:07:46.354 [info] > git config --get commit.template [9ms]
2023-06-04 19:07:46.355 [info] > git for-each-ref --format=%(refname)%00%(upstream:short)%00%(objectname)%00%(upstream:track)%00%(upstream:remotename)%00%(upstream:remoteref) refs/heads/main refs/remotes/main [1ms]
2023-06-04 19:07:46.406 [info] > git status -z -uall [42ms]
2023-06-04 19:08:17.034 [info] > git config --get commit.template [14ms]
2023-06-04 19:08:17.035 [info] > git for-each-ref --format=%(refname)%00%(upstream:short)%00%(objectname)%00%(upstream:track)%00%(upstream:remotename)%00%(upstream:remoteref) refs/heads/main refs/remotes/main [2ms]
2023-06-04 19:08:17.089 [info] > git status -z -uall [41ms]
2023-06-04 19:08:18.229 [info] > git config --local branch.main.github-pr-owner-number [1ms]
2023-06-04 19:08:18.256 [info] > git config --get commit.template [14ms]
2023-06-04 19:08:18.257 [info] > git for-each-ref --format=%(refname)%00%(upstream:short)%00%(objectname)%00%(upstream:track)%00%(upstream:remotename)%00%(upstream:remoteref) refs/heads/main refs/remotes/main [2ms]
2023-06-04 19:08:18.313 [info] > git status -z -uall [42ms]
2023-06-04 19:12:36.115 [info] > git config --get commit.template [10ms]
2023-06-04 19:12:36.116 [info] > git for-each-ref --format=%(refname)%00%(upstream:short)%00%(objectname)%00%(upstream:track)%00%(upstream:remotename)%00%(upstream:remoteref) refs/heads/main refs/remotes/main [2ms]
2023-06-04 19:12:36.163 [info] > git status -z -uall [39ms]
2023-06-04 19:13:18.327 [info] > git config --local branch.main.github-pr-owner-number [1ms]
2023-06-04 19:13:18.344 [info] > git config --get commit.template [7ms]
2023-06-04 19:13:18.345 [info] > git for-each-ref --format=%(refname)%00%(upstream:short)%00%(objectname)%00%(upstream:track)%00%(upstream:remotename)%00%(upstream:remoteref) refs/heads/main refs/remotes/main [1ms]
2023-06-04 19:13:18.391 [info] > git status -z -uall [39ms]
2023-06-04 19:14:02.063 [info] > git config --get commit.template [13ms]
2023-06-04 19:14:02.064 [info] > git for-each-ref --format=%(refname)%00%(upstream:short)%00%(objectname)%00%(upstream:track)%00%(upstream:remotename)%00%(upstream:remoteref) refs/heads/main refs/remotes/main [1ms]
2023-06-04 19:14:02.121 [info] > git status -z -uall [45ms]
2023-06-04 19:14:07.154 [info] > git config --get commit.template [15ms]
2023-06-04 19:14:07.155 [info] > git for-each-ref --format=%(refname)%00%(upstream:short)%00%(objectname)%00%(upstream:track)%00%(upstream:remotename)%00%(upstream:remoteref) refs/heads/main refs/remotes/main [1ms]
2023-06-04 19:14:07.211 [info] > git status -z -uall [40ms]
2023-06-04 19:14:50.865 [info] > git config --get commit.template [13ms]
2023-06-04 19:14:50.865 [info] > git for-each-ref --format=%(refname)%00%(upstream:short)%00%(objectname)%00%(upstream:track)%00%(upstream:remotename)%00%(upstream:remoteref) refs/heads/main refs/remotes/main [1ms]
2023-06-04 19:14:50.923 [info] > git status -z -uall [47ms]
2023-06-04 19:18:18.409 [info] > git config --local branch.main.github-pr-owner-number [1ms]
2023-06-04 19:18:18.437 [info] > git config --get commit.template [14ms]
2023-06-04 19:18:18.438 [info] > git for-each-ref --format=%(refname)%00%(upstream:short)%00%(objectname)%00%(upstream:track)%00%(upstream:remotename)%00%(upstream:remoteref) refs/heads/main refs/remotes/main [2ms]
2023-06-04 19:18:18.492 [info] > git status -z -uall [41ms]
2023-06-04 19:18:43.963 [info] > git config --get commit.template [11ms]
2023-06-04 19:18:43.964 [info] > git for-each-ref --format=%(refname)%00%(upstream:short)%00%(objectname)%00%(upstream:track)%00%(upstream:remotename)%00%(upstream:remoteref) refs/heads/main refs/remotes/main [2ms]
2023-06-04 19:18:44.020 [info] > git status -z -uall [43ms]
2023-06-04 19:19:58.011 [info] > git config --get commit.template [14ms]
2023-06-04 19:19:58.013 [info] > git for-each-ref --format=%(refname)%00%(upstream:short)%00%(objectname)%00%(upstream:track)%00%(upstream:remotename)%00%(upstream:remoteref) refs/heads/main refs/remotes/main [1ms]
2023-06-04 19:19:58.064 [info] > git status -z -uall [40ms]
2023-06-04 19:20:07.302 [info] > git config --get commit.template [12ms]
2023-06-04 19:20:07.302 [info] > git for-each-ref --format=%(refname)%00%(upstream:short)%00%(objectname)%00%(upstream:track)%00%(upstream:remotename)%00%(upstream:remoteref) refs/heads/main refs/remotes/main [1ms]
2023-06-04 19:20:07.354 [info] > git status -z -uall [40ms]
2023-06-04 19:20:20.433 [info] > git config --get commit.template [13ms]
2023-06-04 19:20:20.434 [info] > git for-each-ref --format=%(refname)%00%(upstream:short)%00%(objectname)%00%(upstream:track)%00%(upstream:remotename)%00%(upstream:remoteref) refs/heads/main refs/remotes/main [2ms]
2023-06-04 19:20:20.490 [info] > git status -z -uall [43ms]
2023-06-04 19:20:44.307 [info] > git config --get commit.template [14ms]
2023-06-04 19:20:44.308 [info] > git for-each-ref --format=%(refname)%00%(upstream:short)%00%(objectname)%00%(upstream:track)%00%(upstream:remotename)%00%(upstream:remoteref) refs/heads/main refs/remotes/main [2ms]
2023-06-04 19:20:44.363 [info] > git status -z -uall [42ms]
2023-06-04 19:20:50.328 [info] > git config --get commit.template [14ms]
2023-06-04 19:20:50.328 [info] > git for-each-ref --format=%(refname)%00%(upstream:short)%00%(objectname)%00%(upstream:track)%00%(upstream:remotename)%00%(upstream:remoteref) refs/heads/main refs/remotes/main [1ms]
2023-06-04 19:20:50.376 [info] > git status -z -uall [38ms]
2023-06-04 19:23:18.508 [info] > git config --local branch.main.github-pr-owner-number [1ms]
2023-06-04 19:23:18.524 [info] > git config --get commit.template [2ms]
2023-06-04 19:23:18.536 [info] > git for-each-ref --format=%(refname)%00%(upstream:short)%00%(objectname)%00%(upstream:track)%00%(upstream:remotename)%00%(upstream:remoteref) refs/heads/main refs/remotes/main [2ms]
2023-06-04 19:23:18.598 [info] > git status -z -uall [51ms]
2023-06-04 19:24:05.486 [info] > git config --get commit.template [15ms]
2023-06-04 19:24:05.487 [info] > git for-each-ref --format=%(refname)%00%(upstream:short)%00%(objectname)%00%(upstream:track)%00%(upstream:remotename)%00%(upstream:remoteref) refs/heads/main refs/remotes/main [1ms]
2023-06-04 19:24:05.557 [info] > git status -z -uall [58ms]
2023-06-04 19:24:10.586 [info] > git config --get commit.template [12ms]
2023-06-04 19:24:10.586 [info] > git for-each-ref --format=%(refname)%00%(upstream:short)%00%(objectname)%00%(upstream:track)%00%(upstream:remotename)%00%(upstream:remoteref) refs/heads/main refs/remotes/main [1ms]
2023-06-04 19:24:10.639 [info] > git status -z -uall [40ms]
2023-06-04 19:24:44.563 [info] > git config --get commit.template [14ms]
2023-06-04 19:24:44.564 [info] > git for-each-ref --format=%(refname)%00%(upstream:short)%00%(objectname)%00%(upstream:track)%00%(upstream:remotename)%00%(upstream:remoteref) refs/heads/main refs/remotes/main [1ms]
2023-06-04 19:24:44.619 [info] > git status -z -uall [42ms]
2023-06-04 19:28:18.613 [info] > git config --local branch.main.github-pr-owner-number [1ms]
2023-06-04 19:28:18.632 [info] > git config --get commit.template [9ms]
2023-06-04 19:28:18.633 [info] > git for-each-ref --format=%(refname)%00%(upstream:short)%00%(objectname)%00%(upstream:track)%00%(upstream:remotename)%00%(upstream:remoteref) refs/heads/main refs/remotes/main [1ms]
2023-06-04 19:28:18.678 [info] > git status -z -uall [38ms]
2023-06-04 19:29:46.675 [info] > git config --get commit.template [9ms]
2023-06-04 19:29:46.675 [info] > git for-each-ref --format=%(refname)%00%(upstream:short)%00%(objectname)%00%(upstream:track)%00%(upstream:remotename)%00%(upstream:remoteref) refs/heads/main refs/remotes/main [1ms]
2023-06-04 19:29:46.722 [info] > git status -z -uall [39ms]
2023-06-04 19:31:35.130 [info] > git config --get commit.template [10ms]
2023-06-04 19:31:35.130 [info] > git for-each-ref --format=%(refname)%00%(upstream:short)%00%(objectname)%00%(upstream:track)%00%(upstream:remotename)%00%(upstream:remoteref) refs/heads/main refs/remotes/main [1ms]
2023-06-04 19:31:35.187 [info] > git status -z -uall [45ms]
2023-06-04 19:33:18.694 [info] > git config --local branch.main.github-pr-owner-number [1ms]
2023-06-04 19:33:18.711 [info] > git config --get commit.template [8ms]
2023-06-04 19:33:18.712 [info] > git for-each-ref --format=%(refname)%00%(upstream:short)%00%(objectname)%00%(upstream:track)%00%(upstream:remotename)%00%(upstream:remoteref) refs/heads/main refs/remotes/main [1ms]
2023-06-04 19:33:18.759 [info] > git status -z -uall [39ms]
2023-06-04 19:36:20.405 [info] > git config --get commit.template [13ms]
2023-06-04 19:36:20.405 [info] > git for-each-ref --format=%(refname)%00%(upstream:short)%00%(objectname)%00%(upstream:track)%00%(upstream:remotename)%00%(upstream:remoteref) refs/heads/main refs/remotes/main [1ms]
2023-06-04 19:36:20.460 [info] > git status -z -uall [41ms]
2023-06-04 19:37:43.044 [info] > git config --get commit.template [2ms]
2023-06-04 19:37:43.055 [info] > git for-each-ref --format=%(refname)%00%(upstream:short)%00%(objectname)%00%(upstream:track)%00%(upstream:remotename)%00%(upstream:remoteref) refs/heads/main refs/remotes/main [2ms]
2023-06-04 19:37:43.103 [info] > git status -z -uall [39ms]
2023-06-04 19:38:18.774 [info] > git config --local branch.main.github-pr-owner-number [1ms]
2023-06-04 19:38:18.790 [info] > git config --get commit.template [2ms]
2023-06-04 19:38:18.805 [info] > git for-each-ref --format=%(refname)%00%(upstream:short)%00%(objectname)%00%(upstream:track)%00%(upstream:remotename)%00%(upstream:remoteref) refs/heads/main refs/remotes/main [1ms]
2023-06-04 19:38:18.858 [info] > git status -z -uall [40ms]
2023-06-04 19:38:42.118 [info] > git config --get commit.template [15ms]
2023-06-04 19:38:42.119 [info] > git for-each-ref --format=%(refname)%00%(upstream:short)%00%(objectname)%00%(upstream:track)%00%(upstream:remotename)%00%(upstream:remoteref) refs/heads/main refs/remotes/main [2ms]
2023-06-04 19:38:42.172 [info] > git status -z -uall [40ms]
2023-06-04 19:40:35.838 [info] > git config --get commit.template [15ms]
2023-06-04 19:40:35.838 [info] > git for-each-ref --format=%(refname)%00%(upstream:short)%00%(objectname)%00%(upstream:track)%00%(upstream:remotename)%00%(upstream:remoteref) refs/heads/main refs/remotes/main [1ms]
2023-06-04 19:40:35.892 [info] > git status -z -uall [43ms]
2023-06-04 19:40:56.813 [info] > git config --get commit.template [13ms]
2023-06-04 19:40:56.815 [info] > git for-each-ref --format=%(refname)%00%(upstream:short)%00%(objectname)%00%(upstream:track)%00%(upstream:remotename)%00%(upstream:remoteref) refs/heads/main refs/remotes/main [1ms]
2023-06-04 19:40:56.867 [info] > git status -z -uall [40ms]
2023-06-04 19:41:01.898 [info] > git config --get commit.template [14ms]
2023-06-04 19:41:01.899 [info] > git for-each-ref --format=%(refname)%00%(upstream:short)%00%(objectname)%00%(upstream:track)%00%(upstream:remotename)%00%(upstream:remoteref) refs/heads/main refs/remotes/main [2ms]
2023-06-04 19:41:01.955 [info] > git status -z -uall [43ms]
2023-06-04 19:41:44.412 [info] > git for-each-ref --format=%(refname)%00%(upstream:short)%00%(objectname)%00%(upstream:track)%00%(upstream:remotename)%00%(upstream:remoteref) refs/heads/main refs/remotes/main [1ms]
2023-06-04 19:41:44.413 [info] > git config --get commit.template [13ms]
2023-06-04 19:41:44.469 [info] > git status -z -uall [42ms]
2023-06-04 19:43:18.874 [info] > git config --local branch.main.github-pr-owner-number [1ms]
2023-06-04 19:43:18.891 [info] > git config --get commit.template [8ms]
2023-06-04 19:43:18.892 [info] > git for-each-ref --format=%(refname)%00%(upstream:short)%00%(objectname)%00%(upstream:track)%00%(upstream:remotename)%00%(upstream:remoteref) refs/heads/main refs/remotes/main [1ms]
2023-06-04 19:43:18.948 [info] > git status -z -uall [43ms]
2023-06-04 19:48:18.964 [info] > git config --local branch.main.github-pr-owner-number [1ms]
2023-06-04 19:48:18.992 [info] > git config --get commit.template [14ms]
2023-06-04 19:48:18.992 [info] > git for-each-ref --format=%(refname)%00%(upstream:short)%00%(objectname)%00%(upstream:track)%00%(upstream:remotename)%00%(upstream:remoteref) refs/heads/main refs/remotes/main [1ms]
2023-06-04 19:48:19.046 [info] > git status -z -uall [40ms]
2023-06-04 19:53:17.332 [info] > git config --get commit.template [13ms]
2023-06-04 19:53:17.333 [info] > git for-each-ref --format=%(refname)%00%(upstream:short)%00%(objectname)%00%(upstream:track)%00%(upstream:remotename)%00%(upstream:remoteref) refs/heads/main refs/remotes/main [2ms]
2023-06-04 19:53:17.384 [info] > git status -z -uall [42ms]
2023-06-04 19:53:19.062 [info] > git config --local branch.main.github-pr-owner-number [1ms]
2023-06-04 19:53:19.088 [info] > git config --get commit.template [13ms]
2023-06-04 19:53:19.089 [info] > git for-each-ref --format=%(refname)%00%(upstream:short)%00%(objectname)%00%(upstream:track)%00%(upstream:remotename)%00%(upstream:remoteref) refs/heads/main refs/remotes/main [1ms]
2023-06-04 19:53:19.143 [info] > git status -z -uall [41ms]
2023-06-04 19:56:28.102 [info] > git config --get commit.template [11ms]
2023-06-04 19:56:28.103 [info] > git for-each-ref --format=%(refname)%00%(upstream:short)%00%(objectname)%00%(upstream:track)%00%(upstream:remotename)%00%(upstream:remoteref) refs/heads/main refs/remotes/main [2ms]
2023-06-04 19:56:28.155 [info] > git status -z -uall [40ms]
2023-06-04 19:58:05.258 [info] > git config --get commit.template [9ms]
2023-06-04 19:58:05.258 [info] > git for-each-ref --format=%(refname)%00%(upstream:short)%00%(objectname)%00%(upstream:track)%00%(upstream:remotename)%00%(upstream:remoteref) refs/heads/main refs/remotes/main [1ms]
2023-06-04 19:58:05.304 [info] > git status -z -uall [38ms]
2023-06-04 19:58:19.161 [info] > git config --local branch.main.github-pr-owner-number [1ms]
2023-06-04 19:58:19.183 [info] > git config --get commit.template [10ms]
2023-06-04 19:58:19.184 [info] > git for-each-ref --format=%(refname)%00%(upstream:short)%00%(objectname)%00%(upstream:track)%00%(upstream:remotename)%00%(upstream:remoteref) refs/heads/main refs/remotes/main [1ms]
2023-06-04 19:58:19.231 [info] > git status -z -uall [39ms]
2023-06-04 19:59:19.151 [info] > git config --get commit.template [15ms]
2023-06-04 19:59:19.153 [info] > git for-each-ref --format=%(refname)%00%(upstream:short)%00%(objectname)%00%(upstream:track)%00%(upstream:remotename)%00%(upstream:remoteref) refs/heads/main refs/remotes/main [2ms]
2023-06-04 19:59:19.213 [info] > git status -z -uall [46ms]
2023-06-04 19:59:24.246 [info] > git config --get commit.template [14ms]
2023-06-04 19:59:24.247 [info] > git for-each-ref --format=%(refname)%00%(upstream:short)%00%(objectname)%00%(upstream:track)%00%(upstream:remotename)%00%(upstream:remoteref) refs/heads/main refs/remotes/main [2ms]
2023-06-04 19:59:24.304 [info] > git status -z -uall [43ms]
2023-06-04 20:00:02.788 [info] > git config --get commit.template [16ms]
2023-06-04 20:00:02.789 [info] > git for-each-ref --format=%(refname)%00%(upstream:short)%00%(objectname)%00%(upstream:track)%00%(upstream:remotename)%00%(upstream:remoteref) refs/heads/main refs/remotes/main [2ms]
2023-06-04 20:00:02.841 [info] > git status -z -uall [42ms]
2023-06-04 20:01:21.942 [info] > git config --get commit.template [15ms]
2023-06-04 20:01:21.943 [info] > git for-each-ref --format=%(refname)%00%(upstream:short)%00%(objectname)%00%(upstream:track)%00%(upstream:remotename)%00%(upstream:remoteref) refs/heads/main refs/remotes/main [2ms]
2023-06-04 20:01:21.999 [info] > git status -z -uall [43ms]
2023-06-04 20:03:19.247 [info] > git config --local branch.main.github-pr-owner-number [1ms]
2023-06-04 20:03:19.271 [info] > git config --get commit.template [9ms]
2023-06-04 20:03:19.272 [info] > git for-each-ref --format=%(refname)%00%(upstream:short)%00%(objectname)%00%(upstream:track)%00%(upstream:remotename)%00%(upstream:remoteref) refs/heads/main refs/remotes/main [1ms]
2023-06-04 20:03:19.320 [info] > git status -z -uall [41ms]
2023-06-04 20:03:58.318 [info] > git config --get commit.template [14ms]
2023-06-04 20:03:58.318 [info] > git for-each-ref --format=%(refname)%00%(upstream:short)%00%(objectname)%00%(upstream:track)%00%(upstream:remotename)%00%(upstream:remoteref) refs/heads/main refs/remotes/main [1ms]
2023-06-04 20:03:58.370 [info] > git status -z -uall [39ms]
2023-06-04 20:05:28.143 [info] > git config --get commit.template [10ms]
2023-06-04 20:05:28.144 [info] > git for-each-ref --format=%(refname)%00%(upstream:short)%00%(objectname)%00%(upstream:track)%00%(upstream:remotename)%00%(upstream:remoteref) refs/heads/main refs/remotes/main [1ms]
2023-06-04 20:05:28.196 [info] > git status -z -uall [43ms]
2023-06-04 20:05:33.223 [info] > git config --get commit.template [11ms]
2023-06-04 20:05:33.224 [info] > git for-each-ref --format=%(refname)%00%(upstream:short)%00%(objectname)%00%(upstream:track)%00%(upstream:remotename)%00%(upstream:remoteref) refs/heads/main refs/remotes/main [2ms]
2023-06-04 20:05:33.274 [info] > git status -z -uall [40ms]
2023-06-04 20:07:20.578 [info] > git config --get commit.template [13ms]
2023-06-04 20:07:20.579 [info] > git for-each-ref --format=%(refname)%00%(upstream:short)%00%(objectname)%00%(upstream:track)%00%(upstream:remotename)%00%(upstream:remoteref) refs/heads/main refs/remotes/main [2ms]
2023-06-04 20:07:20.632 [info] > git status -z -uall [41ms]
2023-06-04 20:07:25.656 [info] > git config --get commit.template [9ms]
2023-06-04 20:07:25.657 [info] > git for-each-ref --format=%(refname)%00%(upstream:short)%00%(objectname)%00%(upstream:track)%00%(upstream:remotename)%00%(upstream:remoteref) refs/heads/main refs/remotes/main [1ms]
2023-06-04 20:07:25.715 [info] > git status -z -uall [50ms]
2023-06-04 20:08:19.338 [info] > git config --local branch.main.github-pr-owner-number [1ms]
2023-06-04 20:08:19.363 [info] > git config --get commit.template [13ms]
2023-06-04 20:08:19.364 [info] > git for-each-ref --format=%(refname)%00%(upstream:short)%00%(objectname)%00%(upstream:track)%00%(upstream:remotename)%00%(upstream:remoteref) refs/heads/main refs/remotes/main [1ms]
2023-06-04 20:08:19.425 [info] > git status -z -uall [47ms]
2023-06-04 20:09:04.692 [info] > git config --get commit.template [47ms]
2023-06-04 20:09:04.693 [info] > git for-each-ref --format=%(refname)%00%(upstream:short)%00%(objectname)%00%(upstream:track)%00%(upstream:remotename)%00%(upstream:remoteref) refs/heads/main refs/remotes/main [2ms]
2023-06-04 20:09:04.757 [info] > git status -z -uall [47ms]
