2023-06-04 13:21:29.920 [info] Test server listening.
2023-06-04 13:21:29.920 [info] > ~/.pyenv/versions/3.8.11/bin/python -I /workspace/.vscode-remote/extensions/ms-python.python-2023.8.0-universal/pythonFiles/get_output_via_markers.py /workspace/.vscode-remote/extensions/ms-python.python-2023.8.0-universal/pythonFiles/interpreterInfo.py
2023-06-04 13:21:29.920 [info] Python interpreter path: ~/.pyenv/versions/3.8.11/bin/python
2023-06-04 13:21:30.149 [warning] Retry failed, storage update failed for key PYTHON_GLOBAL_STORAGE_KEYS
2023-06-04 13:21:30.149 [warning] Retry failed, storage update failed for key PYTHON_GLOBAL_STORAGE_KEYS
2023-06-04 13:21:30.149 [warning] Retry failed, storage update failed for key PYTHON_GLOBAL_STORAGE_KEYS
2023-06-04 13:21:30.149 [warning] Retry failed, storage update failed for key PYTHON_GLOBAL_STORAGE_KEYS
2023-06-04 13:21:30.149 [warning] Retry failed, storage update failed for key PYTHON_GLOBAL_STORAGE_KEYS
2023-06-04 13:21:32.298 [info] Starting Jedi language server for bavarian-cristus-PP4.
2023-06-04 13:30:18.844 [info] > conda info --json
2023-06-04 13:30:18.904 [info] Found: /bin/python2 --> /bin/python2.7
2023-06-04 13:30:18.906 [info] Found: /bin/python2.7 --> /bin/python2.7
2023-06-04 13:30:19.001 [info] Found: /bin/python3 --> /bin/python3.8
2023-06-04 13:30:19.004 [info] Found: /bin/python3.8 --> /bin/python3.8
2023-06-04 13:30:19.127 [info] > ~/.pyenv/versions/3.8.11/bin/python /workspace/.vscode-remote/extensions/ms-python.python-2023.8.0-universal/pythonFiles/linter.py -m pycodestyle ./blog/forms.py
2023-06-04 13:30:19.127 [info] cwd: .
2023-06-04 13:30:19.135 [info] Found: /usr/bin/python2 --> /usr/bin/python2.7
2023-06-04 13:30:19.139 [info] Found: /usr/bin/python2.7 --> /usr/bin/python2.7
2023-06-04 13:30:19.189 [info] Found: /usr/bin/python3 --> /usr/bin/python3.8
2023-06-04 13:30:19.189 [info] Found: /usr/bin/python3.8 --> /usr/bin/python3.8
2023-06-04 13:30:19.223 [info] > /bin/python2 -I /workspace/.vscode-remote/extensions/ms-python.python-2023.8.0-universal/pythonFiles/get_output_via_markers.py /workspace/.vscode-remote/extensions/ms-python.python-2023.8.0-universal/pythonFiles/interpreterInfo.py
2023-06-04 13:30:19.233 [warning] [Error: Command failed: /bin/python2 -I /workspace/.vscode-remote/extensions/ms-python.python-2023.8.0-universal/pythonFiles/get_output_via_markers.py /workspace/.vscode-remote/extensions/ms-python.python-2023.8.0-universal/pythonFiles/interpreterInfo.py
Unknown option: -I
usage: /bin/python2 [option] ... [-c cmd | -m mod | file | -] [arg] ...
Try `python -h' for more information.

	at ChildProcess.exithandler (node:child_process:400:12)
	at ChildProcess.emit (node:events:513:28)
	at maybeClose (node:internal/child_process:1093:16)
	at Socket.<anonymous> (node:internal/child_process:451:11)
	at Socket.emit (node:events:513:28)
	at Pipe.<anonymous> (node:net:757:14)] {
  code: 2,
  killed: false,
  signal: null,
  cmd: '/bin/python2 -I /workspace/.vscode-remote/extensions/ms-python.python-2023.8.0-universal/pythonFiles/get_output_via_markers.py /workspace/.vscode-remote/extensions/ms-python.python-2023.8.0-universal/pythonFiles/interpreterInfo.py'
}
2023-06-04 13:30:19.233 [error] Support for Python 2.7 has been dropped by the Python extension so certain features may not work, upgrade to using Python 3.
2023-06-04 13:30:19.291 [info] > /bin/python2 /workspace/.vscode-remote/extensions/ms-python.python-2023.8.0-universal/pythonFiles/get_output_via_markers.py /workspace/.vscode-remote/extensions/ms-python.python-2023.8.0-universal/pythonFiles/interpreterInfo.py
2023-06-04 13:30:19.307 [info] > /bin/python3 -I /workspace/.vscode-remote/extensions/ms-python.python-2023.8.0-universal/pythonFiles/get_output_via_markers.py /workspace/.vscode-remote/extensions/ms-python.python-2023.8.0-universal/pythonFiles/interpreterInfo.py
2023-06-04 13:30:19.322 [info] ##########Linting Output - pycodestyle##########

2023-06-04 13:30:19.322 [info] 
2023-06-04 13:30:19.339 [info] > /usr/bin/python2 -I /workspace/.vscode-remote/extensions/ms-python.python-2023.8.0-universal/pythonFiles/get_output_via_markers.py /workspace/.vscode-remote/extensions/ms-python.python-2023.8.0-universal/pythonFiles/interpreterInfo.py
2023-06-04 13:30:19.390 [warning] [Error: Command failed: /usr/bin/python2 -I /workspace/.vscode-remote/extensions/ms-python.python-2023.8.0-universal/pythonFiles/get_output_via_markers.py /workspace/.vscode-remote/extensions/ms-python.python-2023.8.0-universal/pythonFiles/interpreterInfo.py
Unknown option: -I
usage: /usr/bin/python2 [option] ... [-c cmd | -m mod | file | -] [arg] ...
Try `python -h' for more information.

	at ChildProcess.exithandler (node:child_process:400:12)
	at ChildProcess.emit (node:events:513:28)
	at maybeClose (node:internal/child_process:1093:16)
	at Socket.<anonymous> (node:internal/child_process:451:11)
	at Socket.emit (node:events:513:28)
	at Pipe.<anonymous> (node:net:757:14)] {
  code: 2,
  killed: false,
  signal: null,
  cmd: '/usr/bin/python2 -I /workspace/.vscode-remote/extensions/ms-python.python-2023.8.0-universal/pythonFiles/get_output_via_markers.py /workspace/.vscode-remote/extensions/ms-python.python-2023.8.0-universal/pythonFiles/interpreterInfo.py'
}
2023-06-04 13:30:19.390 [error] Support for Python 2.7 has been dropped by the Python extension so certain features may not work, upgrade to using Python 3.
2023-06-04 13:30:19.403 [info] > /usr/bin/python2 /workspace/.vscode-remote/extensions/ms-python.python-2023.8.0-universal/pythonFiles/get_output_via_markers.py /workspace/.vscode-remote/extensions/ms-python.python-2023.8.0-universal/pythonFiles/interpreterInfo.py
2023-06-04 13:30:19.434 [info] > /usr/bin/python3 -I /workspace/.vscode-remote/extensions/ms-python.python-2023.8.0-universal/pythonFiles/get_output_via_markers.py /workspace/.vscode-remote/extensions/ms-python.python-2023.8.0-universal/pythonFiles/interpreterInfo.py
2023-06-04 13:30:19.515 [info] Found: /bin/python2 --> /bin/python2.7
2023-06-04 13:30:19.515 [info] Found: /bin/python2.7 --> /bin/python2.7
2023-06-04 13:30:19.518 [info] Found: /bin/python3 --> /bin/python3.8
2023-06-04 13:30:19.518 [info] Found: /bin/python3.8 --> /bin/python3.8
2023-06-04 13:30:19.526 [info] Found: /usr/bin/python2 --> /usr/bin/python2.7
2023-06-04 13:30:19.526 [info] Found: /usr/bin/python2.7 --> /usr/bin/python2.7
2023-06-04 13:30:19.527 [info] Found: /usr/bin/python3 --> /usr/bin/python3.8
2023-06-04 13:30:19.527 [info] Found: /usr/bin/python3.8 --> /usr/bin/python3.8
2023-06-04 13:36:06.574 [info] > ~/.pyenv/versions/3.8.11/bin/python /workspace/.vscode-remote/extensions/ms-python.python-2023.8.0-universal/pythonFiles/linter.py -m pycodestyle ./blog/views.py
2023-06-04 13:36:06.574 [info] cwd: .
2023-06-04 13:36:06.694 [info] ##########Linting Output - pycodestyle##########

2023-06-04 13:36:06.694 [info] 127,80,E,E501:line too long (96 > 79 characters)
131,80,E,E501:line too long (137 > 79 characters)

2023-06-04 13:37:07.320 [info] > ~/.pyenv/versions/3.8.11/bin/python /workspace/.vscode-remote/extensions/ms-python.python-2023.8.0-universal/pythonFiles/linter.py -m pycodestyle ./blog/forms.py
2023-06-04 13:37:07.320 [info] cwd: .
2023-06-04 13:37:07.404 [info] ##########Linting Output - pycodestyle##########

2023-06-04 13:37:07.404 [info] 
2023-06-04 13:57:00.625 [info] > ~/.pyenv/versions/3.8.11/bin/python /workspace/.vscode-remote/extensions/ms-python.python-2023.8.0-universal/pythonFiles/linter.py -m pycodestyle ./blog/forms.py
2023-06-04 13:57:00.625 [info] cwd: .
2023-06-04 13:57:00.709 [info] ##########Linting Output - pycodestyle##########

2023-06-04 13:57:00.709 [info] 
2023-06-04 14:35:55.500 [info] > ~/.pyenv/versions/3.8.11/bin/python /workspace/.vscode-remote/extensions/ms-python.python-2023.8.0-universal/pythonFiles/linter.py -m pycodestyle ./blog/forms.py
2023-06-04 14:35:55.502 [info] cwd: .
2023-06-04 14:35:55.657 [info] ##########Linting Output - pycodestyle##########

2023-06-04 14:35:55.657 [info] 20,80,E,E501:line too long (97 > 79 characters)
23,1,E,E302:expected 2 blank lines, found 1

2023-06-04 14:37:35.830 [info] > ~/.pyenv/versions/3.8.11/bin/python /workspace/.vscode-remote/extensions/ms-python.python-2023.8.0-universal/pythonFiles/linter.py -m pycodestyle ./blog/views.py
2023-06-04 14:37:35.830 [info] cwd: .
2023-06-04 14:37:35.973 [info] ##########Linting Output - pycodestyle##########

2023-06-04 14:37:35.973 [info] 127,80,E,E501:line too long (96 > 79 characters)
131,80,E,E501:line too long (137 > 79 characters)

2023-06-04 14:55:23.800 [info] > ~/.pyenv/versions/3.8.11/bin/python /workspace/.vscode-remote/extensions/ms-python.python-2023.8.0-universal/pythonFiles/linter.py -m pycodestyle ./blog/models.py
2023-06-04 14:55:23.801 [info] cwd: .
2023-06-04 14:55:23.891 [info] ##########Linting Output - pycodestyle##########

2023-06-04 14:55:23.891 [info] 12,80,E,E501:line too long (92 > 79 characters)
20,80,E,E501:line too long (80 > 79 characters)
35,80,E,E501:line too long (96 > 79 characters)
36,80,E,E501:line too long (90 > 79 characters)

2023-06-04 14:55:35.041 [info] > ~/.pyenv/versions/3.8.11/bin/python /workspace/.vscode-remote/extensions/ms-python.python-2023.8.0-universal/pythonFiles/linter.py -m pycodestyle ./blog/views.py
2023-06-04 14:55:35.042 [info] cwd: .
2023-06-04 14:55:35.144 [info] ##########Linting Output - pycodestyle##########

2023-06-04 14:55:35.144 [info] 127,80,E,E501:line too long (96 > 79 characters)
131,80,E,E501:line too long (137 > 79 characters)

2023-06-04 14:56:20.672 [info] > ~/.pyenv/versions/3.8.11/bin/python /workspace/.vscode-remote/extensions/ms-python.python-2023.8.0-universal/pythonFiles/linter.py -m pycodestyle ./blog/views.py
2023-06-04 14:56:20.673 [info] cwd: .
2023-06-04 14:56:20.783 [info] ##########Linting Output - pycodestyle##########

2023-06-04 14:56:20.783 [info] 108,5,E,E112:expected an indented block
126,80,E,E501:line too long (96 > 79 characters)
130,80,E,E501:line too long (137 > 79 characters)

2023-06-04 15:03:25.022 [info] > ~/.pyenv/versions/3.8.11/bin/python /workspace/.vscode-remote/extensions/ms-python.python-2023.8.0-universal/pythonFiles/linter.py -m pycodestyle ./blog/views.py
2023-06-04 15:03:25.022 [info] cwd: .
2023-06-04 15:03:25.128 [info] ##########Linting Output - pycodestyle##########

2023-06-04 15:03:25.128 [info] 117,12,E,E901:IndentationError: unindent does not match any outer indentation level

2023-06-04 15:04:13.960 [info] > ~/.pyenv/versions/3.8.11/bin/python /workspace/.vscode-remote/extensions/ms-python.python-2023.8.0-universal/pythonFiles/linter.py -m pycodestyle ./blog/views.py
2023-06-04 15:04:13.960 [info] cwd: .
2023-06-04 15:04:14.053 [info] ##########Linting Output - pycodestyle##########

2023-06-04 15:04:14.053 [info] 117,12,E,E901:IndentationError: unindent does not match any outer indentation level

2023-06-04 15:04:25.219 [info] > ~/.pyenv/versions/3.8.11/bin/python /workspace/.vscode-remote/extensions/ms-python.python-2023.8.0-universal/pythonFiles/linter.py -m pycodestyle ./blog/views.py
2023-06-04 15:04:25.219 [info] cwd: .
2023-06-04 15:04:25.341 [info] ##########Linting Output - pycodestyle##########

2023-06-04 15:04:25.341 [info] 126,80,E,E501:line too long (96 > 79 characters)
130,80,E,E501:line too long (137 > 79 characters)

2023-06-04 15:14:38.960 [info] > ~/.pyenv/versions/3.8.11/bin/python /workspace/.vscode-remote/extensions/ms-python.python-2023.8.0-universal/pythonFiles/linter.py -m pycodestyle ./blog/views.py
2023-06-04 15:14:38.961 [info] cwd: .
2023-06-04 15:14:39.069 [info] ##########Linting Output - pycodestyle##########

2023-06-04 15:14:39.069 [info] 108,80,E,E501:line too long (110 > 79 characters)
126,80,E,E501:line too long (100 > 79 characters)
130,80,E,E501:line too long (141 > 79 characters)

2023-06-04 15:28:15.440 [info] > ~/.pyenv/versions/3.8.11/bin/python /workspace/.vscode-remote/extensions/ms-python.python-2023.8.0-universal/pythonFiles/linter.py -m pycodestyle ./blog/models.py
2023-06-04 15:28:15.440 [info] cwd: .
2023-06-04 15:28:15.524 [info] ##########Linting Output - pycodestyle##########

2023-06-04 15:28:15.524 [info] 12,80,E,E501:line too long (92 > 79 characters)
20,80,E,E501:line too long (80 > 79 characters)
35,80,E,E501:line too long (96 > 79 characters)
36,80,E,E501:line too long (90 > 79 characters)

2023-06-04 15:46:41.146 [info] > ~/.pyenv/versions/3.8.11/bin/python /workspace/.vscode-remote/extensions/ms-python.python-2023.8.0-universal/pythonFiles/linter.py -m pycodestyle ./blog/forms.py
2023-06-04 15:46:41.146 [info] cwd: .
2023-06-04 15:46:41.237 [info] ##########Linting Output - pycodestyle##########

2023-06-04 15:46:41.237 [info] 5,1,E,E302:expected 2 blank lines, found 1
19,80,E,E501:line too long (91 > 79 characters)
22,1,E,E302:expected 2 blank lines, found 1

2023-06-04 15:49:29.029 [info] > ~/.pyenv/versions/3.8.11/bin/python /workspace/.vscode-remote/extensions/ms-python.python-2023.8.0-universal/pythonFiles/linter.py -m pycodestyle ./blog/views.py
2023-06-04 15:49:29.029 [info] cwd: .
2023-06-04 15:49:29.136 [info] ##########Linting Output - pycodestyle##########

2023-06-04 15:49:29.136 [info] 108,80,E,E501:line too long (110 > 79 characters)
126,80,E,E501:line too long (100 > 79 characters)
130,80,E,E501:line too long (141 > 79 characters)

2023-06-04 15:52:58.307 [info] > ~/.pyenv/versions/3.8.11/bin/python /workspace/.vscode-remote/extensions/ms-python.python-2023.8.0-universal/pythonFiles/linter.py -m pycodestyle ./blog/views.py
2023-06-04 15:52:58.307 [info] cwd: .
2023-06-04 15:52:58.411 [info] ##########Linting Output - pycodestyle##########

2023-06-04 15:52:58.411 [info] 105,1,E,E402:module level import not at top of file
106,1,E,E402:module level import not at top of file
108,1,E,E302:expected 2 blank lines, found 1

2023-06-04 15:56:17.401 [info] > ~/.pyenv/versions/3.8.11/bin/python /workspace/.vscode-remote/extensions/ms-python.python-2023.8.0-universal/pythonFiles/linter.py -m pycodestyle ./blog/views.py
2023-06-04 15:56:17.401 [info] cwd: .
2023-06-04 15:56:17.507 [info] ##########Linting Output - pycodestyle##########

2023-06-04 15:56:17.507 [info] 
2023-06-04 16:02:16.428 [info] > ~/.pyenv/versions/3.8.11/bin/python /workspace/.vscode-remote/extensions/ms-python.python-2023.8.0-universal/pythonFiles/linter.py -m pycodestyle ./blog/views.py
2023-06-04 16:02:16.428 [info] cwd: .
2023-06-04 16:02:16.532 [info] ##########Linting Output - pycodestyle##########

2023-06-04 16:02:16.532 [info] 
