2023-05-31 12:15:28.588 [info] Log level: Info
2023-05-31 12:15:28.588 [info] Validating found git in: "git"
2023-05-31 12:15:28.588 [info] Using git "2.37.3" from "git"
2023-05-31 12:15:28.588 [info] > git rev-parse --show-toplevel [13ms]
2023-05-31 12:15:28.588 [info] > git rev-parse --git-dir --git-common-dir [7ms]
2023-05-31 12:15:28.588 [info] Open repository: /workspace/bavarian-cristus-PP4
2023-05-31 12:15:28.588 [info] > git rev-parse --show-toplevel [8ms]
2023-05-31 12:15:28.588 [info] > git rev-parse --show-toplevel [34ms]
2023-05-31 12:15:28.588 [info] > git config --get commit.template [47ms]
2023-05-31 12:15:28.588 [info] > git rev-parse --show-toplevel [15ms]
2023-05-31 12:15:28.588 [info] > git rev-parse --show-toplevel [7ms]
2023-05-31 12:15:28.588 [info] > git for-each-ref --format=%(refname)%00%(upstream:short)%00%(objectname)%00%(upstream:track)%00%(upstream:remotename)%00%(upstream:remoteref) refs/heads/main refs/remotes/main [7ms]
2023-05-31 12:15:28.588 [info] > git rev-parse --show-toplevel [8ms]
2023-05-31 12:15:28.588 [info] > git rev-parse --show-toplevel [3ms]
2023-05-31 12:15:28.588 [info] > git rev-parse --show-toplevel [4ms]
2023-05-31 12:15:28.588 [info] > git rev-parse --show-toplevel [1ms]
2023-05-31 12:15:28.588 [info] > git rev-parse --show-toplevel [3ms]
2023-05-31 12:15:28.588 [info] > git status -z -uall [43ms]
2023-05-31 12:15:28.588 [info] > git rev-parse --show-toplevel [7ms]
2023-05-31 12:15:28.588 [info] > git config --get commit.template [1ms]
2023-05-31 12:15:28.588 [info] > git for-each-ref --format=%(refname)%00%(upstream:short)%00%(objectname)%00%(upstream:track)%00%(upstream:remotename)%00%(upstream:remoteref) refs/heads/main refs/remotes/main [12ms]
2023-05-31 12:15:28.588 [info] > git status -z -uall [39ms]
2023-05-31 12:15:28.709 [info] > git check-ignore -v -z --stdin [1ms]
2023-05-31 12:15:28.854 [info] > git show --textconv :static/css/style.css [7ms]
2023-05-31 12:15:28.855 [info] > git ls-files --stage -- /workspace/bavarian-cristus-PP4/static/css/style.css [2ms]
2023-05-31 12:15:28.879 [info] > git cat-file -s 38d4bb5747894c542471edcdb4406a542bcd1990 [18ms]
2023-05-31 12:15:29.545 [info] > git config --local branch.main.github-pr-owner-number [62ms]
2023-05-31 12:15:29.570 [info] > git config --get commit.template [15ms]
2023-05-31 12:15:29.589 [info] > git for-each-ref --format=%(refname)%00%(upstream:short)%00%(objectname)%00%(upstream:track)%00%(upstream:remotename)%00%(upstream:remoteref) refs/heads/main refs/remotes/main [9ms]
2023-05-31 12:15:29.637 [info] > git status -z -uall [38ms]
2023-05-31 12:15:35.191 [info] > git check-ignore -v -z --stdin [1ms]
2023-05-31 12:15:37.887 [info] > git check-ignore -v -z --stdin [1ms]
2023-05-31 12:15:39.375 [info] > git show --textconv :blog/views.py [26ms]
2023-05-31 12:15:39.375 [info] > git ls-files --stage -- /workspace/bavarian-cristus-PP4/blog/views.py [6ms]
2023-05-31 12:15:39.396 [info] > git cat-file -s 722f5dfc156e785e758ce9ba6e60dd03fb797f10 [2ms]
2023-05-31 12:15:40.528 [info] > git show --textconv :blog/urls.py [15ms]
2023-05-31 12:15:40.531 [info] > git ls-files --stage -- /workspace/bavarian-cristus-PP4/blog/urls.py [4ms]
2023-05-31 12:15:40.547 [info] > git cat-file -s 50b3dc92c20bc18e0428f4137123b6e5e53df6fc [2ms]
2023-05-31 12:17:01.411 [info] > git config --get commit.template [12ms]
2023-05-31 12:17:01.412 [info] > git for-each-ref --format=%(refname)%00%(upstream:short)%00%(objectname)%00%(upstream:track)%00%(upstream:remotename)%00%(upstream:remoteref) refs/heads/main refs/remotes/main [1ms]
2023-05-31 12:17:01.462 [info] > git status -z -uall [43ms]
2023-05-31 12:17:30.769 [info] > git config --get commit.template [9ms]
2023-05-31 12:17:30.770 [info] > git for-each-ref --format=%(refname)%00%(upstream:short)%00%(objectname)%00%(upstream:track)%00%(upstream:remotename)%00%(upstream:remoteref) refs/heads/main refs/remotes/main [2ms]
2023-05-31 12:17:30.817 [info] > git status -z -uall [40ms]
2023-05-31 12:18:43.342 [info] > git config --get commit.template [1ms]
2023-05-31 12:18:43.353 [info] > git for-each-ref --format=%(refname)%00%(upstream:short)%00%(objectname)%00%(upstream:track)%00%(upstream:remotename)%00%(upstream:remoteref) refs/heads/main refs/remotes/main [2ms]
2023-05-31 12:18:43.404 [info] > git status -z -uall [41ms]
2023-05-31 12:18:56.322 [info] > git config --get commit.template [9ms]
2023-05-31 12:18:56.323 [info] > git for-each-ref --format=%(refname)%00%(upstream:short)%00%(objectname)%00%(upstream:track)%00%(upstream:remotename)%00%(upstream:remoteref) refs/heads/main refs/remotes/main [1ms]
2023-05-31 12:18:56.380 [info] > git status -z -uall [46ms]
2023-05-31 12:20:29.171 [info] > git config --local branch.main.github-pr-owner-number [1ms]
2023-05-31 12:20:29.185 [info] > git config --get commit.template [6ms]
2023-05-31 12:20:29.186 [info] > git for-each-ref --format=%(refname)%00%(upstream:short)%00%(objectname)%00%(upstream:track)%00%(upstream:remotename)%00%(upstream:remoteref) refs/heads/main refs/remotes/main [1ms]
2023-05-31 12:20:29.230 [info] > git status -z -uall [39ms]
2023-05-31 12:25:29.246 [info] > git config --local branch.main.github-pr-owner-number [2ms]
2023-05-31 12:25:29.262 [info] > git config --get commit.template [7ms]
2023-05-31 12:25:29.262 [info] > git for-each-ref --format=%(refname)%00%(upstream:short)%00%(objectname)%00%(upstream:track)%00%(upstream:remotename)%00%(upstream:remoteref) refs/heads/main refs/remotes/main [1ms]
2023-05-31 12:25:29.309 [info] > git status -z -uall [41ms]
2023-05-31 12:30:29.323 [info] > git config --local branch.main.github-pr-owner-number [1ms]
2023-05-31 12:30:29.346 [info] > git config --get commit.template [12ms]
2023-05-31 12:30:29.346 [info] > git for-each-ref --format=%(refname)%00%(upstream:short)%00%(objectname)%00%(upstream:track)%00%(upstream:remotename)%00%(upstream:remoteref) refs/heads/main refs/remotes/main [1ms]
2023-05-31 12:30:29.395 [info] > git status -z -uall [38ms]
2023-05-31 12:35:29.413 [info] > git config --local branch.main.github-pr-owner-number [1ms]
2023-05-31 12:35:29.433 [info] > git config --get commit.template [11ms]
2023-05-31 12:35:29.433 [info] > git for-each-ref --format=%(refname)%00%(upstream:short)%00%(objectname)%00%(upstream:track)%00%(upstream:remotename)%00%(upstream:remoteref) refs/heads/main refs/remotes/main [1ms]
2023-05-31 12:35:29.487 [info] > git status -z -uall [43ms]
2023-05-31 12:40:29.501 [info] > git config --local branch.main.github-pr-owner-number [1ms]
2023-05-31 12:40:29.516 [info] > git config --get commit.template [7ms]
2023-05-31 12:40:29.517 [info] > git for-each-ref --format=%(refname)%00%(upstream:short)%00%(objectname)%00%(upstream:track)%00%(upstream:remotename)%00%(upstream:remoteref) refs/heads/main refs/remotes/main [2ms]
2023-05-31 12:40:29.562 [info] > git status -z -uall [39ms]
2023-05-31 12:45:29.578 [info] > git config --local branch.main.github-pr-owner-number [1ms]
2023-05-31 12:45:29.593 [info] > git config --get commit.template [7ms]
2023-05-31 12:45:29.593 [info] > git for-each-ref --format=%(refname)%00%(upstream:short)%00%(objectname)%00%(upstream:track)%00%(upstream:remotename)%00%(upstream:remoteref) refs/heads/main refs/remotes/main [2ms]
2023-05-31 12:45:29.637 [info] > git status -z -uall [39ms]
