2023-06-01 06:49:09.222 [info] Extension host with pid 1024 started
2023-06-01 06:49:09.234 [info] Lock '/workspace/.vscode-remote/data/User/workspaceStorage/-5c17c0d9/vscode.lock': Lock acquired.
2023-06-01 06:49:09.422 [info] ExtensionService#_doActivateExtension vscode.git-base, startup: true, activationEvent: '*', root cause: vscode.git
2023-06-01 06:49:09.423 [info] ExtensionService#_doActivateExtension gitpod.gitpod-web, startup: true, activationEvent: '*'
2023-06-01 06:49:09.423 [info] ExtensionService#_doActivateExtension formulahendry.auto-close-tag, startup: true, activationEvent: '*'
2023-06-01 06:49:09.423 [info] ExtensionService#_doActivateExtension HookyQR.beautify, startup: true, activationEvent: '*'
2023-06-01 06:49:09.543 [info] ExtensionService#_doActivateExtension ms-python.python, startup: true, activationEvent: 'workspaceContains:requirements.txt'
2023-06-01 06:49:09.815 [info] ExtensionService#_doActivateExtension vscode.git, startup: true, activationEvent: '*'
2023-06-01 06:49:09.815 [info] ExtensionService#_doActivateExtension vscode.github, startup: true, activationEvent: '*'
2023-06-01 06:49:10.155 [info] ExtensionService#_doActivateExtension vscode.emmet, startup: false, activationEvent: 'onLanguage'
2023-06-01 06:49:10.470 [info] Eager extensions activated
2023-06-01 06:49:10.470 [info] ExtensionService#_doActivateExtension vscode.debug-auto-launch, startup: false, activationEvent: 'onStartupFinished'
2023-06-01 06:49:10.471 [info] ExtensionService#_doActivateExtension vscode.merge-conflict, startup: false, activationEvent: 'onStartupFinished'
2023-06-01 06:49:10.471 [info] ExtensionService#_doActivateExtension vscode.github-authentication, startup: false, activationEvent: 'onStartupFinished', root cause: GitHub.vscode-pull-request-github
2023-06-01 06:49:10.712 [info] ExtensionService#_doActivateExtension redhat.vscode-yaml, startup: false, activationEvent: 'onLanguage:yaml'
2023-06-01 06:49:10.802 [info] ExtensionService#_doActivateExtension GitHub.vscode-pull-request-github, startup: false, activationEvent: 'onStartupFinished'
2023-06-01 06:49:11.123 [warning] [redhat.vscode-yaml] Accessing a resource scoped configuration without providing a resource is not expected. To get the effective value for '[yaml]', provide the URI of a resource or 'null' for any resource.
2023-06-01 06:49:11.124 [warning] [redhat.vscode-yaml] Accessing a resource scoped configuration without providing a resource is not expected. To get the effective value for '[yaml]', provide the URI of a resource or 'null' for any resource.
2023-06-01 06:49:45.024 [warning] [redhat.vscode-yaml] Accessing a resource scoped configuration without providing a resource is not expected. To get the effective value for '[yaml]', provide the URI of a resource or 'null' for any resource.
2023-06-01 06:49:47.774 [info] ExtensionService#_doActivateExtension vscode.json-language-features, startup: false, activationEvent: 'onLanguage:jsonc'
2023-06-01 06:49:47.774 [info] ExtensionService#_doActivateExtension vscode.typescript-language-features, startup: false, activationEvent: 'onLanguage:jsonc'
2023-06-01 06:49:49.980 [warning] [redhat.vscode-yaml] Accessing a resource scoped configuration without providing a resource is not expected. To get the effective value for '[yaml]', provide the URI of a resource or 'null' for any resource.
2023-06-01 06:49:49.995 [warning] [redhat.vscode-yaml] Accessing a resource scoped configuration without providing a resource is not expected. To get the effective value for '[yaml]', provide the URI of a resource or 'null' for any resource.
2023-06-01 06:49:50.014 [warning] [redhat.vscode-yaml] Accessing a resource scoped configuration without providing a resource is not expected. To get the effective value for '[yaml]', provide the URI of a resource or 'null' for any resource.
2023-06-01 06:49:50.034 [warning] [redhat.vscode-yaml] Accessing a resource scoped configuration without providing a resource is not expected. To get the effective value for '[yaml]', provide the URI of a resource or 'null' for any resource.
2023-06-01 06:49:50.054 [warning] [redhat.vscode-yaml] Accessing a resource scoped configuration without providing a resource is not expected. To get the effective value for '[yaml]', provide the URI of a resource or 'null' for any resource.
2023-06-01 06:49:50.078 [warning] [redhat.vscode-yaml] Accessing a resource scoped configuration without providing a resource is not expected. To get the effective value for '[yaml]', provide the URI of a resource or 'null' for any resource.
2023-06-01 06:49:50.079 [warning] [redhat.vscode-yaml] Accessing a resource scoped configuration without providing a resource is not expected. To get the effective value for '[yaml]', provide the URI of a resource or 'null' for any resource.
2023-06-01 06:50:08.637 [warning] [redhat.vscode-yaml] Accessing a resource scoped configuration without providing a resource is not expected. To get the effective value for '[yaml]', provide the URI of a resource or 'null' for any resource.
2023-06-01 06:52:20.238 [info] ExtensionService#_doActivateExtension vscode.css-language-features, startup: false, activationEvent: 'onLanguage:css'
2023-06-01 06:53:15.325 [info] ExtensionService#_doActivateExtension vscode.html-language-features, startup: false, activationEvent: 'onLanguage:html'
2023-06-01 08:43:50.936 [info] ExtensionService#_doActivateExtension ms-toolsai.jupyter, startup: false, activationEvent: 'onLanguage:python'
2023-06-01 08:43:51.692 [info] ExtensionService#_doActivateExtension ms-toolsai.jupyter-renderers, startup: false, activationEvent: 'api', root cause: ms-toolsai.jupyter
2023-06-01 09:22:38.524 [info] ExtensionService#_doActivateExtension vscode.npm, startup: false, activationEvent: 'onTerminalQuickFixRequest:ms-vscode.npm-command'
2023-06-01 10:31:12.084 [info] Extension host terminating: received terminate message from renderer
2023-06-01 10:31:12.088 [info] Lock '/workspace/.vscode-remote/data/User/workspaceStorage/-5c17c0d9/vscode.lock': Marking the lockfile as scheduled to be released in 6000 ms.
2023-06-01 10:31:12.129 [error] Canceled: Canceled
	at new l (/ide/out/vs/workbench/api/node/extensionHostProcess.js:98:104563)
	at a.O (/ide/out/vs/workbench/api/node/extensionHostProcess.js:110:11657)
	at Proxy.H.<computed>.x.charCodeAt.H.<computed> (/ide/out/vs/workbench/api/node/extensionHostProcess.js:110:8947)
	at e.ExtHostCommands.g (/ide/out/vs/workbench/api/node/extensionHostProcess.js:98:124729)
	at e.ExtHostCommands.executeCommand (/ide/out/vs/workbench/api/node/extensionHostProcess.js:98:124105)
	at C.registerCommand.description (/ide/out/vs/workbench/api/node/extensionHostProcess.js:98:123398)
	at e.ExtHostCommands.h (/ide/out/vs/workbench/api/node/extensionHostProcess.js:98:125315)
	at e.ExtHostCommands.g (/ide/out/vs/workbench/api/node/extensionHostProcess.js:98:124205)
	at e.ExtHostCommands.executeCommand (/ide/out/vs/workbench/api/node/extensionHostProcess.js:98:124105)
	at Object.executeCommand (/ide/out/vs/workbench/api/node/extensionHostProcess.js:116:24043)
	at D (/ide/extensions/git/dist/main.js:2:1259661)
	at v.invoke (/ide/out/vs/workbench/api/node/extensionHostProcess.js:63:145)
	at h.deliver (/ide/out/vs/workbench/api/node/extensionHostProcess.js:63:2121)
	at i.fire (/ide/out/vs/workbench/api/node/extensionHostProcess.js:63:1729)
	at Object.m [as dispose] (/ide/extensions/git/dist/main.js:2:1274494)
	at /ide/extensions/git/dist/main.js:2:1278940
	at Array.forEach (<anonymous>)
	at g.dispose (/ide/extensions/git/dist/main.js:2:1278926)
	at t.<anonymous> (/ide/out/vs/workbench/api/node/extensionHostProcess.js:96:12369)
	at t.dispose (/ide/out/vs/workbench/api/node/extensionHostProcess.js:96:12504)
	at t.<anonymous> (/ide/extensions/git/dist/main.js:2:1261791)
	at t.dispose (/ide/out/vs/workbench/api/node/extensionHostProcess.js:96:12504)
	at P (/ide/out/vs/workbench/api/node/extensionHostProcess.js:10:12080)
	at v.Y (/ide/out/vs/workbench/api/node/extensionHostProcess.js:112:11173)
	at /ide/out/vs/workbench/api/node/extensionHostProcess.js:112:9157
	at Array.map (<anonymous>)
	at v.R (/ide/out/vs/workbench/api/node/extensionHostProcess.js:112:9144)
	at v.terminate (/ide/out/vs/workbench/api/node/extensionHostProcess.js:112:9415)
	at d.terminate (/ide/out/vs/workbench/api/node/extensionHostProcess.js:116:1544)
	at p (/ide/out/vs/workbench/api/node/extensionHostProcess.js:126:34439)
	at /ide/out/vs/workbench/api/node/extensionHostProcess.js:126:32349
	at v.invoke (/ide/out/vs/workbench/api/node/extensionHostProcess.js:63:145)
	at h.deliver (/ide/out/vs/workbench/api/node/extensionHostProcess.js:63:2121)
	at i.fire (/ide/out/vs/workbench/api/node/extensionHostProcess.js:63:1729)
	at p.fire (/ide/out/vs/workbench/api/node/extensionHostProcess.js:72:14852)
	at u.E (/ide/out/vs/workbench/api/node/extensionHostProcess.js:72:18899)
	at /ide/out/vs/workbench/api/node/extensionHostProcess.js:72:16887
	at v.invoke (/ide/out/vs/workbench/api/node/extensionHostProcess.js:63:145)
	at h.deliver (/ide/out/vs/workbench/api/node/extensionHostProcess.js:63:2121)
	at i.fire (/ide/out/vs/workbench/api/node/extensionHostProcess.js:63:1729)
	at d.acceptChunk (/ide/out/vs/workbench/api/node/extensionHostProcess.js:72:12583)
	at /ide/out/vs/workbench/api/node/extensionHostProcess.js:72:11870
	at v.invoke (/ide/out/vs/workbench/api/node/extensionHostProcess.js:63:145)
	at h.deliver (/ide/out/vs/workbench/api/node/extensionHostProcess.js:63:2121)
	at i.fire (/ide/out/vs/workbench/api/node/extensionHostProcess.js:63:1729)
	at y.u (/ide/out/vs/workbench/api/node/extensionHostProcess.js:126:20019) setContext undefined
2023-06-01 10:31:12.130 [error] Canceled: Canceled
	at new l (/ide/out/vs/workbench/api/node/extensionHostProcess.js:98:104563)
	at a.O (/ide/out/vs/workbench/api/node/extensionHostProcess.js:110:11657)
	at Proxy.H.<computed>.x.charCodeAt.H.<computed> (/ide/out/vs/workbench/api/node/extensionHostProcess.js:110:8947)
	at e.ExtHostCommands.g (/ide/out/vs/workbench/api/node/extensionHostProcess.js:98:124729)
	at e.ExtHostCommands.executeCommand (/ide/out/vs/workbench/api/node/extensionHostProcess.js:98:124105)
	at C.registerCommand.description (/ide/out/vs/workbench/api/node/extensionHostProcess.js:98:123398)
	at e.ExtHostCommands.h (/ide/out/vs/workbench/api/node/extensionHostProcess.js:98:125315)
	at e.ExtHostCommands.g (/ide/out/vs/workbench/api/node/extensionHostProcess.js:98:124205)
	at e.ExtHostCommands.executeCommand (/ide/out/vs/workbench/api/node/extensionHostProcess.js:98:124105)
	at Object.executeCommand (/ide/out/vs/workbench/api/node/extensionHostProcess.js:116:24043)
	at e (/workspace/.vscode-remote/extensions/github.vscode-pull-request-github-0.64.0-universal/dist/extension.js:1680:1339)
	at Object.n [as setContext] (/workspace/.vscode-remote/extensions/github.vscode-pull-request-github-0.64.0-universal/dist/extension.js:1680:1454)
	at Kc.updateActiveReviewCount (/workspace/.vscode-remote/extensions/github.vscode-pull-request-github-0.64.0-universal/dist/extension.js:1793:22178)
	at Kc.removeRepo (/workspace/.vscode-remote/extensions/github.vscode-pull-request-github-0.64.0-universal/dist/extension.js:1793:23255)
	at /workspace/.vscode-remote/extensions/github.vscode-pull-request-github-0.64.0-universal/dist/extension.js:1839:4079
	at v.invoke (/ide/out/vs/workbench/api/node/extensionHostProcess.js:63:145)
	at h.deliver (/ide/out/vs/workbench/api/node/extensionHostProcess.js:63:2121)
	at i.fire (/ide/out/vs/workbench/api/node/extensionHostProcess.js:63:1729)
	at /workspace/.vscode-remote/extensions/github.vscode-pull-request-github-0.64.0-universal/dist/extension.js:1649:461548
	at v.invoke (/ide/out/vs/workbench/api/node/extensionHostProcess.js:63:145)
	at h.deliver (/ide/out/vs/workbench/api/node/extensionHostProcess.js:63:2121)
	at i.fire (/ide/out/vs/workbench/api/node/extensionHostProcess.js:63:1729)
	at /workspace/.vscode-remote/extensions/github.vscode-pull-request-github-0.64.0-universal/dist/extension.js:1793:26725
	at /ide/extensions/git/dist/main.js:2:1346724
	at v.invoke (/ide/out/vs/workbench/api/node/extensionHostProcess.js:63:145)
	at h.deliver (/ide/out/vs/workbench/api/node/extensionHostProcess.js:63:2121)
	at i.fire (/ide/out/vs/workbench/api/node/extensionHostProcess.js:63:1729)
	at Object.m [as dispose] (/ide/extensions/git/dist/main.js:2:1274494)
	at /ide/extensions/git/dist/main.js:2:1278940
	at Array.forEach (<anonymous>)
	at g.dispose (/ide/extensions/git/dist/main.js:2:1278926)
	at t.<anonymous> (/ide/out/vs/workbench/api/node/extensionHostProcess.js:96:12369)
	at t.dispose (/ide/out/vs/workbench/api/node/extensionHostProcess.js:96:12504)
	at t.<anonymous> (/ide/extensions/git/dist/main.js:2:1261791)
	at t.dispose (/ide/out/vs/workbench/api/node/extensionHostProcess.js:96:12504)
	at P (/ide/out/vs/workbench/api/node/extensionHostProcess.js:10:12080)
	at v.Y (/ide/out/vs/workbench/api/node/extensionHostProcess.js:112:11173)
	at /ide/out/vs/workbench/api/node/extensionHostProcess.js:112:9157
	at Array.map (<anonymous>)
	at v.R (/ide/out/vs/workbench/api/node/extensionHostProcess.js:112:9144)
	at v.terminate (/ide/out/vs/workbench/api/node/extensionHostProcess.js:112:9415)
	at d.terminate (/ide/out/vs/workbench/api/node/extensionHostProcess.js:116:1544)
	at p (/ide/out/vs/workbench/api/node/extensionHostProcess.js:126:34439)
	at /ide/out/vs/workbench/api/node/extensionHostProcess.js:126:32349
	at v.invoke (/ide/out/vs/workbench/api/node/extensionHostProcess.js:63:145)
	at h.deliver (/ide/out/vs/workbench/api/node/extensionHostProcess.js:63:2121)
	at i.fire (/ide/out/vs/workbench/api/node/extensionHostProcess.js:63:1729)
	at p.fire (/ide/out/vs/workbench/api/node/extensionHostProcess.js:72:14852)
	at u.E (/ide/out/vs/workbench/api/node/extensionHostProcess.js:72:18899)
	at /ide/out/vs/workbench/api/node/extensionHostProcess.js:72:16887
	at v.invoke (/ide/out/vs/workbench/api/node/extensionHostProcess.js:63:145)
	at h.deliver (/ide/out/vs/workbench/api/node/extensionHostProcess.js:63:2121)
	at i.fire (/ide/out/vs/workbench/api/node/extensionHostProcess.js:63:1729)
	at d.acceptChunk (/ide/out/vs/workbench/api/node/extensionHostProcess.js:72:12583)
	at /ide/out/vs/workbench/api/node/extensionHostProcess.js:72:11870
	at v.invoke (/ide/out/vs/workbench/api/node/extensionHostProcess.js:63:145)
	at h.deliver (/ide/out/vs/workbench/api/node/extensionHostProcess.js:63:2121)
	at i.fire (/ide/out/vs/workbench/api/node/extensionHostProcess.js:63:1729)
	at y.u (/ide/out/vs/workbench/api/node/extensionHostProcess.js:126:20019) setContext undefined
2023-06-01 10:31:12.130 [error] Canceled: Canceled
	at new l (/ide/out/vs/workbench/api/node/extensionHostProcess.js:98:104563)
	at a.O (/ide/out/vs/workbench/api/node/extensionHostProcess.js:110:11657)
	at Proxy.H.<computed>.x.charCodeAt.H.<computed> (/ide/out/vs/workbench/api/node/extensionHostProcess.js:110:8947)
	at e.ExtHostCommands.g (/ide/out/vs/workbench/api/node/extensionHostProcess.js:98:124729)
	at e.ExtHostCommands.executeCommand (/ide/out/vs/workbench/api/node/extensionHostProcess.js:98:124105)
	at C.registerCommand.description (/ide/out/vs/workbench/api/node/extensionHostProcess.js:98:123398)
	at e.ExtHostCommands.h (/ide/out/vs/workbench/api/node/extensionHostProcess.js:98:125315)
	at e.ExtHostCommands.g (/ide/out/vs/workbench/api/node/extensionHostProcess.js:98:124205)
	at e.ExtHostCommands.executeCommand (/ide/out/vs/workbench/api/node/extensionHostProcess.js:98:124105)
	at Object.executeCommand (/ide/out/vs/workbench/api/node/extensionHostProcess.js:116:24043)
	at Sg.reset (/workspace/.vscode-remote/extensions/github.vscode-pull-request-github-0.64.0-universal/dist/extension.js:1826:2501)
	at Sg.dispose (/workspace/.vscode-remote/extensions/github.vscode-pull-request-github-0.64.0-universal/dist/extension.js:1826:2740)
	at P (/ide/out/vs/workbench/api/node/extensionHostProcess.js:10:12080)
	at v.Y (/ide/out/vs/workbench/api/node/extensionHostProcess.js:112:11173)
	at /ide/out/vs/workbench/api/node/extensionHostProcess.js:112:9157
	at Array.map (<anonymous>)
	at v.R (/ide/out/vs/workbench/api/node/extensionHostProcess.js:112:9144)
	at v.terminate (/ide/out/vs/workbench/api/node/extensionHostProcess.js:112:9415)
	at d.terminate (/ide/out/vs/workbench/api/node/extensionHostProcess.js:116:1544)
	at p (/ide/out/vs/workbench/api/node/extensionHostProcess.js:126:34439)
	at /ide/out/vs/workbench/api/node/extensionHostProcess.js:126:32349
	at v.invoke (/ide/out/vs/workbench/api/node/extensionHostProcess.js:63:145)
	at h.deliver (/ide/out/vs/workbench/api/node/extensionHostProcess.js:63:2121)
	at i.fire (/ide/out/vs/workbench/api/node/extensionHostProcess.js:63:1729)
	at p.fire (/ide/out/vs/workbench/api/node/extensionHostProcess.js:72:14852)
	at u.E (/ide/out/vs/workbench/api/node/extensionHostProcess.js:72:18899)
	at /ide/out/vs/workbench/api/node/extensionHostProcess.js:72:16887
	at v.invoke (/ide/out/vs/workbench/api/node/extensionHostProcess.js:63:145)
	at h.deliver (/ide/out/vs/workbench/api/node/extensionHostProcess.js:63:2121)
	at i.fire (/ide/out/vs/workbench/api/node/extensionHostProcess.js:63:1729)
	at d.acceptChunk (/ide/out/vs/workbench/api/node/extensionHostProcess.js:72:12583)
	at /ide/out/vs/workbench/api/node/extensionHostProcess.js:72:11870
	at v.invoke (/ide/out/vs/workbench/api/node/extensionHostProcess.js:63:145)
	at h.deliver (/ide/out/vs/workbench/api/node/extensionHostProcess.js:63:2121)
	at i.fire (/ide/out/vs/workbench/api/node/extensionHostProcess.js:63:1729)
	at y.u (/ide/out/vs/workbench/api/node/extensionHostProcess.js:126:20019) setContext undefined
2023-06-01 10:31:12.152 [info] Extension host with pid 1024 exiting with code 0
