2023-06-02 07:44:11.544 [warning] /home/gitpod/.ssh/config: ENOENT: no such file or directory, open '/home/gitpod/.ssh/config'
2023-06-02 07:44:11.861 [info] Looking for git repository
2023-06-02 07:44:11.861 [info] Found 0 repositories during activation
2023-06-02 07:44:11.861 [info] Git repository found, initializing review manager and pr tree view.
2023-06-02 07:44:11.866 [info] Registering git provider
2023-06-02 07:44:11.866 [info] Review> Validate state in progress
2023-06-02 07:44:11.866 [info] Review> Validating state...
2023-06-02 07:44:11.940 [info] Found GitHub remote for folder /workspace/bavarian-cristus-PP4
2023-06-02 07:44:12.562 [info] Repo state for file:///workspace/bavarian-cristus-PP4 changed.
2023-06-02 07:44:12.562 [info] Repo file:///workspace/bavarian-cristus-PP4 has already been setup.
2023-06-02 07:44:12.564 [info] Review> no matching pull request metadata found for current branch main
2023-06-02 07:44:12.859 [info] Review> No matching pull request metadata found on GitHub for current branch main
2023-06-02 08:31:20.633 [info] Review> Validate state in progress
2023-06-02 08:31:20.634 [info] Review> Validating state...
2023-06-02 08:31:20.740 [info] Found GitHub remote for folder /workspace/bavarian-cristus-PP4
2023-06-02 08:31:20.904 [info] Review> no matching pull request metadata found for current branch main
2023-06-02 08:31:21.156 [info] Review> No matching pull request metadata found on GitHub for current branch main
2023-06-02 08:31:26.647 [info] Review> Validate state in progress
2023-06-02 08:31:26.647 [info] Review> Validating state...
2023-06-02 08:31:26.689 [info] Found GitHub remote for folder /workspace/bavarian-cristus-PP4
2023-06-02 08:31:26.858 [info] Review> no matching pull request metadata found for current branch main
2023-06-02 08:31:27.122 [info] Review> No matching pull request metadata found on GitHub for current branch main
2023-06-02 09:40:54.373 [info] Review> Validate state in progress
2023-06-02 09:40:54.374 [info] Review> Validating state...
2023-06-02 09:40:54.477 [info] Found GitHub remote for folder /workspace/bavarian-cristus-PP4
2023-06-02 09:40:54.619 [info] Review> no matching pull request metadata found for current branch main
2023-06-02 09:40:54.857 [info] Review> No matching pull request metadata found on GitHub for current branch main
2023-06-02 09:41:00.127 [info] Review> Validate state in progress
2023-06-02 09:41:00.127 [info] Review> Validating state...
2023-06-02 09:41:00.158 [info] Found GitHub remote for folder /workspace/bavarian-cristus-PP4
2023-06-02 09:41:00.288 [info] Review> no matching pull request metadata found for current branch main
2023-06-02 09:41:00.568 [info] Review> No matching pull request metadata found on GitHub for current branch main
