2023-06-01 11:31:09.839 [info] Test server listening.
2023-06-01 11:31:09.839 [info] > conda info --json
2023-06-01 11:31:09.839 [info] Python interpreter path: ~/.pyenv/versions/3.8.11/bin/python
2023-06-01 11:31:09.839 [info] Found: /bin/python2 --> /bin/python2.7
2023-06-01 11:31:09.839 [info] Found: /bin/python2.7 --> /bin/python2.7
2023-06-01 11:31:09.839 [info] Found: /bin/python3 --> /bin/python3.8
2023-06-01 11:31:09.839 [info] Found: /bin/python3.8 --> /bin/python3.8
2023-06-01 11:31:09.877 [info] > ~/.pyenv/versions/3.8.11/bin/python -I /workspace/.vscode-remote/extensions/ms-python.python-2023.8.0-universal/pythonFiles/get_output_via_markers.py /workspace/.vscode-remote/extensions/ms-python.python-2023.8.0-universal/pythonFiles/interpreterInfo.py
2023-06-01 11:31:09.879 [info] Found: /usr/bin/python2 --> /usr/bin/python2.7
2023-06-01 11:31:09.885 [info] Found: /usr/bin/python2.7 --> /usr/bin/python2.7
2023-06-01 11:31:09.887 [info] Found: /usr/bin/python3 --> /usr/bin/python3.8
2023-06-01 11:31:09.887 [info] Found: /usr/bin/python3.8 --> /usr/bin/python3.8
2023-06-01 11:31:10.141 [info] > /bin/python2 -I /workspace/.vscode-remote/extensions/ms-python.python-2023.8.0-universal/pythonFiles/get_output_via_markers.py /workspace/.vscode-remote/extensions/ms-python.python-2023.8.0-universal/pythonFiles/interpreterInfo.py
2023-06-01 11:31:10.151 [info] > /bin/python3 -I /workspace/.vscode-remote/extensions/ms-python.python-2023.8.0-universal/pythonFiles/get_output_via_markers.py /workspace/.vscode-remote/extensions/ms-python.python-2023.8.0-universal/pythonFiles/interpreterInfo.py
2023-06-01 11:31:10.152 [warning] [Error: Command failed: /bin/python2 -I /workspace/.vscode-remote/extensions/ms-python.python-2023.8.0-universal/pythonFiles/get_output_via_markers.py /workspace/.vscode-remote/extensions/ms-python.python-2023.8.0-universal/pythonFiles/interpreterInfo.py
Unknown option: -I
usage: /bin/python2 [option] ... [-c cmd | -m mod | file | -] [arg] ...
Try `python -h' for more information.

	at ChildProcess.exithandler (node:child_process:400:12)
	at ChildProcess.emit (node:events:513:28)
	at maybeClose (node:internal/child_process:1093:16)
	at Socket.<anonymous> (node:internal/child_process:451:11)
	at Socket.emit (node:events:513:28)
	at Pipe.<anonymous> (node:net:757:14)] {
  code: 2,
  killed: false,
  signal: null,
  cmd: '/bin/python2 -I /workspace/.vscode-remote/extensions/ms-python.python-2023.8.0-universal/pythonFiles/get_output_via_markers.py /workspace/.vscode-remote/extensions/ms-python.python-2023.8.0-universal/pythonFiles/interpreterInfo.py'
}
2023-06-01 11:31:10.152 [error] Support for Python 2.7 has been dropped by the Python extension so certain features may not work, upgrade to using Python 3.
2023-06-01 11:31:10.158 [info] > /bin/python2 /workspace/.vscode-remote/extensions/ms-python.python-2023.8.0-universal/pythonFiles/get_output_via_markers.py /workspace/.vscode-remote/extensions/ms-python.python-2023.8.0-universal/pythonFiles/interpreterInfo.py
2023-06-01 11:31:10.172 [info] > /usr/bin/python2 -I /workspace/.vscode-remote/extensions/ms-python.python-2023.8.0-universal/pythonFiles/get_output_via_markers.py /workspace/.vscode-remote/extensions/ms-python.python-2023.8.0-universal/pythonFiles/interpreterInfo.py
2023-06-01 11:31:10.178 [warning] [Error: Command failed: /usr/bin/python2 -I /workspace/.vscode-remote/extensions/ms-python.python-2023.8.0-universal/pythonFiles/get_output_via_markers.py /workspace/.vscode-remote/extensions/ms-python.python-2023.8.0-universal/pythonFiles/interpreterInfo.py
Unknown option: -I
usage: /usr/bin/python2 [option] ... [-c cmd | -m mod | file | -] [arg] ...
Try `python -h' for more information.

	at ChildProcess.exithandler (node:child_process:400:12)
	at ChildProcess.emit (node:events:513:28)
	at maybeClose (node:internal/child_process:1093:16)
	at Socket.<anonymous> (node:internal/child_process:451:11)
	at Socket.emit (node:events:513:28)
	at Pipe.<anonymous> (node:net:757:14)] {
  code: 2,
  killed: false,
  signal: null,
  cmd: '/usr/bin/python2 -I /workspace/.vscode-remote/extensions/ms-python.python-2023.8.0-universal/pythonFiles/get_output_via_markers.py /workspace/.vscode-remote/extensions/ms-python.python-2023.8.0-universal/pythonFiles/interpreterInfo.py'
}
2023-06-01 11:31:10.178 [error] Support for Python 2.7 has been dropped by the Python extension so certain features may not work, upgrade to using Python 3.
2023-06-01 11:31:10.185 [info] > /usr/bin/python2 /workspace/.vscode-remote/extensions/ms-python.python-2023.8.0-universal/pythonFiles/get_output_via_markers.py /workspace/.vscode-remote/extensions/ms-python.python-2023.8.0-universal/pythonFiles/interpreterInfo.py
2023-06-01 11:31:10.212 [info] > /usr/bin/python3 -I /workspace/.vscode-remote/extensions/ms-python.python-2023.8.0-universal/pythonFiles/get_output_via_markers.py /workspace/.vscode-remote/extensions/ms-python.python-2023.8.0-universal/pythonFiles/interpreterInfo.py
2023-06-01 11:31:10.303 [info] Found: /bin/python2 --> /bin/python2.7
2023-06-01 11:31:10.303 [info] Found: /bin/python2.7 --> /bin/python2.7
2023-06-01 11:31:10.305 [info] Found: /bin/python3 --> /bin/python3.8
2023-06-01 11:31:10.305 [info] Found: /bin/python3.8 --> /bin/python3.8
2023-06-01 11:31:10.309 [info] Found: /usr/bin/python2 --> /usr/bin/python2.7
2023-06-01 11:31:10.309 [info] Found: /usr/bin/python2.7 --> /usr/bin/python2.7
2023-06-01 11:31:10.310 [info] Found: /usr/bin/python3 --> /usr/bin/python3.8
2023-06-01 11:31:10.310 [info] Found: /usr/bin/python3.8 --> /usr/bin/python3.8
2023-06-01 11:31:12.051 [info] Starting Jedi language server for bavarian-cristus-PP4.
2023-06-01 11:31:13.196 [info] > ~/.pyenv/versions/3.8.11/bin/python /workspace/.vscode-remote/extensions/ms-python.python-2023.8.0-universal/pythonFiles/linter.py -m pycodestyle ./blog/views.py
2023-06-01 11:31:13.196 [info] cwd: .
2023-06-01 11:31:13.298 [info] ##########Linting Output - pycodestyle##########

2023-06-01 11:31:13.298 [info] 127,80,E,E501:line too long (96 > 79 characters)
131,80,E,E501:line too long (137 > 79 characters)

