2023-06-05 06:22:38.873 [info] Test server listening.
2023-06-05 06:22:38.873 [info] > conda info --json
2023-06-05 06:22:38.873 [info] Python interpreter path: ~/.pyenv/versions/3.8.11/bin/python
2023-06-05 06:22:38.873 [info] Found: /bin/python2 --> /bin/python2.7
2023-06-05 06:22:38.873 [info] Found: /bin/python2.7 --> /bin/python2.7
2023-06-05 06:22:38.873 [info] Found: /bin/python3 --> /bin/python3.8
2023-06-05 06:22:38.873 [info] Found: /bin/python3.8 --> /bin/python3.8
2023-06-05 06:22:38.873 [info] > ~/.pyenv/versions/3.8.11/bin/python -I /workspace/.vscode-remote/extensions/ms-python.python-2023.8.0-universal/pythonFiles/get_output_via_markers.py /workspace/.vscode-remote/extensions/ms-python.python-2023.8.0-universal/pythonFiles/interpreterInfo.py
2023-06-05 06:22:38.873 [info] Found: /usr/bin/python2 --> /usr/bin/python2.7
2023-06-05 06:22:38.873 [info] Found: /usr/bin/python2.7 --> /usr/bin/python2.7
2023-06-05 06:22:38.873 [info] Found: /usr/bin/python3 --> /usr/bin/python3.8
2023-06-05 06:22:38.873 [info] Found: /usr/bin/python3.8 --> /usr/bin/python3.8
2023-06-05 06:22:38.894 [info] > /bin/python2 -I /workspace/.vscode-remote/extensions/ms-python.python-2023.8.0-universal/pythonFiles/get_output_via_markers.py /workspace/.vscode-remote/extensions/ms-python.python-2023.8.0-universal/pythonFiles/interpreterInfo.py
2023-06-05 06:22:38.897 [warning] Retry failed, storage update failed for key PYTHON_GLOBAL_STORAGE_KEYS
2023-06-05 06:22:39.053 [warning] [Error: Command failed: /bin/python2 -I /workspace/.vscode-remote/extensions/ms-python.python-2023.8.0-universal/pythonFiles/get_output_via_markers.py /workspace/.vscode-remote/extensions/ms-python.python-2023.8.0-universal/pythonFiles/interpreterInfo.py
Unknown option: -I
usage: /bin/python2 [option] ... [-c cmd | -m mod | file | -] [arg] ...
Try `python -h' for more information.

	at ChildProcess.exithandler (node:child_process:400:12)
	at ChildProcess.emit (node:events:513:28)
	at maybeClose (node:internal/child_process:1093:16)
	at Socket.<anonymous> (node:internal/child_process:451:11)
	at Socket.emit (node:events:513:28)
	at Pipe.<anonymous> (node:net:757:14)] {
  code: 2,
  killed: false,
  signal: null,
  cmd: '/bin/python2 -I /workspace/.vscode-remote/extensions/ms-python.python-2023.8.0-universal/pythonFiles/get_output_via_markers.py /workspace/.vscode-remote/extensions/ms-python.python-2023.8.0-universal/pythonFiles/interpreterInfo.py'
}
2023-06-05 06:22:39.053 [error] Support for Python 2.7 has been dropped by the Python extension so certain features may not work, upgrade to using Python 3.
2023-06-05 06:22:39.071 [info] > /bin/python2 /workspace/.vscode-remote/extensions/ms-python.python-2023.8.0-universal/pythonFiles/get_output_via_markers.py /workspace/.vscode-remote/extensions/ms-python.python-2023.8.0-universal/pythonFiles/interpreterInfo.py
2023-06-05 06:22:39.118 [info] > /bin/python3 -I /workspace/.vscode-remote/extensions/ms-python.python-2023.8.0-universal/pythonFiles/get_output_via_markers.py /workspace/.vscode-remote/extensions/ms-python.python-2023.8.0-universal/pythonFiles/interpreterInfo.py
2023-06-05 06:22:39.150 [info] > /usr/bin/python2 -I /workspace/.vscode-remote/extensions/ms-python.python-2023.8.0-universal/pythonFiles/get_output_via_markers.py /workspace/.vscode-remote/extensions/ms-python.python-2023.8.0-universal/pythonFiles/interpreterInfo.py
2023-06-05 06:22:39.154 [warning] [Error: Command failed: /usr/bin/python2 -I /workspace/.vscode-remote/extensions/ms-python.python-2023.8.0-universal/pythonFiles/get_output_via_markers.py /workspace/.vscode-remote/extensions/ms-python.python-2023.8.0-universal/pythonFiles/interpreterInfo.py
Unknown option: -I
usage: /usr/bin/python2 [option] ... [-c cmd | -m mod | file | -] [arg] ...
Try `python -h' for more information.

	at ChildProcess.exithandler (node:child_process:400:12)
	at ChildProcess.emit (node:events:513:28)
	at maybeClose (node:internal/child_process:1093:16)
	at Socket.<anonymous> (node:internal/child_process:451:11)
	at Socket.emit (node:events:513:28)
	at Pipe.<anonymous> (node:net:757:14)] {
  code: 2,
  killed: false,
  signal: null,
  cmd: '/usr/bin/python2 -I /workspace/.vscode-remote/extensions/ms-python.python-2023.8.0-universal/pythonFiles/get_output_via_markers.py /workspace/.vscode-remote/extensions/ms-python.python-2023.8.0-universal/pythonFiles/interpreterInfo.py'
}
2023-06-05 06:22:39.154 [error] Support for Python 2.7 has been dropped by the Python extension so certain features may not work, upgrade to using Python 3.
2023-06-05 06:22:39.186 [info] > /usr/bin/python2 /workspace/.vscode-remote/extensions/ms-python.python-2023.8.0-universal/pythonFiles/get_output_via_markers.py /workspace/.vscode-remote/extensions/ms-python.python-2023.8.0-universal/pythonFiles/interpreterInfo.py
2023-06-05 06:22:39.213 [info] > /usr/bin/python3 -I /workspace/.vscode-remote/extensions/ms-python.python-2023.8.0-universal/pythonFiles/get_output_via_markers.py /workspace/.vscode-remote/extensions/ms-python.python-2023.8.0-universal/pythonFiles/interpreterInfo.py
2023-06-05 06:22:39.350 [info] Found: /bin/python2 --> /bin/python2.7
2023-06-05 06:22:39.350 [info] Found: /bin/python2.7 --> /bin/python2.7
2023-06-05 06:22:39.353 [info] Found: /bin/python3 --> /bin/python3.8
2023-06-05 06:22:39.354 [info] Found: /bin/python3.8 --> /bin/python3.8
2023-06-05 06:22:39.376 [info] Found: /usr/bin/python2 --> /usr/bin/python2.7
2023-06-05 06:22:39.377 [info] Found: /usr/bin/python2.7 --> /usr/bin/python2.7
2023-06-05 06:22:39.377 [info] Found: /usr/bin/python3 --> /usr/bin/python3.8
2023-06-05 06:22:39.378 [info] Found: /usr/bin/python3.8 --> /usr/bin/python3.8
2023-06-05 06:22:39.681 [warning] Retry failed, storage update failed for key PYTHON_GLOBAL_STORAGE_KEYS
2023-06-05 06:22:39.681 [warning] Retry failed, storage update failed for key PYTHON_GLOBAL_STORAGE_KEYS
2023-06-05 06:22:39.681 [warning] Retry failed, storage update failed for key PYTHON_GLOBAL_STORAGE_KEYS
2023-06-05 06:22:39.681 [warning] Retry failed, storage update failed for key PYTHON_GLOBAL_STORAGE_KEYS
2023-06-05 06:22:39.681 [warning] Retry failed, storage update failed for key PYTHON_GLOBAL_STORAGE_KEYS
2023-06-05 06:22:40.928 [info] > ~/.pyenv/versions/3.8.11/bin/python /workspace/.vscode-remote/extensions/ms-python.python-2023.8.0-universal/pythonFiles/linter.py -m pycodestyle ./bcristus/settings.py
2023-06-05 06:22:40.928 [info] cwd: .
2023-06-05 06:22:41.077 [info] Starting Jedi language server for bavarian-cristus-PP4.
2023-06-05 06:22:41.271 [info] ##########Linting Output - pycodestyle##########

2023-06-05 06:22:41.271 [info] 35,80,E,E501:line too long (117 > 79 characters)
127,80,E,E501:line too long (91 > 79 characters)
130,80,E,E501:line too long (81 > 79 characters)
133,80,E,E501:line too long (82 > 79 characters)
136,80,E,E501:line too long (83 > 79 characters)
159,80,E,E501:line too long (80 > 79 characters)

2023-06-05 06:26:04.660 [info] > ~/.pyenv/versions/3.8.11/bin/python /workspace/.vscode-remote/extensions/ms-python.python-2023.8.0-universal/pythonFiles/linter.py -m pycodestyle ./bcristus/settings.py
2023-06-05 06:26:04.661 [info] cwd: .
2023-06-05 06:26:04.766 [info] ##########Linting Output - pycodestyle##########

2023-06-05 06:26:04.767 [info] 35,80,E,E501:line too long (117 > 79 characters)
127,80,E,E501:line too long (91 > 79 characters)
130,80,E,E501:line too long (81 > 79 characters)
133,80,E,E501:line too long (82 > 79 characters)
136,80,E,E501:line too long (83 > 79 characters)
159,80,E,E501:line too long (80 > 79 characters)

2023-06-05 06:59:49.946 [info] > ~/.pyenv/versions/3.8.11/bin/python /workspace/.vscode-remote/extensions/ms-python.python-2023.8.0-universal/pythonFiles/linter.py -m pycodestyle ./bcristus/settings.py
2023-06-05 06:59:49.946 [info] cwd: .
2023-06-05 06:59:50.047 [info] ##########Linting Output - pycodestyle##########

2023-06-05 06:59:50.047 [info] 35,80,E,E501:line too long (117 > 79 characters)
127,80,E,E501:line too long (91 > 79 characters)
130,80,E,E501:line too long (81 > 79 characters)
133,80,E,E501:line too long (82 > 79 characters)
136,80,E,E501:line too long (83 > 79 characters)
159,80,E,E501:line too long (80 > 79 characters)

2023-06-05 07:05:55.547 [info] > ~/.pyenv/versions/3.8.11/bin/python /workspace/.vscode-remote/extensions/ms-python.python-2023.8.0-universal/pythonFiles/linter.py -m pycodestyle ./bcristus/urls.py
2023-06-05 07:05:55.547 [info] cwd: .
2023-06-05 07:05:55.657 [info] ##########Linting Output - pycodestyle##########

2023-06-05 07:05:55.658 [info] 
2023-06-05 07:05:55.701 [info] > ~/.pyenv/versions/3.8.11/bin/python /workspace/.vscode-remote/extensions/ms-python.python-2023.8.0-universal/pythonFiles/linter.py -m pycodestyle ./bcristus/settings.py
2023-06-05 07:05:55.701 [info] cwd: .
2023-06-05 07:05:55.829 [info] ##########Linting Output - pycodestyle##########

2023-06-05 07:05:55.829 [info] 35,80,E,E501:line too long (117 > 79 characters)
127,80,E,E501:line too long (91 > 79 characters)
130,80,E,E501:line too long (81 > 79 characters)
133,80,E,E501:line too long (82 > 79 characters)
136,80,E,E501:line too long (83 > 79 characters)
159,80,E,E501:line too long (80 > 79 characters)

