2023-06-04 17:48:14.123 [info] Test server listening.
2023-06-04 17:48:14.123 [info] > conda info --json
2023-06-04 17:48:14.123 [info] Python interpreter path: ~/.pyenv/versions/3.8.11/bin/python
2023-06-04 17:48:14.123 [info] Found: /bin/python2 --> /bin/python2.7
2023-06-04 17:48:14.123 [info] Found: /bin/python2.7 --> /bin/python2.7
2023-06-04 17:48:14.123 [info] Found: /bin/python3 --> /bin/python3.8
2023-06-04 17:48:14.123 [info] Found: /bin/python3.8 --> /bin/python3.8
2023-06-04 17:48:14.123 [info] > ~/.pyenv/versions/3.8.11/bin/python -I /workspace/.vscode-remote/extensions/ms-python.python-2023.8.0-universal/pythonFiles/get_output_via_markers.py /workspace/.vscode-remote/extensions/ms-python.python-2023.8.0-universal/pythonFiles/interpreterInfo.py
2023-06-04 17:48:14.123 [info] Found: /usr/bin/python2 --> /usr/bin/python2.7
2023-06-04 17:48:14.123 [info] Found: /usr/bin/python2.7 --> /usr/bin/python2.7
2023-06-04 17:48:14.203 [info] Found: /usr/bin/python3 --> /usr/bin/python3.8
2023-06-04 17:48:14.203 [info] Found: /usr/bin/python3.8 --> /usr/bin/python3.8
2023-06-04 17:48:14.232 [info] > /bin/python2 -I /workspace/.vscode-remote/extensions/ms-python.python-2023.8.0-universal/pythonFiles/get_output_via_markers.py /workspace/.vscode-remote/extensions/ms-python.python-2023.8.0-universal/pythonFiles/interpreterInfo.py
2023-06-04 17:48:14.236 [warning] [Error: Command failed: /bin/python2 -I /workspace/.vscode-remote/extensions/ms-python.python-2023.8.0-universal/pythonFiles/get_output_via_markers.py /workspace/.vscode-remote/extensions/ms-python.python-2023.8.0-universal/pythonFiles/interpreterInfo.py
Unknown option: -I
usage: /bin/python2 [option] ... [-c cmd | -m mod | file | -] [arg] ...
Try `python -h' for more information.

	at ChildProcess.exithandler (node:child_process:400:12)
	at ChildProcess.emit (node:events:513:28)
	at maybeClose (node:internal/child_process:1093:16)
	at Socket.<anonymous> (node:internal/child_process:451:11)
	at Socket.emit (node:events:513:28)
	at Pipe.<anonymous> (node:net:757:14)] {
  code: 2,
  killed: false,
  signal: null,
  cmd: '/bin/python2 -I /workspace/.vscode-remote/extensions/ms-python.python-2023.8.0-universal/pythonFiles/get_output_via_markers.py /workspace/.vscode-remote/extensions/ms-python.python-2023.8.0-universal/pythonFiles/interpreterInfo.py'
}
2023-06-04 17:48:14.236 [error] Support for Python 2.7 has been dropped by the Python extension so certain features may not work, upgrade to using Python 3.
2023-06-04 17:48:14.243 [info] > /bin/python2 /workspace/.vscode-remote/extensions/ms-python.python-2023.8.0-universal/pythonFiles/get_output_via_markers.py /workspace/.vscode-remote/extensions/ms-python.python-2023.8.0-universal/pythonFiles/interpreterInfo.py
2023-06-04 17:48:14.264 [info] > /bin/python3 -I /workspace/.vscode-remote/extensions/ms-python.python-2023.8.0-universal/pythonFiles/get_output_via_markers.py /workspace/.vscode-remote/extensions/ms-python.python-2023.8.0-universal/pythonFiles/interpreterInfo.py
2023-06-04 17:48:14.277 [info] > /usr/bin/python2 -I /workspace/.vscode-remote/extensions/ms-python.python-2023.8.0-universal/pythonFiles/get_output_via_markers.py /workspace/.vscode-remote/extensions/ms-python.python-2023.8.0-universal/pythonFiles/interpreterInfo.py
2023-06-04 17:48:14.279 [warning] [Error: Command failed: /usr/bin/python2 -I /workspace/.vscode-remote/extensions/ms-python.python-2023.8.0-universal/pythonFiles/get_output_via_markers.py /workspace/.vscode-remote/extensions/ms-python.python-2023.8.0-universal/pythonFiles/interpreterInfo.py
Unknown option: -I
usage: /usr/bin/python2 [option] ... [-c cmd | -m mod | file | -] [arg] ...
Try `python -h' for more information.

	at ChildProcess.exithandler (node:child_process:400:12)
	at ChildProcess.emit (node:events:513:28)
	at maybeClose (node:internal/child_process:1093:16)
	at Process.ChildProcess._handle.onexit (node:internal/child_process:302:5)] {
  code: 2,
  killed: false,
  signal: null,
  cmd: '/usr/bin/python2 -I /workspace/.vscode-remote/extensions/ms-python.python-2023.8.0-universal/pythonFiles/get_output_via_markers.py /workspace/.vscode-remote/extensions/ms-python.python-2023.8.0-universal/pythonFiles/interpreterInfo.py'
}
2023-06-04 17:48:14.279 [error] Support for Python 2.7 has been dropped by the Python extension so certain features may not work, upgrade to using Python 3.
2023-06-04 17:48:14.287 [info] > /usr/bin/python2 /workspace/.vscode-remote/extensions/ms-python.python-2023.8.0-universal/pythonFiles/get_output_via_markers.py /workspace/.vscode-remote/extensions/ms-python.python-2023.8.0-universal/pythonFiles/interpreterInfo.py
2023-06-04 17:48:14.300 [info] > /usr/bin/python3 -I /workspace/.vscode-remote/extensions/ms-python.python-2023.8.0-universal/pythonFiles/get_output_via_markers.py /workspace/.vscode-remote/extensions/ms-python.python-2023.8.0-universal/pythonFiles/interpreterInfo.py
2023-06-04 17:48:14.339 [info] Found: /bin/python2 --> /bin/python2.7
2023-06-04 17:48:14.339 [info] Found: /bin/python2.7 --> /bin/python2.7
2023-06-04 17:48:14.341 [info] Found: /bin/python3 --> /bin/python3.8
2023-06-04 17:48:14.341 [info] Found: /bin/python3.8 --> /bin/python3.8
2023-06-04 17:48:14.345 [info] Found: /usr/bin/python2 --> /usr/bin/python2.7
2023-06-04 17:48:14.345 [info] Found: /usr/bin/python2.7 --> /usr/bin/python2.7
2023-06-04 17:48:14.346 [info] Found: /usr/bin/python3 --> /usr/bin/python3.8
2023-06-04 17:48:14.346 [info] Found: /usr/bin/python3.8 --> /usr/bin/python3.8
2023-06-04 17:48:16.119 [info] Starting Jedi language server for bavarian-cristus-PP4.
2023-06-04 17:48:16.801 [info] > ~/.pyenv/versions/3.8.11/bin/python /workspace/.vscode-remote/extensions/ms-python.python-2023.8.0-universal/pythonFiles/linter.py -m pycodestyle ./blog/views.py
2023-06-04 17:48:16.801 [info] cwd: .
2023-06-04 17:48:16.909 [info] ##########Linting Output - pycodestyle##########

2023-06-04 17:48:16.909 [info] 
2023-06-04 17:49:48.397 [info] > ~/.pyenv/versions/3.8.11/bin/python /workspace/.vscode-remote/extensions/ms-python.python-2023.8.0-universal/pythonFiles/linter.py -m pycodestyle ./blog/views.py
2023-06-04 17:49:48.397 [info] cwd: .
2023-06-04 17:49:48.494 [info] ##########Linting Output - pycodestyle##########

2023-06-04 17:49:48.494 [info] 118,1,W,W293:blank line contains whitespace

2023-06-04 18:08:21.002 [info] > ~/.pyenv/versions/3.8.11/bin/python /workspace/.vscode-remote/extensions/ms-python.python-2023.8.0-universal/pythonFiles/linter.py -m pycodestyle ./blog/forms.py
2023-06-04 18:08:21.002 [info] cwd: .
2023-06-04 18:08:21.092 [info] ##########Linting Output - pycodestyle##########

2023-06-04 18:08:21.092 [info] 5,1,E,E302:expected 2 blank lines, found 1
19,80,E,E501:line too long (91 > 79 characters)
22,1,E,E302:expected 2 blank lines, found 1

2023-06-04 18:17:59.816 [info] > ~/.pyenv/versions/3.8.11/bin/python /workspace/.vscode-remote/extensions/ms-python.python-2023.8.0-universal/pythonFiles/linter.py -m pycodestyle ./blog/urls.py
2023-06-04 18:17:59.816 [info] cwd: .
2023-06-04 18:17:59.897 [info] ##########Linting Output - pycodestyle##########

2023-06-04 18:17:59.897 [info] 7,80,E,E501:line too long (90 > 79 characters)
14,80,E,E501:line too long (90 > 79 characters)

2023-06-04 18:23:14.128 [info] > ~/.pyenv/versions/3.8.11/bin/python /workspace/.vscode-remote/extensions/ms-python.python-2023.8.0-universal/pythonFiles/linter.py -m pycodestyle ./blog/views.py
2023-06-04 18:23:14.128 [info] cwd: .
2023-06-04 18:23:14.236 [info] ##########Linting Output - pycodestyle##########

2023-06-04 18:23:14.236 [info] 118,1,W,W293:blank line contains whitespace
127,80,E,E501:line too long (141 > 79 characters)

2023-06-04 18:23:25.676 [info] > ~/.pyenv/versions/3.8.11/bin/python /workspace/.vscode-remote/extensions/ms-python.python-2023.8.0-universal/pythonFiles/linter.py -m pycodestyle ./blog/views.py
2023-06-04 18:23:25.676 [info] cwd: .
2023-06-04 18:23:25.783 [info] ##########Linting Output - pycodestyle##########

2023-06-04 18:23:25.784 [info] 118,1,W,W293:blank line contains whitespace
127,80,E,E501:line too long (141 > 79 characters)

2023-06-04 18:25:13.442 [info] > ~/.pyenv/versions/3.8.11/bin/python /workspace/.vscode-remote/extensions/ms-python.python-2023.8.0-universal/pythonFiles/linter.py -m pycodestyle ./blog/views.py
2023-06-04 18:25:13.442 [info] cwd: .
2023-06-04 18:25:13.599 [info] ##########Linting Output - pycodestyle##########

2023-06-04 18:25:13.599 [info] 118,1,W,W293:blank line contains whitespace
127,80,E,E501:line too long (141 > 79 characters)

2023-06-04 18:30:53.296 [info] > ~/.pyenv/versions/3.8.11/bin/python /workspace/.vscode-remote/extensions/ms-python.python-2023.8.0-universal/pythonFiles/linter.py -m pycodestyle ./blog/views.py
2023-06-04 18:30:53.296 [info] cwd: .
2023-06-04 18:30:53.392 [info] ##########Linting Output - pycodestyle##########

2023-06-04 18:30:53.392 [info] 127,80,E,E501:line too long (141 > 79 characters)

2023-06-04 18:31:03.943 [info] > ~/.pyenv/versions/3.8.11/bin/python /workspace/.vscode-remote/extensions/ms-python.python-2023.8.0-universal/pythonFiles/linter.py -m pycodestyle ./blog/forms.py
2023-06-04 18:31:03.943 [info] cwd: .
2023-06-04 18:31:04.029 [info] ##########Linting Output - pycodestyle##########

2023-06-04 18:31:04.029 [info] 5,1,E,E302:expected 2 blank lines, found 1
19,80,E,E501:line too long (91 > 79 characters)

2023-06-04 18:31:36.981 [info] > ~/.pyenv/versions/3.8.11/bin/python /workspace/.vscode-remote/extensions/ms-python.python-2023.8.0-universal/pythonFiles/linter.py -m pycodestyle ./blog/models.py
2023-06-04 18:31:36.981 [info] cwd: .
2023-06-04 18:31:37.085 [info] ##########Linting Output - pycodestyle##########

2023-06-04 18:31:37.085 [info] 12,80,E,E501:line too long (92 > 79 characters)
20,80,E,E501:line too long (80 > 79 characters)
35,80,E,E501:line too long (96 > 79 characters)
36,80,E,E501:line too long (90 > 79 characters)

2023-06-04 18:32:36.010 [info] > ~/.pyenv/versions/3.8.11/bin/python /workspace/.vscode-remote/extensions/ms-python.python-2023.8.0-universal/pythonFiles/linter.py -m pycodestyle ./blog/views.py
2023-06-04 18:32:36.010 [info] cwd: .
2023-06-04 18:32:36.115 [info] ##########Linting Output - pycodestyle##########

2023-06-04 18:32:36.115 [info] 127,80,E,E501:line too long (141 > 79 characters)

2023-06-04 18:39:57.674 [info] > ~/.pyenv/versions/3.8.11/bin/python /workspace/.vscode-remote/extensions/ms-python.python-2023.8.0-universal/pythonFiles/linter.py -m pycodestyle ./blog/views.py
2023-06-04 18:39:57.674 [info] cwd: .
2023-06-04 18:39:57.775 [info] ##########Linting Output - pycodestyle##########

2023-06-04 18:39:57.775 [info] 
2023-06-04 18:40:01.247 [info] > ~/.pyenv/versions/3.8.11/bin/python /workspace/.vscode-remote/extensions/ms-python.python-2023.8.0-universal/pythonFiles/linter.py -m pycodestyle ./blog/views.py
2023-06-04 18:40:01.247 [info] cwd: .
2023-06-04 18:40:01.351 [info] ##########Linting Output - pycodestyle##########

2023-06-04 18:40:01.351 [info] 
2023-06-04 18:40:40.870 [info] > ~/.pyenv/versions/3.8.11/bin/python /workspace/.vscode-remote/extensions/ms-python.python-2023.8.0-universal/pythonFiles/linter.py -m pycodestyle ./blog/views.py
2023-06-04 18:40:40.870 [info] cwd: .
2023-06-04 18:40:40.976 [info] ##########Linting Output - pycodestyle##########

2023-06-04 18:40:40.976 [info] 
2023-06-04 18:45:23.803 [info] > ~/.pyenv/versions/3.8.11/bin/python /workspace/.vscode-remote/extensions/ms-python.python-2023.8.0-universal/pythonFiles/linter.py -m pycodestyle ./blog/views.py
2023-06-04 18:45:23.803 [info] cwd: .
2023-06-04 18:45:23.916 [info] ##########Linting Output - pycodestyle##########

2023-06-04 18:45:23.916 [info] 
2023-06-04 18:55:22.291 [info] > ~/.pyenv/versions/3.8.11/bin/python /workspace/.vscode-remote/extensions/ms-python.python-2023.8.0-universal/pythonFiles/linter.py -m pycodestyle ./blog/views.py
2023-06-04 18:55:22.291 [info] cwd: .
2023-06-04 18:55:22.433 [info] ##########Linting Output - pycodestyle##########

2023-06-04 18:55:22.433 [info] 127,80,E,E501:line too long (96 > 79 characters)
131,80,E,E501:line too long (137 > 79 characters)
139,1,E,E302:expected 2 blank lines, found 1

2023-06-04 19:00:16.938 [info] > ~/.pyenv/versions/3.8.11/bin/python /workspace/.vscode-remote/extensions/ms-python.python-2023.8.0-universal/pythonFiles/linter.py -m pycodestyle ./blog/forms.py
2023-06-04 19:00:16.938 [info] cwd: .
2023-06-04 19:00:17.024 [info] ##########Linting Output - pycodestyle##########

2023-06-04 19:00:17.024 [info] 5,1,E,E302:expected 2 blank lines, found 1
19,80,E,E501:line too long (91 > 79 characters)

2023-06-04 19:00:26.267 [info] > ~/.pyenv/versions/3.8.11/bin/python /workspace/.vscode-remote/extensions/ms-python.python-2023.8.0-universal/pythonFiles/linter.py -m pycodestyle ./blog/views.py
2023-06-04 19:00:26.267 [info] cwd: .
2023-06-04 19:00:26.375 [info] ##########Linting Output - pycodestyle##########

2023-06-04 19:00:26.375 [info] 
2023-06-04 19:05:58.835 [info] > ~/.pyenv/versions/3.8.11/bin/python /workspace/.vscode-remote/extensions/ms-python.python-2023.8.0-universal/pythonFiles/linter.py -m pycodestyle ./blog/views.py
2023-06-04 19:05:58.835 [info] cwd: .
2023-06-04 19:05:58.944 [info] ##########Linting Output - pycodestyle##########

2023-06-04 19:05:58.944 [info] 
2023-06-04 19:12:33.809 [info] > ~/.pyenv/versions/3.8.11/bin/python /workspace/.vscode-remote/extensions/ms-python.python-2023.8.0-universal/pythonFiles/linter.py -m pycodestyle ./blog/forms.py
2023-06-04 19:12:33.809 [info] cwd: .
2023-06-04 19:12:33.892 [info] ##########Linting Output - pycodestyle##########

2023-06-04 19:12:33.892 [info] 5,1,E,E302:expected 2 blank lines, found 1
19,80,E,E501:line too long (91 > 79 characters)

2023-06-04 19:12:34.850 [info] > ~/.pyenv/versions/3.8.11/bin/python /workspace/.vscode-remote/extensions/ms-python.python-2023.8.0-universal/pythonFiles/linter.py -m pycodestyle ./blog/forms.py
2023-06-04 19:12:34.850 [info] cwd: .
2023-06-04 19:12:34.934 [info] ##########Linting Output - pycodestyle##########

2023-06-04 19:12:34.934 [info] 5,1,E,E302:expected 2 blank lines, found 1
19,80,E,E501:line too long (91 > 79 characters)

2023-06-04 19:14:01.224 [info] > ~/.pyenv/versions/3.8.11/bin/python /workspace/.vscode-remote/extensions/ms-python.python-2023.8.0-universal/pythonFiles/linter.py -m pycodestyle ./blog/views.py
2023-06-04 19:14:01.225 [info] cwd: .
2023-06-04 19:14:01.329 [info] ##########Linting Output - pycodestyle##########

2023-06-04 19:14:01.329 [info] 
2023-06-04 19:14:49.460 [info] > ~/.pyenv/versions/3.8.11/bin/python /workspace/.vscode-remote/extensions/ms-python.python-2023.8.0-universal/pythonFiles/linter.py -m pycodestyle ./blog/views.py
2023-06-04 19:14:49.460 [info] cwd: .
2023-06-04 19:14:49.571 [info] ##########Linting Output - pycodestyle##########

2023-06-04 19:14:49.571 [info] 
2023-06-04 19:24:03.783 [info] > ~/.pyenv/versions/3.8.11/bin/python /workspace/.vscode-remote/extensions/ms-python.python-2023.8.0-universal/pythonFiles/linter.py -m pycodestyle ./blog/views.py
2023-06-04 19:24:03.783 [info] cwd: .
2023-06-04 19:24:03.884 [info] ##########Linting Output - pycodestyle##########

2023-06-04 19:24:03.884 [info] 
2023-06-04 19:24:06.415 [info] > ~/.pyenv/versions/3.8.11/bin/python /workspace/.vscode-remote/extensions/ms-python.python-2023.8.0-universal/pythonFiles/linter.py -m pycodestyle ./blog/views.py
2023-06-04 19:24:06.415 [info] cwd: .
2023-06-04 19:24:06.519 [info] ##########Linting Output - pycodestyle##########

2023-06-04 19:24:06.519 [info] 
2023-06-04 19:24:42.737 [info] > ~/.pyenv/versions/3.8.11/bin/python /workspace/.vscode-remote/extensions/ms-python.python-2023.8.0-universal/pythonFiles/linter.py -m pycodestyle ./blog/views.py
2023-06-04 19:24:42.737 [info] cwd: .
2023-06-04 19:24:42.840 [info] ##########Linting Output - pycodestyle##########

2023-06-04 19:24:42.840 [info] 
2023-06-04 19:31:33.253 [info] > ~/.pyenv/versions/3.8.11/bin/python /workspace/.vscode-remote/extensions/ms-python.python-2023.8.0-universal/pythonFiles/linter.py -m pycodestyle ./blog/views.py
2023-06-04 19:31:33.253 [info] cwd: .
2023-06-04 19:31:33.356 [info] ##########Linting Output - pycodestyle##########

2023-06-04 19:31:33.356 [info] 
2023-06-04 19:36:18.552 [info] > ~/.pyenv/versions/3.8.11/bin/python /workspace/.vscode-remote/extensions/ms-python.python-2023.8.0-universal/pythonFiles/linter.py -m pycodestyle ./blog/views.py
2023-06-04 19:36:18.552 [info] cwd: .
2023-06-04 19:36:18.659 [info] ##########Linting Output - pycodestyle##########

2023-06-04 19:36:18.659 [info] 105,1,E,E402:module level import not at top of file
106,1,E,E402:module level import not at top of file
107,1,E,E402:module level import not at top of file
108,1,E,E402:module level import not at top of file
110,1,E,E302:expected 2 blank lines, found 1
134,80,E,E501:line too long (100 > 79 characters)

2023-06-04 19:40:34.044 [info] > ~/.pyenv/versions/3.8.11/bin/python /workspace/.vscode-remote/extensions/ms-python.python-2023.8.0-universal/pythonFiles/linter.py -m pycodestyle ./blog/views.py
2023-06-04 19:40:34.044 [info] cwd: .
2023-06-04 19:40:34.152 [info] ##########Linting Output - pycodestyle##########

2023-06-04 19:40:34.152 [info] 105,1,E,E402:module level import not at top of file
106,1,E,E402:module level import not at top of file
107,1,E,E402:module level import not at top of file
108,1,E,E402:module level import not at top of file
110,1,E,E302:expected 2 blank lines, found 1
133,80,E,E501:line too long (100 > 79 characters)

2023-06-04 19:40:55.827 [info] > ~/.pyenv/versions/3.8.11/bin/python /workspace/.vscode-remote/extensions/ms-python.python-2023.8.0-universal/pythonFiles/linter.py -m pycodestyle ./blog/views.py
2023-06-04 19:40:55.827 [info] cwd: .
2023-06-04 19:40:55.936 [info] ##########Linting Output - pycodestyle##########

2023-06-04 19:40:55.936 [info] 105,1,E,E402:module level import not at top of file
106,1,E,E402:module level import not at top of file
107,1,E,E402:module level import not at top of file
108,1,E,E402:module level import not at top of file
110,1,E,E302:expected 2 blank lines, found 1
133,80,E,E501:line too long (100 > 79 characters)

2023-06-04 19:41:42.540 [info] > ~/.pyenv/versions/3.8.11/bin/python /workspace/.vscode-remote/extensions/ms-python.python-2023.8.0-universal/pythonFiles/linter.py -m pycodestyle ./blog/views.py
2023-06-04 19:41:42.540 [info] cwd: .
2023-06-04 19:41:42.641 [info] ##########Linting Output - pycodestyle##########

2023-06-04 19:41:42.641 [info] 128,80,E,E501:line too long (100 > 79 characters)

2023-06-04 19:53:15.434 [info] > ~/.pyenv/versions/3.8.11/bin/python /workspace/.vscode-remote/extensions/ms-python.python-2023.8.0-universal/pythonFiles/linter.py -m pycodestyle ./blog/forms.py
2023-06-04 19:53:15.434 [info] cwd: .
2023-06-04 19:53:15.524 [info] ##########Linting Output - pycodestyle##########

2023-06-04 19:53:15.524 [info] 5,1,E,E302:expected 2 blank lines, found 1
19,80,E,E501:line too long (91 > 79 characters)

2023-06-04 19:56:26.561 [info] > ~/.pyenv/versions/3.8.11/bin/python /workspace/.vscode-remote/extensions/ms-python.python-2023.8.0-universal/pythonFiles/linter.py -m pycodestyle ./blog/views.py
2023-06-04 19:56:26.561 [info] cwd: .
2023-06-04 19:56:26.669 [info] ##########Linting Output - pycodestyle##########

2023-06-04 19:56:26.669 [info] 128,80,E,E501:line too long (100 > 79 characters)

2023-06-04 19:58:03.588 [info] > ~/.pyenv/versions/3.8.11/bin/python /workspace/.vscode-remote/extensions/ms-python.python-2023.8.0-universal/pythonFiles/linter.py -m pycodestyle ./blog/views.py
2023-06-04 19:58:03.588 [info] cwd: .
2023-06-04 19:58:03.698 [info] ##########Linting Output - pycodestyle##########

2023-06-04 19:58:03.698 [info] 129,80,E,E501:line too long (100 > 79 characters)

2023-06-04 19:59:18.247 [info] > ~/.pyenv/versions/3.8.11/bin/python /workspace/.vscode-remote/extensions/ms-python.python-2023.8.0-universal/pythonFiles/linter.py -m pycodestyle ./blog/views.py
2023-06-04 19:59:18.247 [info] cwd: .
2023-06-04 19:59:18.362 [info] ##########Linting Output - pycodestyle##########

2023-06-04 19:59:18.362 [info] 129,80,E,E501:line too long (100 > 79 characters)

2023-06-04 20:00:00.938 [info] > ~/.pyenv/versions/3.8.11/bin/python /workspace/.vscode-remote/extensions/ms-python.python-2023.8.0-universal/pythonFiles/linter.py -m pycodestyle ./blog/views.py
2023-06-04 20:00:00.938 [info] cwd: .
2023-06-04 20:00:01.049 [info] ##########Linting Output - pycodestyle##########

2023-06-04 20:00:01.049 [info] 129,80,E,E501:line too long (100 > 79 characters)
145,5,E,E303:too many blank lines (2)

2023-06-04 20:01:20.962 [info] > ~/.pyenv/versions/3.8.11/bin/python /workspace/.vscode-remote/extensions/ms-python.python-2023.8.0-universal/pythonFiles/linter.py -m pycodestyle ./blog/views.py
2023-06-04 20:01:20.962 [info] cwd: .
2023-06-04 20:01:21.078 [info] ##########Linting Output - pycodestyle##########

2023-06-04 20:01:21.078 [info] 129,80,E,E501:line too long (100 > 79 characters)
145,5,E,E303:too many blank lines (2)

2023-06-04 20:03:56.431 [info] > ~/.pyenv/versions/3.8.11/bin/python /workspace/.vscode-remote/extensions/ms-python.python-2023.8.0-universal/pythonFiles/linter.py -m pycodestyle ./blog/views.py
2023-06-04 20:03:56.431 [info] cwd: .
2023-06-04 20:03:56.536 [info] ##########Linting Output - pycodestyle##########

2023-06-04 20:03:56.536 [info] 129,80,E,E501:line too long (100 > 79 characters)
145,5,E,E303:too many blank lines (2)

2023-06-04 20:05:27.172 [info] > ~/.pyenv/versions/3.8.11/bin/python /workspace/.vscode-remote/extensions/ms-python.python-2023.8.0-universal/pythonFiles/linter.py -m pycodestyle ./blog/views.py
2023-06-04 20:05:27.172 [info] cwd: .
2023-06-04 20:05:27.275 [info] ##########Linting Output - pycodestyle##########

2023-06-04 20:05:27.275 [info] 132,80,E,E501:line too long (96 > 79 characters)
136,80,E,E501:line too long (137 > 79 characters)
144,1,E,E302:expected 2 blank lines, found 1

2023-06-04 20:07:19.602 [info] > ~/.pyenv/versions/3.8.11/bin/python /workspace/.vscode-remote/extensions/ms-python.python-2023.8.0-universal/pythonFiles/linter.py -m pycodestyle ./blog/views.py
2023-06-04 20:07:19.602 [info] cwd: .
2023-06-04 20:07:19.701 [info] ##########Linting Output - pycodestyle##########

2023-06-04 20:07:19.701 [info] 132,80,E,E501:line too long (96 > 79 characters)
136,80,E,E501:line too long (137 > 79 characters)
144,1,E,E302:expected 2 blank lines, found 1

2023-06-04 20:09:02.751 [info] > ~/.pyenv/versions/3.8.11/bin/python /workspace/.vscode-remote/extensions/ms-python.python-2023.8.0-universal/pythonFiles/linter.py -m pycodestyle ./blog/views.py
2023-06-04 20:09:02.751 [info] cwd: .
2023-06-04 20:09:02.854 [info] ##########Linting Output - pycodestyle##########

2023-06-04 20:09:02.854 [info] 132,80,E,E501:line too long (100 > 79 characters)
136,80,E,E501:line too long (141 > 79 characters)
144,1,E,E302:expected 2 blank lines, found 1

