2023-05-31 13:24:29.143 [warning] /home/gitpod/.ssh/config: ENOENT: no such file or directory, open '/home/gitpod/.ssh/config'
2023-05-31 13:24:29.363 [info] Looking for git repository
2023-05-31 13:24:29.363 [info] Found 0 repositories during activation
2023-05-31 13:24:29.363 [info] Git repository found, initializing review manager and pr tree view.
2023-05-31 13:24:29.369 [info] Registering git provider
2023-05-31 13:24:29.369 [info] Review> Validate state in progress
2023-05-31 13:24:29.369 [info] Review> Validating state...
2023-05-31 13:24:29.415 [info] Found GitHub remote for folder /workspace/bavarian-cristus-PP4
2023-05-31 13:24:29.505 [info] Repo state for file:///workspace/bavarian-cristus-PP4 changed.
2023-05-31 13:24:29.505 [info] Repo file:///workspace/bavarian-cristus-PP4 has already been setup.
2023-05-31 13:24:29.506 [info] Review> no matching pull request metadata found for current branch main
2023-05-31 13:24:29.506 [info] Review> No matching pull request metadata found on GitHub for current branch main
2023-05-31 13:47:30.841 [info] Review> Validate state in progress
2023-05-31 13:47:30.842 [info] Review> Validating state...
2023-05-31 13:47:30.905 [info] Found GitHub remote for folder /workspace/bavarian-cristus-PP4
2023-05-31 13:47:30.956 [info] Review> no matching pull request metadata found for current branch main
2023-05-31 13:47:30.956 [info] Review> No matching pull request metadata found on GitHub for current branch main
2023-05-31 13:47:37.473 [info] Review> Validate state in progress
2023-05-31 13:47:37.474 [info] Review> Validating state...
2023-05-31 13:47:37.510 [info] Found GitHub remote for folder /workspace/bavarian-cristus-PP4
2023-05-31 13:47:37.558 [info] Review> no matching pull request metadata found for current branch main
2023-05-31 13:47:37.559 [info] Review> No matching pull request metadata found on GitHub for current branch main
2023-05-31 14:58:21.847 [info] Review> Validate state in progress
2023-05-31 14:58:21.848 [info] Review> Validating state...
2023-05-31 14:58:21.908 [info] Found GitHub remote for folder /workspace/bavarian-cristus-PP4
2023-05-31 14:58:22.091 [info] Review> no matching pull request metadata found for current branch main
2023-05-31 14:58:22.091 [info] Review> No matching pull request metadata found on GitHub for current branch main
2023-05-31 14:58:27.609 [info] Review> Validate state in progress
2023-05-31 14:58:27.609 [info] Review> Validating state...
2023-05-31 14:58:27.641 [info] Found GitHub remote for folder /workspace/bavarian-cristus-PP4
2023-05-31 14:58:27.834 [info] Review> no matching pull request metadata found for current branch main
2023-05-31 14:58:27.834 [info] Review> No matching pull request metadata found on GitHub for current branch main
