2023-06-05 06:22:39.078 [info] Log level: Info
2023-06-05 06:22:39.078 [info] Validating found git in: "git"
2023-06-05 06:22:39.079 [info] Using git "2.37.3" from "git"
2023-06-05 06:22:39.079 [info] > git rev-parse --show-toplevel [24ms]
2023-06-05 06:22:39.079 [info] > git rev-parse --git-dir --git-common-dir [30ms]
2023-06-05 06:22:39.079 [info] Open repository: /workspace/bavarian-cristus-PP4
2023-06-05 06:22:39.079 [info] > git rev-parse --show-toplevel [15ms]
2023-06-05 06:22:39.079 [info] > git config --get commit.template [24ms]
2023-06-05 06:22:39.079 [info] > git rev-parse --show-toplevel [24ms]
2023-06-05 06:22:39.079 [info] > git rev-parse --show-toplevel [2ms]
2023-06-05 06:22:39.079 [info] > git for-each-ref --format=%(refname)%00%(upstream:short)%00%(objectname)%00%(upstream:track)%00%(upstream:remotename)%00%(upstream:remoteref) refs/heads/main refs/remotes/main [48ms]
2023-06-05 06:22:39.079 [info] > git rev-parse --show-toplevel [34ms]
2023-06-05 06:22:39.079 [info] > git rev-parse --show-toplevel [19ms]
2023-06-05 06:22:39.079 [info] > git rev-parse --show-toplevel [3ms]
2023-06-05 06:22:39.079 [info] > git status -z -uall [97ms]
2023-06-05 06:22:39.079 [info] > git rev-parse --show-toplevel [33ms]
2023-06-05 06:22:39.079 [info] > git rev-parse --show-toplevel [2ms]
2023-06-05 06:22:39.079 [info] > git config --get commit.template [40ms]
2023-06-05 06:22:39.079 [info] > git rev-parse --show-toplevel [12ms]
2023-06-05 06:22:39.079 [info] > git for-each-ref --format=%(refname)%00%(upstream:short)%00%(objectname)%00%(upstream:track)%00%(upstream:remotename)%00%(upstream:remoteref) refs/heads/main refs/remotes/main [11ms]
2023-06-05 06:22:39.079 [info] > git rev-parse --show-toplevel [48ms]
2023-06-05 06:22:39.079 [info] > git status -z -uall [135ms]
2023-06-05 06:22:39.236 [info] > git check-ignore -v -z --stdin [2ms]
2023-06-05 06:22:39.433 [info] > git show --textconv :bcristus/settings.py [23ms]
2023-06-05 06:22:39.433 [info] > git ls-files --stage -- /workspace/bavarian-cristus-PP4/bcristus/settings.py [3ms]
2023-06-05 06:22:39.470 [info] > git cat-file -s 4579e144b4293bdc76bc9d3600a6d07750c0ca94 [15ms]
2023-06-05 06:22:41.513 [info] > git config --local branch.main.github-pr-owner-number [97ms]
2023-06-05 06:22:41.615 [info] > git config --get commit.template [39ms]
2023-06-05 06:22:41.697 [info] > git for-each-ref --format=%(refname)%00%(upstream:short)%00%(objectname)%00%(upstream:track)%00%(upstream:remotename)%00%(upstream:remoteref) refs/heads/main refs/remotes/main [23ms]
2023-06-05 06:22:41.875 [info] > git status -z -uall [155ms]
2023-06-05 06:25:36.212 [info] > git check-ignore -v -z --stdin [2ms]
2023-06-05 06:25:39.424 [info] > git show --textconv :README.md [15ms]
2023-06-05 06:25:39.426 [info] > git ls-files --stage -- /workspace/bavarian-cristus-PP4/README.md [2ms]
2023-06-05 06:25:39.444 [info] > git cat-file -s cd29df9fd6e2ce4b8add7a42bca4ee5b3111dcbc [6ms]
2023-06-05 06:26:05.556 [info] > git config --get commit.template [15ms]
2023-06-05 06:26:05.557 [info] > git for-each-ref --format=%(refname)%00%(upstream:short)%00%(objectname)%00%(upstream:track)%00%(upstream:remotename)%00%(upstream:remoteref) refs/heads/main refs/remotes/main [3ms]
2023-06-05 06:26:05.680 [info] > git status -z -uall [115ms]
2023-06-05 06:26:25.891 [info] > git config --get commit.template [16ms]
2023-06-05 06:26:25.892 [info] > git for-each-ref --format=%(refname)%00%(upstream:short)%00%(objectname)%00%(upstream:track)%00%(upstream:remotename)%00%(upstream:remoteref) refs/heads/main refs/remotes/main [2ms]
2023-06-05 06:26:25.962 [info] > git status -z -uall [57ms]
2023-06-05 06:27:40.906 [info] > git config --local branch.main.github-pr-owner-number [2ms]
2023-06-05 06:27:40.930 [info] > git config --get commit.template [12ms]
2023-06-05 06:27:40.931 [info] > git for-each-ref --format=%(refname)%00%(upstream:short)%00%(objectname)%00%(upstream:track)%00%(upstream:remotename)%00%(upstream:remoteref) refs/heads/main refs/remotes/main [1ms]
2023-06-05 06:27:40.989 [info] > git status -z -uall [46ms]
2023-06-05 06:32:41.007 [info] > git config --local branch.main.github-pr-owner-number [2ms]
2023-06-05 06:32:41.030 [info] > git config --get commit.template [10ms]
2023-06-05 06:32:41.030 [info] > git for-each-ref --format=%(refname)%00%(upstream:short)%00%(objectname)%00%(upstream:track)%00%(upstream:remotename)%00%(upstream:remoteref) refs/heads/main refs/remotes/main [1ms]
2023-06-05 06:32:41.102 [info] > git status -z -uall [61ms]
2023-06-05 06:35:02.046 [info] > git check-ignore -v -z --stdin [1ms]
2023-06-05 06:35:02.763 [info] > git check-ignore -v -z --stdin [1ms]
2023-06-05 06:35:04.254 [info] > git show --textconv :static/css/style.css [13ms]
2023-06-05 06:35:04.255 [info] > git ls-files --stage -- /workspace/bavarian-cristus-PP4/static/css/style.css [2ms]
2023-06-05 06:35:04.281 [info] > git cat-file -s f4c7c54a71a87af8154fb97e1a726622a1cda681 [14ms]
2023-06-05 06:35:28.358 [info] > git config --get commit.template [12ms]
2023-06-05 06:35:28.359 [info] > git for-each-ref --format=%(refname)%00%(upstream:short)%00%(objectname)%00%(upstream:track)%00%(upstream:remotename)%00%(upstream:remoteref) refs/heads/main refs/remotes/main [2ms]
2023-06-05 06:35:28.423 [info] > git status -z -uall [50ms]
2023-06-05 06:36:04.135 [info] > git config --get commit.template [21ms]
2023-06-05 06:36:04.136 [info] > git for-each-ref --format=%(refname)%00%(upstream:short)%00%(objectname)%00%(upstream:track)%00%(upstream:remotename)%00%(upstream:remoteref) refs/heads/main refs/remotes/main [2ms]
2023-06-05 06:36:04.199 [info] > git status -z -uall [50ms]
2023-06-05 06:36:09.226 [info] > git config --get commit.template [11ms]
2023-06-05 06:36:09.226 [info] > git for-each-ref --format=%(refname)%00%(upstream:short)%00%(objectname)%00%(upstream:track)%00%(upstream:remotename)%00%(upstream:remoteref) refs/heads/main refs/remotes/main [1ms]
2023-06-05 06:36:09.291 [info] > git status -z -uall [57ms]
2023-06-05 06:36:27.550 [info] > git config --get commit.template [15ms]
2023-06-05 06:36:27.550 [info] > git for-each-ref --format=%(refname)%00%(upstream:short)%00%(objectname)%00%(upstream:track)%00%(upstream:remotename)%00%(upstream:remoteref) refs/heads/main refs/remotes/main [1ms]
2023-06-05 06:36:27.618 [info] > git status -z -uall [55ms]
2023-06-05 06:36:52.986 [info] > git config --get commit.template [26ms]
2023-06-05 06:36:52.986 [info] > git for-each-ref --format=%(refname)%00%(upstream:short)%00%(objectname)%00%(upstream:track)%00%(upstream:remotename)%00%(upstream:remoteref) refs/heads/main refs/remotes/main [1ms]
2023-06-05 06:36:53.068 [info] > git status -z -uall [71ms]
2023-06-05 06:37:41.125 [info] > git config --local branch.main.github-pr-owner-number [1ms]
2023-06-05 06:37:41.140 [info] > git config --get commit.template [7ms]
2023-06-05 06:37:41.141 [info] > git for-each-ref --format=%(refname)%00%(upstream:short)%00%(objectname)%00%(upstream:track)%00%(upstream:remotename)%00%(upstream:remoteref) refs/heads/main refs/remotes/main [2ms]
2023-06-05 06:37:41.198 [info] > git status -z -uall [50ms]
2023-06-05 06:41:48.606 [info] > git check-ignore -v -z --stdin [1ms]
2023-06-05 06:41:48.740 [info] > git config --get commit.template [17ms]
2023-06-05 06:41:48.741 [info] > git for-each-ref --format=%(refname)%00%(upstream:short)%00%(objectname)%00%(upstream:track)%00%(upstream:remotename)%00%(upstream:remoteref) refs/heads/main refs/remotes/main [2ms]
2023-06-05 06:41:48.817 [info] > git status -z -uall [62ms]
2023-06-05 06:42:17.845 [info] > git config --get commit.template [18ms]
2023-06-05 06:42:17.845 [info] > git for-each-ref --format=%(refname)%00%(upstream:short)%00%(objectname)%00%(upstream:track)%00%(upstream:remotename)%00%(upstream:remoteref) refs/heads/main refs/remotes/main [2ms]
2023-06-05 06:42:17.950 [info] > git status -z -uall [89ms]
2023-06-05 06:42:41.218 [info] > git config --local branch.main.github-pr-owner-number [2ms]
2023-06-05 06:42:41.269 [info] > git config --get commit.template [16ms]
2023-06-05 06:42:41.270 [info] > git for-each-ref --format=%(refname)%00%(upstream:short)%00%(objectname)%00%(upstream:track)%00%(upstream:remotename)%00%(upstream:remoteref) refs/heads/main refs/remotes/main [21ms]
2023-06-05 06:42:41.496 [info] > git status -z -uall [207ms]
2023-06-05 06:45:21.479 [info] > git check-ignore -v -z --stdin [2ms]
2023-06-05 06:45:21.993 [info] > git config --get commit.template [8ms]
2023-06-05 06:45:21.993 [info] > git for-each-ref --format=%(refname)%00%(upstream:short)%00%(objectname)%00%(upstream:track)%00%(upstream:remotename)%00%(upstream:remoteref) refs/heads/main refs/remotes/main [1ms]
2023-06-05 06:45:22.046 [info] > git status -z -uall [46ms]
2023-06-05 06:45:36.563 [info] > git config --get commit.template [10ms]
2023-06-05 06:45:36.564 [info] > git for-each-ref --format=%(refname)%00%(upstream:short)%00%(objectname)%00%(upstream:track)%00%(upstream:remotename)%00%(upstream:remoteref) refs/heads/main refs/remotes/main [2ms]
2023-06-05 06:45:36.629 [info] > git status -z -uall [58ms]
2023-06-05 06:47:41.517 [info] > git config --local branch.main.github-pr-owner-number [1ms]
2023-06-05 06:47:41.547 [info] > git config --get commit.template [15ms]
2023-06-05 06:47:41.548 [info] > git for-each-ref --format=%(refname)%00%(upstream:short)%00%(objectname)%00%(upstream:track)%00%(upstream:remotename)%00%(upstream:remoteref) refs/heads/main refs/remotes/main [2ms]
2023-06-05 06:47:41.615 [info] > git status -z -uall [53ms]
2023-06-05 06:48:24.664 [info] > git config --get commit.template [26ms]
2023-06-05 06:48:24.664 [info] > git for-each-ref --format=%(refname)%00%(upstream:short)%00%(objectname)%00%(upstream:track)%00%(upstream:remotename)%00%(upstream:remoteref) refs/heads/main refs/remotes/main [1ms]
2023-06-05 06:48:24.725 [info] > git status -z -uall [49ms]
2023-06-05 06:48:35.481 [info] > git check-ignore -v -z --stdin [1ms]
2023-06-05 06:48:35.997 [info] > git config --get commit.template [12ms]
2023-06-05 06:48:35.999 [info] > git for-each-ref --format=%(refname)%00%(upstream:short)%00%(objectname)%00%(upstream:track)%00%(upstream:remotename)%00%(upstream:remoteref) refs/heads/main refs/remotes/main [2ms]
2023-06-05 06:48:36.057 [info] > git status -z -uall [48ms]
2023-06-05 06:49:01.171 [info] > git config --get commit.template [12ms]
2023-06-05 06:49:01.171 [info] > git for-each-ref --format=%(refname)%00%(upstream:short)%00%(objectname)%00%(upstream:track)%00%(upstream:remotename)%00%(upstream:remoteref) refs/heads/main refs/remotes/main [1ms]
2023-06-05 06:49:01.228 [info] > git status -z -uall [46ms]
2023-06-05 06:52:39.743 [info] > git check-ignore -v -z --stdin [1ms]
2023-06-05 06:52:40.269 [info] > git config --get commit.template [21ms]
2023-06-05 06:52:40.270 [info] > git for-each-ref --format=%(refname)%00%(upstream:short)%00%(objectname)%00%(upstream:track)%00%(upstream:remotename)%00%(upstream:remoteref) refs/heads/main refs/remotes/main [2ms]
2023-06-05 06:52:40.373 [info] > git status -z -uall [82ms]
2023-06-05 06:52:41.635 [info] > git config --local branch.main.github-pr-owner-number [1ms]
2023-06-05 06:52:41.656 [info] > git config --get commit.template [9ms]
2023-06-05 06:52:41.657 [info] > git for-each-ref --format=%(refname)%00%(upstream:short)%00%(objectname)%00%(upstream:track)%00%(upstream:remotename)%00%(upstream:remoteref) refs/heads/main refs/remotes/main [1ms]
2023-06-05 06:52:41.725 [info] > git status -z -uall [55ms]
2023-06-05 06:55:04.035 [info] > git config --get commit.template [15ms]
2023-06-05 06:55:04.035 [info] > git for-each-ref --format=%(refname)%00%(upstream:short)%00%(objectname)%00%(upstream:track)%00%(upstream:remotename)%00%(upstream:remoteref) refs/heads/main refs/remotes/main [1ms]
2023-06-05 06:55:04.095 [info] > git status -z -uall [46ms]
2023-06-05 06:55:19.539 [info] > git config --get commit.template [13ms]
2023-06-05 06:55:19.540 [info] > git for-each-ref --format=%(refname)%00%(upstream:short)%00%(objectname)%00%(upstream:track)%00%(upstream:remotename)%00%(upstream:remoteref) refs/heads/main refs/remotes/main [2ms]
2023-06-05 06:55:19.604 [info] > git status -z -uall [56ms]
2023-06-05 06:57:41.744 [info] > git config --local branch.main.github-pr-owner-number [1ms]
2023-06-05 06:57:41.776 [info] > git config --get commit.template [16ms]
2023-06-05 06:57:41.777 [info] > git for-each-ref --format=%(refname)%00%(upstream:short)%00%(objectname)%00%(upstream:track)%00%(upstream:remotename)%00%(upstream:remoteref) refs/heads/main refs/remotes/main [2ms]
2023-06-05 06:57:41.851 [info] > git status -z -uall [59ms]
2023-06-05 06:59:33.797 [info] > git config --get commit.template [10ms]
2023-06-05 06:59:33.797 [info] > git for-each-ref --format=%(refname)%00%(upstream:short)%00%(objectname)%00%(upstream:track)%00%(upstream:remotename)%00%(upstream:remoteref) refs/heads/main refs/remotes/main [1ms]
2023-06-05 06:59:33.855 [info] > git status -z -uall [45ms]
2023-06-05 06:59:51.324 [info] > git for-each-ref --format=%(refname)%00%(upstream:short)%00%(objectname)%00%(upstream:track)%00%(upstream:remotename)%00%(upstream:remoteref) refs/heads/main refs/remotes/main [2ms]
2023-06-05 06:59:51.324 [info] > git config --get commit.template [18ms]
2023-06-05 06:59:51.386 [info] > git status -z -uall [47ms]
2023-06-05 07:00:02.858 [info] > git for-each-ref --format=%(refname)%00%(upstream:short)%00%(objectname)%00%(upstream:track)%00%(upstream:remotename)%00%(upstream:remoteref) refs/heads/main refs/remotes/main [1ms]
2023-06-05 07:00:02.859 [info] > git config --get commit.template [13ms]
2023-06-05 07:00:02.901 [info] > git status -z -uall [33ms]
2023-06-05 07:00:19.128 [info] > git config --get commit.template [12ms]
2023-06-05 07:00:19.134 [info] > git for-each-ref --format=%(refname)%00%(upstream:short)%00%(objectname)%00%(upstream:track)%00%(upstream:remotename)%00%(upstream:remoteref) refs/heads/main refs/remotes/main [7ms]
2023-06-05 07:00:19.150 [info] > git status -z -uall [2ms]
2023-06-05 07:00:19.287 [info] > git config --local branch.main.github-pr-owner-number [2ms]
2023-06-05 07:00:19.303 [info] > git config --get commit.template [1ms]
2023-06-05 07:00:19.322 [info] > git for-each-ref --format=%(refname)%00%(upstream:short)%00%(objectname)%00%(upstream:track)%00%(upstream:remotename)%00%(upstream:remoteref) refs/heads/main refs/remotes/main [2ms]
2023-06-05 07:00:19.341 [info] > git status -z -uall [2ms]
2023-06-05 07:00:24.689 [info] > git config --get commit.template [16ms]
2023-06-05 07:00:24.689 [info] > git for-each-ref --format=%(refname)%00%(upstream:short)%00%(objectname)%00%(upstream:track)%00%(upstream:remotename)%00%(upstream:remoteref) refs/heads/main refs/remotes/main [2ms]
2023-06-05 07:00:24.707 [info] > git status -z -uall [3ms]
2023-06-05 07:00:24.799 [info] > git config --local branch.main.github-pr-owner-number [33ms]
2023-06-05 07:00:24.816 [info] > git config --get commit.template [2ms]
2023-06-05 07:00:24.837 [info] > git for-each-ref --format=%(refname)%00%(upstream:short)%00%(objectname)%00%(upstream:track)%00%(upstream:remotename)%00%(upstream:remoteref) refs/heads/main refs/remotes/main [7ms]
2023-06-05 07:00:24.853 [info] > git status -z -uall [4ms]
2023-06-05 07:02:41.868 [info] > git config --local branch.main.github-pr-owner-number [1ms]
2023-06-05 07:02:41.892 [info] > git config --get commit.template [14ms]
2023-06-05 07:02:41.894 [info] > git for-each-ref --format=%(refname)%00%(upstream:short)%00%(objectname)%00%(upstream:track)%00%(upstream:remotename)%00%(upstream:remoteref) refs/heads/main refs/remotes/main [1ms]
2023-06-05 07:02:41.913 [info] > git status -z -uall [3ms]
2023-06-05 07:05:55.656 [info] > git show --textconv :bcristus/urls.py [19ms]
2023-06-05 07:05:55.659 [info] > git ls-files --stage -- /workspace/bavarian-cristus-PP4/bcristus/urls.py [3ms]
2023-06-05 07:05:55.678 [info] > git cat-file -s f3208f432d77fb524af549da411450a9166777bf [4ms]
2023-06-05 07:05:55.756 [info] > git show --textconv :bcristus/settings.py [15ms]
2023-06-05 07:05:55.757 [info] > git ls-files --stage -- /workspace/bavarian-cristus-PP4/bcristus/settings.py [2ms]
2023-06-05 07:05:55.774 [info] > git cat-file -s 4579e144b4293bdc76bc9d3600a6d07750c0ca94 [3ms]
2023-06-05 07:07:41.928 [info] > git config --local branch.main.github-pr-owner-number [1ms]
2023-06-05 07:07:41.951 [info] > git config --get commit.template [11ms]
2023-06-05 07:07:41.952 [info] > git for-each-ref --format=%(refname)%00%(upstream:short)%00%(objectname)%00%(upstream:track)%00%(upstream:remotename)%00%(upstream:remoteref) refs/heads/main refs/remotes/main [2ms]
2023-06-05 07:07:41.963 [info] > git status -z -uall [2ms]
2023-06-05 07:12:41.983 [info] > git config --local branch.main.github-pr-owner-number [2ms]
2023-06-05 07:12:42.006 [info] > git config --get commit.template [10ms]
2023-06-05 07:12:42.007 [info] > git for-each-ref --format=%(refname)%00%(upstream:short)%00%(objectname)%00%(upstream:track)%00%(upstream:remotename)%00%(upstream:remoteref) refs/heads/main refs/remotes/main [2ms]
2023-06-05 07:12:42.022 [info] > git status -z -uall [3ms]
2023-06-05 07:17:42.046 [info] > git config --local branch.main.github-pr-owner-number [2ms]
2023-06-05 07:17:42.091 [info] > git config --get commit.template [23ms]
2023-06-05 07:17:42.092 [info] > git for-each-ref --format=%(refname)%00%(upstream:short)%00%(objectname)%00%(upstream:track)%00%(upstream:remotename)%00%(upstream:remoteref) refs/heads/main refs/remotes/main [2ms]
2023-06-05 07:17:42.115 [info] > git status -z -uall [2ms]
2023-06-05 07:22:42.136 [info] > git config --local branch.main.github-pr-owner-number [1ms]
2023-06-05 07:22:42.166 [info] > git config --get commit.template [15ms]
2023-06-05 07:22:42.167 [info] > git for-each-ref --format=%(refname)%00%(upstream:short)%00%(objectname)%00%(upstream:track)%00%(upstream:remotename)%00%(upstream:remoteref) refs/heads/main refs/remotes/main [1ms]
2023-06-05 07:22:42.205 [info] > git status -z -uall [20ms]
