2023-06-01 11:31:12.208 [info] Log level: Info
2023-06-01 11:31:12.208 [info] Validating found git in: "git"
2023-06-01 11:31:12.208 [info] Using git "2.37.3" from "git"
2023-06-01 11:31:12.208 [info] > git rev-parse --show-toplevel [10ms]
2023-06-01 11:31:12.208 [info] > git rev-parse --git-dir --git-common-dir [1ms]
2023-06-01 11:31:12.208 [info] Open repository: /workspace/bavarian-cristus-PP4
2023-06-01 11:31:12.208 [info] > git rev-parse --show-toplevel [11ms]
2023-06-01 11:31:12.208 [info] > git config --get commit.template [11ms]
2023-06-01 11:31:12.208 [info] > git rev-parse --show-toplevel [2ms]
2023-06-01 11:31:12.208 [info] > git for-each-ref --format=%(refname)%00%(upstream:short)%00%(objectname)%00%(upstream:track)%00%(upstream:remotename)%00%(upstream:remoteref) refs/heads/main refs/remotes/main [1ms]
2023-06-01 11:31:12.208 [info] > git rev-parse --show-toplevel [13ms]
2023-06-01 11:31:12.208 [info] > git rev-parse --show-toplevel [9ms]
2023-06-01 11:31:12.208 [info] > git rev-parse --show-toplevel [1ms]
2023-06-01 11:31:12.208 [info] > git status -z -uall [39ms]
2023-06-01 11:31:12.208 [info] > git rev-parse --show-toplevel [4ms]
2023-06-01 11:31:12.208 [info] > git rev-parse --show-toplevel [2ms]
2023-06-01 11:31:12.208 [info] > git rev-parse --show-toplevel [13ms]
2023-06-01 11:31:12.208 [info] > git config --get commit.template [15ms]
2023-06-01 11:31:12.208 [info] > git rev-parse --show-toplevel [9ms]
2023-06-01 11:31:12.208 [info] > git rev-parse --show-toplevel [6ms]
2023-06-01 11:31:12.208 [info] > git for-each-ref --format=%(refname)%00%(upstream:short)%00%(objectname)%00%(upstream:track)%00%(upstream:remotename)%00%(upstream:remoteref) refs/heads/main refs/remotes/main [3ms]
2023-06-01 11:31:12.208 [info] > git status -z -uall [44ms]
2023-06-01 11:31:12.208 [info] > git check-ignore -v -z --stdin [1ms]
2023-06-01 11:31:13.550 [info] > git config --local branch.main.github-pr-owner-number [45ms]
2023-06-01 11:31:13.562 [info] > git config --get commit.template [2ms]
2023-06-01 11:31:13.576 [info] > git for-each-ref --format=%(refname)%00%(upstream:short)%00%(objectname)%00%(upstream:track)%00%(upstream:remotename)%00%(upstream:remoteref) refs/heads/main refs/remotes/main [7ms]
2023-06-01 11:31:13.619 [info] > git status -z -uall [37ms]
2023-06-01 11:31:19.854 [info] > git show --textconv :blog/views.py [18ms]
2023-06-01 11:31:19.856 [info] > git ls-files --stage -- /workspace/bavarian-cristus-PP4/blog/views.py [4ms]
2023-06-01 11:31:19.874 [info] > git cat-file -s 475bcec1815b6e5d844a95c0c02665cb548d2cfd [2ms]
2023-06-01 11:36:13.160 [info] > git config --local branch.main.github-pr-owner-number [0ms]
2023-06-01 11:36:13.172 [info] > git config --get commit.template [6ms]
2023-06-01 11:36:13.172 [info] > git for-each-ref --format=%(refname)%00%(upstream:short)%00%(objectname)%00%(upstream:track)%00%(upstream:remotename)%00%(upstream:remoteref) refs/heads/main refs/remotes/main [1ms]
2023-06-01 11:36:13.214 [info] > git status -z -uall [36ms]
2023-06-01 11:41:13.226 [info] > git config --local branch.main.github-pr-owner-number [1ms]
2023-06-01 11:41:13.238 [info] > git config --get commit.template [6ms]
2023-06-01 11:41:13.239 [info] > git for-each-ref --format=%(refname)%00%(upstream:short)%00%(objectname)%00%(upstream:track)%00%(upstream:remotename)%00%(upstream:remoteref) refs/heads/main refs/remotes/main [1ms]
2023-06-01 11:41:13.284 [info] > git status -z -uall [39ms]
2023-06-01 11:46:13.299 [info] > git config --local branch.main.github-pr-owner-number [2ms]
2023-06-01 11:46:13.316 [info] > git config --get commit.template [7ms]
2023-06-01 11:46:13.319 [info] > git for-each-ref --format=%(refname)%00%(upstream:short)%00%(objectname)%00%(upstream:track)%00%(upstream:remotename)%00%(upstream:remoteref) refs/heads/main refs/remotes/main [4ms]
2023-06-01 11:46:13.457 [info] > git status -z -uall [133ms]
2023-06-01 11:51:13.474 [info] > git config --local branch.main.github-pr-owner-number [1ms]
2023-06-01 11:51:13.496 [info] > git config --get commit.template [11ms]
2023-06-01 11:51:13.497 [info] > git for-each-ref --format=%(refname)%00%(upstream:short)%00%(objectname)%00%(upstream:track)%00%(upstream:remotename)%00%(upstream:remoteref) refs/heads/main refs/remotes/main [2ms]
2023-06-01 11:51:13.543 [info] > git status -z -uall [36ms]
2023-06-01 11:56:13.555 [info] > git config --local branch.main.github-pr-owner-number [1ms]
2023-06-01 11:56:13.568 [info] > git config --get commit.template [6ms]
2023-06-01 11:56:13.568 [info] > git for-each-ref --format=%(refname)%00%(upstream:short)%00%(objectname)%00%(upstream:track)%00%(upstream:remotename)%00%(upstream:remoteref) refs/heads/main refs/remotes/main [1ms]
2023-06-01 11:56:13.610 [info] > git status -z -uall [36ms]
2023-06-01 12:01:13.625 [info] > git config --local branch.main.github-pr-owner-number [2ms]
2023-06-01 12:01:13.645 [info] > git config --get commit.template [9ms]
2023-06-01 12:01:13.645 [info] > git for-each-ref --format=%(refname)%00%(upstream:short)%00%(objectname)%00%(upstream:track)%00%(upstream:remotename)%00%(upstream:remoteref) refs/heads/main refs/remotes/main [1ms]
2023-06-01 12:01:13.694 [info] > git status -z -uall [39ms]
2023-06-01 12:06:13.706 [info] > git config --local branch.main.github-pr-owner-number [1ms]
2023-06-01 12:06:13.717 [info] > git config --get commit.template [5ms]
2023-06-01 12:06:13.718 [info] > git for-each-ref --format=%(refname)%00%(upstream:short)%00%(objectname)%00%(upstream:track)%00%(upstream:remotename)%00%(upstream:remoteref) refs/heads/main refs/remotes/main [1ms]
2023-06-01 12:06:13.761 [info] > git status -z -uall [38ms]
2023-06-01 12:11:13.774 [info] > git config --local branch.main.github-pr-owner-number [1ms]
2023-06-01 12:11:13.787 [info] > git config --get commit.template [6ms]
2023-06-01 12:11:13.788 [info] > git for-each-ref --format=%(refname)%00%(upstream:short)%00%(objectname)%00%(upstream:track)%00%(upstream:remotename)%00%(upstream:remoteref) refs/heads/main refs/remotes/main [1ms]
2023-06-01 12:11:13.834 [info] > git status -z -uall [38ms]
2023-06-01 12:16:13.847 [info] > git config --local branch.main.github-pr-owner-number [1ms]
2023-06-01 12:16:13.855 [info] > git config --get commit.template [1ms]
2023-06-01 12:16:13.861 [info] > git for-each-ref --format=%(refname)%00%(upstream:short)%00%(objectname)%00%(upstream:track)%00%(upstream:remotename)%00%(upstream:remoteref) refs/heads/main refs/remotes/main [1ms]
2023-06-01 12:16:13.902 [info] > git status -z -uall [36ms]
