2023-06-05 01:19:44.697 [warning] /home/gitpod/.ssh/config: ENOENT: no such file or directory, open '/home/gitpod/.ssh/config'
2023-06-05 01:19:44.903 [info] Looking for git repository
2023-06-05 01:19:44.903 [info] Found 0 repositories during activation
2023-06-05 01:19:44.903 [info] Git repository found, initializing review manager and pr tree view.
2023-06-05 01:19:44.908 [info] Registering git provider
2023-06-05 01:19:44.908 [info] Review> Validate state in progress
2023-06-05 01:19:44.908 [info] Review> Validating state...
2023-06-05 01:19:44.991 [info] Found GitHub remote for folder /workspace/bavarian-cristus-PP4
2023-06-05 01:19:45.364 [info] Repo state for file:///workspace/bavarian-cristus-PP4 changed.
2023-06-05 01:19:45.364 [info] Repo file:///workspace/bavarian-cristus-PP4 has already been setup.
2023-06-05 01:19:45.367 [info] Review> no matching pull request metadata found for current branch main
2023-06-05 01:19:45.604 [info] Review> No matching pull request metadata found on GitHub for current branch main
2023-06-05 01:40:27.025 [info] Review> Validate state in progress
2023-06-05 01:40:27.025 [info] Review> Validating state...
2023-06-05 01:40:27.098 [info] Found GitHub remote for folder /workspace/bavarian-cristus-PP4
2023-06-05 01:40:27.140 [info] Review> no matching pull request metadata found for current branch main
2023-06-05 01:40:27.370 [info] Review> No matching pull request metadata found on GitHub for current branch main
2023-06-05 01:40:32.061 [info] Review> Validate state in progress
2023-06-05 01:40:32.061 [info] Review> Validating state...
2023-06-05 01:40:32.095 [info] Found GitHub remote for folder /workspace/bavarian-cristus-PP4
2023-06-05 01:40:32.159 [info] Review> no matching pull request metadata found for current branch main
2023-06-05 01:40:32.400 [info] Review> No matching pull request metadata found on GitHub for current branch main
2023-06-05 02:18:49.989 [info] Review> Validate state in progress
2023-06-05 02:18:49.989 [info] Review> Validating state...
2023-06-05 02:18:50.289 [info] Found GitHub remote for folder /workspace/bavarian-cristus-PP4
2023-06-05 02:18:50.358 [info] Review> no matching pull request metadata found for current branch main
2023-06-05 02:18:50.572 [info] Review> No matching pull request metadata found on GitHub for current branch main
2023-06-05 02:19:21.784 [info] Review> Validate state in progress
2023-06-05 02:19:21.784 [info] Review> Validating state...
2023-06-05 02:19:21.819 [info] Found GitHub remote for folder /workspace/bavarian-cristus-PP4
2023-06-05 02:19:21.957 [info] Review> no matching pull request metadata found for current branch main
2023-06-05 02:19:22.190 [info] Review> No matching pull request metadata found on GitHub for current branch main
