2023-06-05 01:19:43.483 [info] Log level: Info
2023-06-05 01:19:43.483 [info] Validating found git in: "git"
2023-06-05 01:19:43.483 [info] Using git "2.37.3" from "git"
2023-06-05 01:19:43.483 [info] > git rev-parse --show-toplevel [4ms]
2023-06-05 01:19:43.483 [info] > git rev-parse --git-dir --git-common-dir [1ms]
2023-06-05 01:19:43.483 [info] Open repository: /workspace/bavarian-cristus-PP4
2023-06-05 01:19:43.483 [info] > git rev-parse --show-toplevel [10ms]
2023-06-05 01:19:43.483 [info] > git config --get commit.template [11ms]
2023-06-05 01:19:43.483 [info] > git rev-parse --show-toplevel [11ms]
2023-06-05 01:19:43.483 [info] > git for-each-ref --format=%(refname)%00%(upstream:short)%00%(objectname)%00%(upstream:track)%00%(upstream:remotename)%00%(upstream:remoteref) refs/heads/main refs/remotes/main [19ms]
2023-06-05 01:19:43.483 [info] > git rev-parse --show-toplevel [18ms]
2023-06-05 01:19:43.483 [info] > git status -z -uall [6ms]
2023-06-05 01:19:43.483 [info] > git rev-parse --show-toplevel [23ms]
2023-06-05 01:19:43.483 [info] > git rev-parse --show-toplevel [9ms]
2023-06-05 01:19:43.483 [info] > git config --get commit.template [22ms]
2023-06-05 01:19:43.483 [info] > git rev-parse --show-toplevel [2ms]
2023-06-05 01:19:43.483 [info] > git rev-parse --show-toplevel [12ms]
2023-06-05 01:19:43.483 [info] > git for-each-ref --format=%(refname)%00%(upstream:short)%00%(objectname)%00%(upstream:track)%00%(upstream:remotename)%00%(upstream:remoteref) refs/heads/main refs/remotes/main [15ms]
2023-06-05 01:19:43.483 [info] > git rev-parse --show-toplevel [15ms]
2023-06-05 01:19:43.483 [info] > git status -z -uall [9ms]
2023-06-05 01:19:43.483 [info] > git rev-parse --show-toplevel [94ms]
2023-06-05 01:19:43.525 [info] > git check-ignore -v -z --stdin [1ms]
2023-06-05 01:19:44.248 [info] > git show --textconv :README.md [10ms]
2023-06-05 01:19:44.248 [info] > git ls-files --stage -- /workspace/bavarian-cristus-PP4/README.md [5ms]
2023-06-05 01:19:44.255 [info] > git cat-file -s c397af6e4cb65fe365b1fe5f44792721cb2e089e [2ms]
2023-06-05 01:19:45.312 [info] > git config --local branch.main.github-pr-owner-number [56ms]
2023-06-05 01:19:45.336 [info] > git config --get commit.template [13ms]
2023-06-05 01:19:45.352 [info] > git for-each-ref --format=%(refname)%00%(upstream:short)%00%(objectname)%00%(upstream:track)%00%(upstream:remotename)%00%(upstream:remoteref) refs/heads/main refs/remotes/main [7ms]
2023-06-05 01:19:45.362 [info] > git status -z -uall [3ms]
2023-06-05 01:24:44.923 [info] > git config --local branch.main.github-pr-owner-number [1ms]
2023-06-05 01:24:44.951 [info] > git config --get commit.template [14ms]
2023-06-05 01:24:44.952 [info] > git for-each-ref --format=%(refname)%00%(upstream:short)%00%(objectname)%00%(upstream:track)%00%(upstream:remotename)%00%(upstream:remoteref) refs/heads/main refs/remotes/main [1ms]
2023-06-05 01:24:44.967 [info] > git status -z -uall [2ms]
2023-06-05 01:29:07.395 [info] > git check-ignore -v -z --stdin [1ms]
2023-06-05 01:29:08.246 [info] > git check-ignore -v -z --stdin [1ms]
2023-06-05 01:29:09.599 [info] > git show --textconv :static/css/style.css [51ms]
2023-06-05 01:29:09.610 [info] > git ls-files --stage -- /workspace/bavarian-cristus-PP4/static/css/style.css [12ms]
2023-06-05 01:29:09.619 [info] > git cat-file -s 6d5ef4200a7e12a47da321ab0f83112c7005adc2 [1ms]
2023-06-05 01:29:44.983 [info] > git config --local branch.main.github-pr-owner-number [1ms]
2023-06-05 01:29:44.996 [info] > git config --get commit.template [6ms]
2023-06-05 01:29:44.996 [info] > git for-each-ref --format=%(refname)%00%(upstream:short)%00%(objectname)%00%(upstream:track)%00%(upstream:remotename)%00%(upstream:remoteref) refs/heads/main refs/remotes/main [1ms]
2023-06-05 01:29:45.003 [info] > git status -z -uall [2ms]
2023-06-05 01:32:03.196 [info] > git for-each-ref --format=%(refname)%00%(upstream:short)%00%(objectname)%00%(upstream:track)%00%(upstream:remotename)%00%(upstream:remoteref) refs/heads/main refs/remotes/main [0ms]
2023-06-05 01:32:03.196 [info] > git config --get commit.template [8ms]
2023-06-05 01:32:03.203 [info] > git status -z -uall [1ms]
2023-06-05 01:32:20.869 [info] > git config --get commit.template [5ms]
2023-06-05 01:32:20.870 [info] > git for-each-ref --format=%(refname)%00%(upstream:short)%00%(objectname)%00%(upstream:track)%00%(upstream:remotename)%00%(upstream:remoteref) refs/heads/main refs/remotes/main [1ms]
2023-06-05 01:32:20.876 [info] > git status -z -uall [2ms]
2023-06-05 01:32:34.345 [info] > git config --get commit.template [8ms]
2023-06-05 01:32:34.346 [info] > git for-each-ref --format=%(refname)%00%(upstream:short)%00%(objectname)%00%(upstream:track)%00%(upstream:remotename)%00%(upstream:remoteref) refs/heads/main refs/remotes/main [1ms]
2023-06-05 01:32:34.357 [info] > git status -z -uall [2ms]
2023-06-05 01:33:10.742 [info] > git config --get commit.template [12ms]
2023-06-05 01:33:10.743 [info] > git for-each-ref --format=%(refname)%00%(upstream:short)%00%(objectname)%00%(upstream:track)%00%(upstream:remotename)%00%(upstream:remoteref) refs/heads/main refs/remotes/main [2ms]
2023-06-05 01:33:10.755 [info] > git status -z -uall [1ms]
2023-06-05 01:34:30.759 [info] > git config --get commit.template [6ms]
2023-06-05 01:34:30.760 [info] > git for-each-ref --format=%(refname)%00%(upstream:short)%00%(objectname)%00%(upstream:track)%00%(upstream:remotename)%00%(upstream:remoteref) refs/heads/main refs/remotes/main [1ms]
2023-06-05 01:34:30.766 [info] > git status -z -uall [1ms]
2023-06-05 01:34:45.019 [info] > git config --local branch.main.github-pr-owner-number [1ms]
2023-06-05 01:34:45.038 [info] > git config --get commit.template [11ms]
2023-06-05 01:34:45.039 [info] > git for-each-ref --format=%(refname)%00%(upstream:short)%00%(objectname)%00%(upstream:track)%00%(upstream:remotename)%00%(upstream:remoteref) refs/heads/main refs/remotes/main [2ms]
2023-06-05 01:34:45.051 [info] > git status -z -uall [2ms]
2023-06-05 01:34:51.074 [info] > git check-ignore -v -z --stdin [2ms]
2023-06-05 01:34:53.122 [info] > git check-ignore -v -z --stdin [1ms]
2023-06-05 01:34:54.370 [info] > git show --textconv :templates/profile.html [6ms]
2023-06-05 01:34:54.371 [info] > git ls-files --stage -- /workspace/bavarian-cristus-PP4/templates/profile.html [1ms]
2023-06-05 01:34:54.377 [info] > git cat-file -s ebf58aa3f7bd7a30eeadee5438aecb7184ae3a91 [1ms]
2023-06-05 01:36:06.916 [info] > git config --get commit.template [11ms]
2023-06-05 01:36:06.917 [info] > git for-each-ref --format=%(refname)%00%(upstream:short)%00%(objectname)%00%(upstream:track)%00%(upstream:remotename)%00%(upstream:remoteref) refs/heads/main refs/remotes/main [2ms]
2023-06-05 01:36:06.927 [info] > git status -z -uall [2ms]
2023-06-05 01:38:15.224 [info] > git config --get commit.template [13ms]
2023-06-05 01:38:15.224 [info] > git for-each-ref --format=%(refname)%00%(upstream:short)%00%(objectname)%00%(upstream:track)%00%(upstream:remotename)%00%(upstream:remoteref) refs/heads/main refs/remotes/main [1ms]
2023-06-05 01:38:15.237 [info] > git status -z -uall [2ms]
2023-06-05 01:38:22.766 [info] > git config --get commit.template [15ms]
2023-06-05 01:38:22.766 [info] > git for-each-ref --format=%(refname)%00%(upstream:short)%00%(objectname)%00%(upstream:track)%00%(upstream:remotename)%00%(upstream:remoteref) refs/heads/main refs/remotes/main [2ms]
2023-06-05 01:38:22.779 [info] > git status -z -uall [2ms]
2023-06-05 01:38:38.332 [info] > git config --get commit.template [7ms]
2023-06-05 01:38:38.332 [info] > git for-each-ref --format=%(refname)%00%(upstream:short)%00%(objectname)%00%(upstream:track)%00%(upstream:remotename)%00%(upstream:remoteref) refs/heads/main refs/remotes/main [1ms]
2023-06-05 01:38:38.344 [info] > git status -z -uall [2ms]
2023-06-05 01:39:13.122 [info] > git config --get commit.template [9ms]
2023-06-05 01:39:13.123 [info] > git for-each-ref --format=%(refname)%00%(upstream:short)%00%(objectname)%00%(upstream:track)%00%(upstream:remotename)%00%(upstream:remoteref) refs/heads/main refs/remotes/main [1ms]
2023-06-05 01:39:13.132 [info] > git status -z -uall [1ms]
2023-06-05 01:39:24.434 [info] > git config --get commit.template [12ms]
2023-06-05 01:39:24.435 [info] > git for-each-ref --format=%(refname)%00%(upstream:short)%00%(objectname)%00%(upstream:track)%00%(upstream:remotename)%00%(upstream:remoteref) refs/heads/main refs/remotes/main [1ms]
2023-06-05 01:39:24.448 [info] > git status -z -uall [2ms]
2023-06-05 01:39:35.314 [info] > git config --get commit.template [7ms]
2023-06-05 01:39:35.315 [info] > git for-each-ref --format=%(refname)%00%(upstream:short)%00%(objectname)%00%(upstream:track)%00%(upstream:remotename)%00%(upstream:remoteref) refs/heads/main refs/remotes/main [1ms]
2023-06-05 01:39:35.322 [info] > git status -z -uall [1ms]
2023-06-05 01:39:45.065 [info] > git config --local branch.main.github-pr-owner-number [1ms]
2023-06-05 01:39:45.087 [info] > git config --get commit.template [11ms]
2023-06-05 01:39:45.088 [info] > git for-each-ref --format=%(refname)%00%(upstream:short)%00%(objectname)%00%(upstream:track)%00%(upstream:remotename)%00%(upstream:remoteref) refs/heads/main refs/remotes/main [1ms]
2023-06-05 01:39:45.100 [info] > git status -z -uall [2ms]
2023-06-05 01:40:12.971 [info] > git config --get commit.template [10ms]
2023-06-05 01:40:12.972 [info] > git for-each-ref --format=%(refname)%00%(upstream:short)%00%(objectname)%00%(upstream:track)%00%(upstream:remotename)%00%(upstream:remoteref) refs/heads/main refs/remotes/main [2ms]
2023-06-05 01:40:12.984 [info] > git status -z -uall [2ms]
2023-06-05 01:40:13.099 [info] > git ls-files --stage -- /workspace/bavarian-cristus-PP4/README.md [1ms]
2023-06-05 01:40:13.115 [info] > git cat-file -s d9cefd461b0f149644375465c4d70e718d2395fd [0ms]
2023-06-05 01:40:13.161 [info] > git show --textconv :README.md [2ms]
2023-06-05 01:40:27.015 [info] > git config --get commit.template [6ms]
2023-06-05 01:40:27.015 [info] > git for-each-ref --format=%(refname)%00%(upstream:short)%00%(objectname)%00%(upstream:track)%00%(upstream:remotename)%00%(upstream:remoteref) refs/heads/main refs/remotes/main [1ms]
2023-06-05 01:40:27.022 [info] > git status -z -uall [1ms]
2023-06-05 01:40:27.112 [info] > git config --local branch.main.github-pr-owner-number [2ms]
2023-06-05 01:40:27.127 [info] > git config --get commit.template [8ms]
2023-06-05 01:40:27.129 [info] > git for-each-ref --format=%(refname)%00%(upstream:short)%00%(objectname)%00%(upstream:track)%00%(upstream:remotename)%00%(upstream:remoteref) refs/heads/main refs/remotes/main [1ms]
2023-06-05 01:40:27.137 [info] > git status -z -uall [2ms]
2023-06-05 01:40:27.186 [info] > git ls-files --stage -- /workspace/bavarian-cristus-PP4/README.md [2ms]
2023-06-05 01:40:27.200 [info] > git cat-file -s d9cefd461b0f149644375465c4d70e718d2395fd [2ms]
2023-06-05 01:40:27.250 [info] > git show --textconv :README.md [2ms]
2023-06-05 01:40:30.680 [info] > git ls-files --stage -- /workspace/bavarian-cristus-PP4/README.md [1ms]
2023-06-05 01:40:30.686 [info] > git cat-file -s d9cefd461b0f149644375465c4d70e718d2395fd [1ms]
2023-06-05 01:40:30.730 [info] > git show --textconv :README.md [2ms]
2023-06-05 01:40:32.050 [info] > git config --get commit.template [8ms]
2023-06-05 01:40:32.050 [info] > git for-each-ref --format=%(refname)%00%(upstream:short)%00%(objectname)%00%(upstream:track)%00%(upstream:remotename)%00%(upstream:remoteref) refs/heads/main refs/remotes/main [1ms]
2023-06-05 01:40:32.058 [info] > git status -z -uall [2ms]
2023-06-05 01:40:32.134 [info] > git config --local branch.main.github-pr-owner-number [26ms]
2023-06-05 01:40:32.148 [info] > git config --get commit.template [7ms]
2023-06-05 01:40:32.149 [info] > git for-each-ref --format=%(refname)%00%(upstream:short)%00%(objectname)%00%(upstream:track)%00%(upstream:remotename)%00%(upstream:remoteref) refs/heads/main refs/remotes/main [2ms]
2023-06-05 01:40:32.158 [info] > git status -z -uall [5ms]
2023-06-05 01:44:45.118 [info] > git config --local branch.main.github-pr-owner-number [1ms]
2023-06-05 01:44:45.146 [info] > git config --get commit.template [14ms]
2023-06-05 01:44:45.148 [info] > git for-each-ref --format=%(refname)%00%(upstream:short)%00%(objectname)%00%(upstream:track)%00%(upstream:remotename)%00%(upstream:remoteref) refs/heads/main refs/remotes/main [2ms]
2023-06-05 01:44:45.158 [info] > git status -z -uall [1ms]
2023-06-05 01:46:23.816 [info] > git check-ignore -v -z --stdin [1ms]
2023-06-05 01:46:43.174 [info] > git check-ignore -v -z --stdin [4ms]
2023-06-05 01:46:43.187 [info] > git config --get commit.template [5ms]
2023-06-05 01:46:43.187 [info] > git for-each-ref --format=%(refname)%00%(upstream:short)%00%(objectname)%00%(upstream:track)%00%(upstream:remotename)%00%(upstream:remoteref) refs/heads/main refs/remotes/main [1ms]
2023-06-05 01:46:43.194 [info] > git status -z -uall [1ms]
2023-06-05 01:49:45.171 [info] > git config --local branch.main.github-pr-owner-number [2ms]
2023-06-05 01:49:45.186 [info] > git config --get commit.template [7ms]
2023-06-05 01:49:45.187 [info] > git for-each-ref --format=%(refname)%00%(upstream:short)%00%(objectname)%00%(upstream:track)%00%(upstream:remotename)%00%(upstream:remoteref) refs/heads/main refs/remotes/main [1ms]
2023-06-05 01:49:45.200 [info] > git status -z -uall [2ms]
2023-06-05 01:51:43.454 [info] > git check-ignore -v -z --stdin [1ms]
2023-06-05 01:51:43.966 [info] > git config --get commit.template [13ms]
2023-06-05 01:51:43.967 [info] > git for-each-ref --format=%(refname)%00%(upstream:short)%00%(objectname)%00%(upstream:track)%00%(upstream:remotename)%00%(upstream:remoteref) refs/heads/main refs/remotes/main [1ms]
2023-06-05 01:51:43.981 [info] > git status -z -uall [2ms]
2023-06-05 01:52:02.430 [info] > git config --get commit.template [12ms]
2023-06-05 01:52:02.430 [info] > git for-each-ref --format=%(refname)%00%(upstream:short)%00%(objectname)%00%(upstream:track)%00%(upstream:remotename)%00%(upstream:remoteref) refs/heads/main refs/remotes/main [3ms]
2023-06-05 01:52:02.443 [info] > git status -z -uall [1ms]
2023-06-05 01:54:40.430 [info] > git config --get commit.template [14ms]
2023-06-05 01:54:40.431 [info] > git for-each-ref --format=%(refname)%00%(upstream:short)%00%(objectname)%00%(upstream:track)%00%(upstream:remotename)%00%(upstream:remoteref) refs/heads/main refs/remotes/main [1ms]
2023-06-05 01:54:40.445 [info] > git status -z -uall [2ms]
2023-06-05 01:54:45.215 [info] > git config --local branch.main.github-pr-owner-number [1ms]
2023-06-05 01:54:45.235 [info] > git config --get commit.template [12ms]
2023-06-05 01:54:45.236 [info] > git for-each-ref --format=%(refname)%00%(upstream:short)%00%(objectname)%00%(upstream:track)%00%(upstream:remotename)%00%(upstream:remoteref) refs/heads/main refs/remotes/main [2ms]
2023-06-05 01:54:45.249 [info] > git status -z -uall [1ms]
2023-06-05 01:55:39.774 [info] > git config --get commit.template [2ms]
2023-06-05 01:55:39.787 [info] > git for-each-ref --format=%(refname)%00%(upstream:short)%00%(objectname)%00%(upstream:track)%00%(upstream:remotename)%00%(upstream:remoteref) refs/heads/main refs/remotes/main [2ms]
2023-06-05 01:55:39.800 [info] > git status -z -uall [2ms]
2023-06-05 01:56:44.458 [info] > git config --get commit.template [7ms]
2023-06-05 01:56:44.459 [info] > git for-each-ref --format=%(refname)%00%(upstream:short)%00%(objectname)%00%(upstream:track)%00%(upstream:remotename)%00%(upstream:remoteref) refs/heads/main refs/remotes/main [1ms]
2023-06-05 01:56:44.466 [info] > git status -z -uall [2ms]
2023-06-05 01:59:45.263 [info] > git config --local branch.main.github-pr-owner-number [1ms]
2023-06-05 01:59:45.275 [info] > git config --get commit.template [6ms]
2023-06-05 01:59:45.276 [info] > git for-each-ref --format=%(refname)%00%(upstream:short)%00%(objectname)%00%(upstream:track)%00%(upstream:remotename)%00%(upstream:remoteref) refs/heads/main refs/remotes/main [1ms]
2023-06-05 01:59:45.283 [info] > git status -z -uall [2ms]
2023-06-05 02:03:17.170 [info] > git config --get commit.template [7ms]
2023-06-05 02:03:17.171 [info] > git for-each-ref --format=%(refname)%00%(upstream:short)%00%(objectname)%00%(upstream:track)%00%(upstream:remotename)%00%(upstream:remoteref) refs/heads/main refs/remotes/main [1ms]
2023-06-05 02:03:17.177 [info] > git status -z -uall [1ms]
2023-06-05 02:04:45.299 [info] > git config --local branch.main.github-pr-owner-number [1ms]
2023-06-05 02:04:45.311 [info] > git config --get commit.template [6ms]
2023-06-05 02:04:45.312 [info] > git for-each-ref --format=%(refname)%00%(upstream:short)%00%(objectname)%00%(upstream:track)%00%(upstream:remotename)%00%(upstream:remoteref) refs/heads/main refs/remotes/main [1ms]
2023-06-05 02:04:45.319 [info] > git status -z -uall [1ms]
2023-06-05 02:06:59.229 [info] > git config --get commit.template [7ms]
2023-06-05 02:06:59.229 [info] > git for-each-ref --format=%(refname)%00%(upstream:short)%00%(objectname)%00%(upstream:track)%00%(upstream:remotename)%00%(upstream:remoteref) refs/heads/main refs/remotes/main [1ms]
2023-06-05 02:06:59.235 [info] > git status -z -uall [1ms]
2023-06-05 02:08:13.008 [info] > git config --get commit.template [6ms]
2023-06-05 02:08:13.009 [info] > git for-each-ref --format=%(refname)%00%(upstream:short)%00%(objectname)%00%(upstream:track)%00%(upstream:remotename)%00%(upstream:remoteref) refs/heads/main refs/remotes/main [2ms]
2023-06-05 02:08:13.016 [info] > git status -z -uall [2ms]
2023-06-05 02:09:07.684 [info] > git check-ignore -v -z --stdin [1ms]
2023-06-05 02:09:08.198 [info] > git config --get commit.template [11ms]
2023-06-05 02:09:08.199 [info] > git for-each-ref --format=%(refname)%00%(upstream:short)%00%(objectname)%00%(upstream:track)%00%(upstream:remotename)%00%(upstream:remoteref) refs/heads/main refs/remotes/main [1ms]
2023-06-05 02:09:08.207 [info] > git status -z -uall [1ms]
2023-06-05 02:09:45.331 [info] > git config --local branch.main.github-pr-owner-number [1ms]
2023-06-05 02:09:45.342 [info] > git config --get commit.template [5ms]
2023-06-05 02:09:45.342 [info] > git for-each-ref --format=%(refname)%00%(upstream:short)%00%(objectname)%00%(upstream:track)%00%(upstream:remotename)%00%(upstream:remoteref) refs/heads/main refs/remotes/main [1ms]
2023-06-05 02:09:45.349 [info] > git status -z -uall [1ms]
2023-06-05 02:10:03.006 [info] > git check-ignore -v -z --stdin [1ms]
2023-06-05 02:10:03.562 [info] > git config --get commit.template [6ms]
2023-06-05 02:10:03.563 [info] > git for-each-ref --format=%(refname)%00%(upstream:short)%00%(objectname)%00%(upstream:track)%00%(upstream:remotename)%00%(upstream:remoteref) refs/heads/main refs/remotes/main [1ms]
2023-06-05 02:10:03.575 [info] > git status -z -uall [3ms]
2023-06-05 02:12:31.073 [info] > git check-ignore -v -z --stdin [1ms]
2023-06-05 02:12:31.588 [info] > git config --get commit.template [7ms]
2023-06-05 02:12:31.588 [info] > git for-each-ref --format=%(refname)%00%(upstream:short)%00%(objectname)%00%(upstream:track)%00%(upstream:remotename)%00%(upstream:remoteref) refs/heads/main refs/remotes/main [1ms]
2023-06-05 02:12:31.596 [info] > git status -z -uall [1ms]
2023-06-05 02:14:45.361 [info] > git config --local branch.main.github-pr-owner-number [1ms]
2023-06-05 02:14:45.381 [info] > git config --get commit.template [10ms]
2023-06-05 02:14:45.382 [info] > git for-each-ref --format=%(refname)%00%(upstream:short)%00%(objectname)%00%(upstream:track)%00%(upstream:remotename)%00%(upstream:remoteref) refs/heads/main refs/remotes/main [2ms]
2023-06-05 02:14:45.393 [info] > git status -z -uall [2ms]
2023-06-05 02:17:31.175 [info] > git config --get commit.template [13ms]
2023-06-05 02:17:31.175 [info] > git for-each-ref --format=%(refname)%00%(upstream:short)%00%(objectname)%00%(upstream:track)%00%(upstream:remotename)%00%(upstream:remoteref) refs/heads/main refs/remotes/main [1ms]
2023-06-05 02:17:31.188 [info] > git status -z -uall [2ms]
2023-06-05 02:17:42.527 [info] > git check-ignore -v -z --stdin [1ms]
2023-06-05 02:17:45.070 [info] > git show --textconv :bcristus/settings.py [9ms]
2023-06-05 02:17:45.073 [info] > git ls-files --stage -- /workspace/bavarian-cristus-PP4/bcristus/settings.py [4ms]
2023-06-05 02:17:45.085 [info] > git cat-file -s 97e9378c73a9d034e629eadff8199b4763444f41 [5ms]
2023-06-05 02:17:52.485 [info] > git config --get commit.template [13ms]
2023-06-05 02:17:52.486 [info] > git for-each-ref --format=%(refname)%00%(upstream:short)%00%(objectname)%00%(upstream:track)%00%(upstream:remotename)%00%(upstream:remoteref) refs/heads/main refs/remotes/main [2ms]
2023-06-05 02:17:52.494 [info] > git status -z -uall [1ms]
2023-06-05 02:18:16.359 [info] > git config --get commit.template [8ms]
2023-06-05 02:18:16.360 [info] > git for-each-ref --format=%(refname)%00%(upstream:short)%00%(objectname)%00%(upstream:track)%00%(upstream:remotename)%00%(upstream:remoteref) refs/heads/main refs/remotes/main [1ms]
2023-06-05 02:18:16.369 [info] > git status -z -uall [1ms]
2023-06-05 02:18:16.484 [info] > git ls-files --stage -- /workspace/bavarian-cristus-PP4/bcristus/settings.py [2ms]
2023-06-05 02:18:16.493 [info] > git cat-file -s 4579e144b4293bdc76bc9d3600a6d07750c0ca94 [1ms]
2023-06-05 02:18:16.543 [info] > git show --textconv :bcristus/settings.py [2ms]
2023-06-05 02:18:49.979 [info] > git config --get commit.template [6ms]
2023-06-05 02:18:49.980 [info] > git for-each-ref --format=%(refname)%00%(upstream:short)%00%(objectname)%00%(upstream:track)%00%(upstream:remotename)%00%(upstream:remoteref) refs/heads/main refs/remotes/main [2ms]
2023-06-05 02:18:49.987 [info] > git status -z -uall [2ms]
2023-06-05 02:18:50.311 [info] > git config --local branch.main.github-pr-owner-number [10ms]
2023-06-05 02:18:50.325 [info] > git config --get commit.template [7ms]
2023-06-05 02:18:50.336 [info] > git for-each-ref --format=%(refname)%00%(upstream:short)%00%(objectname)%00%(upstream:track)%00%(upstream:remotename)%00%(upstream:remoteref) refs/heads/main refs/remotes/main [12ms]
2023-06-05 02:18:50.348 [info] > git status -z -uall [2ms]
2023-06-05 02:18:50.348 [info] > git ls-files --stage -- /workspace/bavarian-cristus-PP4/bcristus/settings.py [13ms]
2023-06-05 02:18:50.366 [info] > git cat-file -s 4579e144b4293bdc76bc9d3600a6d07750c0ca94 [12ms]
2023-06-05 02:18:50.412 [info] > git show --textconv :bcristus/settings.py [2ms]
2023-06-05 02:19:21.769 [info] > git config --get commit.template [7ms]
2023-06-05 02:19:21.769 [info] > git for-each-ref --format=%(refname)%00%(upstream:short)%00%(objectname)%00%(upstream:track)%00%(upstream:remotename)%00%(upstream:remoteref) refs/heads/main refs/remotes/main [1ms]
2023-06-05 02:19:21.781 [info] > git status -z -uall [2ms]
2023-06-05 02:19:21.866 [info] > git config --local branch.main.github-pr-owner-number [30ms]
2023-06-05 02:19:21.922 [info] > git config --get commit.template [1ms]
2023-06-05 02:19:21.941 [info] > git for-each-ref --format=%(refname)%00%(upstream:short)%00%(objectname)%00%(upstream:track)%00%(upstream:remotename)%00%(upstream:remoteref) refs/heads/main refs/remotes/main [5ms]
2023-06-05 02:19:21.956 [info] > git status -z -uall [2ms]
2023-06-05 02:19:21.981 [info] > git ls-files --stage -- /workspace/bavarian-cristus-PP4/bcristus/settings.py [1ms]
2023-06-05 02:19:21.994 [info] > git cat-file -s 4579e144b4293bdc76bc9d3600a6d07750c0ca94 [1ms]
2023-06-05 02:19:22.037 [info] > git show --textconv :bcristus/settings.py [1ms]
2023-06-05 02:19:45.407 [info] > git config --local branch.main.github-pr-owner-number [2ms]
2023-06-05 02:19:45.414 [info] > git config --get commit.template [1ms]
2023-06-05 02:19:45.428 [info] > git for-each-ref --format=%(refname)%00%(upstream:short)%00%(objectname)%00%(upstream:track)%00%(upstream:remotename)%00%(upstream:remoteref) refs/heads/main refs/remotes/main [1ms]
2023-06-05 02:19:45.436 [info] > git status -z -uall [1ms]
